{"meta": {"format": 3, "version": "7.10.6", "timestamp": "2025-11-11T14:52:07.212261", "branch_coverage": false, "show_contexts": false}, "files": {"src/feedback_export_import.py": {"executed_lines": [1, 12, 13, 14, 15, 16, 17, 18, 19, 20, 21, 22, 23, 24, 27, 31, 38, 39, 40, 43, 44, 51, 54, 55, 56, 57, 58, 59, 62, 63, 64, 65, 68, 69, 72, 81, 82, 83, 90, 91, 92, 93, 94, 95, 96, 97, 98, 99, 100, 101, 104, 105, 106, 107, 108, 109, 110, 111, 112, 113, 114, 115, 116, 119, 120, 121, 122, 123, 130, 145, 147, 148, 154, 156, 159, 160, 162, 163, 165, 166, 169, 171, 172, 174, 176, 177, 180, 181, 182, 183, 184, 186, 187, 188, 193, 195, 196, 198, 199, 202, 211, 213, 216, 225, 229, 230, 232, 234, 237, 247, 248, 249, 253, 265, 266, 267, 274, 281, 282, 284, 285, 286, 290, 293, 294, 295, 297, 300, 310, 313, 315, 316, 319, 320, 322, 325, 338, 339, 340, 343, 346, 356, 357, 360, 373, 376, 377, 378, 380, 381, 383, 384, 386, 388, 389, 391, 392, 393, 394, 395, 398, 399, 401, 404, 408, 415, 424, 426, 427, 429, 431, 433, 436, 446, 451, 455, 461, 462, 463, 464, 465, 470, 485, 496, 497, 498, 504, 519, 531, 546, 547, 548, 550, 553, 554, 556, 563, 574, 578, 579, 582, 583, 584, 585, 588, 590, 593, 602, 604, 605, 606, 607, 611, 614, 627, 630, 631, 633, 634, 636, 639, 656, 658, 673, 674, 675, 677, 688, 690, 693, 712, 713, 714, 716, 764, 774, 775, 780, 781, 787, 801, 803, 804, 807, 808, 811, 812, 813, 814, 815, 818, 839, 842, 844, 845, 851, 852, 855, 856, 861, 864, 867, 868, 869, 871, 874, 877, 883, 884, 893, 894, 897, 898, 900, 902, 913, 920, 930, 932, 933, 936, 939, 942, 945, 954, 955, 957, 958, 959, 961, 963, 964, 966, 969, 978, 979, 980, 982, 983, 984, 986, 989, 1000, 1001, 1003, 1004, 1007, 1013, 1014, 1019, 1020, 1023, 1029, 1030, 1031, 1032, 1035, 1036, 1037, 1040, 1049, 1052, 1053, 1054, 1057, 1058, 1061, 1078, 1079, 1090, 1109, 1112, 1115, 1118, 1121, 1124, 1127, 1133, 1136, 1144, 1145, 1147, 1149, 1162], "summary": {"covered_lines": 340, "num_statements": 369, "percent_covered": 92.14092140921409, "percent_covered_display": "92", "missing_lines": 29, "excluded_lines": 0}, "missing_lines": [157, 164, 175, 189, 190, 204, 205, 206, 207, 208, 226, 250, 341, 342, 374, 452, 466, 467, 479, 501, 558, 559, 560, 575, 576, 608, 609, 1008, 1009], "excluded_lines": [], "functions": {"_validate_date_range": {"executed_lines": [147, 148], "summary": {"covered_lines": 2, "num_statements": 2, "percent_covered": 100.0, "percent_covered_display": "100", "missing_lines": 0, "excluded_lines": 0}, "missing_lines": [], "excluded_lines": []}, "_validate_zip_archive": {"executed_lines": [156, 159, 160, 162, 163, 165, 166], "summary": {"covered_lines": 7, "num_statements": 9, "percent_covered": 77.77777777777777, "percent_covered_display": "78", "missing_lines": 2, "excluded_lines": 0}, "missing_lines": [157, 164], "excluded_lines": []}, "_validate_zip_contents": {"executed_lines": [171, 172, 174, 176, 177, 180, 181, 182, 183, 184, 186, 187, 188], "summary": {"covered_lines": 13, "num_statements": 16, "percent_covered": 81.25, "percent_covered_display": "81", "missing_lines": 3, "excluded_lines": 0}, "missing_lines": [175, 189, 190], "excluded_lines": []}, "_validate_path_traversal": {"executed_lines": [195, 196, 198, 199], "summary": {"covered_lines": 4, "num_statements": 4, "percent_covered": 100.0, "percent_covered_display": "100", "missing_lines": 0, "excluded_lines": 0}, "missing_lines": [], "excluded_lines": []}, "_calculate_file_sha256": {"executed_lines": [], "summary": {"covered_lines": 0, "num_statements": 5, "percent_covered": 0.0, "percent_covered_display": "0", "missing_lines": 5, "excluded_lines": 0}, "missing_lines": [204, 205, 206, 207, 208], "excluded_lines": []}, "_calculate_content_sha256": {"executed_lines": [213], "summary": {"covered_lines": 1, "num_statements": 1, "percent_covered": 100.0, "percent_covered_display": "100", "missing_lines": 0, "excluded_lines": 0}, "missing_lines": [], "excluded_lines": []}, "_parse_iso_timestamp": {"executed_lines": [225, 229, 230, 232, 234], "summary": {"covered_lines": 5, "num_statements": 6, "percent_covered": 83.33333333333333, "percent_covered_display": "83", "missing_lines": 1, "excluded_lines": 0}, "missing_lines": [226], "excluded_lines": []}, "_format_iso_timestamp": {"executed_lines": [247, 248, 249], "summary": {"covered_lines": 3, "num_statements": 4, "percent_covered": 75.0, "percent_covered_display": "75", "missing_lines": 1, "excluded_lines": 0}, "missing_lines": [250], "excluded_lines": []}, "_write_deterministic_zip_entry": {"executed_lines": [265, 266, 267], "summary": {"covered_lines": 3, "num_statements": 3, "percent_covered": 100.0, "percent_covered_display": "100", "missing_lines": 0, "excluded_lines": 0}, "missing_lines": [], "excluded_lines": []}, "_build_story_id_mapping": {"executed_lines": [281, 282, 284, 285, 286, 290, 293, 294, 295, 297], "summary": {"covered_lines": 10, "num_statements": 10, "percent_covered": 100.0, "percent_covered_display": "100", "missing_lines": 0, "excluded_lines": 0}, "missing_lines": [], "excluded_lines": []}, "_sanitize_content": {"executed_lines": [310, 313, 315, 316, 319, 320, 322], "summary": {"covered_lines": 7, "num_statements": 7, "percent_covered": 100.0, "percent_covered_display": "100", "missing_lines": 0, "excluded_lines": 0}, "missing_lines": [], "excluded_lines": []}, "_generate_unique_session_id": {"executed_lines": [338, 339, 340, 343], "summary": {"covered_lines": 4, "num_statements": 6, "percent_covered": 66.66666666666667, "percent_covered_display": "67", "missing_lines": 2, "excluded_lines": 0}, "missing_lines": [341, 342], "excluded_lines": []}, "_mark_session_as_imported": {"executed_lines": [356, 357], "summary": {"covered_lines": 2, "num_statements": 2, "percent_covered": 100.0, "percent_covered_display": "100", "missing_lines": 0, "excluded_lines": 0}, "missing_lines": [], "excluded_lines": []}, "_merge_indices": {"executed_lines": [373, 376, 377, 378, 380, 381, 383, 384, 386, 388, 389, 391, 392, 393, 394, 395, 398, 399, 401, 404, 408], "summary": {"covered_lines": 21, "num_statements": 22, "percent_covered": 95.45454545454545, "percent_covered_display": "95", "missing_lines": 1, "excluded_lines": 0}, "missing_lines": [374], "excluded_lines": []}, "_get_date_range_bounds": {"executed_lines": [424, 426, 427, 429, 431, 433], "summary": {"covered_lines": 6, "num_statements": 6, "percent_covered": 100.0, "percent_covered_display": "100", "missing_lines": 0, "excluded_lines": 0}, "missing_lines": [], "excluded_lines": []}, "_extract_timestamp_from_filename": {"executed_lines": [446, 451, 455, 461, 462, 463, 464, 465], "summary": {"covered_lines": 8, "num_statements": 11, "percent_covered": 72.72727272727273, "percent_covered_display": "73", "missing_lines": 3, "excluded_lines": 0}, "missing_lines": [452, 466, 467], "excluded_lines": []}, "_get_file_modification_time": {"executed_lines": [], "summary": {"covered_lines": 0, "num_statements": 1, "percent_covered": 0.0, "percent_covered_display": "0", "missing_lines": 1, "excluded_lines": 0}, "missing_lines": [479], "excluded_lines": []}, "_parse_session_timestamp": {"executed_lines": [496, 497, 498], "summary": {"covered_lines": 3, "num_statements": 4, "percent_covered": 75.0, "percent_covered_display": "75", "missing_lines": 1, "excluded_lines": 0}, "missing_lines": [501], "excluded_lines": []}, "_create_session_record": {"executed_lines": [519], "summary": {"covered_lines": 1, "num_statements": 1, "percent_covered": 100.0, "percent_covered_display": "100", "missing_lines": 0, "excluded_lines": 0}, "missing_lines": [], "excluded_lines": []}, "_process_feedback_file": {"executed_lines": [546, 547, 548, 550, 553, 554, 556], "summary": {"covered_lines": 7, "num_statements": 10, "percent_covered": 70.0, "percent_covered_display": "70", "missing_lines": 3, "excluded_lines": 0}, "missing_lines": [558, 559, 560], "excluded_lines": []}, "_get_feedback_sessions": {"executed_lines": [574, 578, 579, 582, 583, 584, 585, 588, 590], "summary": {"covered_lines": 9, "num_statements": 11, "percent_covered": 81.81818181818181, "percent_covered_display": "82", "missing_lines": 2, "excluded_lines": 0}, "missing_lines": [575, 576], "excluded_lines": []}, "_determine_export_timestamp": {"executed_lines": [602, 604, 605, 606, 607, 611], "summary": {"covered_lines": 6, "num_statements": 8, "percent_covered": 75.0, "percent_covered_display": "75", "missing_lines": 2, "excluded_lines": 0}, "missing_lines": [608, 609], "excluded_lines": []}, "_get_unique_archive_path": {"executed_lines": [627, 630, 631, 633, 634, 636], "summary": {"covered_lines": 6, "num_statements": 6, "percent_covered": 100.0, "percent_covered_display": "100", "missing_lines": 0, "excluded_lines": 0}, "missing_lines": [], "excluded_lines": []}, "_build_export_index": {"executed_lines": [656, 658, 673, 674, 675, 677, 688, 690], "summary": {"covered_lines": 8, "num_statements": 8, "percent_covered": 100.0, "percent_covered_display": "100", "missing_lines": 0, "excluded_lines": 0}, "missing_lines": [], "excluded_lines": []}, "_build_export_manifest": {"executed_lines": [712, 713, 714, 716], "summary": {"covered_lines": 4, "num_statements": 4, "percent_covered": 100.0, "percent_covered_display": "100", "missing_lines": 0, "excluded_lines": 0}, "missing_lines": [], "excluded_lines": []}, "_sanitize_all_sessions": {"executed_lines": [774, 775, 780, 781], "summary": {"covered_lines": 4, "num_statements": 4, "percent_covered": 100.0, "percent_covered_display": "100", "missing_lines": 0, "excluded_lines": 0}, "missing_lines": [], "excluded_lines": []}, "_write_export_archive": {"executed_lines": [801, 803, 804, 807, 808, 811, 812, 813, 814, 815], "summary": {"covered_lines": 10, "num_statements": 10, "percent_covered": 100.0, "percent_covered_display": "100", "missing_lines": 0, "excluded_lines": 0}, "missing_lines": [], "excluded_lines": []}, "export_feedback_sessions": {"executed_lines": [839, 842, 844, 845, 851, 852, 855, 856, 861, 864, 867, 868, 869, 871, 874, 877, 883, 884, 893, 894, 897, 898, 900, 902, 913], "summary": {"covered_lines": 25, "num_statements": 25, "percent_covered": 100.0, "percent_covered_display": "100", "missing_lines": 0, "excluded_lines": 0}, "missing_lines": [], "excluded_lines": []}, "_validate_archive_for_import": {"executed_lines": [930, 932, 933, 936, 939, 942], "summary": {"covered_lines": 6, "num_statements": 6, "percent_covered": 100.0, "percent_covered_display": "100", "missing_lines": 0, "excluded_lines": 0}, "missing_lines": [], "excluded_lines": []}, "_extract_archive_to_import_dir": {"executed_lines": [954, 955, 957, 958, 959, 961, 963, 964, 966], "summary": {"covered_lines": 9, "num_statements": 9, "percent_covered": 100.0, "percent_covered_display": "100", "missing_lines": 0, "excluded_lines": 0}, "missing_lines": [], "excluded_lines": []}, "_load_import_metadata": {"executed_lines": [978, 979, 980, 982, 983, 984, 986], "summary": {"covered_lines": 7, "num_statements": 7, "percent_covered": 100.0, "percent_covered_display": "100", "missing_lines": 0, "excluded_lines": 0}, "missing_lines": [], "excluded_lines": []}, "_check_framework_compatibility": {"executed_lines": [1000, 1001, 1003, 1004, 1007, 1013, 1014, 1019, 1020], "summary": {"covered_lines": 9, "num_statements": 11, "percent_covered": 81.81818181818181, "percent_covered_display": "82", "missing_lines": 2, "excluded_lines": 0}, "missing_lines": [1008, 1009], "excluded_lines": []}, "_load_or_create_main_index": {"executed_lines": [1029, 1030, 1031, 1032, 1035, 1036, 1037], "summary": {"covered_lines": 7, "num_statements": 7, "percent_covered": 100.0, "percent_covered_display": "100", "missing_lines": 0, "excluded_lines": 0}, "missing_lines": [], "excluded_lines": []}, "_write_merged_index_atomically": {"executed_lines": [1049, 1052, 1053, 1054, 1057, 1058], "summary": {"covered_lines": 6, "num_statements": 6, "percent_covered": 100.0, "percent_covered_display": "100", "missing_lines": 0, "excluded_lines": 0}, "missing_lines": [], "excluded_lines": []}, "_build_import_summary": {"executed_lines": [1078, 1079], "summary": {"covered_lines": 2, "num_statements": 2, "percent_covered": 100.0, "percent_covered_display": "100", "missing_lines": 0, "excluded_lines": 0}, "missing_lines": [], "excluded_lines": []}, "import_feedback_sessions": {"executed_lines": [1109, 1112, 1115, 1118, 1121, 1124, 1127, 1133, 1136, 1144, 1145, 1147, 1149, 1162], "summary": {"covered_lines": 14, "num_statements": 14, "percent_covered": 100.0, "percent_covered_display": "100", "missing_lines": 0, "excluded_lines": 0}, "missing_lines": [], "excluded_lines": []}, "": {"executed_lines": [1, 12, 13, 14, 15, 16, 17, 18, 19, 20, 21, 22, 23, 24, 27, 31, 38, 39, 40, 43, 44, 51, 54, 55, 56, 57, 58, 59, 62, 63, 64, 65, 68, 69, 72, 81, 82, 83, 90, 91, 92, 93, 94, 95, 96, 97, 98, 99, 100, 101, 104, 105, 106, 107, 108, 109, 110, 111, 112, 113, 114, 115, 116, 119, 120, 121, 122, 123, 130, 145, 154, 169, 193, 202, 211, 216, 237, 253, 274, 300, 325, 346, 360, 415, 436, 470, 485, 504, 531, 563, 593, 614, 639, 693, 764, 787, 818, 920, 945, 969, 989, 1023, 1040, 1061, 1090], "summary": {"covered_lines": 101, "num_statements": 101, "percent_covered": 100.0, "percent_covered_display": "100", "missing_lines": 0, "excluded_lines": 0}, "missing_lines": [], "excluded_lines": []}}, "classes": {"ExportResult": {"executed_lines": [], "summary": {"covered_lines": 0, "num_statements": 0, "percent_covered": 100.0, "percent_covered_display": "100", "missing_lines": 0, "excluded_lines": 0}, "missing_lines": [], "excluded_lines": []}, "ImportResult": {"executed_lines": [], "summary": {"covered_lines": 0, "num_statements": 0, "percent_covered": 100.0, "percent_covered_display": "100", "missing_lines": 0, "excluded_lines": 0}, "missing_lines": [], "excluded_lines": []}, "SanitizationConfig": {"executed_lines": [], "summary": {"covered_lines": 0, "num_statements": 0, "percent_covered": 100.0, "percent_covered_display": "100", "missing_lines": 0, "excluded_lines": 0}, "missing_lines": [], "excluded_lines": []}, "": {"executed_lines": [1, 12, 13, 14, 15, 16, 17, 18, 19, 20, 21, 22, 23, 24, 27, 31, 38, 39, 40, 43, 44, 51, 54, 55, 56, 57, 58, 59, 62, 63, 64, 65, 68, 69, 72, 81, 82, 83, 90, 91, 92, 93, 94, 95, 96, 97, 98, 99, 100, 101, 104, 105, 106, 107, 108, 109, 110, 111, 112, 113, 114, 115, 116, 119, 120, 121, 122, 123, 130, 145, 147, 148, 154, 156, 159, 160, 162, 163, 165, 166, 169, 171, 172, 174, 176, 177, 180, 181, 182, 183, 184, 186, 187, 188, 193, 195, 196, 198, 199, 202, 211, 213, 216, 225, 229, 230, 232, 234, 237, 247, 248, 249, 253, 265, 266, 267, 274, 281, 282, 284, 285, 286, 290, 293, 294, 295, 297, 300, 310, 313, 315, 316, 319, 320, 322, 325, 338, 339, 340, 343, 346, 356, 357, 360, 373, 376, 377, 378, 380, 381, 383, 384, 386, 388, 389, 391, 392, 393, 394, 395, 398, 399, 401, 404, 408, 415, 424, 426, 427, 429, 431, 433, 436, 446, 451, 455, 461, 462, 463, 464, 465, 470, 485, 496, 497, 498, 504, 519, 531, 546, 547, 548, 550, 553, 554, 556, 563, 574, 578, 579, 582, 583, 584, 585, 588, 590, 593, 602, 604, 605, 606, 607, 611, 614, 627, 630, 631, 633, 634, 636, 639, 656, 658, 673, 674, 675, 677, 688, 690, 693, 712, 713, 714, 716, 764, 774, 775, 780, 781, 787, 801, 803, 804, 807, 808, 811, 812, 813, 814, 815, 818, 839, 842, 844, 845, 851, 852, 855, 856, 861, 864, 867, 868, 869, 871, 874, 877, 883, 884, 893, 894, 897, 898, 900, 902, 913, 920, 930, 932, 933, 936, 939, 942, 945, 954, 955, 957, 958, 959, 961, 963, 964, 966, 969, 978, 979, 980, 982, 983, 984, 986, 989, 1000, 1001, 1003, 1004, 1007, 1013, 1014, 1019, 1020, 1023, 1029, 1030, 1031, 1032, 1035, 1036, 1037, 1040, 1049, 1052, 1053, 1054, 1057, 1058, 1061, 1078, 1079, 1090, 1109, 1112, 1115, 1118, 1121, 1124, 1127, 1133, 1136, 1144, 1145, 1147, 1149, 1162], "summary": {"covered_lines": 340, "num_statements": 369, "percent_covered": 92.14092140921409, "percent_covered_display": "92", "missing_lines": 29, "excluded_lines": 0}, "missing_lines": [157, 164, 175, 189, 190, 204, 205, 206, 207, 208, 226, 250, 341, 342, 374, 452, 466, 467, 479, 501, 558, 559, 560, 575, 576, 608, 609, 1008, 1009], "excluded_lines": []}}}, "src/feedback_index.py": {"executed_lines": [], "summary": {"covered_lines": 0, "num_statements": 380, "percent_covered": 0.0, "percent_covered_display": "0", "missing_lines": 380, "excluded_lines": 0}, "missing_lines": [49, 50, 51, 52, 53, 54, 55, 56, 57, 65, 68, 71, 74, 77, 78, 81, 82, 83, 84, 87, 90, 98, 101, 109, 110, 111, 112, 113, 116, 119, 127, 128, 136, 137, 140, 141, 143, 144, 146, 147, 149, 150, 152, 153, 155, 156, 158, 159, 161, 162, 164, 165, 167, 168, 171, 172, 188, 189, 191, 192, 194, 195, 197, 198, 200, 201, 209, 219, 226, 236, 239, 255, 258, 271, 274, 288, 289, 290, 291, 293, 294, 297, 307, 308, 309, 310, 311, 314, 343, 346, 347, 350, 351, 352, 353, 356, 359, 360, 363, 365, 368, 394, 395, 396, 398, 399, 401, 403, 405, 406, 409, 412, 413, 415, 417, 418, 419, 420, 421, 422, 430, 451, 454, 466, 467, 470, 493, 496, 499, 500, 503, 504, 507, 508, 511, 527, 528, 529, 530, 531, 532, 535, 538, 577, 580, 582, 583, 585, 586, 588, 590, 593, 596, 599, 600, 602, 603, 605, 607, 610, 611, 613, 615, 616, 618, 621, 649, 650, 651, 654, 655, 656, 658, 659, 660, 663, 664, 672, 693, 694, 696, 697, 699, 700, 701, 703, 705, 706, 709, 710, 711, 712, 714, 715, 716, 719, 737, 739, 740, 741, 742, 743, 744, 745, 746, 747, 748, 749, 750, 751, 752, 753, 754, 756, 759, 772, 778, 818, 821, 824, 827, 830, 833, 834, 835, 836, 839, 842, 844, 853, 885, 888, 891, 892, 895, 896, 898, 901, 934, 936, 938, 939, 940, 943, 944, 945, 948, 949, 950, 953, 954, 955, 958, 959, 960, 961, 964, 965, 966, 967, 970, 971, 972, 975, 977, 985, 1006, 1007, 1008, 1011, 1012, 1013, 1014, 1015, 1016, 1019, 1020, 1023, 1024, 1025, 1027, 1030, 1060, 1062, 1063, 1064, 1066, 1067, 1070, 1071, 1074, 1075, 1077, 1078, 1081, 1082, 1083, 1086, 1087, 1089, 1090, 1091, 1093, 1096, 1097, 1099, 1101, 1102, 1105, 1135, 1136, 1139, 1140, 1141, 1143, 1144, 1146, 1147, 1150, 1151, 1157, 1183, 1184, 1185, 1186, 1187, 1190, 1217, 1218, 1221, 1222, 1225, 1226, 1227, 1229, 1232, 1247, 1248, 1250, 1253, 1271, 1272, 1274, 1277, 1295, 1296, 1298, 1301, 1336, 1337, 1339, 1340, 1343, 1344, 1345, 1346, 1347, 1348, 1349, 1351, 1354, 1361, 1363, 1375, 1411, 1426, 1427, 1428, 1430, 1431, 1433, 1460, 1462, 1499, 1501, 1542, 1544, 1568, 1570, 1600], "excluded_lines": [], "functions": {"IndexCorruptedError.__init__": {"executed_lines": [], "summary": {"covered_lines": 0, "num_statements": 5, "percent_covered": 0.0, "percent_covered_display": "0", "missing_lines": 5, "excluded_lines": 0}, "missing_lines": [109, 110, 111, 112, 113], "excluded_lines": []}, "InvalidEntryError.__init__": {"executed_lines": [], "summary": {"covered_lines": 0, "num_statements": 2, "percent_covered": 0.0, "percent_covered_display": "0", "missing_lines": 2, "excluded_lines": 0}, "missing_lines": [127, 128], "excluded_lines": []}, "_create_default_index_data": {"executed_lines": [], "summary": {"covered_lines": 0, "num_statements": 1, "percent_covered": 0.0, "percent_covered_display": "0", "missing_lines": 1, "excluded_lines": 0}, "missing_lines": [219], "excluded_lines": []}, "_ensure_parent_directory": {"executed_lines": [], "summary": {"covered_lines": 0, "num_statements": 1, "percent_covered": 0.0, "percent_covered_display": "0", "missing_lines": 1, "excluded_lines": 0}, "missing_lines": [236], "excluded_lines": []}, "_get_lock_path": {"executed_lines": [], "summary": {"covered_lines": 0, "num_statements": 1, "percent_covered": 0.0, "percent_covered_display": "0", "missing_lines": 1, "excluded_lines": 0}, "missing_lines": [255], "excluded_lines": []}, "_get_temp_path": {"executed_lines": [], "summary": {"covered_lines": 0, "num_statements": 1, "percent_covered": 0.0, "percent_covered_display": "0", "missing_lines": 1, "excluded_lines": 0}, "missing_lines": [271], "excluded_lines": []}, "_acquire_lock": {"executed_lines": [], "summary": {"covered_lines": 0, "num_statements": 6, "percent_covered": 0.0, "percent_covered_display": "0", "missing_lines": 6, "excluded_lines": 0}, "missing_lines": [288, 289, 290, 291, 293, 294], "excluded_lines": []}, "_release_lock": {"executed_lines": [], "summary": {"covered_lines": 0, "num_statements": 5, "percent_covered": 0.0, "percent_covered_display": "0", "missing_lines": 5, "excluded_lines": 0}, "missing_lines": [307, 308, 309, 310, 311], "excluded_lines": []}, "create_index": {"executed_lines": [], "summary": {"covered_lines": 0, "num_statements": 12, "percent_covered": 0.0, "percent_covered_display": "0", "missing_lines": 12, "excluded_lines": 0}, "missing_lines": [343, 346, 347, 350, 351, 352, 353, 356, 359, 360, 363, 365], "excluded_lines": []}, "_write_index_atomically": {"executed_lines": [], "summary": {"covered_lines": 0, "num_statements": 19, "percent_covered": 0.0, "percent_covered_display": "0", "missing_lines": 19, "excluded_lines": 0}, "missing_lines": [394, 395, 396, 398, 399, 401, 403, 405, 406, 409, 412, 413, 415, 417, 418, 419, 420, 421, 422], "excluded_lines": []}, "_normalize_keyword": {"executed_lines": [], "summary": {"covered_lines": 0, "num_statements": 1, "percent_covered": 0.0, "percent_covered_display": "0", "missing_lines": 1, "excluded_lines": 0}, "missing_lines": [451], "excluded_lines": []}, "_ensure_list_field": {"executed_lines": [], "summary": {"covered_lines": 0, "num_statements": 2, "percent_covered": 0.0, "percent_covered_display": "0", "missing_lines": 2, "excluded_lines": 0}, "missing_lines": [466, 467], "excluded_lines": []}, "_normalize_entry": {"executed_lines": [], "summary": {"covered_lines": 0, "num_statements": 8, "percent_covered": 0.0, "percent_covered_display": "0", "missing_lines": 8, "excluded_lines": 0}, "missing_lines": [493, 496, 499, 500, 503, 504, 507, 508], "excluded_lines": []}, "_read_index_or_create": {"executed_lines": [], "summary": {"covered_lines": 0, "num_statements": 7, "percent_covered": 0.0, "percent_covered_display": "0", "missing_lines": 7, "excluded_lines": 0}, "missing_lines": [527, 528, 529, 530, 531, 532, 535], "excluded_lines": []}, "append_index_entry": {"executed_lines": [], "summary": {"covered_lines": 0, "num_statements": 22, "percent_covered": 0.0, "percent_covered_display": "0", "missing_lines": 22, "excluded_lines": 0}, "missing_lines": [577, 580, 582, 583, 585, 586, 588, 590, 593, 596, 599, 600, 602, 603, 605, 607, 610, 611, 613, 615, 616, 618], "excluded_lines": []}, "validate_entry": {"executed_lines": [], "summary": {"covered_lines": 0, "num_statements": 11, "percent_covered": 0.0, "percent_covered_display": "0", "missing_lines": 11, "excluded_lines": 0}, "missing_lines": [649, 650, 651, 654, 655, 656, 658, 659, 660, 663, 664], "excluded_lines": []}, "_read_index_with_lock": {"executed_lines": [], "summary": {"covered_lines": 0, "num_statements": 17, "percent_covered": 0.0, "percent_covered_display": "0", "missing_lines": 17, "excluded_lines": 0}, "missing_lines": [693, 694, 696, 697, 699, 700, 701, 703, 705, 706, 709, 710, 711, 712, 714, 715, 716], "excluded_lines": []}, "_build_filter_dict": {"executed_lines": [], "summary": {"covered_lines": 0, "num_statements": 18, "percent_covered": 0.0, "percent_covered_display": "0", "missing_lines": 18, "excluded_lines": 0}, "missing_lines": [737, 739, 740, 741, 742, 743, 744, 745, 746, 747, 748, 749, 750, 751, 752, 753, 754, 756], "excluded_lines": []}, "_sort_by_timestamp": {"executed_lines": [], "summary": {"covered_lines": 0, "num_statements": 1, "percent_covered": 0.0, "percent_covered_display": "0", "missing_lines": 1, "excluded_lines": 0}, "missing_lines": [772], "excluded_lines": []}, "search_feedback": {"executed_lines": [], "summary": {"covered_lines": 0, "num_statements": 12, "percent_covered": 0.0, "percent_covered_display": "0", "missing_lines": 12, "excluded_lines": 0}, "missing_lines": [818, 821, 824, 827, 830, 833, 834, 835, 836, 839, 842, 844], "excluded_lines": []}, "_matches_date_range": {"executed_lines": [], "summary": {"covered_lines": 0, "num_statements": 7, "percent_covered": 0.0, "percent_covered_display": "0", "missing_lines": 7, "excluded_lines": 0}, "missing_lines": [885, 888, 891, 892, 895, 896, 898], "excluded_lines": []}, "_apply_filters": {"executed_lines": [], "summary": {"covered_lines": 0, "num_statements": 27, "percent_covered": 0.0, "percent_covered_display": "0", "missing_lines": 27, "excluded_lines": 0}, "missing_lines": [934, 936, 938, 939, 940, 943, 944, 945, 948, 949, 950, 953, 954, 955, 958, 959, 960, 961, 964, 965, 966, 967, 970, 971, 972, 975, 977], "excluded_lines": []}, "_is_valid_entry": {"executed_lines": [], "summary": {"covered_lines": 0, "num_statements": 15, "percent_covered": 0.0, "percent_covered_display": "0", "missing_lines": 15, "excluded_lines": 0}, "missing_lines": [1006, 1007, 1008, 1011, 1012, 1013, 1014, 1015, 1016, 1019, 1020, 1023, 1024, 1025, 1027], "excluded_lines": []}, "validate_index_file": {"executed_lines": [], "summary": {"covered_lines": 0, "num_statements": 26, "percent_covered": 0.0, "percent_covered_display": "0", "missing_lines": 26, "excluded_lines": 0}, "missing_lines": [1060, 1062, 1063, 1064, 1066, 1067, 1070, 1071, 1074, 1075, 1077, 1078, 1081, 1082, 1083, 1086, 1087, 1089, 1090, 1091, 1093, 1096, 1097, 1099, 1101, 1102], "excluded_lines": []}, "validate_and_recover_index": {"executed_lines": [], "summary": {"covered_lines": 0, "num_statements": 11, "percent_covered": 0.0, "percent_covered_display": "0", "missing_lines": 11, "excluded_lines": 0}, "missing_lines": [1135, 1136, 1139, 1140, 1141, 1143, 1144, 1146, 1147, 1150, 1151], "excluded_lines": []}, "_extract_yaml_field": {"executed_lines": [], "summary": {"covered_lines": 0, "num_statements": 5, "percent_covered": 0.0, "percent_covered_display": "0", "missing_lines": 5, "excluded_lines": 0}, "missing_lines": [1183, 1184, 1185, 1186, 1187], "excluded_lines": []}, "_parse_session_file": {"executed_lines": [], "summary": {"covered_lines": 0, "num_statements": 12, "percent_covered": 0.0, "percent_covered_display": "0", "missing_lines": 12, "excluded_lines": 0}, "missing_lines": [1217, 1218, 1221, 1222, 1225, 1226, 1227, 1229, 1232, 1247, 1248, 1250], "excluded_lines": []}, "_get_sessions_directory": {"executed_lines": [], "summary": {"covered_lines": 0, "num_statements": 3, "percent_covered": 0.0, "percent_covered_display": "0", "missing_lines": 3, "excluded_lines": 0}, "missing_lines": [1271, 1272, 1274], "excluded_lines": []}, "_get_index_path": {"executed_lines": [], "summary": {"covered_lines": 0, "num_statements": 3, "percent_covered": 0.0, "percent_covered_display": "0", "missing_lines": 3, "excluded_lines": 0}, "missing_lines": [1295, 1296, 1298], "excluded_lines": []}, "reindex_feedback_sessions": {"executed_lines": [], "summary": {"covered_lines": 0, "num_statements": 15, "percent_covered": 0.0, "percent_covered_display": "0", "missing_lines": 15, "excluded_lines": 0}, "missing_lines": [1336, 1337, 1339, 1340, 1343, 1344, 1345, 1346, 1347, 1348, 1349, 1351, 1354, 1361, 1363], "excluded_lines": []}, "FeedbackIndex.__init__": {"executed_lines": [], "summary": {"covered_lines": 0, "num_statements": 5, "percent_covered": 0.0, "percent_covered_display": "0", "missing_lines": 5, "excluded_lines": 0}, "missing_lines": [1426, 1427, 1428, 1430, 1431], "excluded_lines": []}, "FeedbackIndex.create": {"executed_lines": [], "summary": {"covered_lines": 0, "num_statements": 1, "percent_covered": 0.0, "percent_covered_display": "0", "missing_lines": 1, "excluded_lines": 0}, "missing_lines": [1460], "excluded_lines": []}, "FeedbackIndex.append_entry": {"executed_lines": [], "summary": {"covered_lines": 0, "num_statements": 1, "percent_covered": 0.0, "percent_covered_display": "0", "missing_lines": 1, "excluded_lines": 0}, "missing_lines": [1499], "excluded_lines": []}, "FeedbackIndex.search": {"executed_lines": [], "summary": {"covered_lines": 0, "num_statements": 1, "percent_covered": 0.0, "percent_covered_display": "0", "missing_lines": 1, "excluded_lines": 0}, "missing_lines": [1542], "excluded_lines": []}, "FeedbackIndex.validate": {"executed_lines": [], "summary": {"covered_lines": 0, "num_statements": 1, "percent_covered": 0.0, "percent_covered_display": "0", "missing_lines": 1, "excluded_lines": 0}, "missing_lines": [1568], "excluded_lines": []}, "FeedbackIndex.reindex": {"executed_lines": [], "summary": {"covered_lines": 0, "num_statements": 1, "percent_covered": 0.0, "percent_covered_display": "0", "missing_lines": 1, "excluded_lines": 0}, "missing_lines": [1600], "excluded_lines": []}, "": {"executed_lines": [], "summary": {"covered_lines": 0, "num_statements": 94, "percent_covered": 0.0, "percent_covered_display": "0", "missing_lines": 94, "excluded_lines": 0}, "missing_lines": [49, 50, 51, 52, 53, 54, 55, 56, 57, 65, 68, 71, 74, 77, 78, 81, 82, 83, 84, 87, 90, 98, 101, 116, 119, 136, 137, 140, 141, 143, 144, 146, 147, 149, 150, 152, 153, 155, 156, 158, 159, 161, 162, 164, 165, 167, 168, 171, 172, 188, 189, 191, 192, 194, 195, 197, 198, 200, 201, 209, 226, 239, 258, 274, 297, 314, 368, 430, 454, 470, 511, 538, 621, 672, 719, 759, 778, 853, 901, 985, 1030, 1105, 1157, 1190, 1253, 1277, 1301, 1375, 1411, 1433, 1462, 1501, 1544, 1570], "excluded_lines": []}}, "classes": {"IndexCorruptedError": {"executed_lines": [], "summary": {"covered_lines": 0, "num_statements": 5, "percent_covered": 0.0, "percent_covered_display": "0", "missing_lines": 5, "excluded_lines": 0}, "missing_lines": [109, 110, 111, 112, 113], "excluded_lines": []}, "InvalidEntryError": {"executed_lines": [], "summary": {"covered_lines": 0, "num_statements": 2, "percent_covered": 0.0, "percent_covered_display": "0", "missing_lines": 2, "excluded_lines": 0}, "missing_lines": [127, 128], "excluded_lines": []}, "SearchFilters": {"executed_lines": [], "summary": {"covered_lines": 0, "num_statements": 0, "percent_covered": 100.0, "percent_covered_display": "100", "missing_lines": 0, "excluded_lines": 0}, "missing_lines": [], "excluded_lines": []}, "SearchResults": {"executed_lines": [], "summary": {"covered_lines": 0, "num_statements": 0, "percent_covered": 100.0, "percent_covered_display": "100", "missing_lines": 0, "excluded_lines": 0}, "missing_lines": [], "excluded_lines": []}, "FeedbackIndex": {"executed_lines": [], "summary": {"covered_lines": 0, "num_statements": 10, "percent_covered": 0.0, "percent_covered_display": "0", "missing_lines": 10, "excluded_lines": 0}, "missing_lines": [1426, 1427, 1428, 1430, 1431, 1460, 1499, 1542, 1568, 1600], "excluded_lines": []}, "": {"executed_lines": [], "summary": {"covered_lines": 0, "num_statements": 363, "percent_covered": 0.0, "percent_covered_display": "0", "missing_lines": 363, "excluded_lines": 0}, "missing_lines": [49, 50, 51, 52, 53, 54, 55, 56, 57, 65, 68, 71, 74, 77, 78, 81, 82, 83, 84, 87, 90, 98, 101, 116, 119, 136, 137, 140, 141, 143, 144, 146, 147, 149, 150, 152, 153, 155, 156, 158, 159, 161, 162, 164, 165, 167, 168, 171, 172, 188, 189, 191, 192, 194, 195, 197, 198, 200, 201, 209, 219, 226, 236, 239, 255, 258, 271, 274, 288, 289, 290, 291, 293, 294, 297, 307, 308, 309, 310, 311, 314, 343, 346, 347, 350, 351, 352, 353, 356, 359, 360, 363, 365, 368, 394, 395, 396, 398, 399, 401, 403, 405, 406, 409, 412, 413, 415, 417, 418, 419, 420, 421, 422, 430, 451, 454, 466, 467, 470, 493, 496, 499, 500, 503, 504, 507, 508, 511, 527, 528, 529, 530, 531, 532, 535, 538, 577, 580, 582, 583, 585, 586, 588, 590, 593, 596, 599, 600, 602, 603, 605, 607, 610, 611, 613, 615, 616, 618, 621, 649, 650, 651, 654, 655, 656, 658, 659, 660, 663, 664, 672, 693, 694, 696, 697, 699, 700, 701, 703, 705, 706, 709, 710, 711, 712, 714, 715, 716, 719, 737, 739, 740, 741, 742, 743, 744, 745, 746, 747, 748, 749, 750, 751, 752, 753, 754, 756, 759, 772, 778, 818, 821, 824, 827, 830, 833, 834, 835, 836, 839, 842, 844, 853, 885, 888, 891, 892, 895, 896, 898, 901, 934, 936, 938, 939, 940, 943, 944, 945, 948, 949, 950, 953, 954, 955, 958, 959, 960, 961, 964, 965, 966, 967, 970, 971, 972, 975, 977, 985, 1006, 1007, 1008, 1011, 1012, 1013, 1014, 1015, 1016, 1019, 1020, 1023, 1024, 1025, 1027, 1030, 1060, 1062, 1063, 1064, 1066, 1067, 1070, 1071, 1074, 1075, 1077, 1078, 1081, 1082, 1083, 1086, 1087, 1089, 1090, 1091, 1093, 1096, 1097, 1099, 1101, 1102, 1105, 1135, 1136, 1139, 1140, 1141, 1143, 1144, 1146, 1147, 1150, 1151, 1157, 1183, 1184, 1185, 1186, 1187, 1190, 1217, 1218, 1221, 1222, 1225, 1226, 1227, 1229, 1232, 1247, 1248, 1250, 1253, 1271, 1272, 1274, 1277, 1295, 1296, 1298, 1301, 1336, 1337, 1339, 1340, 1343, 1344, 1345, 1346, 1347, 1348, 1349, 1351, 1354, 1361, 1363, 1375, 1411, 1433, 1462, 1501, 1544, 1570], "excluded_lines": []}}}, "src/feedback_persistence.py": {"executed_lines": [], "summary": {"covered_lines": 0, "num_statements": 244, "percent_covered": 0.0, "percent_covered_display": "0", "missing_lines": 244, "excluded_lines": 0}, "missing_lines": [36, 37, 38, 39, 40, 41, 42, 43, 44, 52, 53, 56, 57, 58, 59, 60, 61, 69, 86, 87, 89, 90, 91, 97, 114, 115, 117, 118, 119, 125, 142, 143, 145, 146, 149, 167, 168, 170, 171, 174, 176, 177, 180, 181, 182, 188, 204, 205, 208, 234, 241, 242, 243, 250, 260, 282, 283, 286, 290, 291, 292, 293, 294, 295, 298, 301, 304, 322, 324, 325, 328, 329, 331, 334, 368, 369, 372, 374, 377, 400, 402, 403, 406, 407, 408, 410, 411, 412, 414, 415, 417, 420, 421, 429, 459, 460, 462, 465, 466, 467, 469, 470, 471, 472, 473, 477, 478, 479, 480, 482, 484, 492, 526, 534, 537, 556, 558, 559, 561, 564, 598, 611, 612, 613, 614, 615, 616, 617, 618, 620, 622, 624, 632, 659, 661, 663, 667, 670, 674, 675, 676, 678, 683, 684, 685, 687, 688, 690, 693, 694, 695, 696, 698, 701, 703, 705, 706, 707, 708, 709, 712, 715, 733, 735, 737, 738, 739, 741, 749, 774, 780, 788, 867, 873, 874, 875, 876, 877, 878, 890, 902, 908, 916, 917, 919, 925, 926, 934, 942, 948, 954, 960, 961, 967, 969, 983, 1006, 1007, 1008, 1009, 1011, 1014, 1015, 1018, 1020, 1021, 1022, 1023, 1024, 1025, 1027, 1029, 1032, 1060, 1061, 1062, 1063, 1065, 1067, 1068, 1079, 1080, 1083, 1084, 1085, 1086, 1089, 1090, 1093, 1094, 1095, 1096, 1099, 1100, 1101, 1102, 1105, 1106, 1107, 1108, 1111, 1112, 1115, 1117], "excluded_lines": [], "functions": {"_validate_operation_type": {"executed_lines": [], "summary": {"covered_lines": 0, "num_statements": 5, "percent_covered": 0.0, "percent_covered_display": "0", "missing_lines": 5, "excluded_lines": 0}, "missing_lines": [86, 87, 89, 90, 91], "excluded_lines": []}, "_validate_status": {"executed_lines": [], "summary": {"covered_lines": 0, "num_statements": 5, "percent_covered": 0.0, "percent_covered_display": "0", "missing_lines": 5, "excluded_lines": 0}, "missing_lines": [114, 115, 117, 118, 119], "excluded_lines": []}, "_validate_session_id": {"executed_lines": [], "summary": {"covered_lines": 0, "num_statements": 4, "percent_covered": 0.0, "percent_covered_display": "0", "missing_lines": 4, "excluded_lines": 0}, "missing_lines": [142, 143, 145, 146], "excluded_lines": []}, "_validate_timestamp": {"executed_lines": [], "summary": {"covered_lines": 0, "num_statements": 10, "percent_covered": 0.0, "percent_covered_display": "0", "missing_lines": 10, "excluded_lines": 0}, "missing_lines": [167, 168, 170, 171, 174, 176, 177, 180, 181, 182], "excluded_lines": []}, "_validate_description": {"executed_lines": [], "summary": {"covered_lines": 0, "num_statements": 2, "percent_covered": 0.0, "percent_covered_display": "0", "missing_lines": 2, "excluded_lines": 0}, "missing_lines": [204, 205], "excluded_lines": []}, "_validate_operation_metadata": {"executed_lines": [], "summary": {"covered_lines": 0, "num_statements": 5, "percent_covered": 0.0, "percent_covered_display": "0", "missing_lines": 5, "excluded_lines": 0}, "missing_lines": [234, 241, 242, 243, 250], "excluded_lines": []}, "_sanitize_filename_component": {"executed_lines": [], "summary": {"covered_lines": 0, "num_statements": 11, "percent_covered": 0.0, "percent_covered_display": "0", "missing_lines": 11, "excluded_lines": 0}, "missing_lines": [282, 283, 286, 290, 291, 292, 293, 294, 295, 298, 301], "excluded_lines": []}, "_normalize_timestamp_for_filename": {"executed_lines": [], "summary": {"covered_lines": 0, "num_statements": 6, "percent_covered": 0.0, "percent_covered_display": "0", "missing_lines": 6, "excluded_lines": 0}, "missing_lines": [322, 324, 325, 328, 329, 331], "excluded_lines": []}, "_generate_base_filename": {"executed_lines": [], "summary": {"covered_lines": 0, "num_statements": 4, "percent_covered": 0.0, "percent_covered_display": "0", "missing_lines": 4, "excluded_lines": 0}, "missing_lines": [368, 369, 372, 374], "excluded_lines": []}, "_resolve_filename_collision": {"executed_lines": [], "summary": {"covered_lines": 0, "num_statements": 14, "percent_covered": 0.0, "percent_covered_display": "0", "missing_lines": 14, "excluded_lines": 0}, "missing_lines": [400, 402, 403, 406, 407, 408, 410, 411, 412, 414, 415, 417, 420, 421], "excluded_lines": []}, "_create_feedback_directory": {"executed_lines": [], "summary": {"covered_lines": 0, "num_statements": 17, "percent_covered": 0.0, "percent_covered_display": "0", "missing_lines": 17, "excluded_lines": 0}, "missing_lines": [459, 460, 462, 465, 466, 467, 469, 470, 471, 472, 473, 477, 478, 479, 480, 482, 484], "excluded_lines": []}, "_generate_yaml_frontmatter": {"executed_lines": [], "summary": {"covered_lines": 0, "num_statements": 2, "percent_covered": 0.0, "percent_covered_display": "0", "missing_lines": 2, "excluded_lines": 0}, "missing_lines": [526, 534], "excluded_lines": []}, "_escape_yaml_value": {"executed_lines": [], "summary": {"covered_lines": 0, "num_statements": 4, "percent_covered": 0.0, "percent_covered_display": "0", "missing_lines": 4, "excluded_lines": 0}, "missing_lines": [556, 558, 559, 561], "excluded_lines": []}, "_generate_markdown_content": {"executed_lines": [], "summary": {"covered_lines": 0, "num_statements": 12, "percent_covered": 0.0, "percent_covered_display": "0", "missing_lines": 12, "excluded_lines": 0}, "missing_lines": [598, 611, 612, 613, 614, 615, 616, 617, 618, 620, 622, 624], "excluded_lines": []}, "_atomic_write_file": {"executed_lines": [], "summary": {"covered_lines": 0, "num_statements": 28, "percent_covered": 0.0, "percent_covered_display": "0", "missing_lines": 28, "excluded_lines": 0}, "missing_lines": [659, 661, 663, 667, 670, 674, 675, 676, 678, 683, 684, 685, 687, 688, 690, 693, 694, 695, 696, 698, 701, 703, 705, 706, 707, 708, 709, 712], "excluded_lines": []}, "_set_file_permissions": {"executed_lines": [], "summary": {"covered_lines": 0, "num_statements": 6, "percent_covered": 0.0, "percent_covered_display": "0", "missing_lines": 6, "excluded_lines": 0}, "missing_lines": [733, 735, 737, 738, 739, 741], "excluded_lines": []}, "_determine_operation_name": {"executed_lines": [], "summary": {"covered_lines": 0, "num_statements": 2, "percent_covered": 0.0, "percent_covered_display": "0", "missing_lines": 2, "excluded_lines": 0}, "missing_lines": [774, 780], "excluded_lines": []}, "persist_feedback_session": {"executed_lines": [], "summary": {"covered_lines": 0, "num_statements": 23, "percent_covered": 0.0, "percent_covered_display": "0", "missing_lines": 23, "excluded_lines": 0}, "missing_lines": [867, 873, 874, 875, 876, 877, 878, 890, 902, 908, 916, 917, 919, 925, 926, 934, 942, 948, 954, 960, 961, 967, 969], "excluded_lines": []}, "cleanup_temp_feedback_files": {"executed_lines": [], "summary": {"covered_lines": 0, "num_statements": 16, "percent_covered": 0.0, "percent_covered_display": "0", "missing_lines": 16, "excluded_lines": 0}, "missing_lines": [1006, 1007, 1008, 1009, 1011, 1014, 1015, 1018, 1020, 1021, 1022, 1023, 1024, 1025, 1027, 1029], "excluded_lines": []}, "get_feedback_statistics": {"executed_lines": [], "summary": {"covered_lines": 0, "num_statements": 31, "percent_covered": 0.0, "percent_covered_display": "0", "missing_lines": 31, "excluded_lines": 0}, "missing_lines": [1060, 1061, 1062, 1063, 1065, 1067, 1068, 1079, 1080, 1083, 1084, 1085, 1086, 1089, 1090, 1093, 1094, 1095, 1096, 1099, 1100, 1101, 1102, 1105, 1106, 1107, 1108, 1111, 1112, 1115, 1117], "excluded_lines": []}, "": {"executed_lines": [], "summary": {"covered_lines": 0, "num_statements": 37, "percent_covered": 0.0, "percent_covered_display": "0", "missing_lines": 37, "excluded_lines": 0}, "missing_lines": [36, 37, 38, 39, 40, 41, 42, 43, 44, 52, 53, 56, 57, 58, 59, 60, 61, 69, 97, 125, 149, 188, 208, 260, 304, 334, 377, 429, 492, 537, 564, 632, 715, 749, 788, 983, 1032], "excluded_lines": []}}, "classes": {"FeedbackPersistenceResult": {"executed_lines": [], "summary": {"covered_lines": 0, "num_statements": 0, "percent_covered": 100.0, "percent_covered_display": "100", "missing_lines": 0, "excluded_lines": 0}, "missing_lines": [], "excluded_lines": []}, "": {"executed_lines": [], "summary": {"covered_lines": 0, "num_statements": 244, "percent_covered": 0.0, "percent_covered_display": "0", "missing_lines": 244, "excluded_lines": 0}, "missing_lines": [36, 37, 38, 39, 40, 41, 42, 43, 44, 52, 53, 56, 57, 58, 59, 60, 61, 69, 86, 87, 89, 90, 91, 97, 114, 115, 117, 118, 119, 125, 142, 143, 145, 146, 149, 167, 168, 170, 171, 174, 176, 177, 180, 181, 182, 188, 204, 205, 208, 234, 241, 242, 243, 250, 260, 282, 283, 286, 290, 291, 292, 293, 294, 295, 298, 301, 304, 322, 324, 325, 328, 329, 331, 334, 368, 369, 372, 374, 377, 400, 402, 403, 406, 407, 408, 410, 411, 412, 414, 415, 417, 420, 421, 429, 459, 460, 462, 465, 466, 467, 469, 470, 471, 472, 473, 477, 478, 479, 480, 482, 484, 492, 526, 534, 537, 556, 558, 559, 561, 564, 598, 611, 612, 613, 614, 615, 616, 617, 618, 620, 622, 624, 632, 659, 661, 663, 667, 670, 674, 675, 676, 678, 683, 684, 685, 687, 688, 690, 693, 694, 695, 696, 698, 701, 703, 705, 706, 707, 708, 709, 712, 715, 733, 735, 737, 738, 739, 741, 749, 774, 780, 788, 867, 873, 874, 875, 876, 877, 878, 890, 902, 908, 916, 917, 919, 925, 926, 934, 942, 948, 954, 960, 961, 967, 969, 983, 1006, 1007, 1008, 1009, 1011, 1014, 1015, 1018, 1020, 1021, 1022, 1023, 1024, 1025, 1027, 1029, 1032, 1060, 1061, 1062, 1063, 1065, 1067, 1068, 1079, 1080, 1083, 1084, 1085, 1086, 1089, 1090, 1093, 1094, 1095, 1096, 1099, 1100, 1101, 1102, 1105, 1106, 1107, 1108, 1111, 1112, 1115, 1117], "excluded_lines": []}}}, "src/template_customization.py": {"executed_lines": [], "summary": {"covered_lines": 0, "num_statements": 576, "percent_covered": 0.0, "percent_covered_display": "0", "missing_lines": 576, "excluded_lines": 0}, "missing_lines": [11, 12, 13, 14, 15, 16, 17, 24, 26, 27, 28, 29, 30, 31, 34, 36, 37, 40, 42, 43, 44, 51, 53, 56, 58, 61, 63, 66, 68, 71, 73, 80, 81, 83, 84, 85, 86, 87, 88, 89, 90, 91, 92, 93, 94, 95, 97, 99, 116, 117, 119, 120, 121, 122, 123, 124, 125, 126, 127, 129, 131, 144, 145, 147, 148, 149, 150, 151, 152, 153, 154, 155, 156, 157, 158, 159, 160, 162, 164, 186, 189, 190, 191, 192, 194, 196, 197, 198, 205, 209, 215, 220, 221, 223, 224, 226, 227, 229, 230, 232, 233, 234, 235, 237, 238, 240, 241, 242, 245, 246, 247, 249, 250, 252, 253, 255, 256, 259, 262, 263, 265, 266, 269, 272, 273, 275, 276, 278, 279, 281, 282, 284, 285, 286, 287, 289, 290, 292, 293, 300, 303, 304, 305, 306, 307, 308, 309, 310, 312, 314, 315, 316, 317, 318, 319, 320, 324, 331, 334, 335, 338, 339, 340, 342, 343, 344, 345, 348, 349, 350, 351, 352, 355, 356, 358, 374, 375, 376, 377, 379, 381, 382, 384, 385, 387, 390, 391, 394, 395, 396, 398, 399, 401, 402, 403, 405, 406, 408, 409, 411, 412, 414, 415, 417, 418, 420, 421, 424, 425, 426, 428, 430, 431, 433, 434, 435, 442, 445, 446, 449, 450, 451, 452, 455, 456, 458, 470, 471, 472, 473, 475, 477, 478, 480, 481, 483, 484, 486, 491, 492, 493, 500, 507, 510, 511, 513, 514, 516, 517, 520, 521, 525, 526, 528, 545, 546, 548, 549, 551, 552, 553, 555, 556, 558, 561, 562, 564, 565, 566, 568, 569, 571, 572, 574, 575, 577, 578, 580, 583, 584, 585, 588, 589, 590, 591, 592, 599, 605, 607, 608, 610, 612, 613, 615, 616, 617, 618, 620, 622, 623, 625, 626, 627, 628, 629, 631, 632, 634, 635, 636, 637, 638, 640, 641, 643, 646, 647, 649, 666, 667, 669, 670, 672, 675, 676, 678, 695, 696, 698, 699, 702, 703, 704, 705, 706, 707, 708, 710, 712, 713, 715, 717, 719, 720, 721, 723, 730, 733, 734, 736, 737, 738, 739, 741, 744, 745, 747, 748, 751, 752, 753, 755, 756, 757, 758, 759, 760, 761, 762, 763, 764, 766, 767, 768, 769, 771, 772, 773, 774, 775, 776, 783, 785, 787, 788, 790, 791, 792, 793, 794, 795, 798, 800, 802, 804, 812, 814, 815, 816, 817, 818, 819, 822, 824, 826, 828, 836, 838, 839, 840, 841, 842, 843, 844, 845, 848, 850, 851, 852, 853, 854, 857, 859, 860, 861, 862, 863, 866, 868, 869, 870, 871, 872, 875, 877, 879, 880, 882, 883, 884, 885, 888, 890, 891, 892, 893, 894, 897, 899, 900, 901, 902, 903, 904, 905, 906, 907, 910, 912, 913, 914, 915, 916, 919, 921, 922, 923, 924, 925, 928, 930, 931, 932, 933, 934, 937, 939, 940, 941, 942, 943, 946, 948, 949, 950, 951, 952, 955, 957, 958, 959, 960, 961, 962, 963, 966, 968, 969, 970, 971, 972, 973, 976, 978, 979, 980, 981, 982, 983, 986, 988, 989, 990, 991, 992, 995, 997, 998, 1001, 1003, 1006, 1007, 1009, 1011, 1012, 1013, 1014, 1015, 1016, 1017, 1018, 1020, 1021, 1022, 1023, 1024, 1025, 1027, 1028, 1029, 1030, 1031, 1032, 1034, 1048, 1050, 1051, 1053, 1054, 1055, 1056, 1057, 1060, 1062, 1065, 1067, 1068, 1070, 1071, 1072, 1073, 1074, 1077, 1079, 1080, 1081, 1082, 1083, 1086, 1088, 1089, 1090, 1095, 1096, 1103, 1105], "excluded_lines": [], "functions": {"CustomTemplateField.to_dict": {"executed_lines": [], "summary": {"covered_lines": 0, "num_statements": 1, "percent_covered": 0.0, "percent_covered_display": "0", "missing_lines": 1, "excluded_lines": 0}, "missing_lines": [99], "excluded_lines": []}, "TeamQuestion.to_dict": {"executed_lines": [], "summary": {"covered_lines": 0, "num_statements": 1, "percent_covered": 0.0, "percent_covered_display": "0", "missing_lines": 1, "excluded_lines": 0}, "missing_lines": [131], "excluded_lines": []}, "CustomTemplate.to_dict": {"executed_lines": [], "summary": {"covered_lines": 0, "num_statements": 1, "percent_covered": 0.0, "percent_covered_display": "0", "missing_lines": 1, "excluded_lines": 0}, "missing_lines": [164], "excluded_lines": []}, "MockResponse.__init__": {"executed_lines": [], "summary": {"covered_lines": 0, "num_statements": 3, "percent_covered": 0.0, "percent_covered_display": "0", "missing_lines": 3, "excluded_lines": 0}, "missing_lines": [190, 191, 192], "excluded_lines": []}, "MockResponse.json": {"executed_lines": [], "summary": {"covered_lines": 0, "num_statements": 3, "percent_covered": 0.0, "percent_covered_display": "0", "missing_lines": 3, "excluded_lines": 0}, "missing_lines": [196, 197, 198], "excluded_lines": []}, "FieldValidator.validate_field_name": {"executed_lines": [], "summary": {"covered_lines": 0, "num_statements": 4, "percent_covered": 0.0, "percent_covered_display": "0", "missing_lines": 4, "excluded_lines": 0}, "missing_lines": [223, 224, 226, 227], "excluded_lines": []}, "FieldValidator.validate_field_type": {"executed_lines": [], "summary": {"covered_lines": 0, "num_statements": 4, "percent_covered": 0.0, "percent_covered_display": "0", "missing_lines": 4, "excluded_lines": 0}, "missing_lines": [232, 233, 234, 235], "excluded_lines": []}, "FieldValidator.validate_select_options": {"executed_lines": [], "summary": {"covered_lines": 0, "num_statements": 6, "percent_covered": 0.0, "percent_covered_display": "0", "missing_lines": 6, "excluded_lines": 0}, "missing_lines": [240, 241, 242, 245, 246, 247], "excluded_lines": []}, "FieldValidator.validate_visibility": {"executed_lines": [], "summary": {"covered_lines": 0, "num_statements": 4, "percent_covered": 0.0, "percent_covered_display": "0", "missing_lines": 4, "excluded_lines": 0}, "missing_lines": [252, 253, 255, 256], "excluded_lines": []}, "QuestionValidator.validate_question_text": {"executed_lines": [], "summary": {"covered_lines": 0, "num_statements": 2, "percent_covered": 0.0, "percent_covered_display": "0", "missing_lines": 2, "excluded_lines": 0}, "missing_lines": [265, 266], "excluded_lines": []}, "TemplateValidator.validate_template_name": {"executed_lines": [], "summary": {"covered_lines": 0, "num_statements": 2, "percent_covered": 0.0, "percent_covered_display": "0", "missing_lines": 2, "excluded_lines": 0}, "missing_lines": [275, 276], "excluded_lines": []}, "TemplateValidator.validate_inherited_sections": {"executed_lines": [], "summary": {"covered_lines": 0, "num_statements": 6, "percent_covered": 0.0, "percent_covered_display": "0", "missing_lines": 6, "excluded_lines": 0}, "missing_lines": [281, 282, 284, 285, 286, 287], "excluded_lines": []}, "TemplateValidator.validate_framework_version": {"executed_lines": [], "summary": {"covered_lines": 0, "num_statements": 2, "percent_covered": 0.0, "percent_covered_display": "0", "missing_lines": 2, "excluded_lines": 0}, "missing_lines": [292, 293], "excluded_lines": []}, "InMemoryStorage.__init__": {"executed_lines": [], "summary": {"covered_lines": 0, "num_statements": 7, "percent_covered": 0.0, "percent_covered_display": "0", "missing_lines": 7, "excluded_lines": 0}, "missing_lines": [304, 305, 306, 307, 308, 309, 310], "excluded_lines": []}, "InMemoryStorage.clear": {"executed_lines": [], "summary": {"covered_lines": 0, "num_statements": 7, "percent_covered": 0.0, "percent_covered_display": "0", "missing_lines": 7, "excluded_lines": 0}, "missing_lines": [314, 315, 316, 317, 318, 319, 320], "excluded_lines": []}, "CustomFieldService.create_field": {"executed_lines": [], "summary": {"covered_lines": 0, "num_statements": 20, "percent_covered": 0.0, "percent_covered_display": "0", "missing_lines": 20, "excluded_lines": 0}, "missing_lines": [338, 339, 340, 342, 343, 344, 345, 348, 349, 350, 351, 352, 355, 356, 358, 374, 375, 376, 377, 379], "excluded_lines": []}, "CustomFieldService.update_field": {"executed_lines": [], "summary": {"covered_lines": 0, "num_statements": 19, "percent_covered": 0.0, "percent_covered_display": "0", "missing_lines": 19, "excluded_lines": 0}, "missing_lines": [384, 385, 387, 390, 391, 394, 395, 396, 398, 399, 401, 402, 403, 405, 406, 408, 409, 411, 412], "excluded_lines": []}, "CustomFieldService.delete_field": {"executed_lines": [], "summary": {"covered_lines": 0, "num_statements": 8, "percent_covered": 0.0, "percent_covered_display": "0", "missing_lines": 8, "excluded_lines": 0}, "missing_lines": [417, 418, 420, 421, 424, 425, 426, 428], "excluded_lines": []}, "CustomFieldService.get_field": {"executed_lines": [], "summary": {"covered_lines": 0, "num_statements": 3, "percent_covered": 0.0, "percent_covered_display": "0", "missing_lines": 3, "excluded_lines": 0}, "missing_lines": [433, 434, 435], "excluded_lines": []}, "TeamQuestionService.create_question": {"executed_lines": [], "summary": {"covered_lines": 0, "num_statements": 12, "percent_covered": 0.0, "percent_covered_display": "0", "missing_lines": 12, "excluded_lines": 0}, "missing_lines": [449, 450, 451, 452, 455, 456, 458, 470, 471, 472, 473, 475], "excluded_lines": []}, "TeamQuestionService.get_team_questions": {"executed_lines": [], "summary": {"covered_lines": 0, "num_statements": 2, "percent_covered": 0.0, "percent_covered_display": "0", "missing_lines": 2, "excluded_lines": 0}, "missing_lines": [480, 481], "excluded_lines": []}, "TeamQuestionService.get_story_workflow_questions": {"executed_lines": [], "summary": {"covered_lines": 0, "num_statements": 5, "percent_covered": 0.0, "percent_covered_display": "0", "missing_lines": 5, "excluded_lines": 0}, "missing_lines": [486, 491, 492, 493, 500], "excluded_lines": []}, "CustomTemplateService.create_template": {"executed_lines": [], "summary": {"covered_lines": 0, "num_statements": 11, "percent_covered": 0.0, "percent_covered_display": "0", "missing_lines": 11, "excluded_lines": 0}, "missing_lines": [513, 514, 516, 517, 520, 521, 525, 526, 528, 545, 546], "excluded_lines": []}, "CustomTemplateService.get_template": {"executed_lines": [], "summary": {"covered_lines": 0, "num_statements": 3, "percent_covered": 0.0, "percent_covered_display": "0", "missing_lines": 3, "excluded_lines": 0}, "missing_lines": [551, 552, 553], "excluded_lines": []}, "CustomTemplateService.update_template": {"executed_lines": [], "summary": {"covered_lines": 0, "num_statements": 10, "percent_covered": 0.0, "percent_covered_display": "0", "missing_lines": 10, "excluded_lines": 0}, "missing_lines": [558, 561, 562, 564, 565, 566, 568, 569, 571, 572], "excluded_lines": []}, "CustomTemplateService.render_template": {"executed_lines": [], "summary": {"covered_lines": 0, "num_statements": 13, "percent_covered": 0.0, "percent_covered_display": "0", "missing_lines": 13, "excluded_lines": 0}, "missing_lines": [577, 578, 580, 583, 584, 585, 588, 589, 590, 591, 592, 599, 605], "excluded_lines": []}, "CustomTemplateService.revert_to_defaults": {"executed_lines": [], "summary": {"covered_lines": 0, "num_statements": 8, "percent_covered": 0.0, "percent_covered_display": "0", "missing_lines": 8, "excluded_lines": 0}, "missing_lines": [610, 612, 613, 615, 616, 617, 618, 620], "excluded_lines": []}, "CustomTemplateService.share_template": {"executed_lines": [], "summary": {"covered_lines": 0, "num_statements": 5, "percent_covered": 0.0, "percent_covered_display": "0", "missing_lines": 5, "excluded_lines": 0}, "missing_lines": [625, 626, 627, 628, 629], "excluded_lines": []}, "CustomTemplateService.get_template_library": {"executed_lines": [], "summary": {"covered_lines": 0, "num_statements": 5, "percent_covered": 0.0, "percent_covered_display": "0", "missing_lines": 5, "excluded_lines": 0}, "missing_lines": [634, 635, 636, 637, 638], "excluded_lines": []}, "CustomTemplateService.copy_template": {"executed_lines": [], "summary": {"covered_lines": 0, "num_statements": 6, "percent_covered": 0.0, "percent_covered_display": "0", "missing_lines": 6, "excluded_lines": 0}, "missing_lines": [643, 646, 647, 649, 666, 667], "excluded_lines": []}, "CustomTemplateService.export_to_team": {"executed_lines": [], "summary": {"covered_lines": 0, "num_statements": 6, "percent_covered": 0.0, "percent_covered_display": "0", "missing_lines": 6, "excluded_lines": 0}, "missing_lines": [672, 675, 676, 678, 695, 696], "excluded_lines": []}, "CustomTemplateService.handle_framework_upgrade": {"executed_lines": [], "summary": {"covered_lines": 0, "num_statements": 8, "percent_covered": 0.0, "percent_covered_display": "0", "missing_lines": 8, "excluded_lines": 0}, "missing_lines": [702, 703, 704, 705, 706, 707, 708, 710], "excluded_lines": []}, "CustomTemplateService.get_with_version_check": {"executed_lines": [], "summary": {"covered_lines": 0, "num_statements": 6, "percent_covered": 0.0, "percent_covered_display": "0", "missing_lines": 6, "excluded_lines": 0}, "missing_lines": [715, 717, 719, 720, 721, 723], "excluded_lines": []}, "FieldValueValidator.validate_field_value": {"executed_lines": [], "summary": {"covered_lines": 0, "num_statements": 32, "percent_covered": 0.0, "percent_covered_display": "0", "missing_lines": 32, "excluded_lines": 0}, "missing_lines": [736, 737, 738, 739, 741, 744, 745, 747, 748, 751, 752, 753, 755, 756, 757, 758, 759, 760, 761, 762, 763, 764, 766, 767, 768, 769, 771, 772, 773, 774, 775, 776], "excluded_lines": []}, "create_custom_field": {"executed_lines": [], "summary": {"covered_lines": 0, "num_statements": 9, "percent_covered": 0.0, "percent_covered_display": "0", "missing_lines": 9, "excluded_lines": 0}, "missing_lines": [785, 787, 788, 790, 791, 792, 793, 794, 795], "excluded_lines": []}, "update_custom_field": {"executed_lines": [], "summary": {"covered_lines": 0, "num_statements": 10, "percent_covered": 0.0, "percent_covered_display": "0", "missing_lines": 10, "excluded_lines": 0}, "missing_lines": [800, 802, 804, 812, 814, 815, 816, 817, 818, 819], "excluded_lines": []}, "delete_custom_field": {"executed_lines": [], "summary": {"covered_lines": 0, "num_statements": 12, "percent_covered": 0.0, "percent_covered_display": "0", "missing_lines": 12, "excluded_lines": 0}, "missing_lines": [824, 826, 828, 836, 838, 839, 840, 841, 842, 843, 844, 845], "excluded_lines": []}, "create_team_question": {"executed_lines": [], "summary": {"covered_lines": 0, "num_statements": 5, "percent_covered": 0.0, "percent_covered_display": "0", "missing_lines": 5, "excluded_lines": 0}, "missing_lines": [850, 851, 852, 853, 854], "excluded_lines": []}, "get_team_questions": {"executed_lines": [], "summary": {"covered_lines": 0, "num_statements": 5, "percent_covered": 0.0, "percent_covered_display": "0", "missing_lines": 5, "excluded_lines": 0}, "missing_lines": [859, 860, 861, 862, 863], "excluded_lines": []}, "get_story_workflow_questions": {"executed_lines": [], "summary": {"covered_lines": 0, "num_statements": 5, "percent_covered": 0.0, "percent_covered_display": "0", "missing_lines": 5, "excluded_lines": 0}, "missing_lines": [868, 869, 870, 871, 872], "excluded_lines": []}, "create_custom_template": {"executed_lines": [], "summary": {"covered_lines": 0, "num_statements": 7, "percent_covered": 0.0, "percent_covered_display": "0", "missing_lines": 7, "excluded_lines": 0}, "missing_lines": [877, 879, 880, 882, 883, 884, 885], "excluded_lines": []}, "get_custom_template": {"executed_lines": [], "summary": {"covered_lines": 0, "num_statements": 5, "percent_covered": 0.0, "percent_covered_display": "0", "missing_lines": 5, "excluded_lines": 0}, "missing_lines": [890, 891, 892, 893, 894], "excluded_lines": []}, "update_custom_template": {"executed_lines": [], "summary": {"covered_lines": 0, "num_statements": 9, "percent_covered": 0.0, "percent_covered_display": "0", "missing_lines": 9, "excluded_lines": 0}, "missing_lines": [899, 900, 901, 902, 903, 904, 905, 906, 907], "excluded_lines": []}, "share_template": {"executed_lines": [], "summary": {"covered_lines": 0, "num_statements": 5, "percent_covered": 0.0, "percent_covered_display": "0", "missing_lines": 5, "excluded_lines": 0}, "missing_lines": [912, 913, 914, 915, 916], "excluded_lines": []}, "get_template_library": {"executed_lines": [], "summary": {"covered_lines": 0, "num_statements": 5, "percent_covered": 0.0, "percent_covered_display": "0", "missing_lines": 5, "excluded_lines": 0}, "missing_lines": [921, 922, 923, 924, 925], "excluded_lines": []}, "copy_template": {"executed_lines": [], "summary": {"covered_lines": 0, "num_statements": 5, "percent_covered": 0.0, "percent_covered_display": "0", "missing_lines": 5, "excluded_lines": 0}, "missing_lines": [930, 931, 932, 933, 934], "excluded_lines": []}, "export_template_to_team": {"executed_lines": [], "summary": {"covered_lines": 0, "num_statements": 5, "percent_covered": 0.0, "percent_covered_display": "0", "missing_lines": 5, "excluded_lines": 0}, "missing_lines": [939, 940, 941, 942, 943], "excluded_lines": []}, "get_rendered_template": {"executed_lines": [], "summary": {"covered_lines": 0, "num_statements": 5, "percent_covered": 0.0, "percent_covered_display": "0", "missing_lines": 5, "excluded_lines": 0}, "missing_lines": [948, 949, 950, 951, 952], "excluded_lines": []}, "revert_template_to_defaults": {"executed_lines": [], "summary": {"covered_lines": 0, "num_statements": 7, "percent_covered": 0.0, "percent_covered_display": "0", "missing_lines": 7, "excluded_lines": 0}, "missing_lines": [957, 958, 959, 960, 961, 962, 963], "excluded_lines": []}, "simulate_framework_upgrade": {"executed_lines": [], "summary": {"covered_lines": 0, "num_statements": 6, "percent_covered": 0.0, "percent_covered_display": "0", "missing_lines": 6, "excluded_lines": 0}, "missing_lines": [968, 969, 970, 971, 972, 973], "excluded_lines": []}, "simulate_framework_upgrade_with_new_section": {"executed_lines": [], "summary": {"covered_lines": 0, "num_statements": 6, "percent_covered": 0.0, "percent_covered_display": "0", "missing_lines": 6, "excluded_lines": 0}, "missing_lines": [978, 979, 980, 981, 982, 983], "excluded_lines": []}, "get_template_with_version_check": {"executed_lines": [], "summary": {"covered_lines": 0, "num_statements": 5, "percent_covered": 0.0, "percent_covered_display": "0", "missing_lines": 5, "excluded_lines": 0}, "missing_lines": [988, 989, 990, 991, 992], "excluded_lines": []}, "create_story_with_fields": {"executed_lines": [], "summary": {"covered_lines": 0, "num_statements": 36, "percent_covered": 0.0, "percent_covered_display": "0", "missing_lines": 36, "excluded_lines": 0}, "missing_lines": [997, 998, 1001, 1003, 1006, 1007, 1009, 1011, 1012, 1013, 1014, 1015, 1016, 1017, 1018, 1020, 1021, 1022, 1023, 1024, 1025, 1027, 1028, 1029, 1030, 1031, 1032, 1034, 1048, 1050, 1051, 1053, 1054, 1055, 1056, 1057], "excluded_lines": []}, "create_stories_with_field": {"executed_lines": [], "summary": {"covered_lines": 0, "num_statements": 1, "percent_covered": 0.0, "percent_covered_display": "0", "missing_lines": 1, "excluded_lines": 0}, "missing_lines": [1062], "excluded_lines": []}, "get_custom_field_by_id": {"executed_lines": [], "summary": {"covered_lines": 0, "num_statements": 7, "percent_covered": 0.0, "percent_covered_display": "0", "missing_lines": 7, "excluded_lines": 0}, "missing_lines": [1067, 1068, 1070, 1071, 1072, 1073, 1074], "excluded_lines": []}, "upgrade_framework": {"executed_lines": [], "summary": {"covered_lines": 0, "num_statements": 5, "percent_covered": 0.0, "percent_covered_display": "0", "missing_lines": 5, "excluded_lines": 0}, "missing_lines": [1079, 1080, 1081, 1082, 1083], "excluded_lines": []}, "upgrade_framework_with_conflicts": {"executed_lines": [], "summary": {"covered_lines": 0, "num_statements": 5, "percent_covered": 0.0, "percent_covered_display": "0", "missing_lines": 5, "excluded_lines": 0}, "missing_lines": [1088, 1089, 1090, 1095, 1096], "excluded_lines": []}, "clear_storage": {"executed_lines": [], "summary": {"covered_lines": 0, "num_statements": 1, "percent_covered": 0.0, "percent_covered_display": "0", "missing_lines": 1, "excluded_lines": 0}, "missing_lines": [1105], "excluded_lines": []}, "": {"executed_lines": [], "summary": {"covered_lines": 0, "num_statements": 170, "percent_covered": 0.0, "percent_covered_display": "0", "missing_lines": 170, "excluded_lines": 0}, "missing_lines": [11, 12, 13, 14, 15, 16, 17, 24, 26, 27, 28, 29, 30, 31, 34, 36, 37, 40, 42, 43, 44, 51, 53, 56, 58, 61, 63, 66, 68, 71, 73, 80, 81, 83, 84, 85, 86, 87, 88, 89, 90, 91, 92, 93, 94, 95, 97, 116, 117, 119, 120, 121, 122, 123, 124, 125, 126, 127, 129, 144, 145, 147, 148, 149, 150, 151, 152, 153, 154, 155, 156, 157, 158, 159, 160, 162, 186, 189, 194, 205, 209, 215, 220, 221, 229, 230, 237, 238, 249, 250, 259, 262, 263, 269, 272, 273, 278, 279, 289, 290, 300, 303, 312, 324, 331, 334, 335, 381, 382, 414, 415, 430, 431, 442, 445, 446, 477, 478, 483, 484, 507, 510, 511, 548, 549, 555, 556, 574, 575, 607, 608, 622, 623, 631, 632, 640, 641, 669, 670, 698, 699, 712, 713, 730, 733, 734, 783, 798, 822, 848, 857, 866, 875, 888, 897, 910, 919, 928, 937, 946, 955, 966, 976, 986, 995, 1060, 1065, 1077, 1086, 1103], "excluded_lines": []}}, "classes": {"FieldType": {"executed_lines": [], "summary": {"covered_lines": 0, "num_statements": 0, "percent_covered": 100.0, "percent_covered_display": "100", "missing_lines": 0, "excluded_lines": 0}, "missing_lines": [], "excluded_lines": []}, "Visibility": {"executed_lines": [], "summary": {"covered_lines": 0, "num_statements": 0, "percent_covered": 100.0, "percent_covered_display": "100", "missing_lines": 0, "excluded_lines": 0}, "missing_lines": [], "excluded_lines": []}, "TemplateInheritanceStatus": {"executed_lines": [], "summary": {"covered_lines": 0, "num_statements": 0, "percent_covered": 100.0, "percent_covered_display": "100", "missing_lines": 0, "excluded_lines": 0}, "missing_lines": [], "excluded_lines": []}, "ValidationError": {"executed_lines": [], "summary": {"covered_lines": 0, "num_statements": 0, "percent_covered": 100.0, "percent_covered_display": "100", "missing_lines": 0, "excluded_lines": 0}, "missing_lines": [], "excluded_lines": []}, "ConflictError": {"executed_lines": [], "summary": {"covered_lines": 0, "num_statements": 0, "percent_covered": 100.0, "percent_covered_display": "100", "missing_lines": 0, "excluded_lines": 0}, "missing_lines": [], "excluded_lines": []}, "InUseError": {"executed_lines": [], "summary": {"covered_lines": 0, "num_statements": 0, "percent_covered": 100.0, "percent_covered_display": "100", "missing_lines": 0, "excluded_lines": 0}, "missing_lines": [], "excluded_lines": []}, "NotFoundError": {"executed_lines": [], "summary": {"covered_lines": 0, "num_statements": 0, "percent_covered": 100.0, "percent_covered_display": "100", "missing_lines": 0, "excluded_lines": 0}, "missing_lines": [], "excluded_lines": []}, "PermissionError": {"executed_lines": [], "summary": {"covered_lines": 0, "num_statements": 0, "percent_covered": 100.0, "percent_covered_display": "100", "missing_lines": 0, "excluded_lines": 0}, "missing_lines": [], "excluded_lines": []}, "CustomTemplateField": {"executed_lines": [], "summary": {"covered_lines": 0, "num_statements": 1, "percent_covered": 0.0, "percent_covered_display": "0", "missing_lines": 1, "excluded_lines": 0}, "missing_lines": [99], "excluded_lines": []}, "TeamQuestion": {"executed_lines": [], "summary": {"covered_lines": 0, "num_statements": 1, "percent_covered": 0.0, "percent_covered_display": "0", "missing_lines": 1, "excluded_lines": 0}, "missing_lines": [131], "excluded_lines": []}, "CustomTemplate": {"executed_lines": [], "summary": {"covered_lines": 0, "num_statements": 1, "percent_covered": 0.0, "percent_covered_display": "0", "missing_lines": 1, "excluded_lines": 0}, "missing_lines": [164], "excluded_lines": []}, "MockResponse": {"executed_lines": [], "summary": {"covered_lines": 0, "num_statements": 6, "percent_covered": 0.0, "percent_covered_display": "0", "missing_lines": 6, "excluded_lines": 0}, "missing_lines": [190, 191, 192, 196, 197, 198], "excluded_lines": []}, "FieldValidator": {"executed_lines": [], "summary": {"covered_lines": 0, "num_statements": 18, "percent_covered": 0.0, "percent_covered_display": "0", "missing_lines": 18, "excluded_lines": 0}, "missing_lines": [223, 224, 226, 227, 232, 233, 234, 235, 240, 241, 242, 245, 246, 247, 252, 253, 255, 256], "excluded_lines": []}, "QuestionValidator": {"executed_lines": [], "summary": {"covered_lines": 0, "num_statements": 2, "percent_covered": 0.0, "percent_covered_display": "0", "missing_lines": 2, "excluded_lines": 0}, "missing_lines": [265, 266], "excluded_lines": []}, "TemplateValidator": {"executed_lines": [], "summary": {"covered_lines": 0, "num_statements": 10, "percent_covered": 0.0, "percent_covered_display": "0", "missing_lines": 10, "excluded_lines": 0}, "missing_lines": [275, 276, 281, 282, 284, 285, 286, 287, 292, 293], "excluded_lines": []}, "InMemoryStorage": {"executed_lines": [], "summary": {"covered_lines": 0, "num_statements": 14, "percent_covered": 0.0, "percent_covered_display": "0", "missing_lines": 14, "excluded_lines": 0}, "missing_lines": [304, 305, 306, 307, 308, 309, 310, 314, 315, 316, 317, 318, 319, 320], "excluded_lines": []}, "CustomFieldService": {"executed_lines": [], "summary": {"covered_lines": 0, "num_statements": 50, "percent_covered": 0.0, "percent_covered_display": "0", "missing_lines": 50, "excluded_lines": 0}, "missing_lines": [338, 339, 340, 342, 343, 344, 345, 348, 349, 350, 351, 352, 355, 356, 358, 374, 375, 376, 377, 379, 384, 385, 387, 390, 391, 394, 395, 396, 398, 399, 401, 402, 403, 405, 406, 408, 409, 411, 412, 417, 418, 420, 421, 424, 425, 426, 428, 433, 434, 435], "excluded_lines": []}, "TeamQuestionService": {"executed_lines": [], "summary": {"covered_lines": 0, "num_statements": 19, "percent_covered": 0.0, "percent_covered_display": "0", "missing_lines": 19, "excluded_lines": 0}, "missing_lines": [449, 450, 451, 452, 455, 456, 458, 470, 471, 472, 473, 475, 480, 481, 486, 491, 492, 493, 500], "excluded_lines": []}, "CustomTemplateService": {"executed_lines": [], "summary": {"covered_lines": 0, "num_statements": 81, "percent_covered": 0.0, "percent_covered_display": "0", "missing_lines": 81, "excluded_lines": 0}, "missing_lines": [513, 514, 516, 517, 520, 521, 525, 526, 528, 545, 546, 551, 552, 553, 558, 561, 562, 564, 565, 566, 568, 569, 571, 572, 577, 578, 580, 583, 584, 585, 588, 589, 590, 591, 592, 599, 605, 610, 612, 613, 615, 616, 617, 618, 620, 625, 626, 627, 628, 629, 634, 635, 636, 637, 638, 643, 646, 647, 649, 666, 667, 672, 675, 676, 678, 695, 696, 702, 703, 704, 705, 706, 707, 708, 710, 715, 717, 719, 720, 721, 723], "excluded_lines": []}, "FieldValueValidator": {"executed_lines": [], "summary": {"covered_lines": 0, "num_statements": 32, "percent_covered": 0.0, "percent_covered_display": "0", "missing_lines": 32, "excluded_lines": 0}, "missing_lines": [736, 737, 738, 739, 741, 744, 745, 747, 748, 751, 752, 753, 755, 756, 757, 758, 759, 760, 761, 762, 763, 764, 766, 767, 768, 769, 771, 772, 773, 774, 775, 776], "excluded_lines": []}, "": {"executed_lines": [], "summary": {"covered_lines": 0, "num_statements": 341, "percent_covered": 0.0, "percent_covered_display": "0", "missing_lines": 341, "excluded_lines": 0}, "missing_lines": [11, 12, 13, 14, 15, 16, 17, 24, 26, 27, 28, 29, 30, 31, 34, 36, 37, 40, 42, 43, 44, 51, 53, 56, 58, 61, 63, 66, 68, 71, 73, 80, 81, 83, 84, 85, 86, 87, 88, 89, 90, 91, 92, 93, 94, 95, 97, 116, 117, 119, 120, 121, 122, 123, 124, 125, 126, 127, 129, 144, 145, 147, 148, 149, 150, 151, 152, 153, 154, 155, 156, 157, 158, 159, 160, 162, 186, 189, 194, 205, 209, 215, 220, 221, 229, 230, 237, 238, 249, 250, 259, 262, 263, 269, 272, 273, 278, 279, 289, 290, 300, 303, 312, 324, 331, 334, 335, 381, 382, 414, 415, 430, 431, 442, 445, 446, 477, 478, 483, 484, 507, 510, 511, 548, 549, 555, 556, 574, 575, 607, 608, 622, 623, 631, 632, 640, 641, 669, 670, 698, 699, 712, 713, 730, 733, 734, 783, 785, 787, 788, 790, 791, 792, 793, 794, 795, 798, 800, 802, 804, 812, 814, 815, 816, 817, 818, 819, 822, 824, 826, 828, 836, 838, 839, 840, 841, 842, 843, 844, 845, 848, 850, 851, 852, 853, 854, 857, 859, 860, 861, 862, 863, 866, 868, 869, 870, 871, 872, 875, 877, 879, 880, 882, 883, 884, 885, 888, 890, 891, 892, 893, 894, 897, 899, 900, 901, 902, 903, 904, 905, 906, 907, 910, 912, 913, 914, 915, 916, 919, 921, 922, 923, 924, 925, 928, 930, 931, 932, 933, 934, 937, 939, 940, 941, 942, 943, 946, 948, 949, 950, 951, 952, 955, 957, 958, 959, 960, 961, 962, 963, 966, 968, 969, 970, 971, 972, 973, 976, 978, 979, 980, 981, 982, 983, 986, 988, 989, 990, 991, 992, 995, 997, 998, 1001, 1003, 1006, 1007, 1009, 1011, 1012, 1013, 1014, 1015, 1016, 1017, 1018, 1020, 1021, 1022, 1023, 1024, 1025, 1027, 1028, 1029, 1030, 1031, 1032, 1034, 1048, 1050, 1051, 1053, 1054, 1055, 1056, 1057, 1060, 1062, 1065, 1067, 1068, 1070, 1071, 1072, 1073, 1074, 1077, 1079, 1080, 1081, 1082, 1083, 1086, 1088, 1089, 1090, 1095, 1096, 1103, 1105], "excluded_lines": []}}}}, "totals": {"covered_lines": 340, "num_statements": 1569, "percent_covered": 21.66985340981517, "percent_covered_display": "22", "missing_lines": 1229, "excluded_lines": 0}}