<?xml version="1.0" encoding="utf-8"?><testsuites><testsuite name="pytest" errors="0" failures="0" skipped="0" tests="43" time="2.343" timestamp="2025-12-16T13:57:53.097911" hostname="DESKTOP-88FARC5"><testcase classname="story-scoped-isolation.test_concurrent_execution.TestLockFileCreation" name="test_lock_file_created_during_qa" time="0.056" /><testcase classname="story-scoped-isolation.test_concurrent_execution.TestLockFileCreation" name="test_lock_file_contains_metadata" time="0.005" /><testcase classname="story-scoped-isolation.test_concurrent_execution.TestLockFileCreation" name="test_lock_released_successfully" time="0.005" /><testcase classname="story-scoped-isolation.test_concurrent_execution.TestStaleLockDetection" name="test_stale_lock_detected" time="0.004" /><testcase classname="story-scoped-isolation.test_concurrent_execution.TestStaleLockDetection" name="test_fresh_lock_not_stale" time="0.004" /><testcase classname="story-scoped-isolation.test_concurrent_execution.TestStaleLockDetection" name="test_stale_lock_removed_on_acquire" time="0.004" /><testcase classname="story-scoped-isolation.test_concurrent_execution.TestConcurrentAccess" name="test_concurrent_lock_blocked" time="0.606" /><testcase classname="story-scoped-isolation.test_concurrent_execution.TestConcurrentAccess" name="test_lock_released_allows_next" time="0.005" /><testcase classname="story-scoped-isolation.test_concurrent_execution.TestConcurrentAccess" name="test_different_stories_not_blocked" time="0.006" /><testcase classname="story-scoped-isolation.test_concurrent_execution.TestConcurrentAccess" name="test_locking_disabled_always_succeeds" time="0.003" /><testcase classname="story-scoped-isolation.test_config_loading.TestConfigLoading" name="test_missing_config_returns_defaults" time="0.003" /><testcase classname="story-scoped-isolation.test_config_loading.TestConfigLoading" name="test_valid_yaml_parses_correctly" time="0.004" /><testcase classname="story-scoped-isolation.test_config_loading.TestConfigLoading" name="test_invalid_yaml_produces_error" time="0.004" /><testcase classname="story-scoped-isolation.test_config_loading.TestConfigLoading" name="test_schema_validation_catches_invalid_values" time="0.007" /><testcase classname="story-scoped-isolation.test_config_loading.TestConfigLoading" name="test_schema_validation_passes_valid_config" time="0.006" /><testcase classname="story-scoped-isolation.test_config_loading.TestConfigLoading" name="test_actual_config_file_is_valid" time="0.016" /><testcase classname="story-scoped-isolation.test_directory_creation.TestDirectoryCreation" name="test_directories_created_with_755_permissions_unix" time="0.005" /><testcase classname="story-scoped-isolation.test_directory_creation.TestDirectoryCreation" name="test_parent_directories_created_if_missing" time="0.004" /><testcase classname="story-scoped-isolation.test_directory_creation.TestDirectoryCreation" name="test_graceful_handling_on_windows" time="0.006" /><testcase classname="story-scoped-isolation.test_directory_creation.TestDirectoryCreation" name="test_auto_create_disabled_skips_creation" time="0.003" /><testcase classname="story-scoped-isolation.test_directory_creation.TestDirectoryCreation" name="test_existing_directories_not_overwritten" time="0.004" /><testcase classname="story-scoped-isolation.test_directory_creation.TestDirectoryCreation" name="test_directory_validation_success" time="0.004" /><testcase classname="story-scoped-isolation.test_directory_creation.TestDirectoryCreation" name="test_directory_validation_failure" time="0.003" /><testcase classname="story-scoped-isolation.test_directory_creation.TestDirectoryCreation" name="test_custom_permissions" time="0.005" /><testcase classname="story-scoped-isolation.test_directory_creation.TestTimestampFile" name="test_timestamp_file_created" time="0.008" /><testcase classname="story-scoped-isolation.test_language_commands.TestPythonCommands" name="test_pytest_command_includes_junitxml" time="0.003" /><testcase classname="story-scoped-isolation.test_language_commands.TestPythonCommands" name="test_pytest_command_includes_coverage" time="0.003" /><testcase classname="story-scoped-isolation.test_language_commands.TestJavaScriptCommands" name="test_jest_command_includes_coverage_directory" time="0.003" /><testcase classname="story-scoped-isolation.test_language_commands.TestJavaScriptCommands" name="test_jest_command_includes_output_file" time="0.003" /><testcase classname="story-scoped-isolation.test_language_commands.TestDotNetCommands" name="test_dotnet_command_includes_results_directory" time="0.003" /><testcase classname="story-scoped-isolation.test_language_commands.TestDotNetCommands" name="test_dotnet_command_includes_coverage_collector" time="0.003" /><testcase classname="story-scoped-isolation.test_language_commands.TestGoCommands" name="test_go_command_includes_coverprofile" time="0.003" /><testcase classname="story-scoped-isolation.test_language_commands.TestGoCommands" name="test_go_command_includes_json_output" time="0.003" /><testcase classname="story-scoped-isolation.test_language_commands.TestCustomConfiguration" name="test_custom_base_paths_used" time="0.003" /><testcase classname="story-scoped-isolation.test_language_commands.TestCustomConfiguration" name="test_unsupported_language_raises_error" time="0.003" /><testcase classname="story-scoped-isolation.test_path_resolution.TestStoryIdValidation" name="test_valid_story_id_passes" time="0.003" /><testcase classname="story-scoped-isolation.test_path_resolution.TestStoryIdValidation" name="test_invalid_story_id_rejected" time="0.003" /><testcase classname="story-scoped-isolation.test_path_resolution.TestPathResolution" name="test_story_037_returns_correct_path" time="0.003" /><testcase classname="story-scoped-isolation.test_path_resolution.TestPathResolution" name="test_story_001_returns_correct_path" time="0.003" /><testcase classname="story-scoped-isolation.test_path_resolution.TestPathResolution" name="test_path_traversal_prevented" time="0.004" /><testcase classname="story-scoped-isolation.test_path_resolution.TestPathResolution" name="test_custom_base_paths" time="0.003" /><testcase classname="story-scoped-isolation.test_path_resolution.TestPathResolution" name="test_missing_config_uses_defaults" time="0.003" /><testcase classname="story-scoped-isolation.test_path_resolution.TestPathResolution" name="test_all_story_ids_in_range" time="0.003" /></testsuite></testsuites>