TN:
SF:bin/devforgeai.js
FN:19,main
FN:46,(anonymous_1)
FNF:2
FNH:0
FNDA:0,main
FNDA:0,(anonymous_1)
DA:12,0
DA:20,0
DA:21,0
DA:26,0
DA:27,0
DA:31,0
DA:34,0
DA:35,0
DA:37,0
DA:42,0
DA:45,0
DA:46,0
DA:47,0
LF:13
LH:0
BRDA:26,0,0,0
BRDA:26,0,1,0
BRDA:34,1,0,0
BRDA:34,1,1,0
BRDA:37,2,0,0
BRDA:37,2,1,0
BRDA:45,3,0,0
BRDA:45,3,1,0
BRF:8
BRH:0
end_of_record
TN:
SF:lib/cli.js
FN:24,getVersion
FN:33,displayHelp
FN:55,parsePythonVersion
FN:70,isPythonVersionValid
FN:85,exitWithError
FN:100,checkPython
FN:166,invokePythonInstaller
FN:183,(anonymous_7)
FN:200,run
FN:235,(anonymous_9)
FN:236,(anonymous_10)
FNF:11
FNH:0
FNDA:0,getVersion
FNDA:0,displayHelp
FNDA:0,parsePythonVersion
FNDA:0,isPythonVersionValid
FNDA:0,exitWithError
FNDA:0,checkPython
FNDA:0,invokePythonInstaller
FNDA:0,(anonymous_7)
FNDA:0,run
FNDA:0,(anonymous_9)
FNDA:0,(anonymous_10)
DA:8,0
DA:9,0
DA:10,0
DA:11,0
DA:14,0
DA:15,0
DA:16,0
DA:17,0
DA:18,0
DA:25,0
DA:26,0
DA:27,0
DA:34,0
DA:56,0
DA:57,0
DA:59,0
DA:71,0
DA:73,0
DA:86,0
DA:87,0
DA:88,0
DA:89,0
DA:92,0
DA:105,0
DA:108,0
DA:109,0
DA:110,0
DA:115,0
DA:117,0
DA:118,0
DA:120,0
DA:121,0
DA:127,0
DA:128,0
DA:140,0
DA:142,0
DA:144,0
DA:145,0
DA:147,0
DA:148,0
DA:157,0
DA:169,0
DA:170,0
DA:178,0
DA:183,0
DA:184,0
DA:190,0
DA:201,0
DA:204,0
DA:205,0
DA:206,0
DA:210,0
DA:211,0
DA:212,0
DA:216,0
DA:217,0
DA:224,0
DA:227,0
DA:230,0
DA:231,0
DA:235,0
DA:236,0
DA:237,0
DA:243,0
LF:64
LH:0
BRDA:57,0,0,0
BRDA:57,0,1,0
BRDA:71,1,0,0
BRDA:71,1,1,0
BRDA:74,2,0,0
BRDA:74,2,1,0
BRDA:74,2,2,0
BRDA:115,3,0,0
BRDA:115,3,1,0
BRDA:120,4,0,0
BRDA:120,4,1,0
BRDA:127,5,0,0
BRDA:127,5,1,0
BRDA:142,6,0,0
BRDA:142,6,1,0
BRDA:144,7,0,0
BRDA:144,7,1,0
BRDA:145,8,0,0
BRDA:145,8,1,0
BRDA:147,9,0,0
BRDA:147,9,1,0
BRDA:166,10,0,0
BRDA:200,11,0,0
BRDA:201,12,0,0
BRDA:204,13,0,0
BRDA:204,13,1,0
BRDA:204,14,0,0
BRDA:204,14,1,0
BRDA:210,15,0,0
BRDA:210,15,1,0
BRDA:210,16,0,0
BRDA:210,16,1,0
BRDA:210,16,2,0
BRDA:216,17,0,0
BRDA:216,17,1,0
BRDA:216,18,0,0
BRDA:216,18,1,0
BRDA:230,19,0,0
BRDA:230,19,1,0
BRDA:237,20,0,0
BRDA:237,20,1,0
BRF:41
BRH:0
end_of_record
TN:
SF:src/checkpoint-cleaner.js
FN:21,(anonymous_0)
FN:35,(anonymous_1)
FN:92,(anonymous_2)
FN:104,(anonymous_3)
FN:105,(anonymous_4)
FN:125,(anonymous_5)
FN:134,(anonymous_6)
FN:142,(anonymous_7)
FN:153,(anonymous_8)
FN:215,(anonymous_9)
FN:271,(anonymous_10)
FN:281,(anonymous_11)
FN:294,(anonymous_12)
FN:335,(anonymous_13)
FN:381,(anonymous_14)
FN:392,(anonymous_15)
FN:402,(anonymous_16)
FN:416,(anonymous_17)
FN:454,(anonymous_18)
FNF:19
FNH:0
FNDA:0,(anonymous_0)
FNDA:0,(anonymous_1)
FNDA:0,(anonymous_2)
FNDA:0,(anonymous_3)
FNDA:0,(anonymous_4)
FNDA:0,(anonymous_5)
FNDA:0,(anonymous_6)
FNDA:0,(anonymous_7)
FNDA:0,(anonymous_8)
FNDA:0,(anonymous_9)
FNDA:0,(anonymous_10)
FNDA:0,(anonymous_11)
FNDA:0,(anonymous_12)
FNDA:0,(anonymous_13)
FNDA:0,(anonymous_14)
FNDA:0,(anonymous_15)
FNDA:0,(anonymous_16)
FNDA:0,(anonymous_17)
FNDA:0,(anonymous_18)
DA:13,0
DA:14,0
DA:22,0
DA:23,0
DA:24,0
DA:25,0
DA:26,0
DA:27,0
DA:37,0
DA:38,0
DA:39,0
DA:43,0
DA:44,0
DA:45,0
DA:48,0
DA:53,0
DA:55,0
DA:56,0
DA:57,0
DA:61,0
DA:62,0
DA:63,0
DA:64,0
DA:71,0
DA:72,0
DA:73,0
DA:75,0
DA:76,0
DA:77,0
DA:79,0
DA:80,0
DA:81,0
DA:83,0
DA:84,0
DA:93,0
DA:95,0
DA:96,0
DA:97,0
DA:98,0
DA:102,0
DA:103,0
DA:104,0
DA:105,0
DA:107,0
DA:109,0
DA:110,0
DA:113,0
DA:115,0
DA:116,0
DA:117,0
DA:126,0
DA:135,0
DA:136,0
DA:143,0
DA:144,0
DA:155,0
DA:156,0
DA:166,0
DA:167,0
DA:171,0
DA:172,0
DA:173,0
DA:174,0
DA:177,0
DA:178,0
DA:181,0
DA:182,0
DA:183,0
DA:184,0
DA:185,0
DA:188,0
DA:189,0
DA:190,0
DA:193,0
DA:194,0
DA:198,0
DA:199,0
DA:202,0
DA:204,0
DA:216,0
DA:217,0
DA:220,0
DA:222,0
DA:223,0
DA:224,0
DA:225,0
DA:228,0
DA:230,0
DA:232,0
DA:233,0
DA:237,0
DA:238,0
DA:241,0
DA:242,0
DA:244,0
DA:253,0
DA:256,0
DA:259,0
DA:271,0
DA:273,0
DA:283,0
DA:286,0
DA:296,0
DA:297,0
DA:300,0
DA:302,0
DA:322,0
DA:323,0
DA:326,0
DA:336,0
DA:338,0
DA:340,0
DA:343,0
DA:345,0
DA:352,0
DA:354,0
DA:356,0
DA:359,0
DA:369,0
DA:382,0
DA:383,0
DA:385,0
DA:393,0
DA:394,0
DA:403,0
DA:404,0
DA:407,0
DA:408,0
DA:417,0
DA:422,0
DA:423,0
DA:424,0
DA:427,0
DA:430,0
DA:431,0
DA:432,0
DA:433,0
DA:437,0
DA:440,0
DA:443,0
DA:445,0
DA:455,0
DA:456,0
DA:465,0
DA:466,0
DA:467,0
DA:468,0
DA:471,0
DA:473,0
DA:474,0
DA:476,0
DA:477,0
DA:478,0
DA:479,0
DA:480,0
DA:484,0
DA:485,0
DA:486,0
DA:487,0
DA:488,0
DA:492,0
DA:493,0
DA:494,0
DA:495,0
DA:499,0
DA:500,0
DA:501,0
DA:503,0
DA:504,0
DA:508,0
DA:509,0
DA:511,0
DA:521,0
LF:173
LH:0
BRDA:22,0,0,0
BRDA:22,0,1,0
BRDA:37,1,0,0
BRDA:37,1,1,0
BRDA:37,2,0,0
BRDA:37,2,1,0
BRDA:43,3,0,0
BRDA:43,3,1,0
BRDA:55,4,0,0
BRDA:55,4,1,0
BRDA:63,5,0,0
BRDA:63,5,1,0
BRDA:63,6,0,0
BRDA:63,6,1,0
BRDA:75,7,0,0
BRDA:75,7,1,0
BRDA:79,8,0,0
BRDA:79,8,1,0
BRDA:79,9,0,0
BRDA:79,9,1,0
BRDA:95,10,0,0
BRDA:95,10,1,0
BRDA:109,11,0,0
BRDA:109,11,1,0
BRDA:153,12,0,0
BRDA:155,13,0,0
BRDA:155,13,1,0
BRDA:166,14,0,0
BRDA:166,14,1,0
BRDA:188,15,0,0
BRDA:188,15,1,0
BRDA:188,16,0,0
BRDA:188,16,1,0
BRDA:188,16,2,0
BRDA:198,17,0,0
BRDA:198,17,1,0
BRDA:216,18,0,0
BRDA:216,18,1,0
BRDA:230,19,0,0
BRDA:230,19,1,0
BRDA:232,20,0,0
BRDA:232,20,1,0
BRDA:233,21,0,0
BRDA:233,21,1,0
BRDA:238,22,0,0
BRDA:238,22,1,0
BRDA:242,23,0,0
BRDA:242,23,1,0
BRDA:249,24,0,0
BRDA:249,24,1,0
BRDA:296,25,0,0
BRDA:296,25,1,0
BRDA:304,26,0,0
BRDA:304,26,1,0
BRDA:322,27,0,0
BRDA:322,27,1,0
BRDA:338,28,0,0
BRDA:338,28,1,0
BRDA:338,29,0,0
BRDA:338,29,1,0
BRDA:343,30,0,0
BRDA:343,30,1,0
BRDA:343,31,0,0
BRDA:343,31,1,0
BRDA:352,32,0,0
BRDA:352,32,1,0
BRDA:352,33,0,0
BRDA:352,33,1,0
BRDA:354,34,0,0
BRDA:354,34,1,0
BRDA:354,35,0,0
BRDA:354,35,1,0
BRDA:354,35,2,0
BRDA:354,35,3,0
BRDA:364,36,0,0
BRDA:364,36,1,0
BRDA:382,37,0,0
BRDA:382,37,1,0
BRDA:393,38,0,0
BRDA:393,38,1,0
BRDA:393,39,0,0
BRDA:393,39,1,0
BRDA:403,40,0,0
BRDA:403,40,1,0
BRDA:408,41,0,0
BRDA:408,41,1,0
BRDA:423,42,0,0
BRDA:423,42,1,0
BRDA:431,43,0,0
BRDA:431,43,1,0
BRDA:437,44,0,0
BRDA:437,44,1,0
BRDA:437,45,0,0
BRDA:437,45,1,0
BRDA:437,45,2,0
BRDA:455,46,0,0
BRDA:455,46,1,0
BRDA:455,47,0,0
BRDA:455,47,1,0
BRDA:477,48,0,0
BRDA:477,48,1,0
BRDA:485,49,0,0
BRDA:485,49,1,0
BRDA:492,50,0,0
BRDA:492,50,1,0
BRDA:508,51,0,0
BRDA:508,51,1,0
BRF:107
BRH:0
end_of_record
TN:
SF:src/claude/scripts/htmlcov/coverage_html_cb_6fb7b396.js
FN:11,debounce
FN:13,(anonymous_1)
FN:15,(anonymous_2)
FN:21,checkVisible
FN:28,on_click
FN:36,getCellValue
FN:50,rowComparator
FN:59,sortColumn
FN:63,(anonymous_8)
FN:80,(anonymous_9)
FN:81,(anonymous_10)
FN:113,(anonymous_11)
FN:114,(anonymous_12)
FN:115,(anonymous_13)
FN:127,(anonymous_14)
FN:144,(anonymous_15)
FN:159,(anonymous_16)
FN:261,(anonymous_17)
FN:263,(anonymous_18)
FN:263,(anonymous_19)
FN:302,(anonymous_20)
FN:317,(anonymous_21)
FN:365,(anonymous_22)
FN:372,(anonymous_23)
FN:384,(anonymous_24)
FN:389,(anonymous_25)
FN:393,(anonymous_26)
FN:400,(anonymous_27)
FN:405,(anonymous_28)
FN:412,(anonymous_29)
FN:417,(anonymous_30)
FN:422,(anonymous_31)
FN:426,(anonymous_32)
FN:430,(anonymous_33)
FN:434,(anonymous_34)
FN:441,(anonymous_35)
FN:453,(anonymous_36)
FN:485,(anonymous_37)
FN:523,(anonymous_38)
FN:537,(anonymous_39)
FN:557,(anonymous_40)
FN:579,(anonymous_41)
FN:617,(anonymous_42)
FN:619,(anonymous_43)
FN:627,(anonymous_44)
FN:635,(anonymous_45)
FN:639,(anonymous_46)
FN:647,(anonymous_47)
FN:664,(anonymous_48)
FN:690,(anonymous_49)
FN:697,updateHeader
FN:710,(anonymous_51)
FN:726,(anonymous_52)
FNF:53
FNH:0
FNDA:0,debounce
FNDA:0,(anonymous_1)
FNDA:0,(anonymous_2)
FNDA:0,checkVisible
FNDA:0,on_click
FNDA:0,getCellValue
FNDA:0,rowComparator
FNDA:0,sortColumn
FNDA:0,(anonymous_8)
FNDA:0,(anonymous_9)
FNDA:0,(anonymous_10)
FNDA:0,(anonymous_11)
FNDA:0,(anonymous_12)
FNDA:0,(anonymous_13)
FNDA:0,(anonymous_14)
FNDA:0,(anonymous_15)
FNDA:0,(anonymous_16)
FNDA:0,(anonymous_17)
FNDA:0,(anonymous_18)
FNDA:0,(anonymous_19)
FNDA:0,(anonymous_20)
FNDA:0,(anonymous_21)
FNDA:0,(anonymous_22)
FNDA:0,(anonymous_23)
FNDA:0,(anonymous_24)
FNDA:0,(anonymous_25)
FNDA:0,(anonymous_26)
FNDA:0,(anonymous_27)
FNDA:0,(anonymous_28)
FNDA:0,(anonymous_29)
FNDA:0,(anonymous_30)
FNDA:0,(anonymous_31)
FNDA:0,(anonymous_32)
FNDA:0,(anonymous_33)
FNDA:0,(anonymous_34)
FNDA:0,(anonymous_35)
FNDA:0,(anonymous_36)
FNDA:0,(anonymous_37)
FNDA:0,(anonymous_38)
FNDA:0,(anonymous_39)
FNDA:0,(anonymous_40)
FNDA:0,(anonymous_41)
FNDA:0,(anonymous_42)
FNDA:0,(anonymous_43)
FNDA:0,(anonymous_44)
FNDA:0,(anonymous_45)
FNDA:0,(anonymous_46)
FNDA:0,(anonymous_47)
FNDA:0,(anonymous_48)
FNDA:0,(anonymous_49)
FNDA:0,updateHeader
FNDA:0,(anonymous_51)
FNDA:0,(anonymous_52)
DA:8,0
DA:12,0
DA:13,0
DA:14,0
DA:15,0
DA:16,0
DA:22,0
DA:23,0
DA:24,0
DA:25,0
DA:29,0
DA:30,0
DA:31,0
DA:37,0
DA:38,0
DA:39,0
DA:40,0
DA:41,0
DA:43,0
DA:44,0
DA:47,0
DA:51,0
DA:52,0
DA:53,0
DA:54,0
DA:56,0
DA:62,0
DA:63,0
DA:65,0
DA:66,0
DA:68,0
DA:69,0
DA:72,0
DA:74,0
DA:76,0
DA:79,0
DA:80,0
DA:81,0
DA:84,0
DA:85,0
DA:86,0
DA:87,0
DA:88,0
DA:89,0
DA:91,0
DA:95,0
DA:97,0
DA:105,0
DA:113,0
DA:114,0
DA:115,0
DA:116,0
DA:117,0
DA:119,0
DA:120,0
DA:127,0
DA:129,0
DA:130,0
DA:131,0
DA:133,0
DA:134,0
DA:135,0
DA:139,0
DA:140,0
DA:141,0
DA:144,0
DA:146,0
DA:148,0
DA:150,0
DA:152,0
DA:153,0
DA:154,0
DA:156,0
DA:159,0
DA:160,0
DA:162,0
DA:163,0
DA:164,0
DA:165,0
DA:166,0
DA:167,0
DA:169,0
DA:170,0
DA:176,0
DA:177,0
DA:178,0
DA:181,0
DA:183,0
DA:184,0
DA:188,0
DA:189,0
DA:191,0
DA:193,0
DA:194,0
DA:195,0
DA:197,0
DA:199,0
DA:200,0
DA:201,0
DA:204,0
DA:210,0
DA:212,0
DA:213,0
DA:214,0
DA:218,0
DA:219,0
DA:221,0
DA:223,0
DA:225,0
DA:226,0
DA:227,0
DA:231,0
DA:234,0
DA:235,0
DA:236,0
DA:237,0
DA:239,0
DA:244,0
DA:249,0
DA:250,0
DA:254,0
DA:255,0
DA:257,0
DA:258,0
DA:261,0
DA:262,0
DA:263,0
DA:267,0
DA:268,0
DA:269,0
DA:270,0
DA:272,0
DA:273,0
DA:274,0
DA:275,0
DA:281,0
DA:282,0
DA:283,0
DA:288,0
DA:289,0
DA:292,0
DA:294,0
DA:295,0
DA:298,0
DA:299,0
DA:302,0
DA:303,0
DA:304,0
DA:305,0
DA:307,0
DA:308,0
DA:310,0
DA:315,0
DA:317,0
DA:319,0
DA:320,0
DA:321,0
DA:322,0
DA:325,0
DA:328,0
DA:329,0
DA:330,0
DA:331,0
DA:333,0
DA:334,0
DA:335,0
DA:336,0
DA:338,0
DA:339,0
DA:340,0
DA:342,0
DA:344,0
DA:345,0
DA:346,0
DA:349,0
DA:350,0
DA:353,0
DA:356,0
DA:357,0
DA:360,0
DA:361,0
DA:362,0
DA:364,0
DA:365,0
DA:369,0
DA:372,0
DA:373,0
DA:374,0
DA:375,0
DA:376,0
DA:377,0
DA:378,0
DA:379,0
DA:380,0
DA:384,0
DA:385,0
DA:386,0
DA:387,0
DA:388,0
DA:389,0
DA:390,0
DA:393,0
DA:394,0
DA:400,0
DA:401,0
DA:405,0
DA:407,0
DA:409,0
DA:412,0
DA:413,0
DA:414,0
DA:417,0
DA:418,0
DA:419,0
DA:422,0
DA:423,0
DA:426,0
DA:427,0
DA:430,0
DA:431,0
DA:434,0
DA:435,0
DA:436,0
DA:441,0
DA:442,0
DA:443,0
DA:444,0
DA:446,0
DA:447,0
DA:448,0
DA:450,0
DA:453,0
DA:454,0
DA:457,0
DA:459,0
DA:460,0
DA:461,0
DA:462,0
DA:464,0
DA:465,0
DA:466,0
DA:468,0
DA:472,0
DA:475,0
DA:476,0
DA:477,0
DA:478,0
DA:479,0
DA:481,0
DA:482,0
DA:485,0
DA:486,0
DA:489,0
DA:490,0
DA:491,0
DA:492,0
DA:494,0
DA:495,0
DA:496,0
DA:497,0
DA:498,0
DA:499,0
DA:501,0
DA:505,0
DA:508,0
DA:509,0
DA:510,0
DA:511,0
DA:512,0
DA:514,0
DA:515,0
DA:517,0
DA:518,0
DA:523,0
DA:524,0
DA:525,0
DA:528,0
DA:529,0
DA:531,0
DA:537,0
DA:538,0
DA:544,0
DA:545,0
DA:547,0
DA:551,0
DA:554,0
DA:557,0
DA:558,0
DA:564,0
DA:565,0
DA:567,0
DA:571,0
DA:574,0
DA:579,0
DA:580,0
DA:581,0
DA:582,0
DA:583,0
DA:585,0
DA:586,0
DA:589,0
DA:590,0
DA:591,0
DA:592,0
DA:593,0
DA:594,0
DA:595,0
DA:597,0
DA:599,0
DA:602,0
DA:603,0
DA:604,0
DA:605,0
DA:606,0
DA:607,0
DA:610,0
DA:613,0
DA:617,0
DA:619,0
DA:620,0
DA:621,0
DA:624,0
DA:627,0
DA:629,0
DA:630,0
DA:631,0
DA:635,0
DA:636,0
DA:639,0
DA:641,0
DA:644,0
DA:647,0
DA:648,0
DA:649,0
DA:651,0
DA:652,0
DA:655,0
DA:656,0
DA:658,0
DA:660,0
DA:661,0
DA:662,0
DA:665,0
DA:666,0
DA:668,0
DA:670,0
DA:674,0
DA:675,0
DA:676,0
DA:677,0
DA:678,0
DA:679,0
DA:680,0
DA:683,0
DA:687,0
DA:690,0
DA:691,0
DA:693,0
DA:698,0
DA:699,0
DA:702,0
DA:706,0
DA:707,0
DA:710,0
DA:711,0
DA:713,0
DA:714,0
DA:715,0
DA:716,0
DA:717,0
DA:718,0
DA:719,0
DA:720,0
DA:722,0
DA:726,0
DA:727,0
DA:728,0
DA:731,0
LF:378
LH:0
BRDA:25,0,0,0
BRDA:25,0,1,0
BRDA:30,1,0,0
BRDA:30,1,1,0
BRDA:36,2,0,0
BRDA:38,3,0,0
BRDA:38,3,1,0
BRDA:40,4,0,0
BRDA:40,4,1,0
BRDA:43,5,0,0
BRDA:43,5,1,0
BRDA:43,6,0,0
BRDA:43,6,1,0
BRDA:47,7,0,0
BRDA:47,7,1,0
BRDA:50,8,0,0
BRDA:53,9,0,0
BRDA:53,9,1,0
BRDA:53,10,0,0
BRDA:53,10,1,0
BRDA:65,11,0,0
BRDA:65,11,1,0
BRDA:66,12,0,0
BRDA:66,12,1,0
BRDA:68,13,0,0
BRDA:68,13,1,0
BRDA:80,14,0,0
BRDA:80,14,1,0
BRDA:84,15,0,0
BRDA:84,15,1,0
BRDA:88,16,0,0
BRDA:88,16,1,0
BRDA:95,17,0,0
BRDA:95,17,1,0
BRDA:95,18,0,0
BRDA:95,18,1,0
BRDA:116,19,0,0
BRDA:116,19,1,0
BRDA:119,20,0,0
BRDA:119,20,1,0
BRDA:130,21,0,0
BRDA:130,21,1,0
BRDA:134,22,0,0
BRDA:134,22,1,0
BRDA:164,23,0,0
BRDA:164,23,1,0
BRDA:166,24,0,0
BRDA:166,24,1,0
BRDA:169,25,0,0
BRDA:169,25,1,0
BRDA:176,26,0,0
BRDA:176,26,1,0
BRDA:176,27,0,0
BRDA:176,27,1,0
BRDA:181,28,0,0
BRDA:181,28,1,0
BRDA:194,29,0,0
BRDA:194,29,1,0
BRDA:197,30,0,0
BRDA:197,30,1,0
BRDA:210,31,0,0
BRDA:210,31,1,0
BRDA:226,32,0,0
BRDA:226,32,1,0
BRDA:231,33,0,0
BRDA:231,33,1,0
BRDA:235,34,0,0
BRDA:235,34,1,0
BRDA:239,35,0,0
BRDA:239,35,1,0
BRDA:269,36,0,0
BRDA:269,36,1,0
BRDA:274,37,0,0
BRDA:274,37,1,0
BRDA:282,38,0,0
BRDA:282,38,1,0
BRDA:282,39,0,0
BRDA:282,39,1,0
BRDA:288,40,0,0
BRDA:288,40,1,0
BRDA:289,41,0,0
BRDA:289,41,1,0
BRDA:294,42,0,0
BRDA:294,42,1,0
BRDA:320,43,0,0
BRDA:320,43,1,0
BRDA:320,44,0,0
BRDA:320,44,1,0
BRDA:349,45,0,0
BRDA:349,45,1,0
BRDA:387,46,0,0
BRDA:387,46,1,0
BRDA:388,47,0,0
BRDA:388,47,1,0
BRDA:409,48,0,0
BRDA:409,48,1,0
BRDA:443,49,0,0
BRDA:443,49,1,0
BRDA:447,50,0,0
BRDA:447,50,1,0
BRDA:461,51,0,0
BRDA:461,51,1,0
BRDA:465,52,0,0
BRDA:465,52,1,0
BRDA:491,53,0,0
BRDA:491,53,1,0
BRDA:495,54,0,0
BRDA:495,54,1,0
BRDA:498,55,0,0
BRDA:498,55,1,0
BRDA:511,56,0,0
BRDA:511,56,1,0
BRDA:524,57,0,0
BRDA:524,57,1,0
BRDA:532,58,0,0
BRDA:532,58,1,0
BRDA:533,59,0,0
BRDA:533,59,1,0
BRDA:538,60,0,0
BRDA:538,60,1,0
BRDA:545,61,0,0
BRDA:545,61,1,0
BRDA:558,62,0,0
BRDA:558,62,1,0
BRDA:565,63,0,0
BRDA:565,63,1,0
BRDA:582,64,0,0
BRDA:582,64,1,0
BRDA:586,65,0,0
BRDA:586,65,1,0
BRDA:591,66,0,0
BRDA:591,66,1,0
BRDA:594,67,0,0
BRDA:594,67,1,0
BRDA:629,68,0,0
BRDA:629,68,1,0
BRDA:649,69,0,0
BRDA:649,69,1,0
BRDA:651,70,0,0
BRDA:651,70,1,0
BRDA:668,71,0,0
BRDA:668,71,1,0
BRDA:698,72,0,0
BRDA:698,72,1,0
BRDA:713,73,0,0
BRDA:713,73,1,0
BRDA:727,74,0,0
BRDA:727,74,1,0
BRF:148
BRH:0
end_of_record
TN:
SF:src/cli/wizard/config.js
FN:11,(anonymous_0)
FN:36,(anonymous_1)
FN:48,(anonymous_2)
FN:57,(anonymous_3)
FN:66,(anonymous_4)
FN:76,(anonymous_5)
FN:90,(anonymous_6)
FN:108,(anonymous_7)
FN:137,(anonymous_8)
FN:149,(anonymous_9)
FN:192,(anonymous_10)
FNF:11
FNH:0
FNDA:0,(anonymous_0)
FNDA:0,(anonymous_1)
FNDA:0,(anonymous_2)
FNDA:0,(anonymous_3)
FNDA:0,(anonymous_4)
FNDA:0,(anonymous_5)
FNDA:0,(anonymous_6)
FNDA:0,(anonymous_7)
FNDA:0,(anonymous_8)
FNDA:0,(anonymous_9)
FNDA:0,(anonymous_10)
DA:12,0
DA:18,0
DA:22,0
DA:27,0
DA:28,0
DA:37,0
DA:38,0
DA:40,0
DA:49,0
DA:58,0
DA:67,0
DA:77,0
DA:78,0
DA:79,0
DA:80,0
DA:82,0
DA:92,0
DA:93,0
DA:96,0
DA:97,0
DA:109,0
DA:112,0
DA:113,0
DA:116,0
DA:117,0
DA:120,0
DA:121,0
DA:125,0
DA:138,0
DA:139,0
DA:140,0
DA:141,0
DA:142,0
DA:151,0
DA:152,0
DA:155,0
DA:156,0
DA:159,0
DA:160,0
DA:164,0
DA:165,0
DA:166,0
DA:171,0
DA:172,0
DA:173,0
DA:179,0
DA:180,0
DA:183,0
DA:184,0
DA:193,0
DA:197,0
LF:51
LH:0
BRDA:37,0,0,0
BRDA:37,0,1,0
BRDA:37,1,0,0
BRDA:37,1,1,0
BRDA:67,2,0,0
BRDA:67,2,1,0
BRDA:77,3,0,0
BRDA:77,3,1,0
BRDA:79,4,0,0
BRDA:79,4,1,0
BRDA:92,5,0,0
BRDA:92,5,1,0
BRDA:92,6,0,0
BRDA:92,6,1,0
BRDA:96,7,0,0
BRDA:96,7,1,0
BRDA:96,8,0,0
BRDA:96,8,1,0
BRDA:112,9,0,0
BRDA:112,9,1,0
BRDA:112,10,0,0
BRDA:112,10,1,0
BRDA:116,11,0,0
BRDA:116,11,1,0
BRDA:120,12,0,0
BRDA:120,12,1,0
BRDA:151,13,0,0
BRDA:151,13,1,0
BRDA:155,14,0,0
BRDA:155,14,1,0
BRDA:159,15,0,0
BRDA:159,15,1,0
BRDA:165,16,0,0
BRDA:165,16,1,0
BRDA:172,17,0,0
BRDA:172,17,1,0
BRDA:179,18,0,0
BRDA:179,18,1,0
BRDA:183,19,0,0
BRDA:183,19,1,0
BRDA:193,20,0,0
BRDA:193,20,1,0
BRF:42
BRH:0
end_of_record
TN:
SF:src/cli/wizard/install-wizard.js
FN:13,(anonymous_0)
FN:30,(anonymous_1)
FN:101,(anonymous_2)
FN:118,(anonymous_3)
FN:139,(anonymous_4)
FNF:5
FNH:0
FNDA:0,(anonymous_0)
FNDA:0,(anonymous_1)
FNDA:0,(anonymous_2)
FNDA:0,(anonymous_3)
FNDA:0,(anonymous_4)
DA:10,0
DA:14,0
DA:15,0
DA:16,0
DA:17,0
DA:18,0
DA:19,0
DA:31,0
DA:33,0
DA:35,0
DA:36,0
DA:39,0
DA:40,0
DA:45,0
DA:47,0
DA:50,0
DA:54,0
DA:55,0
DA:62,0
DA:64,0
DA:65,0
DA:67,0
DA:72,0
DA:73,0
DA:81,0
DA:82,0
DA:85,0
DA:88,0
DA:90,0
DA:102,0
DA:120,0
DA:121,0
DA:122,0
DA:124,0
DA:141,0
DA:147,0
LF:36
LH:0
BRDA:13,0,0,0
BRDA:30,1,0,0
BRDA:35,2,0,0
BRDA:35,2,1,0
BRDA:35,3,0,0
BRDA:35,3,1,0
BRDA:45,4,0,0
BRDA:45,4,1,0
BRDA:54,5,0,0
BRDA:54,5,1,0
BRDA:54,6,0,0
BRDA:54,6,1,0
BRDA:62,7,0,0
BRDA:62,7,1,0
BRDA:64,8,0,0
BRDA:64,8,1,0
BRDA:72,9,0,0
BRDA:72,9,1,0
BRDA:81,10,0,0
BRDA:81,10,1,0
BRDA:142,11,0,0
BRDA:142,11,1,0
BRF:22
BRH:0
end_of_record
TN:
SF:src/cli/wizard/installation-config.js
FN:10,(anonymous_0)
FN:22,(anonymous_1)
FN:66,(anonymous_2)
FNF:3
FNH:0
FNDA:0,(anonymous_0)
FNDA:0,(anonymous_1)
FNDA:0,(anonymous_2)
DA:11,0
DA:12,0
DA:13,0
DA:14,0
DA:15,0
DA:24,0
DA:25,0
DA:28,0
DA:29,0
DA:33,0
DA:34,0
DA:37,0
DA:38,0
DA:42,0
DA:43,0
DA:44,0
DA:49,0
DA:50,0
DA:54,0
DA:55,0
DA:56,0
DA:67,0
DA:71,0
LF:23
LH:0
BRDA:24,0,0,0
BRDA:24,0,1,0
BRDA:28,1,0,0
BRDA:28,1,1,0
BRDA:33,2,0,0
BRDA:33,2,1,0
BRDA:37,3,0,0
BRDA:37,3,1,0
BRDA:43,4,0,0
BRDA:43,4,1,0
BRDA:43,5,0,0
BRDA:43,5,1,0
BRDA:49,6,0,0
BRDA:49,6,1,0
BRDA:55,7,0,0
BRDA:55,7,1,0
BRDA:55,8,0,0
BRDA:55,8,1,0
BRDA:67,9,0,0
BRDA:67,9,1,0
BRF:20
BRH:0
end_of_record
TN:
SF:src/cli/wizard/output-formatter.js
FN:13,(anonymous_0)
FN:24,(anonymous_1)
FN:43,(anonymous_2)
FN:58,(anonymous_3)
FN:83,(anonymous_4)
FN:102,(anonymous_5)
FN:121,(anonymous_6)
FN:137,(anonymous_7)
FNF:8
FNH:0
FNDA:0,(anonymous_0)
FNDA:0,(anonymous_1)
FNDA:0,(anonymous_2)
FNDA:0,(anonymous_3)
FNDA:0,(anonymous_4)
FNDA:0,(anonymous_5)
FNDA:0,(anonymous_6)
FNDA:0,(anonymous_7)
DA:10,0
DA:14,0
DA:15,0
DA:16,0
DA:26,0
DA:27,0
DA:31,0
DA:32,0
DA:35,0
DA:45,0
DA:46,0
DA:49,0
DA:59,0
DA:60,0
DA:66,0
DA:69,0
DA:75,0
DA:84,0
DA:85,0
DA:88,0
DA:89,0
DA:91,0
DA:92,0
DA:94,0
DA:103,0
DA:104,0
DA:107,0
DA:108,0
DA:110,0
DA:111,0
DA:113,0
DA:123,0
DA:124,0
DA:126,0
DA:127,0
DA:129,0
DA:138,0
DA:139,0
DA:142,0
DA:143,0
DA:145,0
DA:146,0
DA:148,0
DA:153,0
LF:44
LH:0
BRDA:13,0,0,0
BRDA:14,1,0,0
BRDA:14,1,1,0
BRDA:26,2,0,0
BRDA:26,2,1,0
BRDA:31,3,0,0
BRDA:31,3,1,0
BRDA:45,4,0,0
BRDA:45,4,1,0
BRDA:59,5,0,0
BRDA:59,5,1,0
BRDA:66,6,0,0
BRDA:66,6,1,0
BRDA:75,7,0,0
BRDA:75,7,1,0
BRDA:84,8,0,0
BRDA:84,8,1,0
BRDA:91,9,0,0
BRDA:91,9,1,0
BRDA:103,10,0,0
BRDA:103,10,1,0
BRDA:110,11,0,0
BRDA:110,11,1,0
BRDA:126,12,0,0
BRDA:126,12,1,0
BRDA:138,13,0,0
BRDA:138,13,1,0
BRDA:145,14,0,0
BRDA:145,14,1,0
BRF:29
BRH:0
end_of_record
TN:
SF:src/cli/wizard/progress-service.js
FN:14,(anonymous_0)
FN:28,(anonymous_1)
FN:51,(anonymous_2)
FN:65,(anonymous_3)
FN:93,(anonymous_4)
FN:108,(anonymous_5)
FN:142,(anonymous_6)
FN:153,(anonymous_7)
FNF:8
FNH:0
FNDA:0,(anonymous_0)
FNDA:0,(anonymous_1)
FNDA:0,(anonymous_2)
FNDA:0,(anonymous_3)
FNDA:0,(anonymous_4)
FNDA:0,(anonymous_5)
FNDA:0,(anonymous_6)
FNDA:0,(anonymous_7)
DA:10,0
DA:11,0
DA:15,0
DA:16,0
DA:17,0
DA:18,0
DA:19,0
DA:29,0
DA:30,0
DA:34,0
DA:40,0
DA:41,0
DA:48,0
DA:51,0
DA:52,0
DA:53,0
DA:67,0
DA:68,0
DA:69,0
DA:72,0
DA:73,0
DA:77,0
DA:78,0
DA:79,0
DA:80,0
DA:82,0
DA:85,0
DA:94,0
DA:95,0
DA:98,0
DA:109,0
DA:110,0
DA:113,0
DA:117,0
DA:120,0
DA:121,0
DA:125,0
DA:134,0
DA:143,0
DA:144,0
DA:147,0
DA:154,0
DA:155,0
DA:158,0
DA:159,0
DA:163,0
LF:46
LH:0
BRDA:14,0,0,0
BRDA:15,1,0,0
BRDA:15,1,1,0
BRDA:29,2,0,0
BRDA:29,2,1,0
BRDA:40,3,0,0
BRDA:40,3,1,0
BRDA:52,4,0,0
BRDA:52,4,1,0
BRDA:65,5,0,0
BRDA:67,6,0,0
BRDA:67,6,1,0
BRDA:72,7,0,0
BRDA:72,7,1,0
BRDA:72,8,0,0
BRDA:72,8,1,0
BRDA:77,9,0,0
BRDA:77,9,1,0
BRDA:79,10,0,0
BRDA:79,10,1,0
BRDA:80,11,0,0
BRDA:80,11,1,0
BRDA:94,12,0,0
BRDA:94,12,1,0
BRDA:94,13,0,0
BRDA:94,13,1,0
BRDA:109,14,0,0
BRDA:109,14,1,0
BRDA:117,15,0,0
BRDA:117,15,1,0
BRDA:120,16,0,0
BRDA:120,16,1,0
BRDA:120,17,0,0
BRDA:120,17,1,0
BRDA:143,18,0,0
BRDA:143,18,1,0
BRDA:143,19,0,0
BRDA:143,19,1,0
BRDA:154,20,0,0
BRDA:154,20,1,0
BRDA:154,21,0,0
BRDA:154,21,1,0
BRF:42
BRH:0
end_of_record
TN:
SF:src/cli/wizard/prompt-service.js
FN:13,(anonymous_0)
FN:23,(anonymous_1)
FN:38,(anonymous_2)
FN:57,(anonymous_3)
FN:66,(anonymous_4)
FN:97,(anonymous_5)
FN:130,(anonymous_6)
FN:167,(anonymous_7)
FN:174,(anonymous_8)
FNF:9
FNH:0
FNDA:0,(anonymous_0)
FNDA:0,(anonymous_1)
FNDA:0,(anonymous_2)
FNDA:0,(anonymous_3)
FNDA:0,(anonymous_4)
FNDA:0,(anonymous_5)
FNDA:0,(anonymous_6)
FNDA:0,(anonymous_7)
FNDA:0,(anonymous_8)
DA:10,0
DA:14,0
DA:15,0
DA:24,0
DA:25,0
DA:39,0
DA:42,0
DA:43,0
DA:46,0
DA:47,0
DA:50,0
DA:58,0
DA:60,0
DA:68,0
DA:69,0
DA:73,0
DA:74,0
DA:75,0
DA:79,0
DA:80,0
DA:84,0
DA:85,0
DA:90,0
DA:98,0
DA:100,0
DA:123,0
DA:131,0
DA:133,0
DA:157,0
DA:168,0
DA:170,0
DA:173,0
DA:174,0
DA:175,0
DA:176,0
DA:177,0
DA:178,0
DA:185,0
DA:194,0
DA:198,0
LF:40
LH:0
BRDA:13,0,0,0
BRDA:24,1,0,0
BRDA:24,1,1,0
BRDA:39,2,0,0
BRDA:39,2,1,0
BRDA:42,3,0,0
BRDA:42,3,1,0
BRDA:68,4,0,0
BRDA:68,4,1,0
BRDA:68,5,0,0
BRDA:68,5,1,0
BRDA:74,6,0,0
BRDA:74,6,1,0
BRDA:79,7,0,0
BRDA:79,7,1,0
BRDA:173,8,0,0
BRDA:173,8,1,0
BRDA:173,9,0,0
BRDA:173,9,1,0
BRDA:175,10,0,0
BRDA:175,10,1,0
BRDA:177,11,0,0
BRDA:177,11,1,0
BRDA:177,12,0,0
BRDA:177,12,1,0
BRF:25
BRH:0
end_of_record
TN:
SF:src/cli/wizard/signal-handler.js
FN:11,(anonymous_0)
FN:25,(anonymous_1)
FN:34,(anonymous_2)
FN:45,(anonymous_3)
FN:76,(anonymous_4)
FN:84,(anonymous_5)
FN:94,(anonymous_6)
FN:102,(anonymous_7)
FN:110,(anonymous_8)
FN:111,(anonymous_9)
FN:126,(anonymous_10)
FNF:11
FNH:0
FNDA:0,(anonymous_0)
FNDA:0,(anonymous_1)
FNDA:0,(anonymous_2)
FNDA:0,(anonymous_3)
FNDA:0,(anonymous_4)
FNDA:0,(anonymous_5)
FNDA:0,(anonymous_6)
FNDA:0,(anonymous_7)
FNDA:0,(anonymous_8)
FNDA:0,(anonymous_9)
FNDA:0,(anonymous_10)
DA:12,0
DA:13,0
DA:14,0
DA:15,0
DA:16,0
DA:17,0
DA:18,0
DA:19,0
DA:27,0
DA:28,0
DA:35,0
DA:36,0
DA:37,0
DA:47,0
DA:48,0
DA:50,0
DA:53,0
DA:55,0
DA:57,0
DA:60,0
DA:63,0
DA:68,0
DA:77,0
DA:85,0
DA:86,0
DA:95,0
DA:103,0
DA:111,0
DA:112,0
DA:113,0
DA:118,0
DA:127,0
DA:128,0
DA:131,0
DA:137,0
DA:140,0
DA:141,0
DA:145,0
DA:146,0
DA:151,0
LF:40
LH:0
BRDA:11,0,0,0
BRDA:35,1,0,0
BRDA:35,1,1,0
BRDA:47,2,0,0
BRDA:47,2,1,0
BRDA:85,3,0,0
BRDA:85,3,1,0
BRDA:127,4,0,0
BRDA:127,4,1,0
BRDA:140,5,0,0
BRDA:140,5,1,0
BRDA:145,6,0,0
BRDA:145,6,1,0
BRF:13
BRH:0
end_of_record
