<?xml version="1.0" encoding="utf-8"?><testsuites><testsuite name="pytest" errors="0" failures="0" skipped="0" tests="123" time="119.580" timestamp="2025-12-18T09:41:20.737362" hostname="DESKTOP-88FARC5"><testcase classname="github-actions.test_act_integration.TestDevStoryWorkflowAct" name="test_dev_story_workflow_parses_successfully" time="24.034" /><testcase classname="github-actions.test_act_integration.TestDevStoryWorkflowAct" name="test_dev_story_workflow_accepts_story_id_input" time="23.145" /><testcase classname="github-actions.test_act_integration.TestDevStoryWorkflowAct" name="test_dev_story_workflow_validates_story_id_format" time="22.934" /><testcase classname="github-actions.test_act_integration.TestDevStoryWorkflowAct" name="test_dev_story_workflow_has_artifact_upload_step" time="0.013" /><testcase classname="github-actions.test_act_integration.TestQAValidationWorkflowAct" name="test_qa_validation_workflow_parses_successfully" time="0.682" /><testcase classname="github-actions.test_act_integration.TestQAValidationWorkflowAct" name="test_qa_validation_workflow_triggers_on_pull_request" time="0.671" /><testcase classname="github-actions.test_act_integration.TestQAValidationWorkflowAct" name="test_qa_validation_has_story_id_extraction" time="0.013" /><testcase classname="github-actions.test_act_integration.TestParallelStoriesWorkflowAct" name="test_parallel_stories_workflow_parses_successfully" time="0.014" /><testcase classname="github-actions.test_act_integration.TestParallelStoriesWorkflowAct" name="test_parallel_stories_accepts_json_array_input" time="0.014" /><testcase classname="github-actions.test_act_integration.TestParallelStoriesWorkflowAct" name="test_parallel_stories_has_matrix_strategy" time="0.014" /><testcase classname="github-actions.test_act_integration.TestInstallerTestingWorkflowAct" name="test_installer_testing_workflow_parses_successfully" time="22.492" /><testcase classname="github-actions.test_act_integration.TestInstallerTestingWorkflowAct" name="test_installer_testing_triggers_on_push" time="0.011" /><testcase classname="github-actions.test_act_integration.TestSecretsAndEnvironment" name="test_workflow_handles_missing_api_key" time="22.797" /><testcase classname="github-actions.test_act_integration.TestSecretsAndEnvironment" name="test_cost_optimization_env_vars_present" time="0.030" /><testcase classname="github-actions.test_act_integration.TestSecretsAndEnvironment" name="test_haiku_model_preference_configured" time="0.030" /><testcase classname="github-actions.test_ci_answers_resolution.TestAPIKeyValidation" name="test_headless_mode_requires_api_key" time="0.015" /><testcase classname="github-actions.test_ci_answers_resolution.TestAPIKeyValidation" name="test_dev_story_workflow_uses_anthropic_api_key_secret" time="0.015" /><testcase classname="github-actions.test_ci_answers_resolution.TestAPIKeyValidation" name="test_ci_answers_yaml_referenced_in_workflow" time="0.013" /><testcase classname="github-actions.test_ci_answers_resolution.TestAnswerFileMissing" name="test_ci_answers_file_must_exist" time="0.007" /><testcase classname="github-actions.test_ci_answers_resolution.TestAnswerFileMissing" name="test_ci_answers_file_loaded_before_dev_execution" time="0.011" /><testcase classname="github-actions.test_ci_answers_resolution.TestAnswerFileMissing" name="test_missing_answer_fails_gracefully" time="0.011" /><testcase classname="github-actions.test_ci_answers_resolution.TestRetryLogic" name="test_workflow_includes_retry_strategy" time="0.016" /><testcase classname="github-actions.test_ci_answers_resolution.TestRetryLogic" name="test_anthropic_claude_action_handles_rate_limits" time="0.017" /><testcase classname="github-actions.test_ci_answers_resolution.TestTimeoutHandling" name="test_workflow_has_timeout_configuration" time="0.014" /><testcase classname="github-actions.test_ci_answers_resolution.TestTimeoutHandling" name="test_timeout_respects_30_minute_nfr" time="0.011" /><testcase classname="github-actions.test_ci_answers_resolution.TestTimeoutHandling" name="test_parallel_matrix_has_reasonable_timeout" time="0.014" /><testcase classname="github-actions.test_ci_answers_resolution.TestHeadlessModeIntegration" name="test_headless_workflow_components_present" time="0.015" /><testcase classname="github-actions.test_ci_answers_resolution.TestHeadlessModeIntegration" name="test_ci_answers_schema_matches_workflow_requirements" time="0.009" /><testcase classname="github-actions.test_ci_answers_resolution.TestHeadlessModeIntegration" name="test_workflow_fails_fast_on_missing_config" time="0.015" /><testcase classname="github-actions.test_ci_answers_resolution.TestHeadlessModeEdgeCases" name="test_concurrent_api_calls_within_rate_limits" time="0.011" /><testcase classname="github-actions.test_ci_answers_resolution.TestHeadlessModeEdgeCases" name="test_long_running_story_handles_token_limit" time="0.004" /><testcase classname="github-actions.test_ci_answers_resolution.TestHeadlessModeEdgeCases" name="test_pr_title_parsing_handles_edge_cases" time="0.016" /><testcase classname="github-actions.test_configuration_schemas.TestGitHubActionsConfigSchema" name="test_github_actions_config_file_exists" time="0.008" /><testcase classname="github-actions.test_configuration_schemas.TestGitHubActionsConfigSchema" name="test_github_actions_config_valid_yaml" time="0.011" /><testcase classname="github-actions.test_configuration_schemas.TestGitHubActionsConfigSchema" name="test_github_actions_config_has_required_keys" time="0.011" /><testcase classname="github-actions.test_configuration_schemas.TestGitHubActionsConfigSchema" name="test_github_actions_config_max_parallel_jobs_type" time="0.010" /><testcase classname="github-actions.test_configuration_schemas.TestGitHubActionsConfigSchema" name="test_github_actions_config_max_parallel_jobs_default_5" time="0.015" /><testcase classname="github-actions.test_configuration_schemas.TestGitHubActionsConfigSchema" name="test_github_actions_cost_optimization_enable_prompt_caching" time="0.010" /><testcase classname="github-actions.test_configuration_schemas.TestGitHubActionsConfigSchema" name="test_github_actions_cost_optimization_enable_prompt_caching_true" time="0.011" /><testcase classname="github-actions.test_configuration_schemas.TestGitHubActionsConfigSchema" name="test_github_actions_cost_optimization_prefer_haiku" time="0.011" /><testcase classname="github-actions.test_configuration_schemas.TestGitHubActionsConfigSchema" name="test_github_actions_cost_optimization_max_cost_per_story" time="0.010" /><testcase classname="github-actions.test_configuration_schemas.TestCIAnswersConfigSchema" name="test_ci_answers_config_file_exists" time="0.006" /><testcase classname="github-actions.test_configuration_schemas.TestCIAnswersConfigSchema" name="test_ci_answers_config_valid_yaml" time="0.009" /><testcase classname="github-actions.test_configuration_schemas.TestCIAnswersConfigSchema" name="test_ci_answers_config_has_required_keys" time="0.012" /><testcase classname="github-actions.test_configuration_schemas.TestCIAnswersConfigSchema" name="test_ci_answers_test_failure_action_type" time="0.010" /><testcase classname="github-actions.test_configuration_schemas.TestCIAnswersConfigSchema" name="test_ci_answers_test_failure_action_valid_value" time="0.009" /><testcase classname="github-actions.test_configuration_schemas.TestCIAnswersConfigSchema" name="test_ci_answers_deferral_strategy_type" time="0.009" /><testcase classname="github-actions.test_configuration_schemas.TestCIAnswersConfigSchema" name="test_ci_answers_deferral_strategy_valid_value" time="0.010" /><testcase classname="github-actions.test_configuration_schemas.TestCIAnswersConfigSchema" name="test_ci_answers_priority_default_type" time="0.009" /><testcase classname="github-actions.test_configuration_schemas.TestCIAnswersConfigSchema" name="test_ci_answers_priority_default_valid_value" time="0.010" /><testcase classname="github-actions.test_configuration_schemas.TestConfigurationValidation" name="test_both_config_files_exist" time="0.010" /><testcase classname="github-actions.test_configuration_schemas.TestConfigurationValidation" name="test_config_files_are_readable" time="0.010" /><testcase classname="github-actions.test_configuration_schemas.TestConfigurationValidation" name="test_config_files_not_empty" time="0.008" /><testcase classname="github-actions.test_cost_optimization.TestPromptCachingConfiguration" name="test_dev_story_workflow_includes_caching_flag" time="0.014" /><testcase classname="github-actions.test_cost_optimization.TestPromptCachingConfiguration" name="test_qa_validation_workflow_includes_caching_flag" time="0.016" /><testcase classname="github-actions.test_cost_optimization.TestPromptCachingConfiguration" name="test_parallel_stories_workflow_includes_caching_flag" time="0.018" /><testcase classname="github-actions.test_cost_optimization.TestPromptCachingConfiguration" name="test_github_actions_config_enables_prompt_caching" time="0.011" /><testcase classname="github-actions.test_cost_optimization.TestHaikuModelPreference" name="test_github_actions_config_prefers_haiku" time="0.011" /><testcase classname="github-actions.test_cost_optimization.TestHaikuModelPreference" name="test_dev_story_workflow_uses_haiku_environment_variable" time="0.015" /><testcase classname="github-actions.test_cost_optimization.TestHaikuModelPreference" name="test_qa_validation_workflow_uses_haiku_environment_variable" time="0.016" /><testcase classname="github-actions.test_cost_optimization.TestCostTracking" name="test_dev_story_workflow_uploads_cost_artifact" time="0.012" /><testcase classname="github-actions.test_cost_optimization.TestCostTracking" name="test_dev_story_workflow_includes_cost_calculation_step" time="0.015" /><testcase classname="github-actions.test_cost_optimization.TestCostTracking" name="test_cost_tracking_file_exists_example" time="0.007" /><testcase classname="github-actions.test_cost_optimization.TestCostThresholds" name="test_github_actions_config_sets_cost_threshold" time="0.010" /><testcase classname="github-actions.test_cost_optimization.TestCostThresholds" name="test_dev_story_workflow_includes_cost_threshold_check" time="0.015" /><testcase classname="github-actions.test_cost_optimization.TestCostThresholds" name="test_cost_threshold_documented" time="0.013" /><testcase classname="github-actions.test_cost_optimization.TestCostOptimizationIntegration" name="test_all_workflows_have_cost_optimization_enabled" time="0.056" /><testcase classname="github-actions.test_cost_optimization.TestCostOptimizationIntegration" name="test_cost_config_consistent_across_workflows" time="0.012" /><testcase classname="github-actions.test_cost_optimization.TestCostOptimizationIntegration" name="test_cost_tracking_strategy_documented" time="0.009" /><testcase classname="github-actions.test_setup_github_actions_command.TestSetupCommandExists" name="test_setup_github_actions_command_exists" time="0.006" /><testcase classname="github-actions.test_setup_github_actions_command.TestSetupCommandExists" name="test_setup_command_has_yaml_frontmatter" time="0.007" /><testcase classname="github-actions.test_setup_github_actions_command.TestSetupCommandExists" name="test_setup_command_under_500_lines" time="0.006" /><testcase classname="github-actions.test_setup_github_actions_command.TestWorkflowFileCreation" name="test_setup_creates_dev_story_workflow" time="0.006" /><testcase classname="github-actions.test_setup_github_actions_command.TestWorkflowFileCreation" name="test_setup_creates_qa_validation_workflow" time="0.006" /><testcase classname="github-actions.test_setup_github_actions_command.TestWorkflowFileCreation" name="test_setup_creates_parallel_stories_workflow" time="0.006" /><testcase classname="github-actions.test_setup_github_actions_command.TestWorkflowFileCreation" name="test_setup_creates_installer_testing_workflow" time="0.006" /><testcase classname="github-actions.test_setup_github_actions_command.TestWorkflowFileCreation" name="test_all_four_workflows_exist" time="0.019" /><testcase classname="github-actions.test_setup_github_actions_command.TestWorkflowFileCreation" name="test_workflows_are_valid_yaml" time="0.038" /><testcase classname="github-actions.test_setup_github_actions_command.TestConfigFileCreation" name="test_setup_creates_github_actions_config" time="0.009" /><testcase classname="github-actions.test_setup_github_actions_command.TestConfigFileCreation" name="test_setup_creates_ci_answers_config" time="0.009" /><testcase classname="github-actions.test_setup_github_actions_command.TestConfigFileCreation" name="test_both_config_files_exist" time="0.014" /><testcase classname="github-actions.test_setup_github_actions_command.TestConfigFileCreation" name="test_config_files_are_valid_yaml" time="0.008" /><testcase classname="github-actions.test_setup_github_actions_command.TestSetupCommandBehavior" name="test_setup_command_force_flag_behavior" time="0.007" /><testcase classname="github-actions.test_setup_github_actions_command.TestSetupCommandBehavior" name="test_setup_command_detects_existing_files" time="0.007" /><testcase classname="github-actions.test_setup_github_actions_command.TestSetupCommandBehavior" name="test_setup_command_documentation_complete" time="0.007" /><testcase classname="github-actions.test_setup_github_actions_command.TestSetupInteractiveWizard" name="test_setup_command_mentions_interactive_setup" time="0.007" /><testcase classname="github-actions.test_setup_github_actions_command.TestSetupInteractiveWizard" name="test_setup_wizard_collects_api_key_configuration" time="0.007" /><testcase classname="github-actions.test_setup_github_actions_command.TestSetupInteractiveWizard" name="test_setup_wizard_explains_cost_optimization" time="0.007" /><testcase classname="github-actions.test_setup_github_actions_command.TestSetupInteractiveWizard" name="test_setup_wizard_explains_ci_answers_configuration" time="0.007" /><testcase classname="github-actions.test_setup_github_actions_command.TestSetupIntegration" name="test_setup_creates_complete_github_actions_setup" time="0.021" /><testcase classname="github-actions.test_setup_github_actions_command.TestSetupIntegration" name="test_setup_documentation_exists" time="0.008" /><testcase classname="github-actions.test_setup_github_actions_command.TestSetupIntegration" name="test_setup_all_files_have_comments_documentation" time="0.014" /><testcase classname="github-actions.test_setup_github_actions_command.TestSetupErrorHandling" name="test_setup_handles_missing_github_directory" time="0.007" /><testcase classname="github-actions.test_setup_github_actions_command.TestSetupErrorHandling" name="test_setup_handles_permission_errors" time="0.006" /><testcase classname="github-actions.test_setup_github_actions_command.TestSetupErrorHandling" name="test_setup_validates_yaml_before_writing" time="0.007" /><testcase classname="github-actions.test_workflow_templates.TestDevStoryWorkflow" name="test_dev_story_workflow_file_exists" time="0.006" /><testcase classname="github-actions.test_workflow_templates.TestDevStoryWorkflow" name="test_dev_story_workflow_valid_yaml" time="0.011" /><testcase classname="github-actions.test_workflow_templates.TestDevStoryWorkflow" name="test_dev_story_workflow_has_name" time="0.011" /><testcase classname="github-actions.test_workflow_templates.TestDevStoryWorkflow" name="test_dev_story_workflow_dispatch_trigger" time="0.011" /><testcase classname="github-actions.test_workflow_templates.TestDevStoryWorkflow" name="test_dev_story_workflow_dispatch_has_story_id_input" time="0.011" /><testcase classname="github-actions.test_workflow_templates.TestDevStoryWorkflow" name="test_dev_story_workflow_story_id_input_required" time="0.011" /><testcase classname="github-actions.test_workflow_templates.TestDevStoryWorkflow" name="test_dev_story_workflow_has_jobs_section" time="0.012" /><testcase classname="github-actions.test_workflow_templates.TestDevStoryWorkflow" name="test_dev_story_workflow_has_dev_job" time="0.011" /><testcase classname="github-actions.test_workflow_templates.TestDevStoryWorkflow" name="test_dev_story_workflow_runs_claude_dev_command" time="0.012" /><testcase classname="github-actions.test_workflow_templates.TestDevStoryWorkflow" name="test_dev_story_workflow_headless_mode" time="0.012" /><testcase classname="github-actions.test_workflow_templates.TestDevStoryWorkflow" name="test_dev_story_workflow_uploads_artifacts" time="0.012" /><testcase classname="github-actions.test_workflow_templates.TestDevStoryWorkflow" name="test_dev_story_workflow_artifact_includes_test_results" time="0.011" /><testcase classname="github-actions.test_workflow_templates.TestQAValidationWorkflow" name="test_qa_validation_workflow_file_exists" time="0.006" /><testcase classname="github-actions.test_workflow_templates.TestQAValidationWorkflow" name="test_qa_validation_workflow_valid_yaml" time="0.012" /><testcase classname="github-actions.test_workflow_templates.TestQAValidationWorkflow" name="test_qa_validation_workflow_triggers_on_pull_request" time="0.013" /><testcase classname="github-actions.test_workflow_templates.TestQAValidationWorkflow" name="test_qa_validation_workflow_extracts_story_id_from_pr_title" time="0.013" /><testcase classname="github-actions.test_workflow_templates.TestQAValidationWorkflow" name="test_qa_validation_workflow_runs_qa_deep" time="0.012" /><testcase classname="github-actions.test_workflow_templates.TestQAValidationWorkflow" name="test_qa_validation_workflow_blocks_merge_on_failure" time="0.013" /><testcase classname="github-actions.test_workflow_templates.TestParallelStoriesWorkflow" name="test_parallel_stories_workflow_file_exists" time="0.006" /><testcase classname="github-actions.test_workflow_templates.TestParallelStoriesWorkflow" name="test_parallel_stories_workflow_valid_yaml" time="0.013" /><testcase classname="github-actions.test_workflow_templates.TestParallelStoriesWorkflow" name="test_parallel_stories_workflow_dispatch_trigger" time="0.014" /><testcase classname="github-actions.test_workflow_templates.TestParallelStoriesWorkflow" name="test_parallel_stories_workflow_has_story_ids_input" time="0.014" /><testcase classname="github-actions.test_workflow_templates.TestParallelStoriesWorkflow" name="test_parallel_stories_workflow_uses_matrix_strategy" time="0.013" /><testcase classname="github-actions.test_workflow_templates.TestParallelStoriesWorkflow" name="test_parallel_stories_workflow_max_parallel_5" time="0.014" /><testcase classname="github-actions.test_workflow_templates.TestParallelStoriesWorkflow" name="test_parallel_stories_workflow_fail_fast_false" time="0.015" /><testcase classname="github-actions.test_workflow_templates.TestInstallerTestingWorkflow" name="test_installer_testing_workflow_file_exists" time="0.006" /><testcase classname="github-actions.test_workflow_templates.TestInstallerTestingWorkflow" name="test_installer_testing_workflow_valid_yaml" time="0.010" /><testcase classname="github-actions.test_workflow_templates.TestInstallerTestingWorkflow" name="test_installer_testing_workflow_has_meaningful_name" time="0.010" /></testsuite></testsuites>