<?xml version="1.0" encoding="UTF-8"?>
<coverage generated="1764264592716" clover="3.2.0">
  <project timestamp="1764264592717" name="All files">
    <metrics statements="77" coveredstatements="75" conditionals="49" coveredconditionals="41" methods="13" coveredmethods="12" elements="139" coveredelements="128" complexity="0" loc="77" ncloc="77" packages="2" files="2" classes="2"/>
    <package name="bin">
      <metrics statements="13" coveredstatements="11" conditionals="8" coveredconditionals="6" methods="2" coveredmethods="1"/>
      <file name="devforgeai.js" path="/mnt/c/Projects/DevForgeAI2/bin/devforgeai.js">
        <metrics statements="13" coveredstatements="11" conditionals="8" coveredconditionals="6" methods="2" coveredmethods="1"/>
        <line num="12" count="2" type="stmt"/>
        <line num="20" count="25" type="stmt"/>
        <line num="21" count="25" type="stmt"/>
        <line num="26" count="19" type="cond" truecount="2" falsecount="0"/>
        <line num="27" count="18" type="stmt"/>
        <line num="31" count="1" type="stmt"/>
        <line num="34" count="6" type="cond" truecount="2" falsecount="0"/>
        <line num="35" count="1" type="stmt"/>
        <line num="37" count="6" type="cond" truecount="1" falsecount="1"/>
        <line num="42" count="2" type="stmt"/>
        <line num="45" count="2" type="cond" truecount="1" falsecount="1"/>
        <line num="46" count="0" type="stmt"/>
        <line num="47" count="0" type="stmt"/>
      </file>
    </package>
    <package name="lib">
      <metrics statements="64" coveredstatements="64" conditionals="41" coveredconditionals="35" methods="11" coveredmethods="11"/>
      <file name="cli.js" path="/mnt/c/Projects/DevForgeAI2/lib/cli.js">
        <metrics statements="64" coveredstatements="64" conditionals="41" coveredconditionals="35" methods="11" coveredmethods="11"/>
        <line num="8" count="13" type="stmt"/>
        <line num="9" count="13" type="stmt"/>
        <line num="10" count="13" type="stmt"/>
        <line num="11" count="13" type="stmt"/>
        <line num="14" count="13" type="stmt"/>
        <line num="15" count="13" type="stmt"/>
        <line num="16" count="13" type="stmt"/>
        <line num="17" count="13" type="stmt"/>
        <line num="18" count="13" type="stmt"/>
        <line num="25" count="13" type="stmt"/>
        <line num="26" count="13" type="stmt"/>
        <line num="27" count="13" type="stmt"/>
        <line num="34" count="14" type="stmt"/>
        <line num="56" count="22" type="stmt"/>
        <line num="57" count="22" type="cond" truecount="2" falsecount="0"/>
        <line num="59" count="19" type="stmt"/>
        <line num="71" count="25" type="cond" truecount="2" falsecount="0"/>
        <line num="73" count="23" type="stmt"/>
        <line num="86" count="18" type="stmt"/>
        <line num="87" count="18" type="stmt"/>
        <line num="88" count="18" type="stmt"/>
        <line num="89" count="18" type="stmt"/>
        <line num="92" count="18" type="stmt"/>
        <line num="105" count="19" type="stmt"/>
        <line num="108" count="19" type="stmt"/>
        <line num="109" count="23" type="stmt"/>
        <line num="110" count="23" type="stmt"/>
        <line num="115" count="15" type="cond" truecount="1" falsecount="1"/>
        <line num="117" count="15" type="stmt"/>
        <line num="118" count="15" type="stmt"/>
        <line num="120" count="8" type="cond" truecount="1" falsecount="1"/>
        <line num="121" count="8" type="stmt"/>
        <line num="127" count="19" type="cond" truecount="2" falsecount="0"/>
        <line num="128" count="4" type="stmt"/>
        <line num="140" count="15" type="stmt"/>
        <line num="142" count="15" type="cond" truecount="1" falsecount="1"/>
        <line num="144" count="15" type="cond" truecount="2" falsecount="0"/>
        <line num="145" count="5" type="cond" truecount="1" falsecount="1"/>
        <line num="147" count="5" type="cond" truecount="1" falsecount="1"/>
        <line num="148" count="5" type="stmt"/>
        <line num="157" count="10" type="stmt"/>
        <line num="167" count="7" type="stmt"/>
        <line num="168" count="7" type="stmt"/>
        <line num="170" count="7" type="stmt"/>
        <line num="175" count="7" type="stmt"/>
        <line num="176" count="1" type="stmt"/>
        <line num="182" count="7" type="stmt"/>
        <line num="193" count="31" type="cond" truecount="1" falsecount="0"/>
        <line num="196" count="31" type="cond" truecount="4" falsecount="0"/>
        <line num="197" count="11" type="stmt"/>
        <line num="198" count="11" type="stmt"/>
        <line num="202" count="20" type="cond" truecount="5" falsecount="0"/>
        <line num="203" count="9" type="stmt"/>
        <line num="204" count="9" type="stmt"/>
        <line num="208" count="11" type="cond" truecount="4" falsecount="0"/>
        <line num="209" count="8" type="stmt"/>
        <line num="216" count="3" type="stmt"/>
        <line num="219" count="3" type="stmt"/>
        <line num="222" count="3" type="cond" truecount="2" falsecount="0"/>
        <line num="223" count="1" type="stmt"/>
        <line num="227" count="2" type="stmt"/>
        <line num="228" count="2" type="stmt"/>
        <line num="229" count="2" type="cond" truecount="1" falsecount="1"/>
        <line num="235" count="13" type="stmt"/>
      </file>
    </package>
  </project>
</coverage>
