{"/mnt/c/Projects/DevForgeAI2/bin/devforgeai.js": {"path":"/mnt/c/Projects/DevForgeAI2/bin/devforgeai.js","statementMap":{"0":{"start":{"line":12,"column":12},"end":{"line":12,"column":33}},"1":{"start":{"line":15,"column":0},"end":{"line":34,"column":5}},"2":{"start":{"line":16,"column":2},"end":{"line":33,"column":3}},"3":{"start":{"line":17,"column":19},"end":{"line":17,"column":55}},"4":{"start":{"line":20,"column":4},"end":{"line":22,"column":5}},"5":{"start":{"line":21,"column":6},"end":{"line":21,"column":27}},"6":{"start":{"line":25,"column":4},"end":{"line":28,"column":5}},"7":{"start":{"line":26,"column":23},"end":{"line":26,"column":35}},"8":{"start":{"line":27,"column":6},"end":{"line":27,"column":29}},"9":{"start":{"line":31,"column":4},"end":{"line":31,"column":33}},"10":{"start":{"line":32,"column":4},"end":{"line":32,"column":38}}},"fnMap":{"0":{"name":"(anonymous_0)","decl":{"start":{"line":15,"column":1},"end":{"line":15,"column":2}},"loc":{"start":{"line":15,"column":13},"end":{"line":34,"column":1}},"line":15}},"branchMap":{"0":{"loc":{"start":{"line":20,"column":4},"end":{"line":22,"column":5}},"type":"if","locations":[{"start":{"line":20,"column":4},"end":{"line":22,"column":5}},{"start":{},"end":{}}],"line":20},"1":{"loc":{"start":{"line":25,"column":4},"end":{"line":28,"column":5}},"type":"if","locations":[{"start":{"line":25,"column":4},"end":{"line":28,"column":5}},{"start":{},"end":{}}],"line":25},"2":{"loc":{"start":{"line":25,"column":8},"end":{"line":25,"column":51}},"type":"binary-expr","locations":[{"start":{"line":25,"column":8},"end":{"line":25,"column":14}},{"start":{"line":25,"column":18},"end":{"line":25,"column":51}}],"line":25},"3":{"loc":{"start":{"line":32,"column":17},"end":{"line":32,"column":36}},"type":"binary-expr","locations":[{"start":{"line":32,"column":17},"end":{"line":32,"column":31}},{"start":{"line":32,"column":35},"end":{"line":32,"column":36}}],"line":32}},"s":{"0":0,"1":0,"2":0,"3":0,"4":0,"5":0,"6":0,"7":0,"8":0,"9":0,"10":0},"f":{"0":0},"b":{"0":[0,0],"1":[0,0],"2":[0,0],"3":[0,0]}}
,"/mnt/c/Projects/DevForgeAI2/lib/cli.js": {"path":"/mnt/c/Projects/DevForgeAI2/lib/cli.js","statementMap":{"0":{"start":{"line":8,"column":11},"end":{"line":8,"column":24}},"1":{"start":{"line":9,"column":13},"end":{"line":9,"column":28}},"2":{"start":{"line":10,"column":18},"end":{"line":10,"column":42}},"3":{"start":{"line":11,"column":21},"end":{"line":11,"column":45}},"4":{"start":{"line":14,"column":29},"end":{"line":14,"column":30}},"5":{"start":{"line":15,"column":29},"end":{"line":15,"column":31}},"6":{"start":{"line":16,"column":28},"end":{"line":16,"column":52}},"7":{"start":{"line":17,"column":24},"end":{"line":17,"column":68}},"8":{"start":{"line":18,"column":20},"end":{"line":18,"column":56}},"9":{"start":{"line":25,"column":26},"end":{"line":25,"column":68}},"10":{"start":{"line":26,"column":22},"end":{"line":26,"column":74}},"11":{"start":{"line":27,"column":2},"end":{"line":27,"column":29}},"12":{"start":{"line":34,"column":2},"end":{"line":47,"column":36}},"13":{"start":{"line":56,"column":23},"end":{"line":56,"column":65}},"14":{"start":{"line":57,"column":2},"end":{"line":57,"column":33}},"15":{"start":{"line":57,"column":21},"end":{"line":57,"column":33}},"16":{"start":{"line":59,"column":2},"end":{"line":62,"column":4}},"17":{"start":{"line":71,"column":2},"end":{"line":71,"column":29}},"18":{"start":{"line":71,"column":16},"end":{"line":71,"column":29}},"19":{"start":{"line":73,"column":2},"end":{"line":76,"column":4}},"20":{"start":{"line":86,"column":23},"end":{"line":86,"column":68}},"21":{"start":{"line":87,"column":16},"end":{"line":87,"column":39}},"22":{"start":{"line":88,"column":2},"end":{"line":88,"column":21}},"23":{"start":{"line":89,"column":2},"end":{"line":89,"column":22}},"24":{"start":{"line":92,"column":2},"end":{"line":92,"column":14}},"25":{"start":{"line":104,"column":2},"end":{"line":122,"column":3}},"26":{"start":{"line":105,"column":4},"end":{"line":108,"column":14}},"27":{"start":{"line":110,"column":4},"end":{"line":110,"column":96}},"28":{"start":{"line":110,"column":31},"end":{"line":110,"column":96}},"29":{"start":{"line":113,"column":4},"end":{"line":121,"column":6}},"30":{"start":{"line":125,"column":18},"end":{"line":125,"column":57}},"31":{"start":{"line":127,"column":2},"end":{"line":127,"column":77}},"32":{"start":{"line":127,"column":29},"end":{"line":127,"column":77}},"33":{"start":{"line":129,"column":2},"end":{"line":140,"column":3}},"34":{"start":{"line":130,"column":4},"end":{"line":130,"column":89}},"35":{"start":{"line":130,"column":31},"end":{"line":130,"column":89}},"36":{"start":{"line":132,"column":26},"end":{"line":132,"column":83}},"37":{"start":{"line":133,"column":4},"end":{"line":139,"column":6}},"38":{"start":{"line":142,"column":2},"end":{"line":142,"column":14}},"39":{"start":{"line":151,"column":24},"end":{"line":151,"column":77}},"40":{"start":{"line":152,"column":21},"end":{"line":152,"column":45}},"41":{"start":{"line":154,"column":24},"end":{"line":157,"column":4}},"42":{"start":{"line":159,"column":2},"end":{"line":164,"column":5}},"43":{"start":{"line":160,"column":4},"end":{"line":163,"column":6}},"44":{"start":{"line":166,"column":2},"end":{"line":166,"column":23}},"45":{"start":{"line":177,"column":38},"end":{"line":177,"column":45}},"46":{"start":{"line":180,"column":2},"end":{"line":183,"column":3}},"47":{"start":{"line":181,"column":4},"end":{"line":181,"column":47}},"48":{"start":{"line":182,"column":4},"end":{"line":182,"column":13}},"49":{"start":{"line":186,"column":2},"end":{"line":189,"column":3}},"50":{"start":{"line":187,"column":4},"end":{"line":187,"column":18}},"51":{"start":{"line":188,"column":4},"end":{"line":188,"column":13}},"52":{"start":{"line":192,"column":2},"end":{"line":197,"column":3}},"53":{"start":{"line":193,"column":4},"end":{"line":196,"column":6}},"54":{"start":{"line":200,"column":2},"end":{"line":200,"column":16}},"55":{"start":{"line":203,"column":24},"end":{"line":203,"column":51}},"56":{"start":{"line":206,"column":2},"end":{"line":208,"column":3}},"57":{"start":{"line":207,"column":4},"end":{"line":207,"column":25}},"58":{"start":{"line":211,"column":2},"end":{"line":215,"column":5}},"59":{"start":{"line":212,"column":4},"end":{"line":214,"column":7}},"60":{"start":{"line":213,"column":6},"end":{"line":213,"column":25}},"61":{"start":{"line":219,"column":0},"end":{"line":233,"column":2}}},"fnMap":{"0":{"name":"getVersion","decl":{"start":{"line":24,"column":9},"end":{"line":24,"column":19}},"loc":{"start":{"line":24,"column":22},"end":{"line":28,"column":1}},"line":24},"1":{"name":"displayHelp","decl":{"start":{"line":33,"column":9},"end":{"line":33,"column":20}},"loc":{"start":{"line":33,"column":23},"end":{"line":48,"column":1}},"line":33},"2":{"name":"parsePythonVersion","decl":{"start":{"line":55,"column":9},"end":{"line":55,"column":27}},"loc":{"start":{"line":55,"column":43},"end":{"line":63,"column":1}},"line":55},"3":{"name":"isPythonVersionValid","decl":{"start":{"line":70,"column":9},"end":{"line":70,"column":29}},"loc":{"start":{"line":70,"column":39},"end":{"line":77,"column":1}},"line":70},"4":{"name":"exitWithError","decl":{"start":{"line":85,"column":9},"end":{"line":85,"column":22}},"loc":{"start":{"line":85,"column":39},"end":{"line":93,"column":1}},"line":85},"5":{"name":"checkPython","decl":{"start":{"line":100,"column":9},"end":{"line":100,"column":20}},"loc":{"start":{"line":100,"column":23},"end":{"line":143,"column":1}},"line":100},"6":{"name":"invokePythonInstaller","decl":{"start":{"line":150,"column":9},"end":{"line":150,"column":30}},"loc":{"start":{"line":150,"column":37},"end":{"line":167,"column":1}},"line":150},"7":{"name":"(anonymous_7)","decl":{"start":{"line":159,"column":28},"end":{"line":159,"column":29}},"loc":{"start":{"line":159,"column":39},"end":{"line":164,"column":3}},"line":159},"8":{"name":"run","decl":{"start":{"line":176,"column":9},"end":{"line":176,"column":12}},"loc":{"start":{"line":176,"column":33},"end":{"line":216,"column":1}},"line":176},"9":{"name":"(anonymous_9)","decl":{"start":{"line":211,"column":21},"end":{"line":211,"column":22}},"loc":{"start":{"line":211,"column":34},"end":{"line":215,"column":3}},"line":211},"10":{"name":"(anonymous_10)","decl":{"start":{"line":212,"column":30},"end":{"line":212,"column":31}},"loc":{"start":{"line":212,"column":40},"end":{"line":214,"column":5}},"line":212}},"branchMap":{"0":{"loc":{"start":{"line":57,"column":2},"end":{"line":57,"column":33}},"type":"if","locations":[{"start":{"line":57,"column":2},"end":{"line":57,"column":33}},{"start":{},"end":{}}],"line":57},"1":{"loc":{"start":{"line":71,"column":2},"end":{"line":71,"column":29}},"type":"if","locations":[{"start":{"line":71,"column":2},"end":{"line":71,"column":29}},{"start":{},"end":{}}],"line":71},"2":{"loc":{"start":{"line":74,"column":4},"end":{"line":75,"column":85}},"type":"binary-expr","locations":[{"start":{"line":74,"column":4},"end":{"line":74,"column":40}},{"start":{"line":75,"column":5},"end":{"line":75,"column":43}},{"start":{"line":75,"column":47},"end":{"line":75,"column":84}}],"line":74},"3":{"loc":{"start":{"line":110,"column":4},"end":{"line":110,"column":96}},"type":"if","locations":[{"start":{"line":110,"column":4},"end":{"line":110,"column":96}},{"start":{},"end":{}}],"line":110},"4":{"loc":{"start":{"line":127,"column":2},"end":{"line":127,"column":77}},"type":"if","locations":[{"start":{"line":127,"column":2},"end":{"line":127,"column":77}},{"start":{},"end":{}}],"line":127},"5":{"loc":{"start":{"line":129,"column":2},"end":{"line":140,"column":3}},"type":"if","locations":[{"start":{"line":129,"column":2},"end":{"line":140,"column":3}},{"start":{},"end":{}}],"line":129},"6":{"loc":{"start":{"line":130,"column":4},"end":{"line":130,"column":89}},"type":"if","locations":[{"start":{"line":130,"column":4},"end":{"line":130,"column":89}},{"start":{},"end":{}}],"line":130},"7":{"loc":{"start":{"line":132,"column":26},"end":{"line":132,"column":83}},"type":"cond-expr","locations":[{"start":{"line":132,"column":36},"end":{"line":132,"column":71}},{"start":{"line":132,"column":74},"end":{"line":132,"column":83}}],"line":132},"8":{"loc":{"start":{"line":176,"column":19},"end":{"line":176,"column":31}},"type":"default-arg","locations":[{"start":{"line":176,"column":29},"end":{"line":176,"column":31}}],"line":176},"9":{"loc":{"start":{"line":177,"column":10},"end":{"line":177,"column":33}},"type":"default-arg","locations":[{"start":{"line":177,"column":29},"end":{"line":177,"column":33}}],"line":177},"10":{"loc":{"start":{"line":180,"column":2},"end":{"line":183,"column":3}},"type":"if","locations":[{"start":{"line":180,"column":2},"end":{"line":183,"column":3}},{"start":{},"end":{}}],"line":180},"11":{"loc":{"start":{"line":180,"column":6},"end":{"line":180,"column":55}},"type":"binary-expr","locations":[{"start":{"line":180,"column":6},"end":{"line":180,"column":32}},{"start":{"line":180,"column":36},"end":{"line":180,"column":55}}],"line":180},"12":{"loc":{"start":{"line":186,"column":2},"end":{"line":189,"column":3}},"type":"if","locations":[{"start":{"line":186,"column":2},"end":{"line":189,"column":3}},{"start":{},"end":{}}],"line":186},"13":{"loc":{"start":{"line":186,"column":6},"end":{"line":186,"column":73}},"type":"binary-expr","locations":[{"start":{"line":186,"column":6},"end":{"line":186,"column":29}},{"start":{"line":186,"column":33},"end":{"line":186,"column":52}},{"start":{"line":186,"column":56},"end":{"line":186,"column":73}}],"line":186},"14":{"loc":{"start":{"line":192,"column":2},"end":{"line":197,"column":3}},"type":"if","locations":[{"start":{"line":192,"column":2},"end":{"line":197,"column":3}},{"start":{},"end":{}}],"line":192},"15":{"loc":{"start":{"line":192,"column":6},"end":{"line":192,"column":46}},"type":"binary-expr","locations":[{"start":{"line":192,"column":6},"end":{"line":192,"column":21}},{"start":{"line":192,"column":25},"end":{"line":192,"column":46}}],"line":192},"16":{"loc":{"start":{"line":206,"column":2},"end":{"line":208,"column":3}},"type":"if","locations":[{"start":{"line":206,"column":2},"end":{"line":208,"column":3}},{"start":{},"end":{}}],"line":206},"17":{"loc":{"start":{"line":213,"column":14},"end":{"line":213,"column":23}},"type":"binary-expr","locations":[{"start":{"line":213,"column":14},"end":{"line":213,"column":18}},{"start":{"line":213,"column":22},"end":{"line":213,"column":23}}],"line":213}},"s":{"0":11,"1":11,"2":11,"3":11,"4":11,"5":11,"6":11,"7":11,"8":11,"9":6,"10":6,"11":6,"12":8,"13":21,"14":21,"15":3,"16":18,"17":24,"18":2,"19":22,"20":12,"21":12,"22":12,"23":12,"24":12,"25":18,"26":18,"27":14,"28":0,"29":4,"30":14,"31":14,"32":0,"33":14,"34":5,"35":0,"36":5,"37":5,"38":9,"39":6,"40":6,"41":6,"42":6,"43":1,"44":6,"45":11,"46":11,"47":4,"48":4,"49":7,"50":3,"51":3,"52":4,"53":2,"54":2,"55":2,"56":2,"57":1,"58":1,"59":1,"60":1,"61":11},"f":{"0":6,"1":8,"2":21,"3":24,"4":12,"5":18,"6":6,"7":1,"8":11,"9":1,"10":1},"b":{"0":[3,18],"1":[2,22],"2":[22,19,16],"3":[0,14],"4":[0,14],"5":[5,9],"6":[0,5],"7":[5,0],"8":[7],"9":[7],"10":[4,7],"11":[11,8],"12":[3,4],"13":[7,6,5],"14":[2,2],"15":[4,4],"16":[1,1],"17":[1,0]},"_coverageSchema":"1a1c01bbd47fc00a2c39e90264f33305004495a9","hash":"7c838346e5d9fa81215305eea1df6aa9ac3e8f82"}
}
