{"/mnt/c/Projects/DevForgeAI2/bin/devforgeai.js": {"path":"/mnt/c/Projects/DevForgeAI2/bin/devforgeai.js","statementMap":{"0":{"start":{"line":12,"column":12},"end":{"line":12,"column":33}},"1":{"start":{"line":20,"column":2},"end":{"line":38,"column":3}},"2":{"start":{"line":21,"column":19},"end":{"line":21,"column":38}},"3":{"start":{"line":26,"column":4},"end":{"line":28,"column":5}},"4":{"start":{"line":27,"column":6},"end":{"line":27,"column":20}},"5":{"start":{"line":31,"column":4},"end":{"line":31,"column":13}},"6":{"start":{"line":34,"column":4},"end":{"line":36,"column":5}},"7":{"start":{"line":35,"column":6},"end":{"line":35,"column":35}},"8":{"start":{"line":37,"column":4},"end":{"line":37,"column":31}},"9":{"start":{"line":42,"column":0},"end":{"line":42,"column":26}},"10":{"start":{"line":45,"column":0},"end":{"line":49,"column":1}},"11":{"start":{"line":46,"column":2},"end":{"line":48,"column":5}},"12":{"start":{"line":47,"column":4},"end":{"line":47,"column":27}}},"fnMap":{"0":{"name":"main","decl":{"start":{"line":19,"column":15},"end":{"line":19,"column":19}},"loc":{"start":{"line":19,"column":26},"end":{"line":39,"column":1}},"line":19},"1":{"name":"(anonymous_1)","decl":{"start":{"line":46,"column":35},"end":{"line":46,"column":36}},"loc":{"start":{"line":46,"column":47},"end":{"line":48,"column":3}},"line":46}},"branchMap":{"0":{"loc":{"start":{"line":26,"column":4},"end":{"line":28,"column":5}},"type":"if","locations":[{"start":{"line":26,"column":4},"end":{"line":28,"column":5}},{"start":{},"end":{}}],"line":26},"1":{"loc":{"start":{"line":34,"column":4},"end":{"line":36,"column":5}},"type":"if","locations":[{"start":{"line":34,"column":4},"end":{"line":36,"column":5}},{"start":{},"end":{}}],"line":34},"2":{"loc":{"start":{"line":37,"column":11},"end":{"line":37,"column":30}},"type":"binary-expr","locations":[{"start":{"line":37,"column":11},"end":{"line":37,"column":25}},{"start":{"line":37,"column":29},"end":{"line":37,"column":30}}],"line":37},"3":{"loc":{"start":{"line":45,"column":0},"end":{"line":49,"column":1}},"type":"if","locations":[{"start":{"line":45,"column":0},"end":{"line":49,"column":1}},{"start":{},"end":{}}],"line":45}},"s":{"0":2,"1":25,"2":25,"3":19,"4":18,"5":1,"6":6,"7":1,"8":6,"9":2,"10":2,"11":0,"12":0},"f":{"0":25,"1":0},"b":{"0":[18,1],"1":[1,5],"2":[6,0],"3":[0,2]},"_coverageSchema":"1a1c01bbd47fc00a2c39e90264f33305004495a9","hash":"c59b5c8f1d18d27f8edb8e973df75750fec00dd1"}
,"/mnt/c/Projects/DevForgeAI2/lib/cli.js": {"path":"/mnt/c/Projects/DevForgeAI2/lib/cli.js","statementMap":{"0":{"start":{"line":8,"column":11},"end":{"line":8,"column":24}},"1":{"start":{"line":9,"column":13},"end":{"line":9,"column":28}},"2":{"start":{"line":10,"column":18},"end":{"line":10,"column":42}},"3":{"start":{"line":11,"column":21},"end":{"line":11,"column":45}},"4":{"start":{"line":14,"column":29},"end":{"line":14,"column":30}},"5":{"start":{"line":15,"column":29},"end":{"line":15,"column":31}},"6":{"start":{"line":16,"column":28},"end":{"line":16,"column":52}},"7":{"start":{"line":17,"column":24},"end":{"line":17,"column":68}},"8":{"start":{"line":18,"column":20},"end":{"line":18,"column":56}},"9":{"start":{"line":25,"column":26},"end":{"line":25,"column":68}},"10":{"start":{"line":26,"column":22},"end":{"line":26,"column":74}},"11":{"start":{"line":27,"column":2},"end":{"line":27,"column":29}},"12":{"start":{"line":34,"column":2},"end":{"line":47,"column":36}},"13":{"start":{"line":56,"column":23},"end":{"line":56,"column":65}},"14":{"start":{"line":57,"column":2},"end":{"line":57,"column":33}},"15":{"start":{"line":57,"column":21},"end":{"line":57,"column":33}},"16":{"start":{"line":59,"column":2},"end":{"line":62,"column":4}},"17":{"start":{"line":71,"column":2},"end":{"line":71,"column":29}},"18":{"start":{"line":71,"column":16},"end":{"line":71,"column":29}},"19":{"start":{"line":73,"column":2},"end":{"line":76,"column":4}},"20":{"start":{"line":86,"column":23},"end":{"line":86,"column":68}},"21":{"start":{"line":87,"column":16},"end":{"line":87,"column":39}},"22":{"start":{"line":88,"column":2},"end":{"line":88,"column":21}},"23":{"start":{"line":89,"column":2},"end":{"line":89,"column":22}},"24":{"start":{"line":92,"column":2},"end":{"line":92,"column":14}},"25":{"start":{"line":105,"column":25},"end":{"line":105,"column":46}},"26":{"start":{"line":108,"column":2},"end":{"line":124,"column":3}},"27":{"start":{"line":109,"column":4},"end":{"line":123,"column":5}},"28":{"start":{"line":110,"column":6},"end":{"line":113,"column":16}},"29":{"start":{"line":115,"column":6},"end":{"line":115,"column":91}},"30":{"start":{"line":115,"column":33},"end":{"line":115,"column":91}},"31":{"start":{"line":117,"column":6},"end":{"line":117,"column":26}},"32":{"start":{"line":118,"column":6},"end":{"line":118,"column":12}},"33":{"start":{"line":120,"column":6},"end":{"line":120,"column":89}},"34":{"start":{"line":120,"column":33},"end":{"line":120,"column":89}},"35":{"start":{"line":121,"column":6},"end":{"line":121,"column":24}},"36":{"start":{"line":127,"column":2},"end":{"line":137,"column":3}},"37":{"start":{"line":128,"column":4},"end":{"line":136,"column":6}},"38":{"start":{"line":140,"column":18},"end":{"line":140,"column":57}},"39":{"start":{"line":142,"column":2},"end":{"line":142,"column":77}},"40":{"start":{"line":142,"column":29},"end":{"line":142,"column":77}},"41":{"start":{"line":144,"column":2},"end":{"line":155,"column":3}},"42":{"start":{"line":145,"column":4},"end":{"line":145,"column":89}},"43":{"start":{"line":145,"column":31},"end":{"line":145,"column":89}},"44":{"start":{"line":147,"column":26},"end":{"line":147,"column":83}},"45":{"start":{"line":148,"column":4},"end":{"line":154,"column":6}},"46":{"start":{"line":157,"column":2},"end":{"line":157,"column":45}},"47":{"start":{"line":167,"column":24},"end":{"line":167,"column":77}},"48":{"start":{"line":168,"column":21},"end":{"line":168,"column":45}},"49":{"start":{"line":170,"column":24},"end":{"line":173,"column":4}},"50":{"start":{"line":175,"column":2},"end":{"line":180,"column":5}},"51":{"start":{"line":176,"column":4},"end":{"line":179,"column":6}},"52":{"start":{"line":182,"column":2},"end":{"line":182,"column":23}},"53":{"start":{"line":193,"column":38},"end":{"line":193,"column":45}},"54":{"start":{"line":196,"column":2},"end":{"line":199,"column":3}},"55":{"start":{"line":197,"column":4},"end":{"line":197,"column":47}},"56":{"start":{"line":198,"column":4},"end":{"line":198,"column":13}},"57":{"start":{"line":202,"column":2},"end":{"line":205,"column":3}},"58":{"start":{"line":203,"column":4},"end":{"line":203,"column":18}},"59":{"start":{"line":204,"column":4},"end":{"line":204,"column":13}},"60":{"start":{"line":208,"column":2},"end":{"line":213,"column":3}},"61":{"start":{"line":209,"column":4},"end":{"line":212,"column":6}},"62":{"start":{"line":216,"column":21},"end":{"line":216,"column":34}},"63":{"start":{"line":219,"column":24},"end":{"line":219,"column":71}},"64":{"start":{"line":222,"column":2},"end":{"line":224,"column":3}},"65":{"start":{"line":223,"column":4},"end":{"line":223,"column":25}},"66":{"start":{"line":227,"column":2},"end":{"line":231,"column":5}},"67":{"start":{"line":228,"column":4},"end":{"line":230,"column":7}},"68":{"start":{"line":229,"column":6},"end":{"line":229,"column":25}},"69":{"start":{"line":235,"column":0},"end":{"line":249,"column":2}}},"fnMap":{"0":{"name":"getVersion","decl":{"start":{"line":24,"column":9},"end":{"line":24,"column":19}},"loc":{"start":{"line":24,"column":22},"end":{"line":28,"column":1}},"line":24},"1":{"name":"displayHelp","decl":{"start":{"line":33,"column":9},"end":{"line":33,"column":20}},"loc":{"start":{"line":33,"column":23},"end":{"line":48,"column":1}},"line":33},"2":{"name":"parsePythonVersion","decl":{"start":{"line":55,"column":9},"end":{"line":55,"column":27}},"loc":{"start":{"line":55,"column":43},"end":{"line":63,"column":1}},"line":55},"3":{"name":"isPythonVersionValid","decl":{"start":{"line":70,"column":9},"end":{"line":70,"column":29}},"loc":{"start":{"line":70,"column":39},"end":{"line":77,"column":1}},"line":70},"4":{"name":"exitWithError","decl":{"start":{"line":85,"column":9},"end":{"line":85,"column":22}},"loc":{"start":{"line":85,"column":39},"end":{"line":93,"column":1}},"line":85},"5":{"name":"checkPython","decl":{"start":{"line":100,"column":9},"end":{"line":100,"column":20}},"loc":{"start":{"line":100,"column":23},"end":{"line":158,"column":1}},"line":100},"6":{"name":"invokePythonInstaller","decl":{"start":{"line":166,"column":9},"end":{"line":166,"column":30}},"loc":{"start":{"line":166,"column":64},"end":{"line":183,"column":1}},"line":166},"7":{"name":"(anonymous_7)","decl":{"start":{"line":175,"column":28},"end":{"line":175,"column":29}},"loc":{"start":{"line":175,"column":39},"end":{"line":180,"column":3}},"line":175},"8":{"name":"run","decl":{"start":{"line":192,"column":9},"end":{"line":192,"column":12}},"loc":{"start":{"line":192,"column":33},"end":{"line":232,"column":1}},"line":192},"9":{"name":"(anonymous_9)","decl":{"start":{"line":227,"column":21},"end":{"line":227,"column":22}},"loc":{"start":{"line":227,"column":34},"end":{"line":231,"column":3}},"line":227},"10":{"name":"(anonymous_10)","decl":{"start":{"line":228,"column":30},"end":{"line":228,"column":31}},"loc":{"start":{"line":228,"column":40},"end":{"line":230,"column":5}},"line":228}},"branchMap":{"0":{"loc":{"start":{"line":57,"column":2},"end":{"line":57,"column":33}},"type":"if","locations":[{"start":{"line":57,"column":2},"end":{"line":57,"column":33}},{"start":{},"end":{}}],"line":57},"1":{"loc":{"start":{"line":71,"column":2},"end":{"line":71,"column":29}},"type":"if","locations":[{"start":{"line":71,"column":2},"end":{"line":71,"column":29}},{"start":{},"end":{}}],"line":71},"2":{"loc":{"start":{"line":74,"column":4},"end":{"line":75,"column":85}},"type":"binary-expr","locations":[{"start":{"line":74,"column":4},"end":{"line":74,"column":40}},{"start":{"line":75,"column":5},"end":{"line":75,"column":43}},{"start":{"line":75,"column":47},"end":{"line":75,"column":84}}],"line":74},"3":{"loc":{"start":{"line":115,"column":6},"end":{"line":115,"column":91}},"type":"if","locations":[{"start":{"line":115,"column":6},"end":{"line":115,"column":91}},{"start":{},"end":{}}],"line":115},"4":{"loc":{"start":{"line":120,"column":6},"end":{"line":120,"column":89}},"type":"if","locations":[{"start":{"line":120,"column":6},"end":{"line":120,"column":89}},{"start":{},"end":{}}],"line":120},"5":{"loc":{"start":{"line":127,"column":2},"end":{"line":137,"column":3}},"type":"if","locations":[{"start":{"line":127,"column":2},"end":{"line":137,"column":3}},{"start":{},"end":{}}],"line":127},"6":{"loc":{"start":{"line":142,"column":2},"end":{"line":142,"column":77}},"type":"if","locations":[{"start":{"line":142,"column":2},"end":{"line":142,"column":77}},{"start":{},"end":{}}],"line":142},"7":{"loc":{"start":{"line":144,"column":2},"end":{"line":155,"column":3}},"type":"if","locations":[{"start":{"line":144,"column":2},"end":{"line":155,"column":3}},{"start":{},"end":{}}],"line":144},"8":{"loc":{"start":{"line":145,"column":4},"end":{"line":145,"column":89}},"type":"if","locations":[{"start":{"line":145,"column":4},"end":{"line":145,"column":89}},{"start":{},"end":{}}],"line":145},"9":{"loc":{"start":{"line":147,"column":26},"end":{"line":147,"column":83}},"type":"cond-expr","locations":[{"start":{"line":147,"column":36},"end":{"line":147,"column":71}},{"start":{"line":147,"column":74},"end":{"line":147,"column":83}}],"line":147},"10":{"loc":{"start":{"line":166,"column":37},"end":{"line":166,"column":62}},"type":"default-arg","locations":[{"start":{"line":166,"column":53},"end":{"line":166,"column":62}}],"line":166},"11":{"loc":{"start":{"line":192,"column":19},"end":{"line":192,"column":31}},"type":"default-arg","locations":[{"start":{"line":192,"column":29},"end":{"line":192,"column":31}}],"line":192},"12":{"loc":{"start":{"line":193,"column":10},"end":{"line":193,"column":33}},"type":"default-arg","locations":[{"start":{"line":193,"column":29},"end":{"line":193,"column":33}}],"line":193},"13":{"loc":{"start":{"line":196,"column":2},"end":{"line":199,"column":3}},"type":"if","locations":[{"start":{"line":196,"column":2},"end":{"line":199,"column":3}},{"start":{},"end":{}}],"line":196},"14":{"loc":{"start":{"line":196,"column":6},"end":{"line":196,"column":55}},"type":"binary-expr","locations":[{"start":{"line":196,"column":6},"end":{"line":196,"column":32}},{"start":{"line":196,"column":36},"end":{"line":196,"column":55}}],"line":196},"15":{"loc":{"start":{"line":202,"column":2},"end":{"line":205,"column":3}},"type":"if","locations":[{"start":{"line":202,"column":2},"end":{"line":205,"column":3}},{"start":{},"end":{}}],"line":202},"16":{"loc":{"start":{"line":202,"column":6},"end":{"line":202,"column":73}},"type":"binary-expr","locations":[{"start":{"line":202,"column":6},"end":{"line":202,"column":29}},{"start":{"line":202,"column":33},"end":{"line":202,"column":52}},{"start":{"line":202,"column":56},"end":{"line":202,"column":73}}],"line":202},"17":{"loc":{"start":{"line":208,"column":2},"end":{"line":213,"column":3}},"type":"if","locations":[{"start":{"line":208,"column":2},"end":{"line":213,"column":3}},{"start":{},"end":{}}],"line":208},"18":{"loc":{"start":{"line":208,"column":6},"end":{"line":208,"column":46}},"type":"binary-expr","locations":[{"start":{"line":208,"column":6},"end":{"line":208,"column":21}},{"start":{"line":208,"column":25},"end":{"line":208,"column":46}}],"line":208},"19":{"loc":{"start":{"line":222,"column":2},"end":{"line":224,"column":3}},"type":"if","locations":[{"start":{"line":222,"column":2},"end":{"line":224,"column":3}},{"start":{},"end":{}}],"line":222},"20":{"loc":{"start":{"line":229,"column":14},"end":{"line":229,"column":23}},"type":"binary-expr","locations":[{"start":{"line":229,"column":14},"end":{"line":229,"column":18}},{"start":{"line":229,"column":22},"end":{"line":229,"column":23}}],"line":229}},"s":{"0":13,"1":13,"2":13,"3":13,"4":13,"5":13,"6":13,"7":13,"8":13,"9":13,"10":13,"11":13,"12":14,"13":22,"14":22,"15":3,"16":19,"17":25,"18":2,"19":23,"20":18,"21":18,"22":18,"23":18,"24":18,"25":19,"26":19,"27":23,"28":23,"29":15,"30":0,"31":15,"32":15,"33":8,"34":0,"35":8,"36":19,"37":4,"38":15,"39":15,"40":0,"41":15,"42":5,"43":0,"44":5,"45":5,"46":10,"47":7,"48":7,"49":7,"50":7,"51":1,"52":7,"53":31,"54":31,"55":11,"56":11,"57":20,"58":9,"59":9,"60":11,"61":8,"62":3,"63":3,"64":3,"65":1,"66":2,"67":2,"68":2,"69":13},"f":{"0":13,"1":14,"2":22,"3":25,"4":18,"5":19,"6":7,"7":1,"8":31,"9":2,"10":2},"b":{"0":[3,19],"1":[2,23],"2":[23,20,17],"3":[0,15],"4":[0,8],"5":[4,15],"6":[0,15],"7":[5,10],"8":[0,5],"9":[5,0],"10":[4],"11":[27],"12":[27],"13":[11,20],"14":[31,23],"15":[9,11],"16":[20,17,14],"17":[8,3],"18":[11,11],"19":[1,2],"20":[2,0]},"_coverageSchema":"1a1c01bbd47fc00a2c39e90264f33305004495a9","hash":"5766c30d70f136359dcbafbbd44523c05350db5b"}
}
