TN:
SF:bin/devforgeai.js
FN:15,(anonymous_0)
FNF:1
FNH:0
FNDA:0,(anonymous_0)
DA:12,0
DA:15,0
DA:16,0
DA:17,0
DA:20,0
DA:21,0
DA:25,0
DA:26,0
DA:27,0
DA:31,0
DA:32,0
LF:11
LH:0
BRDA:20,0,0,0
BRDA:20,0,1,0
BRDA:25,1,0,0
BRDA:25,1,1,0
BRDA:25,2,0,0
BRDA:25,2,1,0
BRDA:32,3,0,0
BRDA:32,3,1,0
BRF:8
BRH:0
end_of_record
TN:
SF:lib/cli.js
FN:24,getVersion
FN:33,displayHelp
FN:55,parsePythonVersion
FN:70,isPythonVersionValid
FN:85,exitWithError
FN:100,checkPython
FN:150,invokePythonInstaller
FN:159,(anonymous_7)
FN:176,run
FN:211,(anonymous_9)
FN:212,(anonymous_10)
FNF:11
FNH:11
FNDA:6,getVersion
FNDA:8,displayHelp
FNDA:21,parsePythonVersion
FNDA:24,isPythonVersionValid
FNDA:12,exitWithError
FNDA:18,checkPython
FNDA:6,invokePythonInstaller
FNDA:1,(anonymous_7)
FNDA:11,run
FNDA:1,(anonymous_9)
FNDA:1,(anonymous_10)
DA:8,11
DA:9,11
DA:10,11
DA:11,11
DA:14,11
DA:15,11
DA:16,11
DA:17,11
DA:18,11
DA:25,6
DA:26,6
DA:27,6
DA:34,8
DA:56,21
DA:57,21
DA:59,18
DA:71,24
DA:73,22
DA:86,12
DA:87,12
DA:88,12
DA:89,12
DA:92,12
DA:104,18
DA:105,18
DA:110,14
DA:113,4
DA:125,14
DA:127,14
DA:129,14
DA:130,5
DA:132,5
DA:133,5
DA:142,9
DA:151,6
DA:152,6
DA:154,6
DA:159,6
DA:160,1
DA:166,6
DA:177,11
DA:180,11
DA:181,4
DA:182,4
DA:186,7
DA:187,3
DA:188,3
DA:192,4
DA:193,2
DA:200,2
DA:203,2
DA:206,2
DA:207,1
DA:211,1
DA:212,1
DA:213,1
DA:219,11
LF:57
LH:57
BRDA:57,0,0,3
BRDA:57,0,1,18
BRDA:71,1,0,2
BRDA:71,1,1,22
BRDA:74,2,0,22
BRDA:74,2,1,19
BRDA:74,2,2,16
BRDA:110,3,0,0
BRDA:110,3,1,14
BRDA:127,4,0,0
BRDA:127,4,1,14
BRDA:129,5,0,5
BRDA:129,5,1,9
BRDA:130,6,0,0
BRDA:130,6,1,5
BRDA:132,7,0,5
BRDA:132,7,1,0
BRDA:176,8,0,7
BRDA:177,9,0,7
BRDA:180,10,0,4
BRDA:180,10,1,7
BRDA:180,11,0,11
BRDA:180,11,1,8
BRDA:186,12,0,3
BRDA:186,12,1,4
BRDA:186,13,0,7
BRDA:186,13,1,6
BRDA:186,13,2,5
BRDA:192,14,0,2
BRDA:192,14,1,2
BRDA:192,15,0,4
BRDA:192,15,1,4
BRDA:206,16,0,1
BRDA:206,16,1,1
BRDA:213,17,0,1
BRDA:213,17,1,0
BRF:36
BRH:31
end_of_record
