TN:
SF:bin/devforgeai.js
FN:19,main
FN:46,(anonymous_1)
FNF:2
FNH:1
FNDA:25,main
FNDA:0,(anonymous_1)
DA:12,2
DA:20,25
DA:21,25
DA:26,19
DA:27,18
DA:31,1
DA:34,6
DA:35,1
DA:37,6
DA:42,2
DA:45,2
DA:46,0
DA:47,0
LF:13
LH:11
BRDA:26,0,0,18
BRDA:26,0,1,1
BRDA:34,1,0,1
BRDA:34,1,1,5
BRDA:37,2,0,6
BRDA:37,2,1,0
BRDA:45,3,0,0
BRDA:45,3,1,2
BRF:8
BRH:6
end_of_record
TN:
SF:lib/cli.js
FN:24,getVersion
FN:33,displayHelp
FN:55,parsePythonVersion
FN:70,isPythonVersionValid
FN:85,exitWithError
FN:100,checkPython
FN:166,invokePythonInstaller
FN:175,(anonymous_7)
FN:192,run
FN:227,(anonymous_9)
FN:228,(anonymous_10)
FNF:11
FNH:11
FNDA:13,getVersion
FNDA:14,displayHelp
FNDA:22,parsePythonVersion
FNDA:25,isPythonVersionValid
FNDA:18,exitWithError
FNDA:19,checkPython
FNDA:7,invokePythonInstaller
FNDA:1,(anonymous_7)
FNDA:31,run
FNDA:2,(anonymous_9)
FNDA:2,(anonymous_10)
DA:8,13
DA:9,13
DA:10,13
DA:11,13
DA:14,13
DA:15,13
DA:16,13
DA:17,13
DA:18,13
DA:25,13
DA:26,13
DA:27,13
DA:34,14
DA:56,22
DA:57,22
DA:59,19
DA:71,25
DA:73,23
DA:86,18
DA:87,18
DA:88,18
DA:89,18
DA:92,18
DA:105,19
DA:108,19
DA:109,23
DA:110,23
DA:115,15
DA:117,15
DA:118,15
DA:120,8
DA:121,8
DA:127,19
DA:128,4
DA:140,15
DA:142,15
DA:144,15
DA:145,5
DA:147,5
DA:148,5
DA:157,10
DA:167,7
DA:168,7
DA:170,7
DA:175,7
DA:176,1
DA:182,7
DA:193,31
DA:196,31
DA:197,11
DA:198,11
DA:202,20
DA:203,9
DA:204,9
DA:208,11
DA:209,8
DA:216,3
DA:219,3
DA:222,3
DA:223,1
DA:227,2
DA:228,2
DA:229,2
DA:235,13
LF:64
LH:64
BRDA:57,0,0,3
BRDA:57,0,1,19
BRDA:71,1,0,2
BRDA:71,1,1,23
BRDA:74,2,0,23
BRDA:74,2,1,20
BRDA:74,2,2,17
BRDA:115,3,0,0
BRDA:115,3,1,15
BRDA:120,4,0,0
BRDA:120,4,1,8
BRDA:127,5,0,4
BRDA:127,5,1,15
BRDA:142,6,0,0
BRDA:142,6,1,15
BRDA:144,7,0,5
BRDA:144,7,1,10
BRDA:145,8,0,0
BRDA:145,8,1,5
BRDA:147,9,0,5
BRDA:147,9,1,0
BRDA:166,10,0,4
BRDA:192,11,0,27
BRDA:193,12,0,27
BRDA:196,13,0,11
BRDA:196,13,1,20
BRDA:196,14,0,31
BRDA:196,14,1,23
BRDA:202,15,0,9
BRDA:202,15,1,11
BRDA:202,16,0,20
BRDA:202,16,1,17
BRDA:202,16,2,14
BRDA:208,17,0,8
BRDA:208,17,1,3
BRDA:208,18,0,11
BRDA:208,18,1,11
BRDA:222,19,0,1
BRDA:222,19,1,2
BRDA:229,20,0,2
BRDA:229,20,1,0
BRF:41
BRH:35
end_of_record
