Name                                                  Stmts   Miss Branch BrPart  Cover   Missing
-------------------------------------------------------------------------------------------------
src\agents\skills\advisor\evals\run_evaluation.py        72      1     22      1    98%   29
src\agents\skills\advisor\scripts\advisor_run.py        320      9    148      9    96%   228, 244, 265, 272, 287, 294-295, 297, 388->391, 427
src\agents\skills\advisor\scripts\advisor_stream.py     252     25     94      9    90%   69, 78, 116-118, 122, 130->exit, 145->exit, 164-165, 192-193, 202->213, 210->212, 229-234, 241-243, 250, 326-330
-------------------------------------------------------------------------------------------------
TOTAL                                                   644     35    264     19    94%
