<?xml version="1.0" encoding="utf-8"?><testsuites><testsuite name="pytest" errors="0" failures="21" skipped="2" tests="137" time="10.039" timestamp="2025-12-18T09:05:43.051445" hostname="DESKTOP-88FARC5"><testcase classname="unit.test_internet_sleuth_ac1_frontmatter.TestAC1FrontmatterCompliance" name="test_frontmatter_has_required_field_name" time="0.037" /><testcase classname="unit.test_internet_sleuth_ac1_frontmatter.TestAC1FrontmatterCompliance" name="test_frontmatter_name_uses_kebab_case" time="0.008" /><testcase classname="unit.test_internet_sleuth_ac1_frontmatter.TestAC1FrontmatterCompliance" name="test_frontmatter_has_required_field_description" time="0.007" /><testcase classname="unit.test_internet_sleuth_ac1_frontmatter.TestAC1FrontmatterCompliance" name="test_frontmatter_description_includes_proactive_triggers" time="0.007" /><testcase classname="unit.test_internet_sleuth_ac1_frontmatter.TestAC1FrontmatterCompliance" name="test_frontmatter_has_required_field_tools" time="0.007" /><testcase classname="unit.test_internet_sleuth_ac1_frontmatter.TestAC1FrontmatterCompliance" name="test_frontmatter_tools_comma_separated" time="0.008"><failure message="AssertionError: Unknown tool 'Bash(curl:*)' in frontmatter (valid: {'Edit', 'Bash', 'Grep', 'WebSearch', 'Read', 'WebFetch', 'Glob', 'Write'})&#10;assert 'Bash(curl:*)' in {'Bash', 'Edit', 'Glob', 'Grep', 'Read', 'WebFetch', ...}">tests/unit/test_internet_sleuth_ac1_frontmatter.py:142: in test_frontmatter_tools_comma_separated
    assert tool in valid_tools, f"Unknown tool '{tool}' in frontmatter (valid: {valid_tools})"
E   AssertionError: Unknown tool 'Bash(curl:*)' in frontmatter (valid: {'Edit', 'Bash', 'Grep', 'WebSearch', 'Read', 'WebFetch', 'Glob', 'Write'})
E   assert 'Bash(curl:*)' in {'Bash', 'Edit', 'Glob', 'Grep', 'Read', 'WebFetch', ...}</failure></testcase><testcase classname="unit.test_internet_sleuth_ac1_frontmatter.TestAC1FrontmatterCompliance" name="test_frontmatter_has_required_field_model" time="0.008" /><testcase classname="unit.test_internet_sleuth_ac1_frontmatter.TestAC1FrontmatterCompliance" name="test_frontmatter_optional_field_color" time="0.007" /><testcase classname="unit.test_internet_sleuth_ac1_frontmatter.TestAC1FrontmatterCompliance" name="test_frontmatter_forbids_deprecated_command_prefix" time="0.006" /><testcase classname="unit.test_internet_sleuth_ac1_frontmatter.TestAC1FrontmatterCompliance" name="test_frontmatter_forbids_deprecated_output_format" time="0.007" /><testcase classname="unit.test_internet_sleuth_ac1_frontmatter.TestAC1FrontmatterCompliance" name="test_frontmatter_yaml_valid_syntax" time="0.006" /><testcase classname="unit.test_internet_sleuth_ac1_frontmatter.TestAC1FrontmatterCompliance" name="test_frontmatter_completeness_all_required_fields" time="0.007" /><testcase classname="unit.test_internet_sleuth_ac1_frontmatter.TestAC1FrontmatterCompliance" name="test_frontmatter_no_extra_unexpected_fields" time="0.007" /><testcase classname="unit.test_internet_sleuth_ac2_path_migration.TestAC2PathMigration" name="test_no_old_context_path_references" time="0.008" /><testcase classname="unit.test_internet_sleuth_ac2_path_migration.TestAC2PathMigration" name="test_no_old_adrs_path_references" time="0.007" /><testcase classname="unit.test_internet_sleuth_ac2_path_migration.TestAC2PathMigration" name="test_no_bmad_core_path_references" time="0.006" /><testcase classname="unit.test_internet_sleuth_ac2_path_migration.TestAC2PathMigration" name="test_no_old_research_path_references" time="0.006" /><testcase classname="unit.test_internet_sleuth_ac2_path_migration.TestAC2PathMigration" name="test_uses_new_devforgeai_context_path" time="0.007"><failure message="AssertionError: No references to 'devforgeai/context/' found - agent must document context file location&#10;assert 0 &gt; 0&#10; +  where 0 = len([])">tests/unit/test_internet_sleuth_ac2_path_migration.py:106: in test_uses_new_devforgeai_context_path
    assert len(new_context_matches) &gt; 0, \
E   AssertionError: No references to 'devforgeai/context/' found - agent must document context file location
E   assert 0 &gt; 0
E    +  where 0 = len([])</failure></testcase><testcase classname="unit.test_internet_sleuth_ac2_path_migration.TestAC2PathMigration" name="test_uses_new_devforgeai_adrs_path" time="0.006"><failure message="AssertionError: No references to 'devforgeai/adrs/' found - agent must document ADR check workflow&#10;assert 0 &gt; 0&#10; +  where 0 = len([])">tests/unit/test_internet_sleuth_ac2_path_migration.py:121: in test_uses_new_devforgeai_adrs_path
    assert len(new_adrs_matches) &gt; 0, \
E   AssertionError: No references to 'devforgeai/adrs/' found - agent must document ADR check workflow
E   assert 0 &gt; 0
E    +  where 0 = len([])</failure></testcase><testcase classname="unit.test_internet_sleuth_ac2_path_migration.TestAC2PathMigration" name="test_uses_new_devforgeai_research_path" time="0.006"><failure message="AssertionError: No references to 'devforgeai/research/' found - agent must document research output location&#10;assert 0 &gt; 0&#10; +  where 0 = len([])">tests/unit/test_internet_sleuth_ac2_path_migration.py:136: in test_uses_new_devforgeai_research_path
    assert len(new_research_matches) &gt; 0, \
E   AssertionError: No references to 'devforgeai/research/' found - agent must document research output location
E   assert 0 &gt; 0
E    +  where 0 = len([])</failure></testcase><testcase classname="unit.test_internet_sleuth_ac2_path_migration.TestAC2PathMigration" name="test_uses_ai_docs_stories_path_correctly" time="0.007"><failure message="AssertionError: No references to 'devforgeai/specs/Stories/' found - agent should document story integration&#10;assert 0 &gt; 0&#10; +  where 0 = len([])">tests/unit/test_internet_sleuth_ac2_path_migration.py:151: in test_uses_ai_docs_stories_path_correctly
    assert len(stories_matches) &gt; 0, \
E   AssertionError: No references to 'devforgeai/specs/Stories/' found - agent should document story integration
E   assert 0 &gt; 0
E    +  where 0 = len([])</failure></testcase><testcase classname="unit.test_internet_sleuth_ac2_path_migration.TestAC2PathMigration" name="test_uses_ai_docs_epics_path_correctly" time="0.006"><failure message="AssertionError: No references to 'devforgeai/specs/Epics/' found - agent should document epic integration&#10;assert 0 &gt; 0&#10; +  where 0 = len([])">tests/unit/test_internet_sleuth_ac2_path_migration.py:166: in test_uses_ai_docs_epics_path_correctly
    assert len(epics_matches) &gt; 0, \
E   AssertionError: No references to 'devforgeai/specs/Epics/' found - agent should document epic integration
E   assert 0 &gt; 0
E    +  where 0 = len([])</failure></testcase><testcase classname="unit.test_internet_sleuth_ac2_path_migration.TestAC2PathMigration" name="test_no_mixed_path_conventions" time="0.007"><failure message="AssertionError: Found only 0 new path references - expected at least 3 (context, adrs, research)&#10;assert 0 &gt;= 3">tests/unit/test_internet_sleuth_ac2_path_migration.py:194: in test_no_mixed_path_conventions
    assert new_paths &gt;= 3, f"Found only {new_paths} new path references - expected at least 3 (context, adrs, research)"
E   AssertionError: Found only 0 new path references - expected at least 3 (context, adrs, research)
E   assert 0 &gt;= 3</failure></testcase><testcase classname="unit.test_internet_sleuth_ac2_path_migration.TestAC2PathMigration" name="test_path_references_use_correct_format" time="0.006"><failure message="AssertionError: No devforgeai/ paths found&#10;assert 0 &gt; 0&#10; +  where 0 = len([])">tests/unit/test_internet_sleuth_ac2_path_migration.py:209: in test_path_references_use_correct_format
    assert len(all_devforgeai_paths) &gt; 0, "No devforgeai/ paths found"
E   AssertionError: No devforgeai/ paths found
E   assert 0 &gt; 0
E    +  where 0 = len([])</failure></testcase><testcase classname="unit.test_internet_sleuth_ac2_path_migration.TestAC2PathMigration" name="test_no_absolute_paths_to_context_files" time="0.006" /><testcase classname="unit.test_internet_sleuth_ac2_path_migration.TestAC2PathMigration" name="test_comp_003_all_path_references_migrated" time="0.006"><failure message="AssertionError: COMP-003 FAILED: Only 0 new path references (expected ≥3)&#10;assert 0 &gt;= 3">tests/unit/test_internet_sleuth_ac2_path_migration.py:258: in test_comp_003_all_path_references_migrated
    assert new_count &gt;= 3, f"COMP-003 FAILED: Only {new_count} new path references (expected ≥3)"
E   AssertionError: COMP-003 FAILED: Only 0 new path references (expected ≥3)
E   assert 0 &gt;= 3</failure></testcase><testcase classname="unit.test_internet_sleuth_ac3_context_awareness.TestAC3ContextFileAwareness" name="test_framework_integration_section_exists" time="0.006" /><testcase classname="unit.test_internet_sleuth_ac3_context_awareness.TestAC3ContextFileAwareness" name="test_references_tech_stack_context_file" time="0.007" /><testcase classname="unit.test_internet_sleuth_ac3_context_awareness.TestAC3ContextFileAwareness" name="test_references_source_tree_context_file" time="0.006" /><testcase classname="unit.test_internet_sleuth_ac3_context_awareness.TestAC3ContextFileAwareness" name="test_references_dependencies_context_file" time="0.006" /><testcase classname="unit.test_internet_sleuth_ac3_context_awareness.TestAC3ContextFileAwareness" name="test_references_coding_standards_context_file" time="0.006" /><testcase classname="unit.test_internet_sleuth_ac3_context_awareness.TestAC3ContextFileAwareness" name="test_references_architecture_constraints_context_file" time="0.006" /><testcase classname="unit.test_internet_sleuth_ac3_context_awareness.TestAC3ContextFileAwareness" name="test_references_anti_patterns_context_file" time="0.006" /><testcase classname="unit.test_internet_sleuth_ac3_context_awareness.TestAC3ContextFileAwareness" name="test_comp_004_all_six_context_files_listed" time="0.007" /><testcase classname="unit.test_internet_sleuth_ac3_context_awareness.TestAC3ContextFileAwareness" name="test_context_files_have_purpose_documented" time="0.009" /><testcase classname="unit.test_internet_sleuth_ac3_context_awareness.TestAC3ContextFileAwareness" name="test_context_files_have_when_to_check_guidance" time="0.006" /><testcase classname="unit.test_internet_sleuth_ac3_context_awareness.TestAC3ContextFileAwareness" name="test_adr_awareness_workflow_present" time="0.008"><failure message="AssertionError: Agent must reference 'devforgeai/adrs/' directory for ADR awareness&#10;assert False">tests/unit/test_internet_sleuth_ac3_context_awareness.py:246: in test_adr_awareness_workflow_present
    assert has_adr_check, "Agent must reference 'devforgeai/adrs/' directory for ADR awareness"
E   AssertionError: Agent must reference 'devforgeai/adrs/' directory for ADR awareness
E   assert False</failure></testcase><testcase classname="unit.test_internet_sleuth_ac3_context_awareness.TestAC3ContextFileAwareness" name="test_adr_workflow_includes_askuserquestion_for_conflicts" time="0.009"><failure message="AssertionError: ADR workflow should include AskUserQuestion for technology conflict resolution&#10;assert False">tests/unit/test_internet_sleuth_ac3_context_awareness.py:269: in test_adr_workflow_includes_askuserquestion_for_conflicts
    assert has_askuserquestion, \
E   AssertionError: ADR workflow should include AskUserQuestion for technology conflict resolution
E   assert False</failure></testcase><testcase classname="unit.test_internet_sleuth_ac3_context_awareness.TestAC3ContextFileAwareness" name="test_br_001_agent_halts_if_context_files_missing" time="0.007" /><testcase classname="unit.test_internet_sleuth_ac3_context_awareness.TestAC3ContextFileAwareness" name="test_br_002_requires_adr_message_for_tech_not_in_stack" time="0.007" /><testcase classname="unit.test_internet_sleuth_ac3_context_awareness.TestAC3ContextFileAwareness" name="test_framework_aware_not_autonomous" time="0.009" /><testcase classname="unit.test_internet_sleuth_ac4_subagent_sections.TestAC4SubagentSections" name="test_when_invoked_section_exists" time="0.006" /><testcase classname="unit.test_internet_sleuth_ac4_subagent_sections.TestAC4SubagentSections" name="test_when_invoked_has_proactive_triggers" time="0.008" /><testcase classname="unit.test_internet_sleuth_ac4_subagent_sections.TestAC4SubagentSections" name="test_when_invoked_mentions_devforgeai_ideation" time="0.006" /><testcase classname="unit.test_internet_sleuth_ac4_subagent_sections.TestAC4SubagentSections" name="test_when_invoked_mentions_devforgeai_architecture" time="0.006" /><testcase classname="unit.test_internet_sleuth_ac4_subagent_sections.TestAC4SubagentSections" name="test_when_invoked_has_explicit_invocation_pattern" time="0.006" /><testcase classname="unit.test_internet_sleuth_ac4_subagent_sections.TestAC4SubagentSections" name="test_framework_integration_section_exists" time="0.006" /><testcase classname="unit.test_internet_sleuth_ac4_subagent_sections.TestAC4SubagentSections" name="test_framework_integration_documents_invoking_skills" time="0.007" /><testcase classname="unit.test_internet_sleuth_ac4_subagent_sections.TestAC4SubagentSections" name="test_framework_integration_documents_required_context" time="0.007" /><testcase classname="unit.test_internet_sleuth_ac4_subagent_sections.TestAC4SubagentSections" name="test_success_criteria_section_exists" time="0.007" /><testcase classname="unit.test_internet_sleuth_ac4_subagent_sections.TestAC4SubagentSections" name="test_success_criteria_is_measurable_checklist" time="0.007" /><testcase classname="unit.test_internet_sleuth_ac4_subagent_sections.TestAC4SubagentSections" name="test_success_criteria_includes_token_budget" time="0.007" /><testcase classname="unit.test_internet_sleuth_ac4_subagent_sections.TestAC4SubagentSections" name="test_integration_section_exists" time="0.006" /><testcase classname="unit.test_internet_sleuth_ac4_subagent_sections.TestAC4SubagentSections" name="test_integration_lists_devforgeai_ideation" time="0.007" /><testcase classname="unit.test_internet_sleuth_ac4_subagent_sections.TestAC4SubagentSections" name="test_integration_lists_devforgeai_architecture" time="0.006" /><testcase classname="unit.test_internet_sleuth_ac4_subagent_sections.TestAC4SubagentSections" name="test_comp_006_007_008_all_sections_present" time="0.006" /><testcase classname="unit.test_internet_sleuth_ac4_subagent_sections.TestAC4SubagentSections" name="test_sections_follow_devforgeai_formatting_conventions" time="0.007" /><testcase classname="unit.test_internet_sleuth_ac4_subagent_sections.TestAC4SubagentSections" name="test_success_criteria_has_multiple_measurable_items" time="0.007" /><testcase classname="unit.test_internet_sleuth_ac4_subagent_sections.TestAC4SubagentSections" name="test_integration_section_documents_coordination" time="0.006" /><testcase classname="unit.test_internet_sleuth_ac5_command_framework_removal.TestAC5CommandFrameworkRemoval" name="test_no_command_execution_framework_heading" time="0.007" /><testcase classname="unit.test_internet_sleuth_ac5_command_framework_removal.TestAC5CommandFrameworkRemoval" name="test_no_step_1_load_decision_history" time="0.006" /><testcase classname="unit.test_internet_sleuth_ac5_command_framework_removal.TestAC5CommandFrameworkRemoval" name="test_no_step_2_load_dependencies" time="0.007" /><testcase classname="unit.test_internet_sleuth_ac5_command_framework_removal.TestAC5CommandFrameworkRemoval" name="test_no_available_commands_section" time="0.006" /><testcase classname="unit.test_internet_sleuth_ac5_command_framework_removal.TestAC5CommandFrameworkRemoval" name="test_no_research_command_syntax" time="0.007" /><testcase classname="unit.test_internet_sleuth_ac5_command_framework_removal.TestAC5CommandFrameworkRemoval" name="test_no_competitive_analysis_command_syntax" time="0.006" /><testcase classname="unit.test_internet_sleuth_ac5_command_framework_removal.TestAC5CommandFrameworkRemoval" name="test_no_technology_monitoring_command_syntax" time="0.007" /><testcase classname="unit.test_internet_sleuth_ac5_command_framework_removal.TestAC5CommandFrameworkRemoval" name="test_no_repository_archaeology_command_syntax" time="0.007" /><testcase classname="unit.test_internet_sleuth_ac5_command_framework_removal.TestAC5CommandFrameworkRemoval" name="test_no_market_intelligence_command_syntax" time="0.007" /><testcase classname="unit.test_internet_sleuth_ac5_command_framework_removal.TestAC5CommandFrameworkRemoval" name="test_no_validate_research_command_syntax" time="0.006" /><testcase classname="unit.test_internet_sleuth_ac5_command_framework_removal.TestAC5CommandFrameworkRemoval" name="test_comp_009_010_all_command_patterns_removed" time="0.008" /><testcase classname="unit.test_internet_sleuth_ac5_command_framework_removal.TestAC5CommandFrameworkRemoval" name="test_has_research_capabilities_or_workflow_section" time="0.007" /><testcase classname="unit.test_internet_sleuth_ac5_command_framework_removal.TestAC5CommandFrameworkRemoval" name="test_narrative_section_uses_prose_not_commands" time="0.008" /><testcase classname="unit.test_internet_sleuth_ac5_command_framework_removal.TestAC5CommandFrameworkRemoval" name="test_no_command_parsing_logic_in_agent" time="0.008" /><testcase classname="unit.test_internet_sleuth_ac5_command_framework_removal.TestAC5CommandFrameworkRemoval" name="test_no_dependencies_field_in_command_documentation" time="0.006" /><testcase classname="unit.test_internet_sleuth_ac5_command_framework_removal.TestAC5CommandFrameworkRemoval" name="test_simplified_capabilities_focus_on_research_tasks" time="0.007" /><testcase classname="unit.test_internet_sleuth_ac5_command_framework_removal.TestAC5CommandFrameworkRemoval" name="test_no_command_prefix_execution_framework_in_any_section" time="0.008" /><testcase classname="unit.test_internet_sleuth_ac6_output_standardization.TestAC6OutputStandardization" name="test_documents_devforgeai_research_output_path" time="0.006"><failure message="AssertionError: AC6 FAILED: Agent must document 'devforgeai/research/' output directory&#10;assert False">tests/unit/test_internet_sleuth_ac6_output_standardization.py:57: in test_documents_devforgeai_research_output_path
    assert has_research_path, \
E   AssertionError: AC6 FAILED: Agent must document 'devforgeai/research/' output directory
E   assert False</failure></testcase><testcase classname="unit.test_internet_sleuth_ac6_output_standardization.TestAC6OutputStandardization" name="test_repository_management_uses_devforgeai_research" time="0.007"><failure message="AssertionError: COMP-012: Repository Management section must reference 'devforgeai/research/' for outputs&#10;assert False">tests/unit/test_internet_sleuth_ac6_output_standardization.py:75: in test_repository_management_uses_devforgeai_research
    assert has_research_path, \
E   AssertionError: COMP-012: Repository Management section must reference 'devforgeai/research/' for outputs
E   assert False</failure></testcase><testcase classname="unit.test_internet_sleuth_ac6_output_standardization.TestAC6OutputStandardization" name="test_no_old_research_output_paths" time="0.007" /><testcase classname="unit.test_internet_sleuth_ac6_output_standardization.TestAC6OutputStandardization" name="test_documents_tech_eval_filename_convention" time="0.007" /><testcase classname="unit.test_internet_sleuth_ac6_output_standardization.TestAC6OutputStandardization" name="test_documents_pattern_analysis_filename_convention" time="0.007" /><testcase classname="unit.test_internet_sleuth_ac6_output_standardization.TestAC6OutputStandardization" name="test_documents_competitive_filename_convention" time="0.007" /><testcase classname="unit.test_internet_sleuth_ac6_output_standardization.TestAC6OutputStandardization" name="test_filename_conventions_use_iso_date_format" time="0.008" /><testcase classname="unit.test_internet_sleuth_ac6_output_standardization.TestAC6OutputStandardization" name="test_comp_012_013_output_structure_comprehensive" time="0.006"><failure message="AssertionError: COMP-012: Output directory not documented&#10;assert False">tests/unit/test_internet_sleuth_ac6_output_standardization.py:207: in test_comp_012_013_output_structure_comprehensive
    assert has_directory, "COMP-012: Output directory not documented"
E   AssertionError: COMP-012: Output directory not documented
E   assert False</failure></testcase><testcase classname="unit.test_internet_sleuth_ac6_output_standardization.TestAC6OutputStandardization" name="test_documents_directory_creation_if_not_exists" time="0.007" /><testcase classname="unit.test_internet_sleuth_ac6_output_standardization.TestAC6OutputStandardization" name="test_no_hardcoded_output_paths_in_examples" time="0.006" /><testcase classname="unit.test_internet_sleuth_ac6_output_standardization.TestAC6OutputStandardization" name="test_br_003_research_directory_documented" time="0.006"><failure message="AssertionError: BR-003 FAILED: Must document 'devforgeai/research/' as research output directory&#10;assert False">tests/unit/test_internet_sleuth_ac6_output_standardization.py:268: in test_br_003_research_directory_documented
    assert has_research_dir, \
E   AssertionError: BR-003 FAILED: Must document 'devforgeai/research/' as research output directory
E   assert False</failure></testcase><testcase classname="unit.test_internet_sleuth_ac6_output_standardization.TestAC6OutputStandardization" name="test_br_003_directory_permissions_documented" time="0.007" /><testcase classname="unit.test_internet_sleuth_ac6_output_standardization.TestAC6OutputStandardization" name="test_output_format_consistency_across_research_types" time="0.008" /><testcase classname="unit.test_internet_sleuth_ac6_output_standardization.TestAC6OutputStandardization" name="test_no_references_to_tmp_repos_research_pattern" time="0.008" /><testcase classname="unit.test_internet_sleuth_business_rules.TestInternetSleuthBusinessRules" name="test_br_001_validates_all_six_context_files_exist" time="0.007" /><testcase classname="unit.test_internet_sleuth_business_rules.TestInternetSleuthBusinessRules" name="test_br_001_halts_if_context_files_missing" time="0.008" /><testcase classname="unit.test_internet_sleuth_business_rules.TestInternetSleuthBusinessRules" name="test_br_001_error_lists_missing_files" time="0.009" /><testcase classname="unit.test_internet_sleuth_business_rules.TestInternetSleuthBusinessRules" name="test_br_002_requires_adr_for_new_technology" time="0.007" /><testcase classname="unit.test_internet_sleuth_business_rules.TestInternetSleuthBusinessRules" name="test_br_002_askuserquestion_with_two_options" time="0.011" /><testcase classname="unit.test_internet_sleuth_business_rules.TestInternetSleuthBusinessRules" name="test_br_003_outputs_written_to_devforgeai_research" time="0.008"><failure message="AssertionError: BR-003 FAILED: Output files must be written to 'devforgeai/research/'&#10;assert False">tests/unit/test_internet_sleuth_business_rules.py:161: in test_br_003_outputs_written_to_devforgeai_research
    assert has_research_dir, \
E   AssertionError: BR-003 FAILED: Output files must be written to 'devforgeai/research/'
E   assert False</failure></testcase><testcase classname="unit.test_internet_sleuth_business_rules.TestInternetSleuthBusinessRules" name="test_br_003_directory_created_if_not_exists" time="0.008" /><testcase classname="unit.test_internet_sleuth_business_rules.TestInternetSleuthBusinessRules" name="test_br_003_directory_permissions_755" time="0.007" /><testcase classname="unit.test_internet_sleuth_business_rules.TestInternetSleuthBusinessRules" name="test_br_004_validates_github_url_pattern" time="0.007" /><testcase classname="unit.test_internet_sleuth_business_rules.TestInternetSleuthBusinessRules" name="test_br_004_rejects_malformed_urls_with_error" time="0.008" /><testcase classname="unit.test_internet_sleuth_business_rules.TestInternetSleuthBusinessRules" name="test_br_004_error_message_specifies_github_format" time="0.008" /><testcase classname="unit.test_internet_sleuth_business_rules.TestInternetSleuthBusinessRules" name="test_all_business_rules_documented" time="0.008"><failure message="AssertionError: Only 3/4 business rules documented. Missing: ['BR-003']&#10;assert 3 == 4">tests/unit/test_internet_sleuth_business_rules.py:277: in test_all_business_rules_documented
    assert documented_rules == 4, \
E   AssertionError: Only 3/4 business rules documented. Missing: ['BR-003']
E   assert 3 == 4</failure></testcase><testcase classname="unit.test_internet_sleuth_business_rules.TestInternetSleuthBusinessRules" name="test_business_rules_use_framework_patterns" time="0.007" /><testcase classname="unit.test_internet_sleuth_business_rules.TestInternetSleuthBusinessRules" name="test_business_rule_violations_halt_execution" time="0.007" /><testcase classname="unit.test_internet_sleuth_edge_cases.TestInternetSleuthEdgeCases" name="test_edge_case_1_greenfield_mode_documented" time="0.007" /><testcase classname="unit.test_internet_sleuth_edge_cases.TestInternetSleuthEdgeCases" name="test_edge_case_1_recommends_tech_stack_for_greenfield" time="0.008" /><testcase classname="unit.test_internet_sleuth_edge_cases.TestInternetSleuthEdgeCases" name="test_edge_case_2_brownfield_incomplete_context_halt_behavior" time="0.007" /><testcase classname="unit.test_internet_sleuth_edge_cases.TestInternetSleuthEdgeCases" name="test_edge_case_2_recommends_create_context_command" time="0.007" /><testcase classname="unit.test_internet_sleuth_edge_cases.TestInternetSleuthEdgeCases" name="test_edge_case_3_technology_conflict_requires_adr_message" time="0.006" /><testcase classname="unit.test_internet_sleuth_edge_cases.TestInternetSleuthEdgeCases" name="test_edge_case_3_conflict_triggers_askuserquestion" time="0.008" /><testcase classname="unit.test_internet_sleuth_edge_cases.TestInternetSleuthEdgeCases" name="test_edge_case_4_adr_check_before_new_technology" time="0.007"><failure message="AssertionError: Edge Case 4: Agent must document checking devforgeai/adrs/ before technology recommendations&#10;assert False">tests/unit/test_internet_sleuth_edge_cases.py:166: in test_edge_case_4_adr_check_before_new_technology
    assert has_adr_check, \
E   AssertionError: Edge Case 4: Agent must document checking devforgeai/adrs/ before technology recommendations
E   assert False</failure></testcase><testcase classname="unit.test_internet_sleuth_edge_cases.TestInternetSleuthEdgeCases" name="test_edge_case_5_token_budget_progressive_disclosure" time="0.007"><failure message="AssertionError: Edge Case 5: Agent must document progressive disclosure strategy for token budget management&#10;assert (True and False)">tests/unit/test_internet_sleuth_edge_cases.py:184: in test_edge_case_5_token_budget_progressive_disclosure
    assert has_progressive and has_token_budget, \
E   AssertionError: Edge Case 5: Agent must document progressive disclosure strategy for token budget management
E   assert (True and False)</failure></testcase><testcase classname="unit.test_internet_sleuth_edge_cases.TestInternetSleuthEdgeCases" name="test_edge_case_5_large_repo_partial_analysis" time="0.008" /><testcase classname="unit.test_internet_sleuth_edge_cases.TestInternetSleuthEdgeCases" name="test_edge_case_6_private_repo_authentication_error" time="0.009" /><testcase classname="unit.test_internet_sleuth_edge_cases.TestInternetSleuthEdgeCases" name="test_edge_case_6_no_retry_for_auth_failures" time="0.013"><failure message="AssertionError: Edge Case 6: Agent must NOT retry authentication failures (403, 401)&#10;assert (False or 'retry' not in '---\nname: internet-sleuth\ndescription: expert research &amp; competitive intelligence specialist for web research automation, competitive analysis, technology monitoring, and repository archaeology. automatically invoked by devforgeai-ideation for market research and technology discovery, and by devforgeai-architecture for repository pattern mining and technical validation. specializes in multi-source synthesis with framework-aware technology recommendations.\ntools: read, write, edit, bash(curl:*), bash(jq:*), glob, grep, websearch, webfetch\nmodel: haiku\ncolor: blue\n---\n\n# internet sleuth - research &amp; competitive intelligence specialist\n\nexpert research agent specializing in systematic research automation, competitive analysis, repository archaeology, and intelligence synthesis. framework-aware with devforgeai context file integration.\n\n## purpose\n\nperform comprehensive research investigations including web research, repository archaeology, competitive intelligence, and technology monitoring. provides actionable insights while respecting devforgeai framework constraints (tech-stack.md, architecture-constraints.md, anti-patterns.md).\n\n## when invoked\n\n**proactive triggers:**\n- after devforgeai-ideation skill completes epic feature decomposition (market research, technology landscape analysis)\n- during devforgeai-architecture skill technology selection phase (repository pattern mining, implementation validation)\n- after requirements-analyst generates features requiring technology evaluation\n- when epic scope includes &quot;research&quot;, &quot;competitive analysis&quot;, or &quot;technology evaluation&quot;\n\n**explicit invocation:**\n```\ntask(\n  subagent_type=&quot;internet-sleuth&quot;,\n  description=&quot;research react component patterns&quot;,\n  prompt=&quot;analyze top 5 github repositories for react component architecture patterns. focus on state management, composition patterns, and testing approaches. validate against tech-stack.md constraints.&quot;\n)\n```\n\n**automatic:**\n- devforgeai-ideation skill (phase 5: feasibility analysis - technology landscape research)\n- devforgeai-architecture skill (phase 2: create context files - technology validation)\n\n## workflow\n\n### phase 0: progressive disclosure - load methodology references\n\n**purpose:** load only necessary methodology reference files based on research mode to prevent token bloat.\n\n**step 0.1: detect research mode**\n- extract research mode from prompt: `research mode: [discovery|investigation|competitive-analysis|repository-archaeology|market-intelligence]`\n- if not specified: default to `discovery` (broad exploration)\n- valid modes: discovery, investigation, competitive-analysis, repository-archaeology, market-intelligence\n\n**step 0.2: load base research principles (always)**\n- read `.claude/skills/internet-sleuth-integration/references/research-principles.md` (~300 lines)\n- contains: core research principles, evidence standards, framework integration guidelines\n- **why always loaded:** all research modes share these foundational principles\n\n**step 0.3: load mode-specific methodology (conditional)**\n\n```python\nmode_to_reference = {\n    &quot;discovery&quot;: &quot;.claude/skills/internet-sleuth-integration/references/discovery-mode-methodology.md&quot;,  # ~400 lines\n    &quot;investigation&quot;: &quot;.claude/skills/internet-sleuth-integration/references/investigation-mode-methodology.md&quot;,  # ~400 lines (future)\n    &quot;competitive-analysis&quot;: &quot;.claude/skills/internet-sleuth-integration/references/competitive-analysis-patterns.md&quot;,  # ~500 lines\n    &quot;repository-archaeology&quot;: &quot;.claude/skills/internet-sleuth-integration/references/repository-archaeology-guide.md&quot;,  # ~600 lines\n    &quot;market-intelligence&quot;: &quot;.claude/skills/internet-sleuth-integration/references/market-intelligence-guide.md&quot;  # ~450 lines (future)\n}\n\nif research_mode in mode_to_reference:\n    read(file_path=mode_to_reference[research_mode])\n    display(f&quot;✓ loaded {research_mode} methodology (~{line_count} lines)&quot;)\nelse:\n    display(f&quot;⚠️ unknown research mode \'{research_mode}\', using base principles only&quot;)\n```\n\n**step 0.4: load skill coordination patterns (if invoked by skill)**\n- if invoked by devforgeai-ideation or devforgeai-architecture: read `.claude/skills/internet-sleuth-integration/references/skill-coordination-patterns.md` (~450 lines)\n- contains: task invocation patterns, result parsing examples, error handling\n- **why conditional:** only needed when coordinating with skills, not for standalone research\n\n**token efficiency:**\n- **without progressive disclosure:** 2,500+ lines loaded per operation (~20k tokens)\n- **with progressive disclosure:** 700-900 lines loaded per operation (~7k tokens)\n- **savings:** 65% token reduction\n\n**verification:**\n```\ndisplay loaded methodology summary:\n  ✓ research-principles.md (300 lines) - base\n  ✓ {mode}-methodology.md ({x} lines) - mode-specific\n  [✓ skill-coordination-patterns.md (450 lines) - if skill invoked]\n\ntotal loaded: 700-1200 lines (vs 2,500+ without progressive loading)\n```\n\n---\n\n### phase 1: context validation\n\n**step 1.1: validate framework context**\n- check if `devforgeai/specs/context/` directory exists (brownfield vs greenfield detection)\n- if brownfield mode: validate all 6 context files exist (tech-stack.md, source-tree.md, dependencies.md, coding-standards.md, architecture-constraints.md, anti-patterns.md)\n- if any context files missing: halt with error listing missing files and recommend `/create-context` command\n- if greenfield mode: note &quot;operating in greenfield mode - context files not yet created&quot; and proceed with recommendations for initial tech-stack.md\n\n**step 1.2: load existing context (brownfield only)**\n- read `devforgeai/specs/context/tech-stack.md` to understand locked technologies\n- read `devforgeai/specs/context/dependencies.md` for approved packages\n- read `devforgeai/specs/context/anti-patterns.md` for forbidden patterns\n- check `devforgeai/specs/adrs/` for existing technology decisions\n\n**step 1.3: validate epic/story context (if applicable)**\n- if invoked by orchestration: read `devforgeai/specs/epics/{epic-id}.epic.md` for context\n- if invoked for specific story: read `devforgeai/specs/stories/{story-id}.story.md` for requirements\n- extract technology scope and constraints from epic/story features\n\n**step 1.4: detect workflow state (new - phase 2 integration)**\n- extract workflow state from conversation context or epic/story yaml frontmatter\n- **detection sources (priority order):**\n  1. explicit marker in prompt: `workflow state: architecture`\n  2. story yaml frontmatter: `status: in development`\n  3. epic yaml frontmatter: `status: planning`\n  4. conversation context: &quot;story is in [state]&quot; or &quot;epic status: [state]&quot;\n  5. default: `backlog` (if undetectable)\n\n- **valid workflow states (11 total):**\n  ```\n  backlog, architecture, ready for dev, in development, dev complete,\n  qa in progress, qa approved, qa failed, releasing, released\n  ```\n\n- **map to research focus:**\n  ```python\n  research_focus_by_state = {\n      &quot;backlog&quot;: &quot;feasibility and market viability assessment&quot;,\n      &quot;architecture&quot;: &quot;technology evaluation and pattern selection&quot;,\n      &quot;ready for dev&quot;: &quot;implementation patterns and best practices&quot;,\n      &quot;in development&quot;: &quot;debugging patterns and performance optimization&quot;,\n      &quot;dev complete&quot;: &quot;testing strategies and edge case research&quot;,\n      &quot;qa in progress&quot;: &quot;quality validation patterns and common issues&quot;,\n      &quot;qa approved&quot;: &quot;deployment patterns and production readiness&quot;,\n      &quot;releasing&quot;: &quot;rollback strategies and smoke test patterns&quot;,\n      &quot;released&quot;: &quot;post-release monitoring and user feedback analysis&quot;\n  }\n\n  workflow_state = detect_state()  # from sources above\n  research_focus = research_focus_by_state[workflow_state]\n\n  display(f&quot;✓ workflow state: {workflow_state}&quot;)\n  display(f&quot;✓ research focus: {research_focus}&quot;)\n  ```\n\n- **adapt research based on state:**\n  - **backlog/architecture:** broad feasibility, technology options, market research\n  - **ready for dev/in development:** specific implementation patterns, code examples, debugging\n  - **qa/released:** testing strategies, production issues, user feedback\n\n- **tag report with state:**\n  - add workflow_state to yaml frontmatter: `workflow_state: architecture`\n  - include in report section 6 (workflow state)\n\n**step 1.5: staleness detection (new - phase 2 integration)**\n- if reading existing research report (resume or reference): check staleness\n- **staleness criteria:**\n  - age: report &gt;30 days old\n  - state distance: current workflow state is 2+ states ahead of report\'s workflow_state\n\n- **example staleness check:**\n  ```python\n  def check_staleness(report_date, report_state, current_date, current_state):\n      workflow_states = [&quot;backlog&quot;, &quot;architecture&quot;, &quot;ready for dev&quot;, &quot;in development&quot;,\n                          &quot;dev complete&quot;, &quot;qa in progress&quot;, &quot;qa approved&quot;, &quot;qa failed&quot;,\n                          &quot;releasing&quot;, &quot;released&quot;]\n\n      age_days = (current_date - report_date).days\n      state_distance = workflow_states.index(current_state) - workflow_states.index(report_state)\n\n      if age_days &gt; 30:\n          return {&quot;status&quot;: &quot;stale&quot;, &quot;reason&quot;: f&quot;age: {age_days} days (threshold: 30)&quot;}\n      if state_distance &gt;= 2:\n          return {&quot;status&quot;: &quot;stale&quot;, &quot;reason&quot;: f&quot;workflow state distance: {state_distance} states (threshold: 2)&quot;}\n\n      return {&quot;status&quot;: &quot;current&quot;}\n\n  # example\n  report_date = &quot;2025-10-01&quot;\n  report_state = &quot;backlog&quot;\n  current_date = &quot;2025-11-17&quot;  # 47 days later\n  current_state = &quot;in development&quot;  # 2 states ahead\n\n  staleness = check_staleness(report_date, report_state, current_date, current_state)\n  # returns: {&quot;status&quot;: &quot;stale&quot;, &quot;reason&quot;: &quot;age: 47 days (threshold: 30)&quot;}\n  # and: {&quot;status&quot;: &quot;stale&quot;, &quot;reason&quot;: &quot;workflow state distance: 2 states (threshold: 2)&quot;}\n  ```\n\n- **action if stale:**\n  - flag report header: &quot;⚠️ stale research (47 days old, 2 workflow states behind)&quot;\n  - recommend: &quot;re-research recommended with current workflow focus: [current focus]&quot;\n  - include in section 6 (workflow state) of report\n\n### phase 2: research execution\n\n**step 2.1: web research**\n- execute systematic web searches using websearch tool\n- collect information from multiple credible sources (prioritize: official docs, github repos, stack overflow, technical blogs)\n- build source inventory with credibility assessment (official &gt; community &gt; anecdotal)\n- extract key insights and emerging patterns\n\n**step 2.2: repository discovery**\n- use github search for relevant repositories matching research criteria\n- advanced query construction: language filters, popularity ranking, recency weighting\n- verify license compatibility for enterprise use (mit, apache 2.0, bsd prioritized)\n- clone repositories to temporary directory: `tmp/repos/{category}/{repo-name}/`\n\n**step 2.3: repository archaeology**\n- analyze code patterns using grep tool:\n  - build system integration patterns (package.json, pom.xml, build scripts)\n  - quality gate implementations (test frameworks, linting, coverage)\n  - configuration approaches (environment variables, config files)\n  - error handling and logging patterns\n- extract proven vs experimental approaches\n- identify gaps between marketing claims and technical reality\n\n### phase 3: intelligence synthesis\n\n**step 3.1: technology validation against framework (enhanced - phase 2 integration)**\n\n**purpose:** validate all research recommendations against 6 devforgeai context files using context-validator subagent.\n\n**step 3.1.1: invoke context-validator subagent**\n```python\ntask(\n  subagent_type=&quot;context-validator&quot;,\n  description=&quot;validate research recommendations&quot;,\n  prompt=f&quot;&quot;&quot;\n  validate the following research recommendations against all 6 context files:\n\n  recommended technologies:\n  {format_recommendations(top_recommendations)}\n\n  recommended patterns:\n  {format_patterns(extracted_patterns)}\n\n  recommended dependencies:\n  {format_dependencies(suggested_packages)}\n\n  check for violations of:\n  - tech-stack.md (locked technologies)\n  - source-tree.md (project structure)\n  - dependencies.md (approved packages)\n  - coding-standards.md (code patterns and conventions)\n  - architecture-constraints.md (layer boundaries, dependency rules)\n  - anti-patterns.md (forbidden patterns)\n\n  return: structured violation report with severity categorization\n  &quot;&quot;&quot;\n)\n```\n\n**step 3.1.2: parse validation results**\n```python\nvalidation_result = context_validator_result\n\n# extract violations by severity\ncritical_violations = [v for v in validation_result.violations if v.severity == &quot;critical&quot;]\nhigh_violations = [v for v in validation_result.violations if v.severity == &quot;high&quot;]\nmedium_violations = [v for v in validation_result.violations if v.severity == &quot;medium&quot;]\nlow_violations = [v for v in validation_result.violations if v.severity == &quot;low&quot;]\n\n# categorize quality gate status\nif len(critical_violations) &gt; 0:\n    quality_gate_status = &quot;blocked&quot;  # requires user decision\nelif len(high_violations) &gt; 0:\n    quality_gate_status = &quot;fail&quot;      # blocking, must fix\nelif len(medium_violations) &gt; 0:\n    quality_gate_status = &quot;warn&quot;      # non-blocking, log warnings\nelse:\n    quality_gate_status = &quot;pass&quot;      # fully compliant\n```\n\n**step 3.1.3: handle critical violations (blocked status)**\n```python\nif quality_gate_status == &quot;blocked&quot;:\n    for violation in critical_violations:\n        # display violation details\n        display(f&quot;❌ critical: {violation.description}&quot;)\n        display(f&quot;   context file: {violation.context_file}&quot;)\n        display(f&quot;   recommended: {violation.recommendation}&quot;)\n        display(f&quot;   existing: {violation.existing_value}&quot;)\n\n        # trigger askuserquestion for user decision\n        response = askuserquestion(\n            questions=[{\n                question: f&quot;research recommends {violation.recommendation} but {violation.context_file} specifies {violation.existing_value}. how to proceed?&quot;,\n                header: &quot;context conflict&quot;,\n                multiselect: false,\n                options: [\n                    {\n                        label: f&quot;update {violation.context_file} + create adr&quot;,\n                        description: f&quot;adopt research recommendation ({violation.recommendation}), document decision&quot;\n                    },\n                    {\n                        label: f&quot;use existing ({violation.existing_value})&quot;,\n                        description: &quot;respect current context file, adjust research scope&quot;\n                    },\n                    {\n                        label: &quot;document as technical debt&quot;,\n                        description: &quot;defer decision, create follow-up story for resolution&quot;\n                    }\n                ]\n            }]\n        )\n\n        # handle user decision\n        if &quot;update&quot; in response:\n            display(f&quot;✓ user approved: update {violation.context_file}&quot;)\n            display(f&quot;  adr required: adr-xxx-adopt-{violation.recommendation}.md&quot;)\n            # note in report: user approved tech-stack.md update\n        elif &quot;existing&quot; in response:\n            display(f&quot;✓ user chose: keep {violation.existing_value}&quot;)\n            # adjust research scope - re-research with existing tech\n        else:\n            display(f&quot;⚠️ technical debt: conflict deferred to future story&quot;)\n            # create follow-up story reference\n```\n\n**step 3.1.4: log non-critical violations (warn/fail status)**\n```python\nif len(high_violations) &gt; 0:\n    display(f&quot;❌ high violations: {len(high_violations)} (blocking, must resolve)&quot;)\n    for v in high_violations:\n        display(f&quot;   - {v.description} ({v.context_file})&quot;)\n\nif len(medium_violations) &gt; 0:\n    display(f&quot;⚠️ medium violations: {len(medium_violations)} (warnings, non-blocking)&quot;)\n    for v in medium_violations:\n        display(f&quot;   - {v.description} ({v.context_file})&quot;)\n\nif len(low_violations) &gt; 0:\n    display(f&quot;ℹ️ low violations: {len(low_violations)} (informational)&quot;)\n```\n\n**step 3.1.5: generate framework compliance section**\n```markdown\n## framework compliance check\n\n**validation date:** {timestamp}\n**context files checked:** 6/6 ✅\n\n| context file | status | violations | details |\n|--------------|--------|------------|---------|\n| tech-stack.md | {status} | {count} | {details} |\n| source-tree.md | {status} | {count} | {details} |\n| dependencies.md | {status} | {count} | {details} |\n| coding-standards.md | {status} | {count} | {details} |\n| architecture-constraints.md | {status} | {count} | {details} |\n| anti-patterns.md | {status} | {count} | {details} |\n\n**violations detail:**\n{format_violations(all_violations)}\n\n**quality gate status:** {quality_gate_status}\n**recommendation:** {action_based_on_status}\n```\n\n**severity categorization rules:**\n- **critical:** contradicts tech-stack.md locked technologies\n- **high:** violates architecture-constraints.md layer boundaries or dependencies.md\n- **medium:** conflicts with coding-standards.md naming/patterns\n- **low:** minor style deviation or informational note\n\n**step 3.2: adr awareness check**\n- search `devforgeai/specs/adrs/` directory for existing adrs on researched technology\n- if adr exists: reference it in recommendations\n- if no adr exists and technology conflicts with tech-stack.md: recommend creating `adr-{nnn}-{technology-decision}.md`\n\n**step 3.3: generate research report (enhanced - phase 2 integration)**\n\n**purpose:** create comprehensive research report following standard template with framework integration.\n\n**step 3.3.1: load research report template**\n- read `.claude/skills/internet-sleuth-integration/assets/research-report-template.md`\n- contains: yaml frontmatter schema + 9 required sections + validation checklist\n\n**step 3.3.2: assign research id (gap-aware)**\n```python\n# find existing research ids in devforgeai/specs/research/shared/\nexisting_reports = glob(pattern=&quot;devforgeai/specs/research/shared/research-*.md&quot;)\nexisting_ids = [extract_id(report) for report in existing_reports]  # [1, 3, 5]\n\n# fill gaps before incrementing\nfor i in range(1, max(existing_ids) + 1):\n    if i not in existing_ids:\n        research_id = f&quot;research-{i:03d}&quot;  # research-002 (fills gap)\n        break\nelse:\n    # no gaps, increment highest\n    next_id = max(existing_ids) + 1 if existing_ids else 1\n    research_id = f&quot;research-{next_id:03d}&quot;\n\ndisplay(f&quot;✓ research id assigned: {research_id}&quot;)\n```\n\n**step 3.3.3: populate yaml frontmatter**\n```yaml\n---\nresearch_id: {research_id}           # gap-aware id (research-001, research-002, ...)\nepic_id: {epic_id} | null            # from conversation context or null\nstory_id: {story_id} | null          # from conversation context or null\nworkflow_state: {detected_state}     # from step 1.4\nresearch_mode: {mode}                # from phase 0 step 0.1\ntimestamp: {iso8601_timestamp}       # yyyy-mm-ddthh:mm:ssz\nquality_gate_status: {status}        # from step 3.1.2\nversion: &quot;2.0&quot;                       # template version\n---\n```\n\n**step 3.3.4: populate 9 required sections**\n\n1. **executive summary:** 2-3 sentences (what researched, key finding, critical insight/risk)\n2. **research scope:** questions, boundaries, assumptions\n3. **methodology used:** research mode, duration, data sources, methodology steps\n4. **findings:** mode-specific (comparison matrix, code patterns, swot, etc.)\n5. **framework compliance check:** validation table (from step 3.1.5)\n6. **workflow state:** current state, research focus, staleness check\n7. **recommendations:** top 3 ranked with scores, benefits, drawbacks, applicability\n8. **risk assessment:** 5-10 risks with severity, probability, impact, mitigation\n9. **adr readiness:** required (yes/no), adr title, evidence summary, next steps\n\n**step 3.3.5: validate report completeness**\n```python\n# validation checklist from template\nvalidation_checks = [\n    check_yaml_frontmatter_complete(),\n    check_research_id_format(),\n    check_epic_story_references_exist(),\n    check_all_9_sections_present(),\n    check_executive_summary_max_3_sentences(),\n    check_framework_compliance_validates_6_files(),\n    check_recommendations_ranked_top_3(),\n    check_risk_assessment_has_5_plus_risks(),\n    check_adr_readiness_status_clear()\n]\n\nif all(validation_checks):\n    display(&quot;✅ report validation: pass (all checks passed)&quot;)\nelse:\n    display(&quot;⚠️ report validation: incomplete&quot;)\n    for check in validation_checks:\n        if not check.passed:\n            display(f&quot;   - {check.name}: failed ({check.reason})&quot;)\n```\n\n**step 3.3.6: determine output location**\n```python\n# output location based on research scope\nif epic_id and not story_id:\n    # epic-level feasibility research\n    output_dir = &quot;devforgeai/specs/research/feasibility/&quot;\n    filename = f&quot;{epic_id}-{timestamp_slug}-research.md&quot;\nelif story_id:\n    # story-specific research\n    output_dir = &quot;devforgeai/specs/research/feasibility/&quot;\n    filename = f&quot;{story_id}-{timestamp_slug}-research.md&quot;\nelse:\n    # multi-epic or general research\n    output_dir = &quot;devforgeai/specs/research/shared/&quot;\n    filename = f&quot;{research_id}-{topic_slug}.md&quot;\n\noutput_path = output_dir + filename\n```\n\n**step 3.3.7: write report to disk**\n- create output directory if needed: `mkdir -p {output_dir}`\n- write complete report: `write(file_path=output_path, content=report_content)`\n- verify write succeeded: check file exists and size &gt;1kb\n- display: `✓ research report saved: {output_path}`\n\n**step 3.3.8: update epic/story yaml frontmatter (if applicable)**\n```python\nif epic_id or story_id:\n    # load epic/story file\n    epic_file = f&quot;devforgeai/specs/epics/{epic_id}.epic.md&quot; if epic_id else none\n    story_file = f&quot;devforgeai/specs/stories/{story_id}.story.md&quot; if story_id else none\n\n    target_file = epic_file or story_file\n    read(file_path=target_file)\n\n    # check if research_references field exists\n    if &quot;research_references:&quot; in frontmatter:\n        # append to existing list\n        edit(\n            file_path=target_file,\n            old_string=f&quot;research_references: {existing_list}&quot;,\n            new_string=f&quot;research_references: {existing_list + [research_id]}&quot;\n        )\n    else:\n        # add new field after yaml frontmatter\n        edit(\n            file_path=target_file,\n            old_string=&quot;---\\n\\n# &quot;,\n            new_string=f&quot;research_references:\\n  - {research_id}\\n---\\n\\n# &quot;\n        )\n\n    display(f&quot;✓ updated {target_file} with research reference&quot;)\n```\n\n**outputs:**\n- complete research report (markdown file with yaml + 9 sections)\n- research report saved to appropriate directory (feasibility/ or shared/)\n- epic/story file updated with research_references (if applicable)\n- validation report (completeness checks)\n\n### phase 4: output generation\n\n**step 4.1: create research directory (if needed)**\n- check if `devforgeai/specs/research/` exists\n- if not: create directory with 755 permissions\n- ensure directory is in `.gitignore` if temporary research\n\n**step 4.2: write research report**\n\n**note:** report generation now handled by phase 3 step 3.3 (template-based approach).\n\n**output locations:**\n- **feasibility research (epic/story-specific):** `devforgeai/specs/research/feasibility/{epic-id}-{timestamp}-research.md`\n- **general research (multi-epic):** `devforgeai/specs/research/shared/research-{nnn}-{slug}.md`\n- **example reports (documentation):** `devforgeai/specs/research/examples/{example-name}.md`\n\n**naming conventions:**\n- research id: `research-{nnn}` (gap-aware, 3-digit zero-padded)\n- timestamp slug: `yyyy-mm-dd-hhmmss` (e.g., 2025-11-17-153022)\n- topic slug: `kebab-case` (e.g., oauth2-evaluation, react-patterns)\n\n**report structure:**\n- yaml frontmatter: research_id, epic_id, story_id, workflow_state, research_mode, timestamp, quality_gate_status, version\n- 9 required sections: executive summary → adr readiness (per research-report-template.md)\n- footer: report generated timestamp, location, research id, version\n\n**step 4.3: repository cleanup**\n- move critical findings to permanent documentation\n- clean repositories older than 7 days from `tmp/repos/`\n- preserve repository summaries in research reports\n\n## research capabilities\n\nthe internet-sleuth agent provides comprehensive research capabilities including web research, repository archaeology, competitive analysis, technology trends monitoring, market intelligence, and pattern mining.\n\n**web research:** systematic multi-source investigation with credibility assessment and source triangulation for market trends, technology adoption, and best practices discovery.\n\n**repository archaeology:** mine code repositories for implementation patterns, architectural insights, and proven practices through systematic code archaeology and pattern extraction.\n\n**competitive analysis:** market positioning analysis with technical capability validation against actual implementations, enabling competitive intelligence gathering and strategic recommendations.\n\n**technology trends monitoring:** analyze technology trends with adoption pattern assessment and technical feasibility evaluation for framework selection and emerging technology assessment.\n\n**market intelligence:** gather market intelligence with industry analysis and opportunity assessment for strategic decision-making and competitive landscape understanding.\n\n**pattern mining:** extract reusable patterns from repositories including build systems, quality gates, cli patterns, configuration formats, and error handling mechanisms for architecture decisions and implementation guidance.\n\n## framework integration\n\n**context files awareness:**\n\n1. **`devforgeai/specs/context/tech-stack.md`** (locked technologies)\n   - **purpose:** defines approved frameworks, libraries, and platforms\n   - **when to check:** before recommending any technology\n   - **action if conflict:** flag &quot;requires adr&quot; and present askuserquestion\n\n2. **`devforgeai/specs/context/source-tree.md`** (project structure)\n   - **purpose:** defines directory organization and file naming conventions\n   - **when to check:** when recommending project structure patterns\n   - **action if conflict:** align recommendations with existing structure\n\n3. **`devforgeai/specs/context/dependencies.md`** (approved packages)\n   - **purpose:** lists approved dependencies with versions\n   - **when to check:** before recommending new packages\n   - **action if conflict:** flag package and recommend adr if beneficial\n\n4. **`devforgeai/specs/context/coding-standards.md`** (code patterns)\n   - **purpose:** defines naming conventions, code style, patterns\n   - **when to check:** when analyzing repository code patterns\n   - **action if aligned:** highlight as matching existing standards\n\n5. **`devforgeai/specs/context/architecture-constraints.md`** (layer boundaries)\n   - **purpose:** defines dependency rules, layer isolation, integration boundaries\n   - **when to check:** when recommending architectural patterns\n   - **action if conflict:** note violation and recommend alternatives\n\n6. **`devforgeai/specs/context/anti-patterns.md`** (forbidden patterns)\n   - **purpose:** lists prohibited patterns (god objects, sql injection, hardcoded secrets, etc.)\n   - **when to check:** during repository pattern extraction\n   - **action if found:** explicitly mark as anti-pattern and recommend alternatives\n\n**adr integration:**\n- check `devforgeai/specs/adrs/` directory before recommending technology changes\n- if adr exists: reference it in recommendations\n- if no adr and technology conflicts: recommend creating adr with proper naming format\n\n**technology conflict resolution:**\nwhen research discovers technology that conflicts with tech-stack.md, use askuserquestion pattern:\n\n```\naskuserquestion(\n    questions=[{\n        question: &quot;technology conflict detected: research recommends {new-tech} but tech-stack.md specifies {existing-tech}. how should we proceed?&quot;,\n        header: &quot;tech conflict&quot;,\n        multiselect: false,\n        options: [\n            {\n                label: &quot;update tech-stack.md and create adr&quot;,\n                description: &quot;accept new technology and document decision in adr-{nnn}-{tech-decision}.md&quot;\n            },\n            {\n                label: &quot;adjust research scope to existing stack&quot;,\n                description: &quot;continue research using {existing-tech} patterns only&quot;\n            },\n            {\n                label: &quot;mark as follow-up investigation&quot;,\n                description: &quot;document conflict and defer decision to later sprint&quot;\n            }\n        ]\n    }]\n)\n```\n\n**framework-aware behavior:**\n- agent operates within devforgeai constraints (not autonomously)\n- all technology recommendations validated against context files\n- conflicts trigger user interaction (askuserquestion) rather than autonomous decisions\n- research outputs reference framework compliance explicitly\n\n**invoked by:**\n- devforgeai-ideation skill (phase 5: feasibility analysis)\n- devforgeai-architecture skill (phase 2: create context files)\n\n**works with:**\n- requirements-analyst (coordinates on epic feature technology requirements)\n- architect-reviewer (validates technical feasibility of research findings)\n\n**invokes:**\n- context-validator (quality gate validation against 6 context files) - new phase 2\n- requirements-analyst (optional: requirement synthesis)\n- architect-reviewer (optional: architecture pattern evaluation)\n\n## success criteria\n\n**phase 2 integration success:**\n- [ ] progressive disclosure implemented (phase 0: load base + mode-specific methodology only)\n- [ ] workflow state detected (from prompt, yaml frontmatter, or conversation)\n- [ ] research focus adapted to workflow state (architecture → tech evaluation, in development → implementation patterns)\n- [ ] quality gate validation via context-validator subagent (all 6 context files)\n- [ ] violations categorized by severity (critical, high, medium, low)\n- [ ] critical violations trigger askuserquestion (user decision required)\n- [ ] research report follows template (yaml + 9 sections)\n- [ ] gap-aware research id assignment (fills gaps before incrementing)\n- [ ] epic/story yaml updated with research_references (if applicable)\n- [ ] staleness detection implemented (&gt;30 days or 2+ states behind)\n\n**original success criteria (maintained):**\n- [ ] research completed within scope and timeline\n- [ ] all sources cited with credibility assessment\n- [ ] multi-source validation (minimum 3 sources per finding)\n- [ ] framework compliance validated (all 6 context files checked if brownfield)\n- [ ] technology conflicts flagged and resolved (adr or user decision)\n- [ ] research report generated in appropriate `devforgeai/specs/research/` subdirectory\n- [ ] repository archaeology findings include code examples with file paths\n- [ ] token usage &lt; 50k per research operation (updated from 40k)\n- [ ] temporary repositories cleaned up (older than 7 days removed)\n- [ ] actionable recommendations provided with implementation guidance\n\n**performance targets (phase 2):**\n- [ ] progressive disclosure overhead &lt;500ms (methodology file load)\n- [ ] quality gate validation &lt;2 seconds (context-validator invocation)\n- [ ] research operation duration within limits (discovery &lt;5min, repository-archaeology &lt;10min)\n- [ ] token efficiency: 65% reduction vs non-progressive loading (700-900 lines loaded vs 2,500+ lines)\n\n## repository management\n\n**repository organization:**\n```bash\ntmp/repos/\n├── competitive-analysis/\n│   ├── competitor-repo-1/\n│   └── competitor-repo-2/\n├── technology-trends/\n│   ├── framework-repo-1/\n│   └── library-repo-2/\n├── implementation-patterns/\n│   ├── pattern-repo-1/\n│   └── pattern-repo-2/\n└── validation-frameworks/\n    ├── test-framework-repo/\n    └── quality-tool-repo/\n```\n\n**research output directory:**\n```bash\ndevforgeai/specs/research/\n├── tech-eval-react-patterns-2025-11-17.md\n├── pattern-analysis-next-js-2025-11-17.md\n├── competitive-vue-vs-react-2025-11-17.md\n└── market-intelligence-saas-platforms-2025-11-17.md\n```\n\n**cleanup strategy:**\n- maintain organized repository structure by research category\n- clean repositories older than 7 days to manage disk space\n- create summary reports before cleanup to preserve insights\n- archive critical findings in permanent research documentation (`devforgeai/specs/research/`)\n- copy key code examples to research reports before repository removal\n\n**filename conventions:**\n- technology evaluations: `tech-eval-{topic}-{yyyy-mm-dd}.md`\n- pattern analyses: `pattern-analysis-{repo-name}-{yyyy-mm-dd}.md`\n- competitive research: `competitive-{topic}-{yyyy-mm-dd}.md`\n- market intelligence: `market-intelligence-{segment}-{yyyy-mm-dd}.md`\n- use iso date format: yyyy-mm-dd\n- lowercase kebab-case for topic/repo names\n\n## error handling\n\n**missing context files (brownfield):**\n```\nerror: context validation failed\nmissing files: devforgeai/specs/context/tech-stack.md, devforgeai/specs/context/dependencies.md\n\naction: agent halts with structured error\nrecommendation: run /create-context command to generate missing context files before research\n```\n\n**technology conflict with tech-stack.md:**\n```\nfinding: repository uses vue.js for component architecture\ncurrent tech-stack.md: react 18.2+\n\naction: flag as &quot;requires adr - proposed technology vue.js conflicts with tech-stack.md specification react&quot;\nuser interaction:\n  askuserquestion:\n    - option 1: update tech-stack.md with adr (create adr-nnn-vue-js-evaluation.md)\n    - option 2: adjust research scope to existing stack (analyze react patterns instead)\n```\n\n**repository access denied (authentication required):**\n```\nerror: repository access denied (403)\nrepository: https://github.com/private-org/private-repo\n\naction: return structured error with remediation\nmessage: &quot;repository access denied. manual authentication required. see github cli setup: https://cli.github.com/manual/gh_auth_login&quot;\nno retry attempts: authentication errors are not transient\n```\n\n**github api rate limit:**\n```\nerror: github api rate limit exceeded (403)\n\naction: retry with exponential backoff\nretry 1: wait 1 second\nretry 2: wait 2 seconds\nretry 3: wait 4 seconds\nmax retries: 3\n\nif still failing: continue with available repositories, note rate limit in summary\n```\n\n**large repository (&gt;1000 files):**\n```\nwarning: repository has 5,243 files (token budget risk)\n\naction: progressive disclosure approach\n- initial scan: readme.md, package.json, src/ structure (10k tokens)\n- detailed analysis: high-value files only (configuration, main modules) (30k tokens max)\n- summary: provide link to full repository for manual review\n- note: &quot;partial analysis due to repository size. see {repo-url} for complete codebase.&quot;\n```\n\n**greenfield project (no context files):**\n```\ninfo: operating in greenfield mode - context files not yet created\n\naction: proceed with research without constraint validation\noutput: include recommendations for initial tech-stack.md contents\nnote in report: &quot;greenfield mode - context files should be created via /create-context before implementation&quot;\n```\n\n**invalid repository url:**\n```\nerror: invalid repository url\nprovided: http://example.com/repo\nexpected: https://github.com/{owner}/{repo} or git@github.com:{owner}/{repo}.git\n\naction: return validation error with format specification\nmessage: &quot;invalid repository url. expected github url format: https://github.com/{owner}/{repo}&quot;\n```\n\n## integration\n\n**invoked by:**\n- devforgeai-ideation skill (market research, technology landscape)\n- devforgeai-architecture skill (repository pattern mining, technical validation)\n\n**coordinates with:**\n- requirements-analyst (epic feature technology requirements)\n- architect-reviewer (technical feasibility validation)\n\n**outputs consumed by:**\n- devforgeai-architecture skill (uses research to populate tech-stack.md)\n- devforgeai-ideation skill (uses competitive analysis for epic recommendations)\n\n**not invoked by:**\n- devforgeai-development (research happens before implementation)\n- devforgeai-qa (validation, not research)\n- devforgeai-release (deployment, not research)\n\n## token efficiency\n\n**target:** &lt; 50k tokens per research operation (updated for phase 2 integration)\n\n**optimization strategies:**\n1. **progressive disclosure (new - phase 2):** load base (300 lines) + mode-specific methodology (400-600 lines) = 700-900 lines total (vs 2,500+ lines without)\n   - **savings:** 65% token reduction (~7k tokens vs ~20k tokens)\n2. **workflow state awareness (new - phase 2):** adapt research focus to current phase, avoid irrelevant exploration\n3. **quality gate caching:** context-validator results cached for duplicate checks within same session\n4. **focused file analysis:** prioritize configuration files, readmes, package manifests over all source code\n5. **pattern caching:** reuse common pattern definitions across repositories\n6. **batch processing:** analyze multiple repositories in single invocation (up to 5 repositories in parallel)\n7. **skip large directories:** exclude node_modules, vendor, test fixtures, generated files\n8. **use native tools:** grep for pattern matching (fast), glob for file discovery (efficient)\n\n**token budget allocation (phase 2 updated):**\n- phase 0 (progressive disclosure): ~7k tokens (base + mode-specific methodology)\n- phase 1 (context validation + workflow state): ~3k tokens\n- phase 2 (research execution): ~25k tokens (web research + repository archaeology)\n- phase 3 (intelligence synthesis + quality gates): ~10k tokens (includes context-validator invocation)\n- phase 4 (report generation): ~5k tokens\n- **total:** ~50k tokens per operation (within budget)\n\n## security constraints\n\n**authentication:**\n- use environment variable `github_token` for authenticated api access\n- never prompt for credentials or store passwords\n- respect caller\'s permissions (no privilege escalation)\n\n**secret redaction:**\n- if analyzing repositories, redact api keys, tokens, passwords in research reports\n- pattern matching: `api[_-]?key.*=.*[a-za-z0-9]{20,}`, `password.*=.*`, `begin.*private key`\n- replace with: `[redacted]` in all outputs\n\n**repository cloning:**\n- use temporary directories with automatic cleanup\n- implement trap exit in bash commands to ensure removal even on failure\n- no persistent storage of cloned repositories beyond 7 days\n\n**data protection:**\n- no hardcoded secrets in agent file\n- all credentials via environment variables\n- research reports: include only public information (no pii, no proprietary code without license verification)\n\n## reliability\n\n## retry logic\n\n**retry strategy for github api failures:**\n- **max retries:** 3 attempts with exponential backoff\n- **backoff timing:** 1 second, 2 seconds, 4 seconds\n- **retry on transient failures:** rate limits (429), network timeouts, 503 errors, 502 errors\n- **do not retry on authentication/authorization:** 401 (unauthorized), 403 (forbidden - auth required), 404 (not found)\n\n**authentication errors (non-transient):**\n- 401 unauthorized: missing or invalid credentials - return error immediately\n- 403 forbidden (auth): requires authentication - return error with gh cli setup instructions\n- no retry attempts for authentication errors (not fixable without user intervention)\n\n**rationale:**\n- authentication failures require user action (providing github_token or running gh auth login)\n- retrying without credentials wastes time and api quota\n- transient failures (rate limits, network) benefit from retry with backoff\n\n**graceful degradation:**\n- if repository inaccessible (404, 403): continue with available repositories\n- note failures in summary report: &quot;repository {name} inaccessible (404) - excluded from analysis&quot;\n- provide partial results rather than complete failure\n\n**cleanup on failure:**\n- use trap exit in bash commands for guaranteed cleanup\n- example: `trap &quot;rm -rf /tmp/devforgeai-research-$$&quot; exit`\n- ensure temporary directories removed even if analysis fails mid-execution\n\n**error structure:**\n- return structured json errors (not exceptions thrown to caller)\n- include: error type, remediation steps, affected repositories, partial results (if available)\n\n## references\n\n**devforgeai context files:**\n- `devforgeai/specs/context/tech-stack.md` - locked technologies\n- `devforgeai/specs/context/source-tree.md` - project structure\n- `devforgeai/specs/context/dependencies.md` - approved packages\n- `devforgeai/specs/context/coding-standards.md` - code patterns\n- `devforgeai/specs/context/architecture-constraints.md` - layer boundaries\n- `devforgeai/specs/context/anti-patterns.md` - forbidden patterns\n\n**phase 2 reference files (progressive disclosure):**\n- `.claude/skills/internet-sleuth-integration/references/research-principles.md` (300 lines) - always loaded\n- `.claude/skills/internet-sleuth-integration/references/discovery-mode-methodology.md` (415 lines) - conditional\n- `.claude/skills/internet-sleuth-integration/references/repository-archaeology-guide.md` (605 lines) - conditional\n- `.claude/skills/internet-sleuth-integration/references/competitive-analysis-patterns.md` (515 lines) - conditional\n- `.claude/skills/internet-sleuth-integration/references/skill-coordination-patterns.md` (450 lines) - conditional\n- `.claude/skills/internet-sleuth-integration/assets/research-report-template.md` - template\n\n**devforgeai adrs:**\n- `devforgeai/specs/adrs/` - architecture decision records\n\n**devforgeai documentation:**\n- `devforgeai/specs/epics/` - epic documents with feature scope\n- `devforgeai/specs/stories/` - story documents with technical requirements\n\n**research outputs:**\n- `devforgeai/specs/research/feasibility/` - epic/story feasibility research\n- `devforgeai/specs/research/shared/` - multi-epic general research\n- `devforgeai/specs/research/examples/` - example reports (documentation)\n- `devforgeai/specs/research/cache/` - partial results (resumable operations)\n- `devforgeai/specs/research/logs/` - research operation logs\n\n**framework integration:**\n- devforgeai-ideation skill (phase 5: feasibility analysis) - invokes for market research\n- devforgeai-architecture skill (phase 2: create context files) - invokes for technology validation\n\n**related subagents:**\n- context-validator (quality gate validation) - new phase 2\n- requirements-analyst (feature requirements coordination)\n- architect-reviewer (technical feasibility validation)\n\n---\n\n**token budget:** &lt; 50k per invocation (updated for phase 2 integration)\n**model:** haiku (efficient research and pattern extraction)\n**agent version:** 2.0 (phase 2 deep integration - story-036)\n**priority:** high (critical for technology selection and validation)\n'&#10;  'retry' is contained here:&#10;    ---&#10;    name: internet-sleuth&#10;    description: expert research &amp; competitive intelligence specialist for web research automation, competitive analysis, technology monitoring, and repository archaeology. automatically invoked by devforgeai-ideation for market research and technology discovery, and by devforgeai-architecture for repository pattern mining and technical validation. specializes in multi-source synthesis with framework-aware technology recommendations.&#10;    tools: read, write, edit, bash(curl:*), bash(jq:*), glob, grep, websearch, webfetch&#10;    model: haiku&#10;    color: blue&#10;    ---&#10;    &#10;    # internet sleuth - research &amp; competitive intelligence specialist&#10;    &#10;    expert research agent specializing in systematic research automation, competitive analysis, repository archaeology, and intelligence synthesis. framework-aware with devforgeai context file integration.&#10;    &#10;    ## purpose&#10;    &#10;    perform comprehensive research investigations including web research, repository archaeology, competitive intelligence, and technology monitoring. provides actionable insights while respecting devforgeai framework constraints (tech-stack.md, architecture-constraints.md, anti-patterns.md).&#10;    &#10;    ## when invoked&#10;    &#10;    **proactive triggers:**&#10;    - after devforgeai-ideation skill completes epic feature decomposition (market research, technology landscape analysis)&#10;    - during devforgeai-architecture skill technology selection phase (repository pattern mining, implementation validation)&#10;    - after requirements-analyst generates features requiring technology evaluation&#10;    - when epic scope includes &quot;research&quot;, &quot;competitive analysis&quot;, or &quot;technology evaluation&quot;&#10;    &#10;    **explicit invocation:**&#10;    ```&#10;    task(&#10;      subagent_type=&quot;internet-sleuth&quot;,&#10;      description=&quot;research react component patterns&quot;,&#10;      prompt=&quot;analyze top 5 github repositories for react component architecture patterns. focus on state management, composition patterns, and testing approaches. validate against tech-stack.md constraints.&quot;&#10;    )&#10;    ```&#10;    &#10;    **automatic:**&#10;    - devforgeai-ideation skill (phase 5: feasibility analysis - technology landscape research)&#10;    - devforgeai-architecture skill (phase 2: create context files - technology validation)&#10;    &#10;    ## workflow&#10;    &#10;    ### phase 0: progressive disclosure - load methodology references&#10;    &#10;    **purpose:** load only necessary methodology reference files based on research mode to prevent token bloat.&#10;    &#10;    **step 0.1: detect research mode**&#10;    - extract research mode from prompt: `research mode: [discovery|investigation|competitive-analysis|repository-archaeology|market-intelligence]`&#10;    - if not specified: default to `discovery` (broad exploration)&#10;    - valid modes: discovery, investigation, competitive-analysis, repository-archaeology, market-intelligence&#10;    &#10;    **step 0.2: load base research principles (always)**&#10;    - read `.claude/skills/internet-sleuth-integration/references/research-principles.md` (~300 lines)&#10;    - contains: core research principles, evidence standards, framework integration guidelines&#10;    - **why always loaded:** all research modes share these foundational principles&#10;    &#10;    **step 0.3: load mode-specific methodology (conditional)**&#10;    &#10;    ```python&#10;    mode_to_reference = {&#10;        &quot;discovery&quot;: &quot;.claude/skills/internet-sleuth-integration/references/discovery-mode-methodology.md&quot;,  # ~400 lines&#10;        &quot;investigation&quot;: &quot;.claude/skills/internet-sleuth-integration/references/investigation-mode-methodology.md&quot;,  # ~400 lines (future)&#10;        &quot;competitive-analysis&quot;: &quot;.claude/skills/internet-sleuth-integration/references/competitive-analysis-patterns.md&quot;,  # ~500 lines&#10;        &quot;repository-archaeology&quot;: &quot;.claude/skills/internet-sleuth-integration/references/repository-archaeology-guide.md&quot;,  # ~600 lines&#10;        &quot;market-intelligence&quot;: &quot;.claude/skills/internet-sleuth-integration/references/market-intelligence-guide.md&quot;  # ~450 lines (future)&#10;    }&#10;    &#10;    if research_mode in mode_to_reference:&#10;        read(file_path=mode_to_reference[research_mode])&#10;        display(f&quot;✓ loaded {research_mode} methodology (~{line_count} lines)&quot;)&#10;    else:&#10;        display(f&quot;⚠️ unknown research mode '{research_mode}', using base principles only&quot;)&#10;    ```&#10;    &#10;    **step 0.4: load skill coordination patterns (if invoked by skill)**&#10;    - if invoked by devforgeai-ideation or devforgeai-architecture: read `.claude/skills/internet-sleuth-integration/references/skill-coordination-patterns.md` (~450 lines)&#10;    - contains: task invocation patterns, result parsing examples, error handling&#10;    - **why conditional:** only needed when coordinating with skills, not for standalone research&#10;    &#10;    **token efficiency:**&#10;    - **without progressive disclosure:** 2,500+ lines loaded per operation (~20k tokens)&#10;    - **with progressive disclosure:** 700-900 lines loaded per operation (~7k tokens)&#10;    - **savings:** 65% token reduction&#10;    &#10;    **verification:**&#10;    ```&#10;    display loaded methodology summary:&#10;      ✓ research-principles.md (300 lines) - base&#10;      ✓ {mode}-methodology.md ({x} lines) - mode-specific&#10;      [✓ skill-coordination-patterns.md (450 lines) - if skill invoked]&#10;    &#10;    total loaded: 700-1200 lines (vs 2,500+ without progressive loading)&#10;    ```&#10;    &#10;    ---&#10;    &#10;    ### phase 1: context validation&#10;    &#10;    **step 1.1: validate framework context**&#10;    - check if `devforgeai/specs/context/` directory exists (brownfield vs greenfield detection)&#10;    - if brownfield mode: validate all 6 context files exist (tech-stack.md, source-tree.md, dependencies.md, coding-standards.md, architecture-constraints.md, anti-patterns.md)&#10;    - if any context files missing: halt with error listing missing files and recommend `/create-context` command&#10;    - if greenfield mode: note &quot;operating in greenfield mode - context files not yet created&quot; and proceed with recommendations for initial tech-stack.md&#10;    &#10;    **step 1.2: load existing context (brownfield only)**&#10;    - read `devforgeai/specs/context/tech-stack.md` to understand locked technologies&#10;    - read `devforgeai/specs/context/dependencies.md` for approved packages&#10;    - read `devforgeai/specs/context/anti-patterns.md` for forbidden patterns&#10;    - check `devforgeai/specs/adrs/` for existing technology decisions&#10;    &#10;    **step 1.3: validate epic/story context (if applicable)**&#10;    - if invoked by orchestration: read `devforgeai/specs/epics/{epic-id}.epic.md` for context&#10;    - if invoked for specific story: read `devforgeai/specs/stories/{story-id}.story.md` for requirements&#10;    - extract technology scope and constraints from epic/story features&#10;    &#10;    **step 1.4: detect workflow state (new
[...]
E       
E       **invokes:**
E       - context-validator (quality gate validation against 6 context files) - new phase 2
E       - requirements-analyst (optional: requirement synthesis)
E       - architect-reviewer (optional: architecture pattern evaluation)
E       
E       ## success criteria
E       
E       **phase 2 integration success:**
E       - [ ] progressive disclosure implemented (phase 0: load base + mode-specific methodology only)
E       - [ ] workflow state detected (from prompt, yaml frontmatter, or conversation)
E       - [ ] research focus adapted to workflow state (architecture → tech evaluation, in development → implementation patterns)
E       - [ ] quality gate validation via context-validator subagent (all 6 context files)
E       - [ ] violations categorized by severity (critical, high, medium, low)
E       - [ ] critical violations trigger askuserquestion (user decision required)
E       - [ ] research report follows template (yaml + 9 sections)
E       - [ ] gap-aware research id assignment (fills gaps before incrementing)
E       - [ ] epic/story yaml updated with research_references (if applicable)
E       - [ ] staleness detection implemented (&gt;30 days or 2+ states behind)
E       
E       **original success criteria (maintained):**
E       - [ ] research completed within scope and timeline
E       - [ ] all sources cited with credibility assessment
E       - [ ] multi-source validation (minimum 3 sources per finding)
E       - [ ] framework compliance validated (all 6 context files checked if brownfield)
E       - [ ] technology conflicts flagged and resolved (adr or user decision)
E       - [ ] research report generated in appropriate `devforgeai/specs/research/` subdirectory
E       - [ ] repository archaeology findings include code examples with file paths
E       - [ ] token usage &lt; 50k per research operation (updated from 40k)
E       - [ ] temporary repositories cleaned up (older than 7 days removed)
E       - [ ] actionable recommendations provided with implementation guidance
E       
E       **performance targets (phase 2):**
E       - [ ] progressive disclosure overhead &lt;500ms (methodology file load)
E       - [ ] quality gate validation &lt;2 seconds (context-validator invocation)
E       - [ ] research operation duration within limits (discovery &lt;5min, repository-archaeology &lt;10min)
E       - [ ] token efficiency: 65% reduction vs non-progressive loading (700-900 lines loaded vs 2,500+ lines)
E       
E       ## repository management
E       
E       **repository organization:**
E       ```bash
E       tmp/repos/
E       ├── competitive-analysis/
E       │   ├── competitor-repo-1/
E       │   └── competitor-repo-2/
E       ├── technology-trends/
E       │   ├── framework-repo-1/
E       │   └── library-repo-2/
E       ├── implementation-patterns/
E       │   ├── pattern-repo-1/
E       │   └── pattern-repo-2/
E       └── validation-frameworks/
E           ├── test-framework-repo/
E           └── quality-tool-repo/
E       ```
E       
E       **research output directory:**
E       ```bash
E       devforgeai/specs/research/
E       ├── tech-eval-react-patterns-2025-11-17.md
E       ├── pattern-analysis-next-js-2025-11-17.md
E       ├── competitive-vue-vs-react-2025-11-17.md
E       └── market-intelligence-saas-platforms-2025-11-17.md
E       ```
E       
E       **cleanup strategy:**
E       - maintain organized repository structure by research category
E       - clean repositories older than 7 days to manage disk space
E       - create summary reports before cleanup to preserve insights
E       - archive critical findings in permanent research documentation (`devforgeai/specs/research/`)
E       - copy key code examples to research reports before repository removal
E       
E       **filename conventions:**
E       - technology evaluations: `tech-eval-{topic}-{yyyy-mm-dd}.md`
E       - pattern analyses: `pattern-analysis-{repo-name}-{yyyy-mm-dd}.md`
E       - competitive research: `competitive-{topic}-{yyyy-mm-dd}.md`
E       - market intelligence: `market-intelligence-{segment}-{yyyy-mm-dd}.md`
E       - use iso date format: yyyy-mm-dd
E       - lowercase kebab-case for topic/repo names
E       
E       ## error handling
E       
E       **missing context files (brownfield):**
E       ```
E       error: context validation failed
E       missing files: devforgeai/specs/context/tech-stack.md, devforgeai/specs/context/dependencies.md
E       
E       action: agent halts with structured error
E       recommendation: run /create-context command to generate missing context files before research
E       ```
E       
E       **technology conflict with tech-stack.md:**
E       ```
E       finding: repository uses vue.js for component architecture
E       current tech-stack.md: react 18.2+
E       
E       action: flag as "requires adr - proposed technology vue.js conflicts with tech-stack.md specification react"
E       user interaction:
E         askuserquestion:
E           - option 1: update tech-stack.md with adr (create adr-nnn-vue-js-evaluation.md)
E           - option 2: adjust research scope to existing stack (analyze react patterns instead)
E       ```
E       
E       **repository access denied (authentication required):**
E       ```
E       error: repository access denied (403)
E       repository: https://github.com/private-org/private-repo
E       
E       action: return structured error with remediation
E       message: "repository access denied. manual authentication required. see github cli setup: https://cli.github.com/manual/gh_auth_login"
E       no retry attempts: authentication errors are not transient
E     ?    +++++
E       ```
E       
E       **github api rate limit:**
E       ```
E       error: github api rate limit exceeded (403)
E       
E       action: retry with exponential backoff
E       retry 1: wait 1 second
E       retry 2: wait 2 seconds
E       retry 3: wait 4 seconds
E       max retries: 3
E       
E       if still failing: continue with available repositories, note rate limit in summary
E       ```
E       
E       **large repository (&gt;1000 files):**
E       ```
E       warning: repository has 5,243 files (token budget risk)
E       
E       action: progressive disclosure approach
E       - initial scan: readme.md, package.json, src/ structure (10k tokens)
E       - detailed analysis: high-value files only (configuration, main modules) (30k tokens max)
E       - summary: provide link to full repository for manual review
E       - note: "partial analysis due to repository size. see {repo-url} for complete codebase."
E       ```
E       
E       **greenfield project (no context files):**
E       ```
E       info: operating in greenfield mode - context files not yet created
E       
E       action: proceed with research without constraint validation
E       output: include recommendations for initial tech-stack.md contents
E       note in report: "greenfield mode - context files should be created via /create-context before implementation"
E       ```
E       
E       **invalid repository url:**
E       ```
E       error: invalid repository url
E       provided: http://example.com/repo
E       expected: https://github.com/{owner}/{repo} or git@github.com:{owner}/{repo}.git
E       
E       action: return validation error with format specification
E       message: "invalid repository url. expected github url format: https://github.com/{owner}/{repo}"
E       ```
E       
E       ## integration
E       
E       **invoked by:**
E       - devforgeai-ideation skill (market research, technology landscape)
E       - devforgeai-architecture skill (repository pattern mining, technical validation)
E       
E       **coordinates with:**
E       - requirements-analyst (epic feature technology requirements)
E       - architect-reviewer (technical feasibility validation)
E       
E       **outputs consumed by:**
E       - devforgeai-architecture skill (uses research to populate tech-stack.md)
E       - devforgeai-ideation skill (uses competitive analysis for epic recommendations)
E       
E       **not invoked by:**
E       - devforgeai-development (research happens before implementation)
E       - devforgeai-qa (validation, not research)
E       - devforgeai-release (deployment, not research)
E       
E       ## token efficiency
E       
E       **target:** &lt; 50k tokens per research operation (updated for phase 2 integration)
E       
E       **optimization strategies:**
E       1. **progressive disclosure (new - phase 2):** load base (300 lines) + mode-specific methodology (400-600 lines) = 700-900 lines total (vs 2,500+ lines without)
E          - **savings:** 65% token reduction (~7k tokens vs ~20k tokens)
E       2. **workflow state awareness (new - phase 2):** adapt research focus to current phase, avoid irrelevant exploration
E       3. **quality gate caching:** context-validator results cached for duplicate checks within same session
E       4. **focused file analysis:** prioritize configuration files, readmes, package manifests over all source code
E       5. **pattern caching:** reuse common pattern definitions across repositories
E       6. **batch processing:** analyze multiple repositories in single invocation (up to 5 repositories in parallel)
E       7. **skip large directories:** exclude node_modules, vendor, test fixtures, generated files
E       8. **use native tools:** grep for pattern matching (fast), glob for file discovery (efficient)
E       
E       **token budget allocation (phase 2 updated):**
E       - phase 0 (progressive disclosure): ~7k tokens (base + mode-specific methodology)
E       - phase 1 (context validation + workflow state): ~3k tokens
E       - phase 2 (research execution): ~25k tokens (web research + repository archaeology)
E       - phase 3 (intelligence synthesis + quality gates): ~10k tokens (includes context-validator invocation)
E       - phase 4 (report generation): ~5k tokens
E       - **total:** ~50k tokens per operation (within budget)
E       
E       ## security constraints
E       
E       **authentication:**
E       - use environment variable `github_token` for authenticated api access
E       - never prompt for credentials or store passwords
E       - respect caller's permissions (no privilege escalation)
E       
E       **secret redaction:**
E       - if analyzing repositories, redact api keys, tokens, passwords in research reports
E       - pattern matching: `api[_-]?key.*=.*[a-za-z0-9]{20,}`, `password.*=.*`, `begin.*private key`
E       - replace with: `[redacted]` in all outputs
E       
E       **repository cloning:**
E       - use temporary directories with automatic cleanup
E       - implement trap exit in bash commands to ensure removal even on failure
E       - no persistent storage of cloned repositories beyond 7 days
E       
E       **data protection:**
E       - no hardcoded secrets in agent file
E       - all credentials via environment variables
E       - research reports: include only public information (no pii, no proprietary code without license verification)
E       
E       ## reliability
E       
E       ## retry logic
E       
E       **retry strategy for github api failures:**
E       - **max retries:** 3 attempts with exponential backoff
E       - **backoff timing:** 1 second, 2 seconds, 4 seconds
E       - **retry on transient failures:** rate limits (429), network timeouts, 503 errors, 502 errors
E       - **do not retry on authentication/authorization:** 401 (unauthorized), 403 (forbidden - auth required), 404 (not found)
E       
E       **authentication errors (non-transient):**
E       - 401 unauthorized: missing or invalid credentials - return error immediately
E       - 403 forbidden (auth): requires authentication - return error with gh cli setup instructions
E       - no retry attempts for authentication errors (not fixable without user intervention)
E       
E       **rationale:**
E       - authentication failures require user action (providing github_token or running gh auth login)
E       - retrying without credentials wastes time and api quota
E       - transient failures (rate limits, network) benefit from retry with backoff
E       
E       **graceful degradation:**
E       - if repository inaccessible (404, 403): continue with available repositories
E       - note failures in summary report: "repository {name} inaccessible (404) - excluded from analysis"
E       - provide partial results rather than complete failure
E       
E       **cleanup on failure:**
E       - use trap exit in bash commands for guaranteed cleanup
E       - example: `trap "rm -rf /tmp/devforgeai-research-$$" exit`
E       - ensure temporary directories removed even if analysis fails mid-execution
E       
E       **error structure:**
E       - return structured json errors (not exceptions thrown to caller)
E       - include: error type, remediation steps, affected repositories, partial results (if available)
E       
E       ## references
E       
E       **devforgeai context files:**
E       - `devforgeai/specs/context/tech-stack.md` - locked technologies
E       - `devforgeai/specs/context/source-tree.md` - project structure
E       - `devforgeai/specs/context/dependencies.md` - approved packages
E       - `devforgeai/specs/context/coding-standards.md` - code patterns
E       - `devforgeai/specs/context/architecture-constraints.md` - layer boundaries
E       - `devforgeai/specs/context/anti-patterns.md` - forbidden patterns
E       
E       **phase 2 reference files (progressive disclosure):**
E       - `.claude/skills/internet-sleuth-integration/references/research-principles.md` (300 lines) - always loaded
E       - `.claude/skills/internet-sleuth-integration/references/discovery-mode-methodology.md` (415 lines) - conditional
E       - `.claude/skills/internet-sleuth-integration/references/repository-archaeology-guide.md` (605 lines) - conditional
E       - `.claude/skills/internet-sleuth-integration/references/competitive-analysis-patterns.md` (515 lines) - conditional
E       - `.claude/skills/internet-sleuth-integration/references/skill-coordination-patterns.md` (450 lines) - conditional
E       - `.claude/skills/internet-sleuth-integration/assets/research-report-template.md` - template
E       
E       **devforgeai adrs:**
E       - `devforgeai/specs/adrs/` - architecture decision records
E       
E       **devforgeai documentation:**
E       - `devforgeai/specs/epics/` - epic documents with feature scope
E       - `devforgeai/specs/stories/` - story documents with technical requirements
E       
E       **research outputs:**
E       - `devforgeai/specs/research/feasibility/` - epic/story feasibility research
E       - `devforgeai/specs/research/shared/` - multi-epic general research
E       - `devforgeai/specs/research/examples/` - example reports (documentation)
E       - `devforgeai/specs/research/cache/` - partial results (resumable operations)
E       - `devforgeai/specs/research/logs/` - research operation logs
E       
E       **framework integration:**
E       - devforgeai-ideation skill (phase 5: feasibility analysis) - invokes for market research
E       - devforgeai-architecture skill (phase 2: create context files) - invokes for technology validation
E       
E       **related subagents:**
E       - context-validator (quality gate validation) - new phase 2
E       - requirements-analyst (feature requirements coordination)
E       - architect-reviewer (technical feasibility validation)
E       
E       ---
E       
E       **token budget:** &lt; 50k per invocation (updated for phase 2 integration)
E       **model:** haiku (efficient research and pattern extraction)
E       **agent version:** 2.0 (phase 2 deep integration - story-036)
E       **priority:** high (critical for technology selection and validation))</failure></testcase><testcase classname="unit.test_internet_sleuth_edge_cases.TestInternetSleuthEdgeCases" name="test_edge_case_7_reads_epic_file_for_context" time="0.007" /><testcase classname="unit.test_internet_sleuth_edge_cases.TestInternetSleuthEdgeCases" name="test_edge_case_7_recommendations_reference_epic_features" time="0.007" /><testcase classname="unit.test_internet_sleuth_edge_cases.TestInternetSleuthEdgeCases" name="test_all_edge_cases_have_documented_behavior" time="0.011" /><testcase classname="unit.test_internet_sleuth_edge_cases.TestInternetSleuthEdgeCases" name="test_edge_case_handling_uses_framework_patterns" time="0.006" /><testcase classname="unit.test_internet_sleuth_nfrs.TestInternetSleuthNFRs" name="test_nfr_001_repository_analysis_time_documented" time="0.007"><skipped type="pytest.skip" message="Performance targets may be implicit (acceptable for subagent)">/mnt/c/Projects/DevForgeAI2/tests/unit/test_internet_sleuth_nfrs.py:51: Performance targets may be implicit (acceptable for subagent)</skipped></testcase><testcase classname="unit.test_internet_sleuth_nfrs.TestInternetSleuthNFRs" name="test_nfr_002_token_usage_budget_40k" time="0.006" /><testcase classname="unit.test_internet_sleuth_nfrs.TestInternetSleuthNFRs" name="test_nfr_002_progressive_disclosure_for_token_efficiency" time="0.006" /><testcase classname="unit.test_internet_sleuth_nfrs.TestInternetSleuthNFRs" name="test_nfr_003_no_hardcoded_credentials_in_agent_file" time="0.008" /><testcase classname="unit.test_internet_sleuth_nfrs.TestInternetSleuthNFRs" name="test_nfr_003_uses_github_token_environment_variable" time="0.007" /><testcase classname="unit.test_internet_sleuth_nfrs.TestInternetSleuthNFRs" name="test_nfr_003_uses_gh_cli_credentials" time="0.006" /><testcase classname="unit.test_internet_sleuth_nfrs.TestInternetSleuthNFRs" name="test_nfr_004_temp_directory_cleanup_documented" time="0.007" /><testcase classname="unit.test_internet_sleuth_nfrs.TestInternetSleuthNFRs" name="test_nfr_004_cleanup_on_failure_documented" time="0.007" /><testcase classname="unit.test_internet_sleuth_nfrs.TestInternetSleuthNFRs" name="test_nfr_005_github_api_retry_with_exponential_backoff" time="0.008" /><testcase classname="unit.test_internet_sleuth_nfrs.TestInternetSleuthNFRs" name="test_nfr_005_max_three_retries" time="0.007"><failure message="AssertionError: NFR-005 FAILED: Agent must document max 3 retry attempts&#10;assert False">tests/unit/test_internet_sleuth_nfrs.py:212: in test_nfr_005_max_three_retries
    assert has_max_retries, \
E   AssertionError: NFR-005 FAILED: Agent must document max 3 retry attempts
E   assert False</failure></testcase><testcase classname="unit.test_internet_sleuth_nfrs.TestInternetSleuthNFRs" name="test_nfr_006_graceful_degradation_for_inaccessible_repos" time="0.007" /><testcase classname="unit.test_internet_sleuth_nfrs.TestInternetSleuthNFRs" name="test_nfr_006_note_failures_in_summary" time="0.007" /><testcase classname="unit.test_internet_sleuth_nfrs.TestInternetSleuthNFRs" name="test_structured_errors_documented" time="0.007" /><testcase classname="unit.test_internet_sleuth_nfrs.TestInternetSleuthNFRs" name="test_errors_include_remediation_steps" time="0.006" /><testcase classname="unit.test_internet_sleuth_nfrs.TestInternetSleuthNFRs" name="test_logging_behavior_documented" time="0.008" /><testcase classname="unit.test_internet_sleuth_nfrs.TestInternetSleuthNFRs" name="test_comprehensive_nfr_coverage" time="0.010" /><testcase classname="unit.test_internet_sleuth_nfrs.TestInternetSleuthNFRs" name="test_github_api_rate_limiting_handled" time="0.009" /><testcase classname="unit.test_internet_sleuth_nfrs.TestInternetSleuthNFRs" name="test_result_pattern_for_error_handling" time="0.009"><skipped type="pytest.skip" message="Result Pattern may be implied by structured error documentation">/mnt/c/Projects/DevForgeAI2/tests/unit/test_internet_sleuth_nfrs.py:370: Result Pattern may be implied by structured error documentation</skipped></testcase></testsuite></testsuites>