<?xml version="1.0" encoding="utf-8"?><testsuites><testsuite name="pytest" errors="0" failures="0" skipped="0" tests="71" time="2.405" timestamp="2025-12-20T16:35:52.107460" hostname="DESKTOP-88FARC5"><testcase classname="unit.test_config_init_story116.TestConfigurationInitializerDirectoryCreation" name="test_should_create_devforgeai_ast_grep_directory" time="0.051" /><testcase classname="unit.test_config_init_story116.TestConfigurationInitializerDirectoryCreation" name="test_should_create_rules_python_directory" time="0.007" /><testcase classname="unit.test_config_init_story116.TestConfigurationInitializerDirectoryCreation" name="test_should_create_rules_csharp_directory" time="0.006" /><testcase classname="unit.test_config_init_story116.TestConfigurationInitializerDirectoryCreation" name="test_should_create_rules_typescript_directory" time="0.006" /><testcase classname="unit.test_config_init_story116.TestConfigurationInitializerDirectoryCreation" name="test_should_create_rules_javascript_directory" time="0.006" /><testcase classname="unit.test_config_init_story116.TestConfigurationInitializerDirectoryCreation" name="test_should_report_created_directories_in_result" time="0.006" /><testcase classname="unit.test_config_init_story116.TestConfigurationInitializerConfigGeneration" name="test_should_create_sgconfig_yml_file" time="0.006" /><testcase classname="unit.test_config_init_story116.TestConfigurationInitializerConfigGeneration" name="test_should_include_ruleDirs_array_in_config" time="0.009" /><testcase classname="unit.test_config_init_story116.TestConfigurationInitializerConfigGeneration" name="test_should_include_languageGlobs_in_config" time="0.008" /><testcase classname="unit.test_config_init_story116.TestConfigurationInitializerConfigGeneration" name="test_should_include_testDirs_array_in_config" time="0.008" /><testcase classname="unit.test_config_init_story116.TestConfigurationInitializerConfigGeneration" name="test_should_include_devforgeai_metadata_in_config" time="0.007" /><testcase classname="unit.test_config_init_story116.TestConfigurationInitializerIdempotency" name="test_should_skip_existing_config_without_force" time="0.007" /><testcase classname="unit.test_config_init_story116.TestConfigurationInitializerIdempotency" name="test_should_overwrite_existing_config_with_force" time="0.007" /><testcase classname="unit.test_config_init_story116.TestConfigurationInitializerStateCheck" name="test_should_return_true_after_successful_initialization" time="0.006" /><testcase classname="unit.test_config_init_story116.TestConfigurationInitializerStateCheck" name="test_should_return_false_before_initialization" time="0.004" /><testcase classname="unit.test_config_init_story116.TestConfigurationInitializerErrorHandling" name="test_should_handle_permission_denied_gracefully" time="0.004" /><testcase classname="unit.test_config_init_story116.TestConfigurationInitializerErrorHandling" name="test_should_handle_generic_exception_gracefully" time="0.005" /><testcase classname="unit.test_config_init_story116.TestConfigurationInitializerErrorHandling" name="test_should_handle_missing_yaml_library_gracefully" time="0.004" /><testcase classname="unit.test_config_validator_story116.TestConfigurationValidatorYAMLSyntax" name="test_should_accept_valid_yaml_syntax" time="0.005" /><testcase classname="unit.test_config_validator_story116.TestConfigurationValidatorYAMLSyntax" name="test_should_reject_invalid_yaml_syntax" time="0.005" /><testcase classname="unit.test_config_validator_story116.TestConfigurationValidatorYAMLSyntax" name="test_should_include_line_number_in_yaml_error" time="0.005" /><testcase classname="unit.test_config_validator_story116.TestConfigurationValidatorFileExistence" name="test_should_reject_missing_config_file" time="0.004" /><testcase classname="unit.test_config_validator_story116.TestConfigurationValidatorFileExistence" name="test_should_accept_existing_config_file" time="0.013" /><testcase classname="unit.test_config_validator_story116.TestConfigurationValidatorRequiredFields" name="test_should_require_ruleDirs_field" time="0.005" /><testcase classname="unit.test_config_validator_story116.TestConfigurationValidatorRequiredFields" name="test_should_require_languageGlobs_field" time="0.005" /><testcase classname="unit.test_config_validator_story116.TestConfigurationValidatorDirectoryExistence" name="test_should_verify_existing_directories" time="0.005" /><testcase classname="unit.test_config_validator_story116.TestConfigurationValidatorDirectoryExistence" name="test_should_reject_missing_directories" time="0.005" /><testcase classname="unit.test_config_validator_story116.TestConfigurationValidatorGlobPatterns" name="test_should_accept_valid_glob_patterns" time="0.005" /><testcase classname="unit.test_config_validator_story116.TestConfigurationValidatorGlobPatterns" name="test_should_reject_empty_glob_pattern" time="0.006" /><testcase classname="unit.test_config_validator_story116.TestConfigurationValidatorLanguageRecognition" name="test_should_accept_python_language" time="0.006" /><testcase classname="unit.test_config_validator_story116.TestConfigurationValidatorLanguageRecognition" name="test_should_accept_csharp_language" time="0.005" /><testcase classname="unit.test_config_validator_story116.TestConfigurationValidatorLanguageRecognition" name="test_should_accept_typescript_language" time="0.006" /><testcase classname="unit.test_config_validator_story116.TestConfigurationValidatorLanguageRecognition" name="test_should_accept_javascript_language" time="0.006" /><testcase classname="unit.test_config_validator_story116.TestConfigurationValidatorLanguageRecognition" name="test_should_warn_for_unrecognized_language" time="0.005" /><testcase classname="unit.test_config_validator_story116.TestConfigurationValidatorErrorPaths" name="test_should_handle_missing_yaml_library" time="0.004" /><testcase classname="unit.test_config_validator_story116.TestConfigurationValidatorErrorPaths" name="test_should_handle_empty_yaml_file" time="0.004" /><testcase classname="unit.test_config_validator_story116.TestConfigurationValidatorErrorPaths" name="test_should_reject_ruledirs_wrong_type" time="0.005" /><testcase classname="unit.test_config_validator_story116.TestConfigurationValidatorErrorPaths" name="test_should_reject_languageglobs_wrong_type" time="0.006" /><testcase classname="unit.test_config_validator_story116.TestConfigurationValidatorErrorPaths" name="test_should_warn_for_literal_path_without_wildcard" time="0.005" /><testcase classname="unit.test_rule_metadata_story116.TestRuleMetadataInitialization" name="test_should_create_valid_rule_metadata_with_all_required_fields" time="0.005" /><testcase classname="unit.test_rule_metadata_story116.TestRuleMetadataInitialization" name="test_should_create_rule_metadata_with_optional_fix_field" time="0.004" /><testcase classname="unit.test_rule_metadata_story116.TestRuleMetadataInitialization" name="test_should_create_rule_metadata_with_optional_note_field" time="0.004" /><testcase classname="unit.test_rule_metadata_story116.TestRuleMetadataInitialization" name="test_should_default_optional_fields_to_none" time="0.004" /><testcase classname="unit.test_rule_metadata_story116.TestRuleMetadataValidation" name="test_should_reject_empty_rule_id" time="0.004" /><testcase classname="unit.test_rule_metadata_story116.TestRuleMetadataValidation" name="test_should_reject_empty_pattern" time="0.004" /><testcase classname="unit.test_rule_metadata_story116.TestRuleMetadataValidation" name="test_should_reject_message_under_10_characters" time="0.004" /><testcase classname="unit.test_rule_metadata_story116.TestRuleMetadataValidation" name="test_should_accept_message_exactly_10_characters" time="0.004" /><testcase classname="unit.test_rule_metadata_story116.TestRuleSeverityEnum" name="test_should_have_critical_severity" time="0.004" /><testcase classname="unit.test_rule_metadata_story116.TestRuleSeverityEnum" name="test_should_have_high_severity" time="0.004" /><testcase classname="unit.test_rule_metadata_story116.TestRuleSeverityEnum" name="test_should_have_medium_severity" time="0.004" /><testcase classname="unit.test_rule_metadata_story116.TestRuleSeverityEnum" name="test_should_have_low_severity" time="0.004" /><testcase classname="unit.test_rule_metadata_story116.TestRuleLanguageEnum" name="test_should_have_python_language" time="0.004" /><testcase classname="unit.test_rule_metadata_story116.TestRuleLanguageEnum" name="test_should_have_csharp_language" time="0.004" /><testcase classname="unit.test_rule_metadata_story116.TestRuleLanguageEnum" name="test_should_have_typescript_language" time="0.004" /><testcase classname="unit.test_rule_metadata_story116.TestRuleLanguageEnum" name="test_should_have_javascript_language" time="0.004" /><testcase classname="unit.test_rule_metadata_story116.TestRuleMetadataToDict" name="test_should_include_all_required_fields_in_dict" time="0.004" /><testcase classname="unit.test_rule_metadata_story116.TestRuleMetadataToDict" name="test_should_exclude_none_optional_fields_from_dict" time="0.005" /><testcase classname="unit.test_rule_metadata_story116.TestRuleMetadataToDict" name="test_should_include_optional_fix_field_when_set" time="0.004" /><testcase classname="unit.test_rule_metadata_story116.TestRuleMetadataToDict" name="test_should_include_optional_note_field_when_set" time="0.004" /><testcase classname="unit.test_rule_metadata_story116.TestRuleMetadataFromDict" name="test_should_create_rule_metadata_from_dict" time="0.004" /><testcase classname="unit.test_rule_metadata_story116.TestRuleMetadataFromDict" name="test_should_deserialize_optional_fix_field" time="0.004" /><testcase classname="unit.test_rule_metadata_story116.TestRuleMetadataFromDict" name="test_should_deserialize_optional_note_field" time="0.004" /><testcase classname="unit.test_rule_metadata_story116.TestRuleMetadataRoundtrip" name="test_should_preserve_all_fields_in_roundtrip" time="0.004" /><testcase classname="unit.test_rule_metadata_story116.TestRuleMetadataRoundtrip" name="test_should_preserve_minimal_fields_in_roundtrip" time="0.004" /><testcase classname="unit.test_rule_metadata_story116.TestRuleMetadataCoverageExtensions" name="test_should_store_all_fields_in_init" time="0.004" /><testcase classname="unit.test_rule_metadata_story116.TestRuleMetadataCoverageExtensions" name="test_should_include_both_optional_fields_in_dict" time="0.004" /><testcase classname="unit.test_rule_metadata_story116.TestRuleMetadataCoverageExtensions" name="test_should_deserialize_all_fields_from_dict" time="0.004" /><testcase classname="unit.test_rule_metadata_story116.TestRuleMetadataCoverageExtensions" name="test_should_handle_missing_optional_fields_in_deserialization" time="0.004" /><testcase classname="unit.test_rule_metadata_story116.TestRuleMetadataCoverageExtensions" name="test_should_reject_none_as_rule_id" time="0.004" /><testcase classname="unit.test_rule_metadata_story116.TestRuleMetadataCoverageExtensions" name="test_should_reject_none_as_pattern" time="0.004" /><testcase classname="unit.test_rule_metadata_story116.TestRuleMetadataCoverageExtensions" name="test_should_validate_message_length_boundary" time="0.004" /></testsuite></testsuites>