<?xml version="1.0" encoding="utf-8"?><testsuites><testsuite name="pytest" errors="0" failures="0" skipped="0" tests="192" time="8.142" timestamp="2025-12-18T06:24:36.139075" hostname="DESKTOP-88FARC5"><testcase classname="test_hook_circular.TestCircularHookDetection" name="test_simple_circular_dependency_detected" time="0.037" /><testcase classname="test_hook_circular.TestCircularHookDetection" name="test_self_referencing_hook_detected" time="0.004" /><testcase classname="test_hook_circular.TestCircularHookDetection" name="test_three_level_circular_chain" time="0.004" /><testcase classname="test_hook_circular.TestCircularHookDetection" name="test_non_circular_linear_chain" time="0.003" /><testcase classname="test_hook_circular.TestCircularHookDetection" name="test_circular_detection_with_different_hooks" time="0.003" /><testcase classname="test_hook_circular.TestInvocationStackDepth" name="test_max_depth_three_default" time="0.004" /><testcase classname="test_hook_circular.TestInvocationStackDepth" name="test_depth_tracking" time="0.003" /><testcase classname="test_hook_circular.TestInvocationStackDepth" name="test_stack_cleanup_on_completion" time="0.003" /><testcase classname="test_hook_circular.TestInvocationStackDepth" name="test_depth_with_custom_max" time="0.003" /><testcase classname="test_hook_circular.TestCircularDetectionLogging" name="test_circular_chain_logged" time="0.004" /><testcase classname="test_hook_circular.TestCircularDetectionLogging" name="test_depth_exceeded_logged" time="0.003" /><testcase classname="test_hook_circular.TestCircularDetectionEdgeCases" name="test_empty_stack_no_circular" time="0.003" /><testcase classname="test_hook_circular.TestCircularDetectionEdgeCases" name="test_single_hook_no_self_reference" time="0.003" /><testcase classname="test_hook_circular.TestCircularDetectionEdgeCases" name="test_hook_id_case_sensitivity" time="0.004" /><testcase classname="test_hook_circular.TestCircularDetectionEdgeCases" name="test_hook_id_with_special_characters" time="0.003" /><testcase classname="test_hook_circular.TestCircularDetectionEdgeCases" name="test_large_circular_chain" time="0.003" /><testcase classname="test_hook_circular.TestCircularDetectionIntegration" name="test_circular_detection_halts_invocation" time="0.003" /><testcase classname="test_hook_circular.TestCircularDetectionIntegration" name="test_operation_completes_despite_circular" time="0.003" /><testcase classname="test_hook_circular.TestCircularDetectionIntegration" name="test_stack_reset_after_operation" time="0.003" /><testcase classname="test_hook_integration.TestHookInvocationAtCompletion" name="test_hook_invoked_on_success_status" time="0.011" /><testcase classname="test_hook_integration.TestHookInvocationAtCompletion" name="test_hook_not_invoked_on_failure_status" time="0.006" /><testcase classname="test_hook_integration.TestHookInvocationAtCompletion" name="test_hook_receives_operation_context" time="0.005" /><testcase classname="test_hook_integration.TestGracefulHookFailureHandling" name="test_hook_failure_logged_not_propagated" time="0.006" /><testcase classname="test_hook_integration.TestGracefulHookFailureHandling" name="test_multiple_hook_failures_all_logged" time="0.007" /><testcase classname="test_hook_integration.TestGracefulHookFailureHandling" name="test_operation_continues_after_hook_failure" time="0.006" /><testcase classname="test_hook_integration.TestHookInvocationSequence" name="test_multiple_hooks_invoked_in_registration_order" time="0.007" /><testcase classname="test_hook_integration.TestHookInvocationSequence" name="test_hooks_execute_serially_not_parallel" time="0.007" /><testcase classname="test_hook_integration.TestHookInvocationSequence" name="test_hook_execution_order_preserved" time="0.007" /><testcase classname="test_hook_integration.TestDisabledHookConfiguration" name="test_disabled_hook_not_invoked" time="0.006" /><testcase classname="test_hook_integration.TestDisabledHookConfiguration" name="test_enabled_hook_invoked" time="0.006" /><testcase classname="test_hook_integration.TestDisabledHookConfiguration" name="test_config_reload_respects_enabled_flag" time="0.006" /><testcase classname="test_hook_integration.TestCompleteHookInvocationFlow" name="test_complete_operation_with_hooks" time="0.007" /><testcase classname="test_hook_integration.TestCompleteHookInvocationFlow" name="test_hook_failure_isolation_in_operation_flow" time="0.007" /><testcase classname="test_hook_integration.TestConfigurationHotReload" name="test_config_reload_on_file_change" time="0.007" /><testcase classname="test_hook_patterns.TestPatternMatching" name="test_exact_pattern_matching[dev-dev-True]" time="0.003" /><testcase classname="test_hook_patterns.TestPatternMatching" name="test_exact_pattern_matching[dev-qa-False]" time="0.004" /><testcase classname="test_hook_patterns.TestPatternMatching" name="test_exact_pattern_matching[create-story-create-story-True]" time="0.004" /><testcase classname="test_hook_patterns.TestPatternMatching" name="test_exact_pattern_matching[release-dev-False]" time="0.003" /><testcase classname="test_hook_patterns.TestPatternMatching" name="test_exact_matches_from_fixture" time="0.003" /><testcase classname="test_hook_patterns.TestGlobPatternMatching" name="test_glob_pattern_matching[dev*-dev-True]" time="0.004" /><testcase classname="test_hook_patterns.TestGlobPatternMatching" name="test_glob_pattern_matching[dev*-dev-extended-True]" time="0.003" /><testcase classname="test_hook_patterns.TestGlobPatternMatching" name="test_glob_pattern_matching[create-*-create-story-True]" time="0.003" /><testcase classname="test_hook_patterns.TestGlobPatternMatching" name="test_glob_pattern_matching[*-dev-True]" time="0.003" /><testcase classname="test_hook_patterns.TestGlobPatternMatching" name="test_glob_pattern_matching[*-feedback-post-dev-feedback-True]" time="0.003" /><testcase classname="test_hook_patterns.TestGlobPatternMatching" name="test_glob_matches_from_fixture" time="0.004" /><testcase classname="test_hook_patterns.TestGlobPatternMatching" name="test_glob_wildcard_all_operations" time="0.003" /><testcase classname="test_hook_patterns.TestGlobPatternMatching" name="test_glob_prefix_matching" time="0.003" /><testcase classname="test_hook_patterns.TestGlobPatternMatching" name="test_glob_suffix_matching" time="0.003" /><testcase classname="test_hook_patterns.TestGlobPatternMatching" name="test_glob_middle_wildcard" time="0.003" /><testcase classname="test_hook_patterns.TestRegexPatternMatching" name="test_regex_pattern_matching[^dev$-dev-True]" time="0.003" /><testcase classname="test_hook_patterns.TestRegexPatternMatching" name="test_regex_pattern_matching[^dev$-dev-extended-False]" time="0.003" /><testcase classname="test_hook_patterns.TestRegexPatternMatching" name="test_regex_pattern_matching[^dev.*-dev-True]" time="0.003" /><testcase classname="test_hook_patterns.TestRegexPatternMatching" name="test_regex_pattern_matching[^dev.*-dev-extended-True]" time="0.003" /><testcase classname="test_hook_patterns.TestRegexPatternMatching" name="test_regex_pattern_matching[^(dev|qa)$-dev-True]" time="0.003" /><testcase classname="test_hook_patterns.TestRegexPatternMatching" name="test_regex_pattern_matching[^(dev|qa)$-release-False]" time="0.003" /><testcase classname="test_hook_patterns.TestRegexPatternMatching" name="test_regex_pattern_matching[.*-feedback$-post-dev-feedback-True]" time="0.004" /><testcase classname="test_hook_patterns.TestRegexPatternMatching" name="test_regex_matches_from_fixture" time="0.004" /><testcase classname="test_hook_patterns.TestRegexPatternMatching" name="test_regex_alternation" time="0.003" /><testcase classname="test_hook_patterns.TestRegexPatternMatching" name="test_regex_character_class" time="0.004" /><testcase classname="test_hook_patterns.TestRegexPatternMatching" name="test_regex_optional_part" time="0.003" /><testcase classname="test_hook_patterns.TestRegexPatternMatching" name="test_regex_one_or_more" time="0.003" /><testcase classname="test_hook_patterns.TestRegexPatternMatching" name="test_regex_word_boundary" time="0.003" /><testcase classname="test_hook_patterns.TestPatternValidation" name="test_valid_regex_compiles" time="0.003" /><testcase classname="test_hook_patterns.TestPatternValidation" name="test_invalid_regex_fails_compilation" time="0.003" /><testcase classname="test_hook_patterns.TestPatternValidation" name="test_glob_pattern_always_valid" time="0.003" /><testcase classname="test_hook_patterns.TestPatternValidation" name="test_invalid_regex_patterns[[invalid(]" time="0.003" /><testcase classname="test_hook_patterns.TestPatternValidation" name="test_invalid_regex_patterns[(?P&lt;invalid]" time="0.003" /><testcase classname="test_hook_patterns.TestPatternValidation" name="test_invalid_regex_patterns[(?P&lt;name&gt;incomplete]" time="0.003" /><testcase classname="test_hook_patterns.TestPatternValidation" name="test_invalid_regex_patterns[(?P&lt;&gt;)]" time="0.003" /><testcase classname="test_hook_patterns.TestPatternMatchingStrategy" name="test_detect_regex_pattern" time="0.003" /><testcase classname="test_hook_patterns.TestPatternMatchingStrategy" name="test_detect_glob_pattern" time="0.003" /><testcase classname="test_hook_patterns.TestPatternMatchingStrategy" name="test_pattern_selection_precedence" time="0.003" /><testcase classname="test_hook_patterns.TestPatternMatchingStrategy" name="test_empty_pattern_handling" time="0.003" /><testcase classname="test_hook_patterns.TestComplexPatternScenarios" name="test_match_all_develop_commands" time="0.003" /><testcase classname="test_hook_patterns.TestComplexPatternScenarios" name="test_match_feedback_operations_only" time="0.003" /><testcase classname="test_hook_patterns.TestComplexPatternScenarios" name="test_match_commands_excluding_subagents" time="0.003" /><testcase classname="test_hook_patterns.TestPatternPerformance" name="test_large_pattern_set_matching" time="0.003" /><testcase classname="test_hook_patterns.TestPatternPerformance" name="test_deeply_nested_regex" time="0.004" /><testcase classname="test_hook_patterns.TestPatternPerformance" name="test_case_sensitivity_in_patterns" time="0.003" /><testcase classname="test_hook_registry.TestHookRegistryValidation" name="test_valid_hook_passes_validation" time="0.003" /><testcase classname="test_hook_registry.TestHookRegistryValidation" name="test_missing_required_field_id" time="0.003" /><testcase classname="test_hook_registry.TestHookRegistryValidation" name="test_missing_required_field_name" time="0.003" /><testcase classname="test_hook_registry.TestHookRegistryValidation" name="test_invalid_operation_type" time="0.003" /><testcase classname="test_hook_registry.TestHookRegistryValidation" name="test_missing_operation_pattern" time="0.003" /><testcase classname="test_hook_registry.TestHookRegistryValidation" name="test_empty_trigger_status_array" time="0.003" /><testcase classname="test_hook_registry.TestHookRegistryValidation" name="test_invalid_feedback_type" time="0.003" /><testcase classname="test_hook_registry.TestHookRegistryValidation" name="test_hook_id_format_validation" time="0.003" /><testcase classname="test_hook_registry.TestHookRegistryValidation" name="test_hook_id_max_length" time="0.004" /><testcase classname="test_hook_registry.TestHookRegistryValidation" name="test_hook_name_max_length" time="0.004" /><testcase classname="test_hook_registry.TestHookRegistryValidation" name="test_invalid_trigger_status_value" time="0.003" /><testcase classname="test_hook_registry.TestHookRegistryValidation" name="test_validation_reports_specific_field_violations" time="0.003" /><testcase classname="test_hook_registry.TestHookRegistryValidation" name="test_registry_load_fails_safely_on_invalid_schema" time="0.005" /><testcase classname="test_hook_registry.TestHookIdUniqueness" name="test_duplicate_hook_ids_detected" time="0.006" /><testcase classname="test_hook_registry.TestHookIdUniqueness" name="test_unique_hook_ids_accepted" time="0.006" /><testcase classname="test_hook_registry.TestOperationPatternValidation" name="test_simple_pattern_validation" time="0.003" /><testcase classname="test_hook_registry.TestOperationPatternValidation" name="test_regex_pattern_validation" time="0.003" /><testcase classname="test_hook_registry.TestOperationPatternValidation" name="test_invalid_regex_pattern_rejected" time="0.003" /><testcase classname="test_hook_registry.TestOperationPatternValidation" name="test_empty_pattern_rejected" time="0.003" /><testcase classname="test_hook_registry.TestTriggerStatusValidation" name="test_valid_trigger_statuses" time="0.003" /><testcase classname="test_hook_registry.TestTriggerStatusValidation" name="test_mixed_valid_invalid_statuses" time="0.003" /><testcase classname="test_hook_registry.TestTriggerStatusValidation" name="test_at_least_one_status_required" time="0.003" /><testcase classname="test_hook_registry.TestTriggerStatusValidation" name="test_duplicate_trigger_statuses_deduplicated" time="0.003" /><testcase classname="test_hook_registry.TestFeedbackTypeValidation" name="test_valid_feedback_types[conversation]" time="0.003" /><testcase classname="test_hook_registry.TestFeedbackTypeValidation" name="test_valid_feedback_types[summary]" time="0.003" /><testcase classname="test_hook_registry.TestFeedbackTypeValidation" name="test_valid_feedback_types[metrics]" time="0.004" /><testcase classname="test_hook_registry.TestFeedbackTypeValidation" name="test_valid_feedback_types[checklist]" time="0.003" /><testcase classname="test_hook_registry.TestFeedbackTypeValidation" name="test_invalid_feedback_type_rejected" time="0.004" /><testcase classname="test_hook_registry.TestOptionalFieldValidation" name="test_max_duration_ms_within_range" time="0.003" /><testcase classname="test_hook_registry.TestOptionalFieldValidation" name="test_max_duration_ms_too_low" time="0.003" /><testcase classname="test_hook_registry.TestOptionalFieldValidation" name="test_max_duration_ms_too_high" time="0.004" /><testcase classname="test_hook_registry.TestOptionalFieldValidation" name="test_enabled_boolean_validation" time="0.003" /><testcase classname="test_hook_registry.TestOptionalFieldValidation" name="test_tags_array_max_length" time="0.003" /><testcase classname="test_hook_registry.TestOptionalFieldValidation" name="test_tags_array_valid_length" time="0.003" /><testcase classname="test_hook_registry.TestTriggerConditionsValidation" name="test_operation_duration_min_max_consistency" time="0.003" /><testcase classname="test_hook_registry.TestTriggerConditionsValidation" name="test_operation_duration_min_max_inconsistency" time="0.003" /><testcase classname="test_hook_registry.TestTriggerConditionsValidation" name="test_token_usage_percent_range" time="0.003" /><testcase classname="test_hook_registry.TestTriggerConditionsValidation" name="test_token_usage_percent_out_of_range" time="0.003" /><testcase classname="test_hook_registry.TestTriggerConditionsValidation" name="test_validate_conditions_duration_min_greater_than_max" time="0.003" /><testcase classname="test_hook_registry.TestTriggerConditionsValidation" name="test_validate_conditions_token_usage_invalid_range" time="0.003" /><testcase classname="test_hook_registry.TestTriggerConditionsValidation" name="test_validate_conditions_result_code_not_string" time="0.003" /><testcase classname="test_hook_registry.TestTriggerConditionsValidation" name="test_validate_conditions_empty_conditions_valid" time="0.003" /><testcase classname="test_hook_registry.TestTriggerConditionsValidation" name="test_evaluate_result_code_matching" time="0.003" /><testcase classname="test_hook_registry.TestTriggerConditionsValidation" name="test_evaluate_result_code_not_matching" time="0.003" /><testcase classname="test_hook_registry.TestTriggerConditionsValidation" name="test_evaluate_execution_order_matching" time="0.003" /><testcase classname="test_hook_registry.TestTriggerConditionsValidation" name="test_evaluate_execution_order_not_matching" time="0.003" /><testcase classname="test_hook_registry.TestTriggerConditionsValidation" name="test_evaluate_no_conditions_always_true" time="0.003" /><testcase classname="test_hook_stress.TestLoadScenarios" name="test_100_simultaneous_operations_with_hooks" time="0.062" /><testcase classname="test_hook_stress.TestLoadScenarios" name="test_10_concurrent_hooks_without_degradation" time="0.015" /><testcase classname="test_hook_stress.TestLoadScenarios" name="test_fifo_queue_processing_under_load" time="0.054" /><testcase classname="test_hook_stress.TestRegistryStressScenarios" name="test_500_hooks_warning_threshold" time="0.003" /><testcase classname="test_hook_stress.TestRegistryStressScenarios" name="test_1000_hooks_hard_limit" time="0.004" /><testcase classname="test_hook_stress.TestRegistryStressScenarios" name="test_500_plus_hooks_registry_lookup_performance" time="0.003" /><testcase classname="test_hook_stress.TestRegistryStressScenarios" name="test_memory_usage_with_large_registry" time="0.003" /><testcase classname="test_hook_stress.TestRegistryStressScenarios" name="test_per_hook_context_memory" time="0.003" /><testcase classname="test_hook_stress.TestRegistryStressScenarios" name="test_total_system_memory_with_large_load" time="0.003" /><testcase classname="test_hook_stress.TestHookInvocationPerformance" name="test_hook_invocation_overhead_per_hook" time="0.006" /><testcase classname="test_hook_stress.TestHookInvocationPerformance" name="test_max_total_hook_overhead_per_operation" time="0.105" /><testcase classname="test_hook_stress.TestHookInvocationPerformance" name="test_config_reload_performance" time="0.039" /><testcase classname="test_hook_stress.TestHookInvocationPerformance" name="test_timeout_enforcement_overhead" time="1.006" /><testcase classname="test_hook_stress.TestStressFailureScenarios" name="test_many_hook_failures_isolated" time="0.004" /><testcase classname="test_hook_stress.TestStressFailureScenarios" name="test_high_failure_rate_operation_completion" time="0.004" /><testcase classname="test_hook_system.TestHookRegistrationAndDiscovery" name="test_load_hook_registry_from_yaml" time="0.006" /><testcase classname="test_hook_system.TestHookRegistrationAndDiscovery" name="test_hook_registry_empty_config" time="0.005" /><testcase classname="test_hook_system.TestHookRegistrationAndDiscovery" name="test_hook_discovery_multiple_hooks" time="0.006" /><testcase classname="test_hook_system.TestHookRegistrationAndDiscovery" name="test_hook_available_after_registration" time="0.006" /><testcase classname="test_hook_system.TestHookRegistrationAndDiscovery" name="test_hook_metadata_preserved" time="0.006" /><testcase classname="test_hook_system.TestHookContextDataAvailability" name="test_context_contains_required_fields" time="0.003" /><testcase classname="test_hook_system.TestHookContextDataAvailability" name="test_context_invocation_id_unique" time="0.004" /><testcase classname="test_hook_system.TestHookContextDataAvailability" name="test_context_timestamp_iso_format" time="0.003" /><testcase classname="test_hook_system.TestHookContextDataAvailability" name="test_context_invocation_stack_tracking" time="0.003" /><testcase classname="test_hook_system.TestHookContextDataAvailability" name="test_context_optional_fields" time="0.003" /><testcase classname="test_hook_system.TestHookContextDataAvailability" name="test_context_token_usage_percentage" time="0.003" /><testcase classname="test_hook_system.TestHookContextDataAvailability" name="test_context_status_values" time="0.003" /><testcase classname="test_hook_system.TestHookInvocationTrigger" name="test_hook_invoked_on_operation_completion" time="0.004" /><testcase classname="test_hook_system.TestHookInvocationTrigger" name="test_hook_pattern_matching_simple" time="0.003" /><testcase classname="test_hook_system.TestHookInvocationTrigger" name="test_hook_pattern_not_matching" time="0.003" /><testcase classname="test_hook_system.TestHookInvocationTrigger" name="test_hook_invocation_with_all_context" time="0.003" /><testcase classname="test_hook_system.TestHookSystemIntegration" name="test_hook_system_initialization" time="0.007" /><testcase classname="test_hook_system.TestHookSystemIntegration" name="test_hook_system_handles_missing_config" time="0.004" /><testcase classname="test_hook_system.TestHookSystemIntegration" name="test_hook_invocation_order_preserved" time="0.004" /><testcase classname="test_hook_system.TestHookSystemUtilityMethods" name="test_get_hook_by_id" time="0.006" /><testcase classname="test_hook_system.TestHookSystemUtilityMethods" name="test_get_hook_nonexistent_id" time="0.006" /><testcase classname="test_hook_system.TestHookSystemUtilityMethods" name="test_get_registry_size" time="0.006" /><testcase classname="test_hook_system.TestHookSystemUtilityMethods" name="test_has_registry_errors_false" time="0.006" /><testcase classname="test_hook_system.TestHookSystemUtilityMethods" name="test_get_registry_errors_empty" time="0.007" /><testcase classname="test_hook_system.TestHookSystemUtilityMethods" name="test_validate_pattern_valid_glob" time="0.007" /><testcase classname="test_hook_system.TestHookSystemUtilityMethods" name="test_validate_pattern_invalid_regex" time="0.006" /><testcase classname="test_hook_system.TestHookSystemUtilityMethods" name="test_reset_clears_state" time="0.006" /><testcase classname="test_hook_timeout.TestHookTimeoutProtection" name="test_hook_exceeding_timeout_terminated" time="1.006" /><testcase classname="test_hook_timeout.TestHookTimeoutProtection" name="test_hook_within_timeout_completes" time="0.106" /><testcase classname="test_hook_timeout.TestHookTimeoutProtection" name="test_timeout_default_5000ms" time="0.055" /><testcase classname="test_hook_timeout.TestHookTimeoutProtection" name="test_timeout_logged_with_context" time="0.507" /><testcase classname="test_hook_timeout.TestHookTimeoutProtection" name="test_multiple_timeouts_tracked" time="1.517" /><testcase classname="test_hook_timeout.TestTimeoutValueValidation" name="test_timeout_min_value_1000ms" time="0.004" /><testcase classname="test_hook_timeout.TestTimeoutValueValidation" name="test_timeout_max_value_30000ms" time="0.003" /><testcase classname="test_hook_timeout.TestTimeoutValueValidation" name="test_valid_timeout_range[1000]" time="0.003" /><testcase classname="test_hook_timeout.TestTimeoutValueValidation" name="test_valid_timeout_range[2000]" time="0.004" /><testcase classname="test_hook_timeout.TestTimeoutValueValidation" name="test_valid_timeout_range[5000]" time="0.004" /><testcase classname="test_hook_timeout.TestTimeoutValueValidation" name="test_valid_timeout_range[10000]" time="0.003" /><testcase classname="test_hook_timeout.TestTimeoutValueValidation" name="test_valid_timeout_range[30000]" time="0.003" /><testcase classname="test_hook_timeout.TestTimeoutValueValidation" name="test_default_timeout_5000ms" time="0.003" /><testcase classname="test_hook_timeout.TestTimeoutBehavior" name="test_timeout_does_not_affect_operation" time="0.107" /><testcase classname="test_hook_timeout.TestTimeoutBehavior" name="test_timeout_error_not_propagated" time="0.107" /><testcase classname="test_hook_timeout.TestTimeoutBehavior" name="test_hook_gracefully_interrupted" time="0.206" /><testcase classname="test_hook_timeout.TestTimeoutConfiguration" name="test_hook_timeout_per_hook_configurable" time="0.004" /><testcase classname="test_hook_timeout.TestTimeoutConfiguration" name="test_timeout_fallback_to_default" time="0.004" /><testcase classname="test_hook_timeout.TestTimeoutConfiguration" name="test_timeout_override_per_invocation" time="0.003" /><testcase classname="test_hook_timeout.TestTimeoutMeasurement" name="test_timeout_duration_measured_accurately" time="1.006" /><testcase classname="test_hook_timeout.TestTimeoutMeasurement" name="test_duration_tracked_on_success" time="0.104" /><testcase classname="test_hook_timeout.TestTimeoutEdgeCases" name="test_timeout_exactly_at_limit" time="0.505" /><testcase classname="test_hook_timeout.TestTimeoutEdgeCases" name="test_timeout_zero_duration" time="0.005" /><testcase classname="test_hook_timeout.TestTimeoutEdgeCases" name="test_multiple_concurrent_timeouts" time="0.105" /></testsuite></testsuites>