<?xml version="1.0" encoding="UTF-8" standalone="no"?>
<!DOCTYPE report PUBLIC "-//JACOCO//DTD Report 1.1//EN" "report.dtd"[]>
<report name="Pester (09/18/2026 14:20:22)">
  <sessioninfo id="this" start="1789741139051" dump="1789741222533" />
  <package name="operator-console">
    <class name="operator-console/DevForgeAI-Console" sourcefilename="DevForgeAI-Console.ps1">
      <method name="&lt;script&gt;" desc="()" line="21">
        <counter type="INSTRUCTION" missed="3" covered="5" />
        <counter type="LINE" missed="2" covered="4" />
        <counter type="METHOD" missed="0" covered="1" />
      </method>
      <counter type="INSTRUCTION" missed="3" covered="5" />
      <counter type="LINE" missed="2" covered="4" />
      <counter type="METHOD" missed="0" covered="1" />
      <counter type="CLASS" missed="0" covered="1" />
    </class>
    <sourcefile name="DevForgeAI-Console.ps1">
      <line nr="21" mi="0" ci="1" mb="0" cb="0" />
      <line nr="22" mi="0" ci="2" mb="0" cb="0" />
      <line nr="24" mi="1" ci="1" mb="0" cb="0" />
      <line nr="25" mi="0" ci="1" mb="0" cb="0" />
      <line nr="28" mi="1" ci="0" mb="0" cb="0" />
      <line nr="29" mi="1" ci="0" mb="0" cb="0" />
      <counter type="INSTRUCTION" missed="3" covered="5" />
      <counter type="LINE" missed="2" covered="4" />
      <counter type="METHOD" missed="0" covered="1" />
      <counter type="CLASS" missed="0" covered="1" />
    </sourcefile>
    <counter type="INSTRUCTION" missed="3" covered="5" />
    <counter type="LINE" missed="2" covered="4" />
    <counter type="METHOD" missed="0" covered="1" />
    <counter type="CLASS" missed="0" covered="1" />
  </package>
  <package name="operator-console/scripts/operator-console">
    <class name="operator-console/scripts/operator-console/OperatorConsole" sourcefilename="scripts/operator-console/OperatorConsole.psm1">
      <method name="&lt;script&gt;" desc="()" line="1">
        <counter type="INSTRUCTION" missed="0" covered="2" />
        <counter type="LINE" missed="0" covered="2" />
        <counter type="METHOD" missed="0" covered="1" />
      </method>
      <method name="Invoke-OperatorTool" desc="()" line="5">
        <counter type="INSTRUCTION" missed="0" covered="31" />
        <counter type="LINE" missed="0" covered="23" />
        <counter type="METHOD" missed="0" covered="1" />
      </method>
      <method name="Get-OperatorGit" desc="()" line="35">
        <counter type="INSTRUCTION" missed="0" covered="2" />
        <counter type="LINE" missed="0" covered="1" />
        <counter type="METHOD" missed="0" covered="1" />
      </method>
      <method name="Confirm-PlainPath" desc="()" line="40">
        <counter type="INSTRUCTION" missed="0" covered="7" />
        <counter type="LINE" missed="0" covered="6" />
        <counter type="METHOD" missed="0" covered="1" />
      </method>
      <method name="Get-OperatorRepository" desc="()" line="52">
        <counter type="INSTRUCTION" missed="0" covered="19" />
        <counter type="LINE" missed="0" covered="12" />
        <counter type="METHOD" missed="0" covered="1" />
      </method>
      <method name="Confirm-OperatorReady" desc="()" line="69">
        <counter type="INSTRUCTION" missed="0" covered="17" />
        <counter type="LINE" missed="0" covered="6" />
        <counter type="METHOD" missed="0" covered="1" />
      </method>
      <method name="Confirm-BranchName" desc="()" line="81">
        <counter type="INSTRUCTION" missed="0" covered="4" />
        <counter type="LINE" missed="0" covered="2" />
        <counter type="METHOD" missed="0" covered="1" />
      </method>
      <method name="Get-OperatorRef" desc="()" line="87">
        <counter type="INSTRUCTION" missed="2" covered="6" />
        <counter type="LINE" missed="0" covered="4" />
        <counter type="METHOD" missed="0" covered="1" />
      </method>
      <method name="Confirm-BranchAvailable" desc="()" line="95">
        <counter type="INSTRUCTION" missed="0" covered="13" />
        <counter type="LINE" missed="0" covered="6" />
        <counter type="METHOD" missed="0" covered="1" />
      </method>
      <method name="New-OperatorCheckpoint" desc="()" line="107">
        <counter type="INSTRUCTION" missed="6" covered="97" />
        <counter type="LINE" missed="0" covered="46" />
        <counter type="METHOD" missed="0" covered="1" />
      </method>
      <method name="Sync-OperatorMain" desc="()" line="161">
        <counter type="INSTRUCTION" missed="1" covered="40" />
        <counter type="LINE" missed="0" covered="19" />
        <counter type="METHOD" missed="0" covered="1" />
      </method>
      <method name="Switch-OperatorBranch" desc="()" line="186">
        <counter type="INSTRUCTION" missed="0" covered="14" />
        <counter type="LINE" missed="0" covered="9" />
        <counter type="METHOD" missed="0" covered="1" />
      </method>
      <method name="Get-OperatorRecovery" desc="()" line="199">
        <counter type="INSTRUCTION" missed="0" covered="13" />
        <counter type="LINE" missed="0" covered="8" />
        <counter type="METHOD" missed="0" covered="1" />
      </method>
      <method name="New-OperatorWorktree" desc="()" line="212">
        <counter type="INSTRUCTION" missed="1" covered="24" />
        <counter type="LINE" missed="0" covered="12" />
        <counter type="METHOD" missed="0" covered="1" />
      </method>
      <method name="Save-OperatorCommit" desc="()" line="228">
        <counter type="INSTRUCTION" missed="0" covered="19" />
        <counter type="LINE" missed="0" covered="9" />
        <counter type="METHOD" missed="0" covered="1" />
      </method>
      <method name="Push-OperatorBranch" desc="()" line="241">
        <counter type="INSTRUCTION" missed="0" covered="8" />
        <counter type="LINE" missed="0" covered="4" />
        <counter type="METHOD" missed="0" covered="1" />
      </method>
      <method name="Invoke-OperatorBuild" desc="()" line="249">
        <counter type="INSTRUCTION" missed="0" covered="66" />
        <counter type="LINE" missed="0" covered="28" />
        <counter type="METHOD" missed="0" covered="1" />
      </method>
      <method name="Invoke-OperatorAction" desc="()" line="283">
        <counter type="INSTRUCTION" missed="0" covered="32" />
        <counter type="LINE" missed="0" covered="21" />
        <counter type="METHOD" missed="0" covered="1" />
      </method>
      <method name="Start-OperatorMenu" desc="()" line="313">
        <counter type="INSTRUCTION" missed="0" covered="43" />
        <counter type="LINE" missed="0" covered="23" />
        <counter type="METHOD" missed="0" covered="1" />
      </method>
      <counter type="INSTRUCTION" missed="10" covered="457" />
      <counter type="LINE" missed="0" covered="241" />
      <counter type="METHOD" missed="0" covered="19" />
      <counter type="CLASS" missed="0" covered="1" />
    </class>
    <sourcefile name="scripts/operator-console/OperatorConsole.psm1">
      <line nr="1" mi="0" ci="1" mb="0" cb="0" />
      <line nr="5" mi="0" ci="2" mb="0" cb="0" />
      <line nr="6" mi="0" ci="1" mb="0" cb="0" />
      <line nr="7" mi="0" ci="1" mb="0" cb="0" />
      <line nr="8" mi="0" ci="1" mb="0" cb="0" />
      <line nr="9" mi="0" ci="1" mb="0" cb="0" />
      <line nr="10" mi="0" ci="1" mb="0" cb="0" />
      <line nr="11" mi="0" ci="1" mb="0" cb="0" />
      <line nr="12" mi="0" ci="1" mb="0" cb="0" />
      <line nr="13" mi="0" ci="1" mb="0" cb="0" />
      <line nr="14" mi="0" ci="1" mb="0" cb="0" />
      <line nr="15" mi="0" ci="1" mb="0" cb="0" />
      <line nr="16" mi="0" ci="2" mb="0" cb="0" />
      <line nr="17" mi="0" ci="1" mb="0" cb="0" />
      <line nr="18" mi="0" ci="1" mb="0" cb="0" />
      <line nr="20" mi="0" ci="1" mb="0" cb="0" />
      <line nr="21" mi="0" ci="1" mb="0" cb="0" />
      <line nr="22" mi="0" ci="1" mb="0" cb="0" />
      <line nr="23" mi="0" ci="1" mb="0" cb="0" />
      <line nr="24" mi="0" ci="4" mb="0" cb="0" />
      <line nr="25" mi="0" ci="1" mb="0" cb="0" />
      <line nr="26" mi="0" ci="4" mb="0" cb="0" />
      <line nr="28" mi="0" ci="1" mb="0" cb="0" />
      <line nr="30" mi="0" ci="1" mb="0" cb="0" />
      <line nr="35" mi="0" ci="2" mb="0" cb="0" />
      <line nr="40" mi="0" ci="1" mb="0" cb="0" />
      <line nr="41" mi="0" ci="1" mb="0" cb="0" />
      <line nr="42" mi="0" ci="1" mb="0" cb="0" />
      <line nr="43" mi="0" ci="1" mb="0" cb="0" />
      <line nr="44" mi="0" ci="2" mb="0" cb="0" />
      <line nr="46" mi="0" ci="1" mb="0" cb="0" />
      <line nr="52" mi="0" ci="2" mb="0" cb="0" />
      <line nr="53" mi="0" ci="1" mb="0" cb="0" />
      <line nr="54" mi="0" ci="2" mb="0" cb="0" />
      <line nr="55" mi="0" ci="2" mb="0" cb="0" />
      <line nr="56" mi="0" ci="2" mb="0" cb="0" />
      <line nr="57" mi="0" ci="1" mb="0" cb="0" />
      <line nr="58" mi="0" ci="1" mb="0" cb="0" />
      <line nr="59" mi="0" ci="1" mb="0" cb="0" />
      <line nr="60" mi="0" ci="2" mb="0" cb="0" />
      <line nr="61" mi="0" ci="1" mb="0" cb="0" />
      <line nr="62" mi="0" ci="2" mb="0" cb="0" />
      <line nr="63" mi="0" ci="2" mb="0" cb="0" />
      <line nr="69" mi="0" ci="2" mb="0" cb="0" />
      <line nr="70" mi="0" ci="3" mb="0" cb="0" />
      <line nr="72" mi="0" ci="4" mb="0" cb="0" />
      <line nr="73" mi="0" ci="4" mb="0" cb="0" />
      <line nr="74" mi="0" ci="3" mb="0" cb="0" />
      <line nr="75" mi="0" ci="1" mb="0" cb="0" />
      <line nr="81" mi="0" ci="2" mb="0" cb="0" />
      <line nr="82" mi="0" ci="2" mb="0" cb="0" />
      <line nr="87" mi="0" ci="2" mb="0" cb="0" />
      <line nr="88" mi="0" ci="2" mb="0" cb="0" />
      <line nr="89" mi="2" ci="1" mb="0" cb="0" />
      <line nr="90" mi="0" ci="1" mb="0" cb="0" />
      <line nr="95" mi="0" ci="2" mb="0" cb="0" />
      <line nr="96" mi="0" ci="2" mb="0" cb="0" />
      <line nr="97" mi="0" ci="1" mb="0" cb="0" />
      <line nr="98" mi="0" ci="1" mb="0" cb="0" />
      <line nr="99" mi="0" ci="5" mb="0" cb="0" />
      <line nr="100" mi="0" ci="2" mb="0" cb="0" />
      <line nr="107" mi="0" ci="1" mb="0" cb="0" />
      <line nr="108" mi="0" ci="1" mb="0" cb="0" />
      <line nr="109" mi="0" ci="1" mb="0" cb="0" />
      <line nr="110" mi="0" ci="1" mb="0" cb="0" />
      <line nr="111" mi="0" ci="1" mb="0" cb="0" />
      <line nr="112" mi="0" ci="1" mb="0" cb="0" />
      <line nr="114" mi="0" ci="2" mb="0" cb="0" />
      <line nr="115" mi="0" ci="2" mb="0" cb="0" />
      <line nr="116" mi="0" ci="1" mb="0" cb="0" />
      <line nr="117" mi="0" ci="3" mb="0" cb="0" />
      <line nr="118" mi="0" ci="3" mb="0" cb="0" />
      <line nr="119" mi="0" ci="3" mb="0" cb="0" />
      <line nr="120" mi="0" ci="1" mb="0" cb="0" />
      <line nr="121" mi="0" ci="1" mb="0" cb="0" />
      <line nr="122" mi="0" ci="1" mb="0" cb="0" />
      <line nr="123" mi="0" ci="1" mb="0" cb="0" />
      <line nr="124" mi="0" ci="2" mb="0" cb="0" />
      <line nr="125" mi="1" ci="1" mb="0" cb="0" />
      <line nr="126" mi="0" ci="1" mb="0" cb="0" />
      <line nr="127" mi="0" ci="5" mb="0" cb="0" />
      <line nr="128" mi="0" ci="1" mb="0" cb="0" />
      <line nr="129" mi="1" ci="1" mb="0" cb="0" />
      <line nr="130" mi="0" ci="1" mb="0" cb="0" />
      <line nr="131" mi="0" ci="2" mb="0" cb="0" />
      <line nr="132" mi="0" ci="1" mb="0" cb="0" />
      <line nr="133" mi="0" ci="2" mb="0" cb="0" />
      <line nr="134" mi="0" ci="1" mb="0" cb="0" />
      <line nr="135" mi="0" ci="2" mb="0" cb="0" />
      <line nr="136" mi="1" ci="2" mb="0" cb="0" />
      <line nr="137" mi="0" ci="4" mb="0" cb="0" />
      <line nr="139" mi="0" ci="2" mb="0" cb="0" />
      <line nr="140" mi="0" ci="1" mb="0" cb="0" />
      <line nr="141" mi="0" ci="1" mb="0" cb="0" />
      <line nr="142" mi="0" ci="3" mb="0" cb="0" />
      <line nr="143" mi="0" ci="3" mb="0" cb="0" />
      <line nr="144" mi="0" ci="1" mb="0" cb="0" />
      <line nr="145" mi="0" ci="4" mb="0" cb="0" />
      <line nr="146" mi="1" ci="7" mb="0" cb="0" />
      <line nr="147" mi="0" ci="1" mb="0" cb="0" />
      <line nr="148" mi="0" ci="1" mb="0" cb="0" />
      <line nr="149" mi="1" ci="2" mb="0" cb="0" />
      <line nr="150" mi="1" ci="2" mb="0" cb="0" />
      <line nr="152" mi="0" ci="12" mb="0" cb="0" />
      <line nr="153" mi="0" ci="4" mb="0" cb="0" />
      <line nr="154" mi="0" ci="1" mb="0" cb="0" />
      <line nr="156" mi="0" ci="2" mb="0" cb="0" />
      <line nr="161" mi="0" ci="1" mb="0" cb="0" />
      <line nr="162" mi="0" ci="1" mb="0" cb="0" />
      <line nr="163" mi="0" ci="1" mb="0" cb="0" />
      <line nr="164" mi="0" ci="1" mb="0" cb="0" />
      <line nr="165" mi="0" ci="2" mb="0" cb="0" />
      <line nr="166" mi="0" ci="2" mb="0" cb="0" />
      <line nr="167" mi="0" ci="1" mb="0" cb="0" />
      <line nr="168" mi="0" ci="1" mb="0" cb="0" />
      <line nr="169" mi="0" ci="2" mb="0" cb="0" />
      <line nr="170" mi="0" ci="2" mb="0" cb="0" />
      <line nr="172" mi="0" ci="1" mb="0" cb="0" />
      <line nr="173" mi="0" ci="7" mb="0" cb="0" />
      <line nr="174" mi="0" ci="1" mb="0" cb="0" />
      <line nr="175" mi="0" ci="2" mb="0" cb="0" />
      <line nr="176" mi="0" ci="5" mb="0" cb="0" />
      <line nr="177" mi="0" ci="1" mb="0" cb="0" />
      <line nr="179" mi="0" ci="2" mb="0" cb="0" />
      <line nr="180" mi="1" ci="3" mb="0" cb="0" />
      <line nr="181" mi="0" ci="4" mb="0" cb="0" />
      <line nr="186" mi="0" ci="1" mb="0" cb="0" />
      <line nr="187" mi="0" ci="1" mb="0" cb="0" />
      <line nr="188" mi="0" ci="1" mb="0" cb="0" />
      <line nr="189" mi="0" ci="1" mb="0" cb="0" />
      <line nr="190" mi="0" ci="3" mb="0" cb="0" />
      <line nr="191" mi="0" ci="1" mb="0" cb="0" />
      <line nr="192" mi="0" ci="1" mb="0" cb="0" />
      <line nr="193" mi="0" ci="2" mb="0" cb="0" />
      <line nr="194" mi="0" ci="3" mb="0" cb="0" />
      <line nr="199" mi="0" ci="1" mb="0" cb="0" />
      <line nr="200" mi="0" ci="1" mb="0" cb="0" />
      <line nr="201" mi="0" ci="3" mb="0" cb="0" />
      <line nr="202" mi="0" ci="1" mb="0" cb="0" />
      <line nr="203" mi="0" ci="2" mb="0" cb="0" />
      <line nr="204" mi="0" ci="1" mb="0" cb="0" />
      <line nr="205" mi="0" ci="1" mb="0" cb="0" />
      <line nr="206" mi="0" ci="3" mb="0" cb="0" />
      <line nr="212" mi="0" ci="1" mb="0" cb="0" />
      <line nr="213" mi="0" ci="1" mb="0" cb="0" />
      <line nr="214" mi="0" ci="1" mb="0" cb="0" />
      <line nr="215" mi="0" ci="3" mb="0" cb="0" />
      <line nr="216" mi="0" ci="4" mb="0" cb="0" />
      <line nr="217" mi="0" ci="2" mb="0" cb="0" />
      <line nr="218" mi="0" ci="1" mb="0" cb="0" />
      <line nr="219" mi="1" ci="1" mb="0" cb="0" />
      <line nr="220" mi="0" ci="2" mb="0" cb="0" />
      <line nr="221" mi="0" ci="2" mb="0" cb="0" />
      <line nr="222" mi="0" ci="2" mb="0" cb="0" />
      <line nr="223" mi="0" ci="4" mb="0" cb="0" />
      <line nr="228" mi="0" ci="1" mb="0" cb="0" />
      <line nr="229" mi="0" ci="1" mb="0" cb="0" />
      <line nr="230" mi="0" ci="2" mb="0" cb="0" />
      <line nr="231" mi="0" ci="2" mb="0" cb="0" />
      <line nr="232" mi="0" ci="4" mb="0" cb="0" />
      <line nr="233" mi="0" ci="2" mb="0" cb="0" />
      <line nr="234" mi="0" ci="1" mb="0" cb="0" />
      <line nr="235" mi="0" ci="2" mb="0" cb="0" />
      <line nr="236" mi="0" ci="4" mb="0" cb="0" />
      <line nr="241" mi="0" ci="1" mb="0" cb="0" />
      <line nr="242" mi="0" ci="1" mb="0" cb="0" />
      <line nr="243" mi="0" ci="2" mb="0" cb="0" />
      <line nr="244" mi="0" ci="4" mb="0" cb="0" />
      <line nr="249" mi="0" ci="1" mb="0" cb="0" />
      <line nr="250" mi="0" ci="1" mb="0" cb="0" />
      <line nr="251" mi="0" ci="1" mb="0" cb="0" />
      <line nr="252" mi="0" ci="1" mb="0" cb="0" />
      <line nr="253" mi="0" ci="4" mb="0" cb="0" />
      <line nr="254" mi="0" ci="4" mb="0" cb="0" />
      <line nr="255" mi="0" ci="4" mb="0" cb="0" />
      <line nr="256" mi="0" ci="5" mb="0" cb="0" />
      <line nr="257" mi="0" ci="1" mb="0" cb="0" />
      <line nr="258" mi="0" ci="1" mb="0" cb="0" />
      <line nr="259" mi="0" ci="2" mb="0" cb="0" />
      <line nr="260" mi="0" ci="2" mb="0" cb="0" />
      <line nr="261" mi="0" ci="2" mb="0" cb="0" />
      <line nr="262" mi="0" ci="3" mb="0" cb="0" />
      <line nr="263" mi="0" ci="2" mb="0" cb="0" />
      <line nr="264" mi="0" ci="2" mb="0" cb="0" />
      <line nr="265" mi="0" ci="1" mb="0" cb="0" />
      <line nr="266" mi="0" ci="1" mb="0" cb="0" />
      <line nr="268" mi="0" ci="5" mb="0" cb="0" />
      <line nr="269" mi="0" ci="1" mb="0" cb="0" />
      <line nr="271" mi="0" ci="1" mb="0" cb="0" />
      <line nr="272" mi="0" ci="1" mb="0" cb="0" />
      <line nr="273" mi="0" ci="2" mb="0" cb="0" />
      <line nr="274" mi="0" ci="1" mb="0" cb="0" />
      <line nr="275" mi="0" ci="10" mb="0" cb="0" />
      <line nr="276" mi="0" ci="3" mb="0" cb="0" />
      <line nr="277" mi="0" ci="3" mb="0" cb="0" />
      <line nr="278" mi="0" ci="1" mb="0" cb="0" />
      <line nr="283" mi="0" ci="1" mb="0" cb="0" />
      <line nr="284" mi="0" ci="3" mb="0" cb="0" />
      <line nr="285" mi="0" ci="1" mb="0" cb="0" />
      <line nr="287" mi="0" ci="2" mb="0" cb="0" />
      <line nr="288" mi="0" ci="2" mb="0" cb="0" />
      <line nr="289" mi="0" ci="2" mb="0" cb="0" />
      <line nr="291" mi="0" ci="2" mb="0" cb="0" />
      <line nr="292" mi="0" ci="1" mb="0" cb="0" />
      <line nr="293" mi="0" ci="1" mb="0" cb="0" />
      <line nr="294" mi="0" ci="1" mb="0" cb="0" />
      <line nr="295" mi="0" ci="1" mb="0" cb="0" />
      <line nr="296" mi="0" ci="1" mb="0" cb="0" />
      <line nr="297" mi="0" ci="1" mb="0" cb="0" />
      <line nr="298" mi="0" ci="1" mb="0" cb="0" />
      <line nr="299" mi="0" ci="1" mb="0" cb="0" />
      <line nr="300" mi="0" ci="1" mb="0" cb="0" />
      <line nr="301" mi="0" ci="3" mb="0" cb="0" />
      <line nr="303" mi="0" ci="1" mb="0" cb="0" />
      <line nr="304" mi="0" ci="2" mb="0" cb="0" />
      <line nr="305" mi="0" ci="3" mb="0" cb="0" />
      <line nr="307" mi="0" ci="1" mb="0" cb="0" />
      <line nr="313" mi="0" ci="2" mb="0" cb="0" />
      <line nr="314" mi="0" ci="1" mb="0" cb="0" />
      <line nr="315" mi="0" ci="1" mb="0" cb="0" />
      <line nr="316" mi="0" ci="4" mb="0" cb="0" />
      <line nr="317" mi="0" ci="1" mb="0" cb="0" />
      <line nr="318" mi="0" ci="1" mb="0" cb="0" />
      <line nr="319" mi="0" ci="1" mb="0" cb="0" />
      <line nr="320" mi="0" ci="1" mb="0" cb="0" />
      <line nr="321" mi="0" ci="1" mb="0" cb="0" />
      <line nr="322" mi="0" ci="1" mb="0" cb="0" />
      <line nr="323" mi="0" ci="1" mb="0" cb="0" />
      <line nr="324" mi="0" ci="2" mb="0" cb="0" />
      <line nr="325" mi="0" ci="1" mb="0" cb="0" />
      <line nr="326" mi="0" ci="3" mb="0" cb="0" />
      <line nr="327" mi="0" ci="3" mb="0" cb="0" />
      <line nr="328" mi="0" ci="2" mb="0" cb="0" />
      <line nr="329" mi="0" ci="4" mb="0" cb="0" />
      <line nr="330" mi="0" ci="2" mb="0" cb="0" />
      <line nr="331" mi="0" ci="2" mb="0" cb="0" />
      <line nr="332" mi="0" ci="3" mb="0" cb="0" />
      <line nr="333" mi="0" ci="1" mb="0" cb="0" />
      <line nr="335" mi="0" ci="3" mb="0" cb="0" />
      <line nr="336" mi="0" ci="2" mb="0" cb="0" />
      <line nr="340" mi="0" ci="1" mb="0" cb="0" />
      <counter type="INSTRUCTION" missed="10" covered="457" />
      <counter type="LINE" missed="0" covered="241" />
      <counter type="METHOD" missed="0" covered="19" />
      <counter type="CLASS" missed="0" covered="1" />
    </sourcefile>
    <counter type="INSTRUCTION" missed="10" covered="457" />
    <counter type="LINE" missed="0" covered="241" />
    <counter type="METHOD" missed="0" covered="19" />
    <counter type="CLASS" missed="0" covered="1" />
  </package>
  <counter type="INSTRUCTION" missed="13" covered="462" />
  <counter type="LINE" missed="2" covered="245" />
  <counter type="METHOD" missed="0" covered="20" />
  <counter type="CLASS" missed="0" covered="2" />
</report>
