Name                                                              Stmts   Miss Branch BrPart  Cover
---------------------------------------------------------------------------------------------------
src\agents\skills\skill-validator\scripts\adaptive_contracts.py     427      5    184     10    98%
src\agents\skills\skill-validator\scripts\adaptive_observe.py       259      7     94      8    96%
src\agents\skills\skill-validator\scripts\authoring_intake.py        60      1     26      1    98%
src\agents\skills\skill-validator\scripts\build_evidence.py         285     23    134     23    89%
src\agents\skills\skill-validator\scripts\custody.py                386     25    224     23    92%
src\agents\skills\skill-validator\scripts\graders.py                884     60    550     58    92%
src\agents\skills\skill-validator\scripts\observe.py                637     18    340     19    96%
src\agents\skills\skill-validator\scripts\run_evaluation.py         164     15     76     12    89%
src\agents\skills\skill-validator\scripts\skill_format.py            45      0     20      0   100%
src\agents\skills\skill-validator\scripts\standards_observe.py       43      0     18      3    95%
src\agents\skills\skill-validator\scripts\text_resources.py         307      6    164      8    97%
src\agents\skills\skill-validator\scripts\trial_runner.py           245      6     56      4    97%
src\agents\skills\skill-validator\scripts\trial_worker.py            14      0      2      1    94%
src\agents\skills\skill-validator\scripts\windows_trial.py           46     10     20      8    70%
---------------------------------------------------------------------------------------------------
TOTAL                                                              3802    176   1908    178    94%
