{"meta": {"format": 3, "version": "7.9.0", "timestamp": "2026-09-15T09:01:30.002571", "branch_coverage": true, "show_contexts": false}, "files": {"src\\agents\\skills\\skill-builder\\assets\\adaptive-runtime\\check_project_binding.py": {"executed_lines": [1, 6, 7, 8, 9, 10, 11, 12, 13, 14, 15, 16, 18, 19, 20, 21, 22, 23, 24, 25, 26, 29, 30, 31, 32, 35, 36, 37, 40, 41, 44, 45, 48, 49, 50, 51, 52, 53, 54, 55, 56, 57, 58, 60, 61, 62, 63, 66, 67, 70, 71, 72, 73, 76, 77, 78, 81, 82, 83, 84, 85, 88, 89, 90, 92, 95, 96, 97, 98, 99, 100, 101, 102, 103, 106, 107, 108, 109, 112, 113, 116, 117, 118, 119, 120, 122, 123, 124, 125, 126, 127, 128, 129, 130, 131, 132, 133, 134, 136, 137, 139, 140, 141, 142, 144, 145, 146, 147, 148, 149, 150, 151, 152, 153, 154, 155, 157, 158, 159, 162, 163, 164, 165, 166, 167, 168, 169, 170, 171, 172, 173, 174, 175, 176, 178, 179, 180, 181, 182, 183, 184, 185, 186, 187, 188, 189, 190, 193, 194, 195, 196, 197, 198, 199, 200, 203, 204, 205, 206, 207, 208, 209, 210, 211, 212, 213, 214, 215, 216, 217, 218, 219, 220, 221, 222, 223, 224, 225, 226, 227, 228, 229, 232, 233, 236, 237, 238, 239, 240, 241, 242, 243, 244, 245, 246, 247, 248, 249, 250, 251, 252, 253, 254, 255, 256, 257, 258, 259, 260, 261, 262, 263, 264, 265, 266, 267, 268, 269, 270, 271, 272, 273, 274, 275, 280, 281, 282, 284, 287, 288, 289, 290, 291, 292, 293, 294, 297, 298], "summary": {"covered_lines": 236, "num_statements": 240, "percent_covered": 98.56115107913669, "percent_covered_display": "99", "missing_lines": 4, "excluded_lines": 0, "num_branches": 38, "num_partial_branches": 0, "covered_branches": 38, "missing_branches": 0}, "missing_lines": [276, 277, 278, 279], "excluded_lines": [], "executed_branches": [[36, -35], [36, 37], [51, 52], [51, 54], [72, -70], [72, 73], [83, 84], [83, 85], [99, 100], [99, 103], [100, 99], [100, 101], [127, 128], [127, 129], [136, 137], [136, 139], [148, 149], [148, 159], [150, 148], [150, 151], [154, 155], [154, 157], [171, 172], [171, 178], [181, 182], [181, 186], [187, 188], [187, 200], [189, 190], [189, 193], [220, 221], [220, 228], [259, 260], [259, 270], [260, 261], [260, 262], [297, -1], [297, 298]], "missing_branches": [], "functions": {"BindingError.__init__": {"executed_lines": [31, 32], "summary": {"covered_lines": 2, "num_statements": 2, "percent_covered": 100.0, "percent_covered_display": "100", "missing_lines": 0, "excluded_lines": 0, "num_branches": 0, "num_partial_branches": 0, "covered_branches": 0, "missing_branches": 0}, "missing_lines": [], "excluded_lines": [], "executed_branches": [], "missing_branches": []}, "require": {"executed_lines": [36, 37], "summary": {"covered_lines": 2, "num_statements": 2, "percent_covered": 100.0, "percent_covered_display": "100", "missing_lines": 0, "excluded_lines": 0, "num_branches": 2, "num_partial_branches": 0, "covered_branches": 2, "missing_branches": 0}, "missing_lines": [], "excluded_lines": [], "executed_branches": [[36, -35], [36, 37]], "missing_branches": []}, "compact": {"executed_lines": [41], "summary": {"covered_lines": 1, "num_statements": 1, "percent_covered": 100.0, "percent_covered_display": "100", "missing_lines": 0, "excluded_lines": 0, "num_branches": 0, "num_partial_branches": 0, "covered_branches": 0, "missing_branches": 0}, "missing_lines": [], "excluded_lines": [], "executed_branches": [], "missing_branches": []}, "digest": {"executed_lines": [45], "summary": {"covered_lines": 1, "num_statements": 1, "percent_covered": 100.0, "percent_covered_display": "100", "missing_lines": 0, "excluded_lines": 0, "num_branches": 0, "num_partial_branches": 0, "covered_branches": 0, "missing_branches": 0}, "missing_lines": [], "excluded_lines": [], "executed_branches": [], "missing_branches": []}, "strict_json": {"executed_lines": [49, 55, 57, 58, 60, 61, 62, 63], "summary": {"covered_lines": 8, "num_statements": 8, "percent_covered": 100.0, "percent_covered_display": "100", "missing_lines": 0, "excluded_lines": 0, "num_branches": 0, "num_partial_branches": 0, "covered_branches": 0, "missing_branches": 0}, "missing_lines": [], "excluded_lines": [], "executed_branches": [], "missing_branches": []}, "strict_json.pairs": {"executed_lines": [50, 51, 52, 53, 54], "summary": {"covered_lines": 5, "num_statements": 5, "percent_covered": 100.0, "percent_covered_display": "100", "missing_lines": 0, "excluded_lines": 0, "num_branches": 2, "num_partial_branches": 0, "covered_branches": 2, "missing_branches": 0}, "missing_lines": [], "excluded_lines": [], "executed_branches": [[51, 52], [51, 54]], "missing_branches": []}, "strict_json.invalid": {"executed_lines": [56], "summary": {"covered_lines": 1, "num_statements": 1, "percent_covered": 100.0, "percent_covered_display": "100", "missing_lines": 0, "excluded_lines": 0, "num_branches": 0, "num_partial_branches": 0, "covered_branches": 0, "missing_branches": 0}, "missing_lines": [], "excluded_lines": [], "executed_branches": [], "missing_branches": []}, "fields": {"executed_lines": [67], "summary": {"covered_lines": 1, "num_statements": 1, "percent_covered": 100.0, "percent_covered_display": "100", "missing_lines": 0, "excluded_lines": 0, "num_branches": 0, "num_partial_branches": 0, "covered_branches": 0, "missing_branches": 0}, "missing_lines": [], "excluded_lines": [], "executed_branches": [], "missing_branches": []}, "string": {"executed_lines": [71, 72, 73], "summary": {"covered_lines": 3, "num_statements": 3, "percent_covered": 100.0, "percent_covered_display": "100", "missing_lines": 0, "excluded_lines": 0, "num_branches": 2, "num_partial_branches": 0, "covered_branches": 2, "missing_branches": 0}, "missing_lines": [], "excluded_lines": [], "executed_branches": [[72, -70], [72, 73]], "missing_branches": []}, "name": {"executed_lines": [77, 78], "summary": {"covered_lines": 2, "num_statements": 2, "percent_covered": 100.0, "percent_covered_display": "100", "missing_lines": 0, "excluded_lines": 0, "num_branches": 0, "num_partial_branches": 0, "covered_branches": 0, "missing_branches": 0}, "missing_lines": [], "excluded_lines": [], "executed_branches": [], "missing_branches": []}, "strings": {"executed_lines": [82, 83, 84, 85], "summary": {"covered_lines": 4, "num_statements": 4, "percent_covered": 100.0, "percent_covered_display": "100", "missing_lines": 0, "excluded_lines": 0, "num_branches": 2, "num_partial_branches": 0, "covered_branches": 2, "missing_branches": 0}, "missing_lines": [], "excluded_lines": [], "executed_branches": [[83, 84], [83, 85]], "missing_branches": []}, "relpath": {"executed_lines": [89, 90, 92], "summary": {"covered_lines": 3, "num_statements": 3, "percent_covered": 100.0, "percent_covered_display": "100", "missing_lines": 0, "excluded_lines": 0, "num_branches": 0, "num_partial_branches": 0, "covered_branches": 0, "missing_branches": 0}, "missing_lines": [], "excluded_lines": [], "executed_branches": [], "missing_branches": []}, "safe_path": {"executed_lines": [96, 97, 98, 99, 100, 101, 102, 103], "summary": {"covered_lines": 8, "num_statements": 8, "percent_covered": 100.0, "percent_covered_display": "100", "missing_lines": 0, "excluded_lines": 0, "num_branches": 4, "num_partial_branches": 0, "covered_branches": 4, "missing_branches": 0}, "missing_lines": [], "excluded_lines": [], "executed_branches": [[99, 100], [99, 103], [100, 99], [100, 101]], "missing_branches": []}, "under": {"executed_lines": [107, 108, 109], "summary": {"covered_lines": 3, "num_statements": 3, "percent_covered": 100.0, "percent_covered_display": "100", "missing_lines": 0, "excluded_lines": 0, "num_branches": 0, "num_partial_branches": 0, "covered_branches": 0, "missing_branches": 0}, "missing_lines": [], "excluded_lines": [], "executed_branches": [], "missing_branches": []}, "excluded": {"executed_lines": [113], "summary": {"covered_lines": 1, "num_statements": 1, "percent_covered": 100.0, "percent_covered_display": "100", "missing_lines": 0, "excluded_lines": 0, "num_branches": 0, "num_partial_branches": 0, "covered_branches": 0, "missing_branches": 0}, "missing_lines": [], "excluded_lines": [], "executed_branches": [], "missing_branches": []}, "Capture.__init__": {"executed_lines": [119, 120], "summary": {"covered_lines": 2, "num_statements": 2, "percent_covered": 100.0, "percent_covered_display": "100", "missing_lines": 0, "excluded_lines": 0, "num_branches": 0, "num_partial_branches": 0, "covered_branches": 0, "missing_branches": 0}, "missing_lines": [], "excluded_lines": [], "executed_branches": [], "missing_branches": []}, "Capture.read": {"executed_lines": [123, 124, 125, 126, 127, 128, 129, 130, 131, 132, 133, 134, 136, 137, 139, 140, 141, 142], "summary": {"covered_lines": 18, "num_statements": 18, "percent_covered": 100.0, "percent_covered_display": "100", "missing_lines": 0, "excluded_lines": 0, "num_branches": 4, "num_partial_branches": 0, "covered_branches": 4, "missing_branches": 0}, "missing_lines": [], "excluded_lines": [], "executed_branches": [[127, 128], [127, 129], [136, 137], [136, 139]], "missing_branches": []}, "Capture.inventory": {"executed_lines": [145, 146, 147, 148, 149, 150, 151, 152, 153, 154, 155, 157, 158, 159], "summary": {"covered_lines": 14, "num_statements": 14, "percent_covered": 100.0, "percent_covered_display": "100", "missing_lines": 0, "excluded_lines": 0, "num_branches": 6, "num_partial_branches": 0, "covered_branches": 6, "missing_branches": 0}, "missing_lines": [], "excluded_lines": [], "executed_branches": [[148, 149], [148, 159], [150, 148], [150, 151], [154, 155], [154, 157]], "missing_branches": []}, "descriptor": {"executed_lines": [163, 164, 165, 166, 167, 168, 169, 170, 171, 172, 173, 174, 175, 176, 178, 179, 180, 181, 182, 183, 184, 185, 186, 187, 188, 189, 190, 193, 194, 195, 196, 197, 198, 199, 200], "summary": {"covered_lines": 35, "num_statements": 35, "percent_covered": 100.0, "percent_covered_display": "100", "missing_lines": 0, "excluded_lines": 0, "num_branches": 8, "num_partial_branches": 0, "covered_branches": 8, "missing_branches": 0}, "missing_lines": [], "excluded_lines": [], "executed_branches": [[171, 172], [171, 178], [181, 182], [181, 186], [187, 188], [187, 200], [189, 190], [189, 193]], "missing_branches": []}, "binding": {"executed_lines": [204, 205, 206, 207, 208, 209, 210, 211, 212, 213, 214, 215, 216, 217, 218, 219, 220, 221, 222, 223, 224, 225, 226, 227, 228, 229], "summary": {"covered_lines": 26, "num_statements": 26, "percent_covered": 100.0, "percent_covered_display": "100", "missing_lines": 0, "excluded_lines": 0, "num_branches": 2, "num_partial_branches": 0, "covered_branches": 2, "missing_branches": 0}, "missing_lines": [], "excluded_lines": [], "executed_branches": [[220, 221], [220, 228]], "missing_branches": []}, "observe": {"executed_lines": [233, 236, 237, 238, 239, 240, 241, 242, 243, 244, 245, 246, 247, 248, 249, 250, 251, 252, 253, 254, 255, 256, 257, 258, 259, 260, 261, 262, 263, 264, 265, 266, 267, 268, 269, 270, 271, 272, 273, 274, 275, 280, 281, 282, 284], "summary": {"covered_lines": 45, "num_statements": 49, "percent_covered": 92.45283018867924, "percent_covered_display": "92", "missing_lines": 4, "excluded_lines": 0, "num_branches": 4, "num_partial_branches": 0, "covered_branches": 4, "missing_branches": 0}, "missing_lines": [276, 277, 278, 279], "excluded_lines": [], "executed_branches": [[259, 260], [259, 270], [260, 261], [260, 262]], "missing_branches": []}, "main": {"executed_lines": [288, 289, 290, 291, 292, 293, 294], "summary": {"covered_lines": 7, "num_statements": 7, "percent_covered": 100.0, "percent_covered_display": "100", "missing_lines": 0, "excluded_lines": 0, "num_branches": 0, "num_partial_branches": 0, "covered_branches": 0, "missing_branches": 0}, "missing_lines": [], "excluded_lines": [], "executed_branches": [], "missing_branches": []}, "": {"executed_lines": [1, 6, 7, 8, 9, 10, 11, 12, 13, 14, 15, 16, 18, 19, 20, 21, 22, 23, 24, 25, 26, 29, 30, 35, 40, 44, 48, 66, 70, 76, 81, 88, 95, 106, 112, 116, 117, 118, 122, 144, 162, 203, 232, 287, 297, 298], "summary": {"covered_lines": 44, "num_statements": 44, "percent_covered": 100.0, "percent_covered_display": "100", "missing_lines": 0, "excluded_lines": 0, "num_branches": 2, "num_partial_branches": 0, "covered_branches": 2, "missing_branches": 0}, "missing_lines": [], "excluded_lines": [], "executed_branches": [[297, -1], [297, 298]], "missing_branches": []}}, "classes": {"BindingError": {"executed_lines": [31, 32], "summary": {"covered_lines": 2, "num_statements": 2, "percent_covered": 100.0, "percent_covered_display": "100", "missing_lines": 0, "excluded_lines": 0, "num_branches": 0, "num_partial_branches": 0, "covered_branches": 0, "missing_branches": 0}, "missing_lines": [], "excluded_lines": [], "executed_branches": [], "missing_branches": []}, "Capture": {"executed_lines": [119, 120, 123, 124, 125, 126, 127, 128, 129, 130, 131, 132, 133, 134, 136, 137, 139, 140, 141, 142, 145, 146, 147, 148, 149, 150, 151, 152, 153, 154, 155, 157, 158, 159], "summary": {"covered_lines": 34, "num_statements": 34, "percent_covered": 100.0, "percent_covered_display": "100", "missing_lines": 0, "excluded_lines": 0, "num_branches": 10, "num_partial_branches": 0, "covered_branches": 10, "missing_branches": 0}, "missing_lines": [], "excluded_lines": [], "executed_branches": [[127, 128], [127, 129], [136, 137], [136, 139], [148, 149], [148, 159], [150, 148], [150, 151], [154, 155], [154, 157]], "missing_branches": []}, "": {"executed_lines": [1, 6, 7, 8, 9, 10, 11, 12, 13, 14, 15, 16, 18, 19, 20, 21, 22, 23, 24, 25, 26, 29, 30, 35, 36, 37, 40, 41, 44, 45, 48, 49, 50, 51, 52, 53, 54, 55, 56, 57, 58, 60, 61, 62, 63, 66, 67, 70, 71, 72, 73, 76, 77, 78, 81, 82, 83, 84, 85, 88, 89, 90, 92, 95, 96, 97, 98, 99, 100, 101, 102, 103, 106, 107, 108, 109, 112, 113, 116, 117, 118, 122, 144, 162, 163, 164, 165, 166, 167, 168, 169, 170, 171, 172, 173, 174, 175, 176, 178, 179, 180, 181, 182, 183, 184, 185, 186, 187, 188, 189, 190, 193, 194, 195, 196, 197, 198, 199, 200, 203, 204, 205, 206, 207, 208, 209, 210, 211, 212, 213, 214, 215, 216, 217, 218, 219, 220, 221, 222, 223, 224, 225, 226, 227, 228, 229, 232, 233, 236, 237, 238, 239, 240, 241, 242, 243, 244, 245, 246, 247, 248, 249, 250, 251, 252, 253, 254, 255, 256, 257, 258, 259, 260, 261, 262, 263, 264, 265, 266, 267, 268, 269, 270, 271, 272, 273, 274, 275, 280, 281, 282, 284, 287, 288, 289, 290, 291, 292, 293, 294, 297, 298], "summary": {"covered_lines": 200, "num_statements": 204, "percent_covered": 98.27586206896552, "percent_covered_display": "98", "missing_lines": 4, "excluded_lines": 0, "num_branches": 28, "num_partial_branches": 0, "covered_branches": 28, "missing_branches": 0}, "missing_lines": [276, 277, 278, 279], "excluded_lines": [], "executed_branches": [[36, -35], [36, 37], [51, 52], [51, 54], [72, -70], [72, 73], [83, 84], [83, 85], [99, 100], [99, 103], [100, 99], [100, 101], [171, 172], [171, 178], [181, 182], [181, 186], [187, 188], [187, 200], [189, 190], [189, 193], [220, 221], [220, 228], [259, 260], [259, 270], [260, 261], [260, 262], [297, -1], [297, 298]], "missing_branches": []}}}, "src\\agents\\skills\\skill-builder\\scripts\\adaptive.py": {"executed_lines": [1, 6, 7, 8, 9, 10, 11, 12, 14, 15, 16, 17, 18, 19, 20, 22, 27, 28, 29, 32, 37, 38, 39, 40, 41, 44, 45, 46, 47, 48, 49, 50, 53, 54, 55, 56, 59, 60, 61, 62, 63, 64, 65, 66, 67, 68, 69, 70, 71, 74, 75, 76, 77, 78, 79, 80, 83, 84, 85, 86, 87, 88, 89, 91, 92, 93, 94, 95, 96, 97, 99, 100, 101, 102, 103, 104, 105, 106, 107, 109, 110, 111, 112, 113, 114, 116, 117, 118, 119, 120, 121, 123, 124, 125, 126, 127, 129, 130, 131, 132, 135, 136, 137, 138, 139, 140, 141, 142, 143, 144, 145, 146, 147, 149, 158, 159, 160, 161, 162, 163, 164, 165, 166, 167, 168, 169, 170, 172, 173, 174, 175, 176, 177, 178, 179, 181, 182, 183, 184, 186, 187, 188, 189, 190, 191, 192, 193, 194, 195, 196, 197, 198, 199, 200, 201, 202, 203, 204, 205, 206, 207, 208, 209, 210, 211, 212, 213, 214, 215, 221, 222, 224, 226, 227, 228, 229, 230, 231, 232, 233, 234, 235, 236, 238, 239, 240, 241, 242, 243, 244, 245, 246, 247, 248, 249, 250, 251, 252, 253, 254, 255, 256, 258, 259, 260, 261, 262, 263, 264, 265, 266, 267, 268, 269, 270, 271, 272, 274, 275, 276, 277, 278, 279, 282, 283, 285, 286, 287, 288, 289, 290, 291, 292, 293, 294, 295, 296, 297, 298, 299, 300, 301, 302, 305, 306, 309, 310, 311, 312, 313, 314, 317, 318, 320, 321, 322, 323, 324, 325, 326, 327, 328, 329, 330, 331, 332, 333, 334, 335, 336, 338, 341, 342, 343, 344, 345, 349, 350, 351, 352, 353, 354, 356, 357, 358, 359, 360, 361, 362, 364, 365, 366, 367, 368, 369, 370, 371, 372, 373, 374, 375, 376, 378, 379, 380, 381, 382, 383, 384, 385, 386, 387, 388, 389, 390, 391, 392, 393, 394, 395, 396, 397, 398, 399, 400, 404, 405, 406, 407, 408, 409, 410, 411, 412, 413, 414, 415, 416, 417, 418, 419, 420, 421, 422, 423, 424, 425, 426, 427, 428, 429, 430, 431, 432, 433, 435, 436, 437, 438, 439, 440, 441, 442, 443, 444, 445, 446, 447, 448, 449, 450, 451, 452, 453, 454, 455, 456, 457, 458, 460, 461, 462, 463, 464, 467, 468, 469, 470, 471, 472, 473, 474, 475, 476, 477, 478, 479, 480, 481, 482, 483, 484, 485, 486, 487, 488, 489, 491, 492, 493, 494, 495, 496, 499, 500], "summary": {"covered_lines": 414, "num_statements": 431, "percent_covered": 93.4010152284264, "percent_covered_display": "93", "missing_lines": 17, "excluded_lines": 0, "num_branches": 160, "num_partial_branches": 18, "covered_branches": 138, "missing_branches": 22}, "missing_lines": [171, 216, 217, 218, 219, 220, 273, 303, 304, 337, 339, 340, 347, 348, 401, 402, 490], "excluded_lines": [], "executed_branches": [[28, -27], [28, 29], [63, 64], [63, 71], [69, 63], [69, 70], [76, 77], [76, 78], [78, 79], [78, 80], [95, 96], [95, 97], [110, -109], [110, 111], [117, 118], [117, 125], [118, 119], [118, 120], [120, 121], [120, 123], [123, -116], [123, 124], [125, -116], [125, 126], [126, -116], [126, 127], [137, 138], [137, 143], [163, 164], [163, 174], [165, 166], [165, 174], [167, 168], [167, 170], [170, 172], [172, 165], [172, 173], [175, 176], [175, 179], [190, 191], [190, 192], [196, 197], [198, 199], [198, 200], [200, 201], [200, 202], [202, 203], [202, 204], [204, 205], [204, 206], [206, 207], [206, 208], [208, 209], [210, 211], [215, 221], [228, 229], [228, 230], [233, 234], [233, 236], [240, 241], [240, 242], [244, 245], [244, 246], [247, 248], [247, 249], [249, 250], [249, 288], [252, 253], [255, 256], [255, 258], [261, 262], [263, 264], [263, 285], [269, 270], [269, 283], [272, 274], [274, 275], [274, 278], [278, 269], [278, 279], [286, 249], [286, 287], [291, 292], [291, 301], [294, 295], [298, 299], [302, 305], [306, 309], [306, 317], [310, 311], [330, 331], [330, 349], [336, 338], [338, 341], [341, 330], [341, 342], [344, 345], [349, 350], [349, 354], [369, 370], [369, 375], [383, 384], [383, 432], [388, 389], [388, 390], [390, 391], [390, 404], [395, 396], [400, 404], [404, 405], [404, 406], [406, 407], [406, 408], [408, 409], [408, 410], [410, 411], [410, 412], [412, 413], [412, 426], [418, 419], [418, 421], [421, 422], [421, 426], [426, 383], [426, 427], [445, 446], [445, 455], [452, 453], [461, 462], [461, 463], [463, -460], [463, 464], [481, 482], [481, 484], [493, 494], [493, 495], [499, -1], [499, 500]], "missing_branches": [[170, 171], [196, 198], [208, 219], [210, 221], [215, 216], [217, 218], [217, 221], [219, 220], [219, 221], [252, 255], [261, 263], [272, 273], [294, 297], [298, 300], [302, 303], [310, 317], [336, 337], [338, 339], [344, 347], [395, 404], [400, 401], [452, 445]], "functions": {"need": {"executed_lines": [28, 29], "summary": {"covered_lines": 2, "num_statements": 2, "percent_covered": 100.0, "percent_covered_display": "100", "missing_lines": 0, "excluded_lines": 0, "num_branches": 2, "num_partial_branches": 0, "covered_branches": 2, "missing_branches": 0}, "missing_lines": [], "excluded_lines": [], "executed_branches": [[28, -27], [28, 29]], "missing_branches": []}, "validate_shape": {"executed_lines": [37, 41], "summary": {"covered_lines": 2, "num_statements": 2, "percent_covered": 100.0, "percent_covered_display": "100", "missing_lines": 0, "excluded_lines": 0, "num_branches": 0, "num_partial_branches": 0, "covered_branches": 0, "missing_branches": 0}, "missing_lines": [], "excluded_lines": [], "executed_branches": [], "missing_branches": []}, "validate_shape.resolve": {"executed_lines": [38, 39, 40], "summary": {"covered_lines": 3, "num_statements": 3, "percent_covered": 100.0, "percent_covered_display": "100", "missing_lines": 0, "excluded_lines": 0, "num_branches": 0, "num_partial_branches": 0, "covered_branches": 0, "missing_branches": 0}, "missing_lines": [], "excluded_lines": [], "executed_branches": [], "missing_branches": []}, "shape": {"executed_lines": [45, 46, 47, 48, 49, 50], "summary": {"covered_lines": 6, "num_statements": 6, "percent_covered": 100.0, "percent_covered_display": "100", "missing_lines": 0, "excluded_lines": 0, "num_branches": 0, "num_partial_branches": 0, "covered_branches": 0, "missing_branches": 0}, "missing_lines": [], "excluded_lines": [], "executed_branches": [], "missing_branches": []}, "indexed": {"executed_lines": [54, 55, 56], "summary": {"covered_lines": 3, "num_statements": 3, "percent_covered": 100.0, "percent_covered_display": "100", "missing_lines": 0, "excluded_lines": 0, "num_branches": 0, "num_partial_branches": 0, "covered_branches": 0, "missing_branches": 0}, "missing_lines": [], "excluded_lines": [], "executed_branches": [], "missing_branches": []}, "topology": {"executed_lines": [60, 61, 62, 63, 64, 65, 66, 67, 68, 69, 70, 71], "summary": {"covered_lines": 12, "num_statements": 12, "percent_covered": 100.0, "percent_covered_display": "100", "missing_lines": 0, "excluded_lines": 0, "num_branches": 4, "num_partial_branches": 0, "covered_branches": 4, "missing_branches": 0}, "missing_lines": [], "excluded_lines": [], "executed_branches": [[63, 64], [63, 71], [69, 63], [69, 70]], "missing_branches": []}, "aggregate": {"executed_lines": [75, 76, 77, 78, 79, 80], "summary": {"covered_lines": 6, "num_statements": 6, "percent_covered": 100.0, "percent_covered_display": "100", "missing_lines": 0, "excluded_lines": 0, "num_branches": 4, "num_partial_branches": 0, "covered_branches": 4, "missing_branches": 0}, "missing_lines": [], "excluded_lines": [], "executed_branches": [[76, 77], [76, 78], [78, 79], [78, 80]], "missing_branches": []}, "Reader.__init__": {"executed_lines": [85, 86, 87, 88, 89], "summary": {"covered_lines": 5, "num_statements": 5, "percent_covered": 100.0, "percent_covered_display": "100", "missing_lines": 0, "excluded_lines": 0, "num_branches": 0, "num_partial_branches": 0, "covered_branches": 0, "missing_branches": 0}, "missing_lines": [], "excluded_lines": [], "executed_branches": [], "missing_branches": []}, "Reader.absolute": {"executed_lines": [92, 93, 94, 95, 96, 97], "summary": {"covered_lines": 6, "num_statements": 6, "percent_covered": 100.0, "percent_covered_display": "100", "missing_lines": 0, "excluded_lines": 0, "num_branches": 2, "num_partial_branches": 0, "covered_branches": 2, "missing_branches": 0}, "missing_lines": [], "excluded_lines": [], "executed_branches": [[95, 96], [95, 97]], "missing_branches": []}, "Reader.ref": {"executed_lines": [100, 101, 102, 103, 104, 105, 106, 107], "summary": {"covered_lines": 8, "num_statements": 8, "percent_covered": 100.0, "percent_covered_display": "100", "missing_lines": 0, "excluded_lines": 0, "num_branches": 0, "num_partial_branches": 0, "covered_branches": 0, "missing_branches": 0}, "missing_lines": [], "excluded_lines": [], "executed_branches": [], "missing_branches": []}, "Reader.locators": {"executed_lines": [110, 111, 112, 113, 114], "summary": {"covered_lines": 5, "num_statements": 5, "percent_covered": 100.0, "percent_covered_display": "100", "missing_lines": 0, "excluded_lines": 0, "num_branches": 2, "num_partial_branches": 0, "covered_branches": 2, "missing_branches": 0}, "missing_lines": [], "excluded_lines": [], "executed_branches": [[110, -109], [110, 111]], "missing_branches": []}, "Reader.references_in": {"executed_lines": [117, 118, 119, 120, 121, 123, 124, 125, 126, 127], "summary": {"covered_lines": 10, "num_statements": 10, "percent_covered": 100.0, "percent_covered_display": "100", "missing_lines": 0, "excluded_lines": 0, "num_branches": 12, "num_partial_branches": 0, "covered_branches": 12, "missing_branches": 0}, "missing_lines": [], "excluded_lines": [], "executed_branches": [[117, 118], [117, 125], [118, 119], [118, 120], [120, 121], [120, 123], [123, -116], [123, 124], [125, -116], [125, 126], [126, -116], [126, 127]], "missing_branches": []}, "Reader.package": {"executed_lines": [130, 131, 132, 135, 136, 137, 138, 139, 140, 141, 142, 143, 144, 145, 146, 147], "summary": {"covered_lines": 16, "num_statements": 16, "percent_covered": 100.0, "percent_covered_display": "100", "missing_lines": 0, "excluded_lines": 0, "num_branches": 2, "num_partial_branches": 0, "covered_branches": 2, "missing_branches": 0}, "missing_lines": [], "excluded_lines": [], "executed_branches": [[137, 138], [137, 143]], "missing_branches": []}, "Reader.requirement_index": {"executed_lines": [158, 159, 160, 161, 162, 163, 164, 165, 166, 167, 168, 169, 170, 172, 173, 174, 175, 176, 177, 178, 179], "summary": {"covered_lines": 21, "num_statements": 22, "percent_covered": 94.11764705882354, "percent_covered_display": "94", "missing_lines": 1, "excluded_lines": 0, "num_branches": 12, "num_partial_branches": 1, "covered_branches": 11, "missing_branches": 1}, "missing_lines": [171], "excluded_lines": [], "executed_branches": [[163, 164], [163, 174], [165, 166], [165, 174], [167, 168], [167, 170], [170, 172], [172, 165], [172, 173], [175, 176], [175, 179]], "missing_branches": [[170, 171]]}, "Reader.record_ref": {"executed_lines": [182, 183, 184], "summary": {"covered_lines": 3, "num_statements": 3, "percent_covered": 100.0, "percent_covered_display": "100", "missing_lines": 0, "excluded_lines": 0, "num_branches": 0, "num_partial_branches": 0, "covered_branches": 0, "missing_branches": 0}, "missing_lines": [], "excluded_lines": [], "executed_branches": [], "missing_branches": []}, "Reader.record": {"executed_lines": [187, 188, 189, 190, 191, 192, 193, 194, 195, 196, 197, 198, 199, 200, 201, 202, 203, 204, 205, 206, 207, 208, 209, 210, 211, 212, 213, 214, 215, 221, 222, 224], "summary": {"covered_lines": 32, "num_statements": 37, "percent_covered": 78.68852459016394, "percent_covered_display": "79", "missing_lines": 5, "excluded_lines": 0, "num_branches": 24, "num_partial_branches": 4, "covered_branches": 16, "missing_branches": 8}, "missing_lines": [216, 217, 218, 219, 220], "excluded_lines": [], "executed_branches": [[190, 191], [190, 192], [196, 197], [198, 199], [198, 200], [200, 201], [200, 202], [202, 203], [202, 204], [204, 205], [204, 206], [206, 207], [206, 208], [208, 209], [210, 211], [215, 221]], "missing_branches": [[196, 198], [208, 219], [210, 221], [215, 216], [217, 218], [217, 221], [219, 220], [219, 221]]}, "Reader.evidence": {"executed_lines": [227, 228, 229, 230, 231, 232, 233, 234, 235, 236], "summary": {"covered_lines": 10, "num_statements": 10, "percent_covered": 100.0, "percent_covered_display": "100", "missing_lines": 0, "excluded_lines": 0, "num_branches": 4, "num_partial_branches": 0, "covered_branches": 4, "missing_branches": 0}, "missing_lines": [], "excluded_lines": [], "executed_branches": [[228, 229], [228, 230], [233, 234], [233, 236]], "missing_branches": []}, "Reader.proposal": {"executed_lines": [239, 240, 241, 242, 243, 244, 245, 246, 247, 248, 249, 250, 251, 252, 253, 254, 255, 256, 258, 259, 260, 261, 262, 263, 264, 265, 266, 267, 268, 269, 270, 271, 272, 274, 275, 276, 277, 278, 279, 282, 283, 285, 286, 287, 288, 289, 290, 291, 292, 293, 294, 295, 296, 297, 298, 299, 300, 301, 302, 305, 306, 309, 310, 311, 312, 313, 314, 317, 318], "summary": {"covered_lines": 69, "num_statements": 72, "percent_covered": 90.9090909090909, "percent_covered_display": "91", "missing_lines": 3, "excluded_lines": 0, "num_branches": 38, "num_partial_branches": 7, "covered_branches": 31, "missing_branches": 7}, "missing_lines": [273, 303, 304], "excluded_lines": [], "executed_branches": [[240, 241], [240, 242], [244, 245], [244, 246], [247, 248], [247, 249], [249, 250], [249, 288], [252, 253], [255, 256], [255, 258], [261, 262], [263, 264], [263, 285], [269, 270], [269, 283], [272, 274], [274, 275], [274, 278], [278, 269], [278, 279], [286, 249], [286, 287], [291, 292], [291, 301], [294, 295], [298, 299], [302, 305], [306, 309], [306, 317], [310, 311]], "missing_branches": [[252, 255], [261, 263], [272, 273], [294, 297], [298, 300], [302, 303], [310, 317]]}, "Reader.selection": {"executed_lines": [321, 322, 323, 324, 325, 326, 327, 328, 329, 330, 331, 332, 333, 334, 335, 336, 338, 341, 342, 343, 344, 345, 349, 350, 351, 352, 353, 354], "summary": {"covered_lines": 28, "num_statements": 33, "percent_covered": 82.22222222222223, "percent_covered_display": "82", "missing_lines": 5, "excluded_lines": 0, "num_branches": 12, "num_partial_branches": 3, "covered_branches": 9, "missing_branches": 3}, "missing_lines": [337, 339, 340, 347, 348], "excluded_lines": [], "executed_branches": [[330, 331], [330, 349], [336, 338], [338, 341], [341, 330], [341, 342], [344, 345], [349, 350], [349, 354]], "missing_branches": [[336, 337], [338, 339], [344, 347]]}, "Reader.legacy_ref": {"executed_lines": [357, 358, 359, 360, 361, 362], "summary": {"covered_lines": 6, "num_statements": 6, "percent_covered": 100.0, "percent_covered_display": "100", "missing_lines": 0, "excluded_lines": 0, "num_branches": 0, "num_partial_branches": 0, "covered_branches": 0, "missing_branches": 0}, "missing_lines": [], "excluded_lines": [], "executed_branches": [], "missing_branches": []}, "Reader.legacy_manifest": {"executed_lines": [365, 366, 367, 368, 369, 370, 371, 372, 373, 374, 375, 376], "summary": {"covered_lines": 12, "num_statements": 12, "percent_covered": 100.0, "percent_covered_display": "100", "missing_lines": 0, "excluded_lines": 0, "num_branches": 2, "num_partial_branches": 0, "covered_branches": 2, "missing_branches": 0}, "missing_lines": [], "excluded_lines": [], "executed_branches": [[369, 370], [369, 375]], "missing_branches": []}, "Reader.set_authoring": {"executed_lines": [379, 380, 381, 382, 383, 384, 385, 386, 387, 388, 389, 390, 391, 392, 393, 394, 395, 396, 397, 398, 399, 400, 404, 405, 406, 407, 408, 409, 410, 411, 412, 413, 414, 415, 416, 417, 418, 419, 420, 421, 422, 423, 424, 425, 426, 427, 428, 429, 430, 431, 432, 433], "summary": {"covered_lines": 52, "num_statements": 54, "percent_covered": 95.0, "percent_covered_display": "95", "missing_lines": 2, "excluded_lines": 0, "num_branches": 26, "num_partial_branches": 2, "covered_branches": 24, "missing_branches": 2}, "missing_lines": [401, 402], "excluded_lines": [], "executed_branches": [[383, 384], [383, 432], [388, 389], [388, 390], [390, 391], [390, 404], [395, 396], [400, 404], [404, 405], [404, 406], [406, 407], [406, 408], [408, 409], [408, 410], [410, 411], [410, 412], [412, 413], [412, 426], [418, 419], [418, 421], [421, 422], [421, 426], [426, 383], [426, 427]], "missing_branches": [[395, 404], [400, 401]]}, "Reader.set_request": {"executed_lines": [436, 437, 438, 439, 440, 441, 442, 443, 444, 445, 446, 447, 448, 449, 450, 451, 452, 453, 454, 455, 456, 457, 458], "summary": {"covered_lines": 23, "num_statements": 23, "percent_covered": 96.29629629629629, "percent_covered_display": "96", "missing_lines": 0, "excluded_lines": 0, "num_branches": 4, "num_partial_branches": 1, "covered_branches": 3, "missing_branches": 1}, "missing_lines": [], "excluded_lines": [], "executed_branches": [[445, 446], [445, 455], [452, 453]], "missing_branches": [[452, 445]]}, "Reader.readback": {"executed_lines": [461, 462, 463, 464], "summary": {"covered_lines": 4, "num_statements": 4, "percent_covered": 100.0, "percent_covered_display": "100", "missing_lines": 0, "excluded_lines": 0, "num_branches": 4, "num_partial_branches": 0, "covered_branches": 4, "missing_branches": 0}, "missing_lines": [], "excluded_lines": [], "executed_branches": [[461, 462], [461, 463], [463, -460], [463, 464]], "missing_branches": []}, "main": {"executed_lines": [468, 469, 470, 471, 472, 473, 474, 475, 476, 477, 478, 479, 480, 481, 482, 483, 484, 485, 486, 487, 488, 489, 491, 492, 493, 494, 495, 496], "summary": {"covered_lines": 28, "num_statements": 29, "percent_covered": 96.96969696969697, "percent_covered_display": "97", "missing_lines": 1, "excluded_lines": 0, "num_branches": 4, "num_partial_branches": 0, "covered_branches": 4, "missing_branches": 0}, "missing_lines": [490], "excluded_lines": [], "executed_branches": [[481, 482], [481, 484], [493, 494], [493, 495]], "missing_branches": []}, "": {"executed_lines": [1, 6, 7, 8, 9, 10, 11, 12, 14, 15, 16, 17, 18, 19, 20, 22, 27, 32, 44, 53, 59, 74, 83, 84, 91, 99, 109, 116, 129, 149, 181, 186, 226, 238, 320, 356, 364, 378, 435, 460, 467, 499, 500], "summary": {"covered_lines": 42, "num_statements": 42, "percent_covered": 100.0, "percent_covered_display": "100", "missing_lines": 0, "excluded_lines": 0, "num_branches": 2, "num_partial_branches": 0, "covered_branches": 2, "missing_branches": 0}, "missing_lines": [], "excluded_lines": [], "executed_branches": [[499, -1], [499, 500]], "missing_branches": []}}, "classes": {"Reader": {"executed_lines": [85, 86, 87, 88, 89, 92, 93, 94, 95, 96, 97, 100, 101, 102, 103, 104, 105, 106, 107, 110, 111, 112, 113, 114, 117, 118, 119, 120, 121, 123, 124, 125, 126, 127, 130, 131, 132, 135, 136, 137, 138, 139, 140, 141, 142, 143, 144, 145, 146, 147, 158, 159, 160, 161, 162, 163, 164, 165, 166, 167, 168, 169, 170, 172, 173, 174, 175, 176, 177, 178, 179, 182, 183, 184, 187, 188, 189, 190, 191, 192, 193, 194, 195, 196, 197, 198, 199, 200, 201, 202, 203, 204, 205, 206, 207, 208, 209, 210, 211, 212, 213, 214, 215, 221, 222, 224, 227, 228, 229, 230, 231, 232, 233, 234, 235, 236, 239, 240, 241, 242, 243, 244, 245, 246, 247, 248, 249, 250, 251, 252, 253, 254, 255, 256, 258, 259, 260, 261, 262, 263, 264, 265, 266, 267, 268, 269, 270, 271, 272, 274, 275, 276, 277, 278, 279, 282, 283, 285, 286, 287, 288, 289, 290, 291, 292, 293, 294, 295, 296, 297, 298, 299, 300, 301, 302, 305, 306, 309, 310, 311, 312, 313, 314, 317, 318, 321, 322, 323, 324, 325, 326, 327, 328, 329, 330, 331, 332, 333, 334, 335, 336, 338, 341, 342, 343, 344, 345, 349, 350, 351, 352, 353, 354, 357, 358, 359, 360, 361, 362, 365, 366, 367, 368, 369, 370, 371, 372, 373, 374, 375, 376, 379, 380, 381, 382, 383, 384, 385, 386, 387, 388, 389, 390, 391, 392, 393, 394, 395, 396, 397, 398, 399, 400, 404, 405, 406, 407, 408, 409, 410, 411, 412, 413, 414, 415, 416, 417, 418, 419, 420, 421, 422, 423, 424, 425, 426, 427, 428, 429, 430, 431, 432, 433, 436, 437, 438, 439, 440, 441, 442, 443, 444, 445, 446, 447, 448, 449, 450, 451, 452, 453, 454, 455, 456, 457, 458, 461, 462, 463, 464], "summary": {"covered_lines": 310, "num_statements": 326, "percent_covered": 91.91489361702128, "percent_covered_display": "92", "missing_lines": 16, "excluded_lines": 0, "num_branches": 144, "num_partial_branches": 18, "covered_branches": 122, "missing_branches": 22}, "missing_lines": [171, 216, 217, 218, 219, 220, 273, 303, 304, 337, 339, 340, 347, 348, 401, 402], "excluded_lines": [], "executed_branches": [[95, 96], [95, 97], [110, -109], [110, 111], [117, 118], [117, 125], [118, 119], [118, 120], [120, 121], [120, 123], [123, -116], [123, 124], [125, -116], [125, 126], [126, -116], [126, 127], [137, 138], [137, 143], [163, 164], [163, 174], [165, 166], [165, 174], [167, 168], [167, 170], [170, 172], [172, 165], [172, 173], [175, 176], [175, 179], [190, 191], [190, 192], [196, 197], [198, 199], [198, 200], [200, 201], [200, 202], [202, 203], [202, 204], [204, 205], [204, 206], [206, 207], [206, 208], [208, 209], [210, 211], [215, 221], [228, 229], [228, 230], [233, 234], [233, 236], [240, 241], [240, 242], [244, 245], [244, 246], [247, 248], [247, 249], [249, 250], [249, 288], [252, 253], [255, 256], [255, 258], [261, 262], [263, 264], [263, 285], [269, 270], [269, 283], [272, 274], [274, 275], [274, 278], [278, 269], [278, 279], [286, 249], [286, 287], [291, 292], [291, 301], [294, 295], [298, 299], [302, 305], [306, 309], [306, 317], [310, 311], [330, 331], [330, 349], [336, 338], [338, 341], [341, 330], [341, 342], [344, 345], [349, 350], [349, 354], [369, 370], [369, 375], [383, 384], [383, 432], [388, 389], [388, 390], [390, 391], [390, 404], [395, 396], [400, 404], [404, 405], [404, 406], [406, 407], [406, 408], [408, 409], [408, 410], [410, 411], [410, 412], [412, 413], [412, 426], [418, 419], [418, 421], [421, 422], [421, 426], [426, 383], [426, 427], [445, 446], [445, 455], [452, 453], [461, 462], [461, 463], [463, -460], [463, 464]], "missing_branches": [[170, 171], [196, 198], [208, 219], [210, 221], [215, 216], [217, 218], [217, 221], [219, 220], [219, 221], [252, 255], [261, 263], [272, 273], [294, 297], [298, 300], [302, 303], [310, 317], [336, 337], [338, 339], [344, 347], [395, 404], [400, 401], [452, 445]]}, "": {"executed_lines": [1, 6, 7, 8, 9, 10, 11, 12, 14, 15, 16, 17, 18, 19, 20, 22, 27, 28, 29, 32, 37, 38, 39, 40, 41, 44, 45, 46, 47, 48, 49, 50, 53, 54, 55, 56, 59, 60, 61, 62, 63, 64, 65, 66, 67, 68, 69, 70, 71, 74, 75, 76, 77, 78, 79, 80, 83, 84, 91, 99, 109, 116, 129, 149, 181, 186, 226, 238, 320, 356, 364, 378, 435, 460, 467, 468, 469, 470, 471, 472, 473, 474, 475, 476, 477, 478, 479, 480, 481, 482, 483, 484, 485, 486, 487, 488, 489, 491, 492, 493, 494, 495, 496, 499, 500], "summary": {"covered_lines": 104, "num_statements": 105, "percent_covered": 99.17355371900827, "percent_covered_display": "99", "missing_lines": 1, "excluded_lines": 0, "num_branches": 16, "num_partial_branches": 0, "covered_branches": 16, "missing_branches": 0}, "missing_lines": [490], "excluded_lines": [], "executed_branches": [[28, -27], [28, 29], [63, 64], [63, 71], [69, 63], [69, 70], [76, 77], [76, 78], [78, 79], [78, 80], [481, 482], [481, 484], [493, 494], [493, 495], [499, -1], [499, 500]], "missing_branches": []}}}, "src\\agents\\skills\\skill-builder\\scripts\\authoring.py": {"executed_lines": [1, 8, 9, 10, 11, 12, 13, 14, 15, 16, 18, 19, 20, 21, 22, 24, 25, 27, 28, 30, 31, 32, 33, 34, 35, 36, 37, 38, 40, 42, 43, 45, 46, 47, 49, 50, 51, 53, 55, 56, 57, 59, 61, 62, 64, 66, 67, 68, 70, 72, 73, 74, 75, 77, 78, 79, 80, 82, 84, 85, 86, 88, 89, 90, 91, 92, 93, 95, 96, 97, 99, 100, 102, 103, 104, 106, 107, 108, 109, 110, 112, 113, 114, 115, 116, 117, 118, 119, 122, 123, 124, 126, 127, 129, 130, 131, 132, 134, 148, 150, 151, 152, 154, 241, 243, 244, 245, 247, 248, 249, 250, 251, 253, 254, 256, 257, 259, 261, 262, 263, 264, 266, 267, 268, 270, 273, 276, 279, 281, 282, 283, 284, 285, 286, 287, 288, 290, 291, 292, 293, 294, 295, 296, 297, 298, 299, 301, 302, 304, 307, 309, 310, 311, 312, 314, 315, 317, 318, 319, 320, 321, 322, 323, 324, 325, 326, 327, 328, 329, 331, 332, 334, 335, 337, 339, 340, 342, 344, 347, 348, 349, 350, 351, 352, 358, 359, 361, 362, 365, 366, 367, 368, 369, 370, 371, 372, 374, 375, 377, 378, 380, 382, 383, 385, 387, 389, 391, 392, 394, 395, 396, 398, 400, 402, 403, 404, 406, 407, 408, 409, 412, 414, 415, 417, 418, 419, 420, 421, 422, 423, 424, 425, 426, 427, 428, 429, 431, 432, 433, 434, 435, 437, 438, 439, 440, 445, 446, 447, 450, 451, 452, 453, 455, 460, 461, 462, 463, 465, 466, 467, 468, 470, 472, 473, 475, 476, 477, 478, 479, 480, 481, 484, 485, 488, 489, 490, 491, 492, 493, 495, 497, 498, 499, 500, 502, 503, 504, 506, 507, 509, 510, 512, 514, 515, 516, 517, 518, 519, 521, 522, 523, 524, 525, 526, 527, 528, 529, 530, 531, 533, 534, 539, 540, 542, 543, 544, 547, 550, 551, 553, 555, 556, 557, 559, 560, 561, 562, 564, 565, 566, 567, 568, 569, 570, 571, 572, 573, 574, 576, 577, 579, 580, 583, 584, 587, 588, 590, 592, 593, 594, 595, 603, 604, 606, 607, 608, 609, 610, 611, 612, 613, 616, 617, 618, 619, 620, 621, 622, 623, 624, 625, 626, 628, 629, 630, 632, 633, 634, 635, 636, 637, 638, 640, 641, 643, 644, 645, 646, 647, 662, 683], "summary": {"covered_lines": 390, "num_statements": 600, "percent_covered": 60.042735042735046, "percent_covered_display": "60", "missing_lines": 210, "excluded_lines": 0, "num_branches": 336, "num_partial_branches": 82, "covered_branches": 172, "missing_branches": 164}, "missing_lines": [39, 48, 52, 54, 58, 63, 69, 76, 81, 87, 98, 120, 128, 136, 137, 138, 139, 140, 141, 142, 143, 144, 145, 146, 153, 155, 156, 157, 158, 159, 160, 161, 162, 163, 164, 165, 166, 167, 168, 169, 170, 171, 172, 173, 174, 175, 176, 177, 180, 181, 182, 183, 184, 185, 186, 187, 188, 189, 190, 191, 192, 194, 195, 196, 197, 198, 199, 200, 201, 202, 203, 204, 205, 206, 207, 208, 209, 210, 211, 212, 213, 214, 215, 216, 217, 218, 219, 220, 221, 222, 223, 224, 225, 226, 227, 228, 229, 230, 231, 232, 233, 234, 235, 236, 237, 238, 239, 246, 252, 255, 260, 265, 269, 271, 272, 274, 275, 303, 313, 316, 330, 333, 336, 338, 341, 343, 360, 373, 376, 379, 381, 384, 386, 388, 390, 393, 397, 399, 401, 405, 410, 430, 436, 454, 464, 474, 486, 487, 494, 496, 501, 505, 508, 513, 520, 532, 535, 536, 538, 541, 546, 548, 552, 554, 558, 563, 575, 582, 585, 586, 589, 596, 597, 598, 600, 601, 602, 605, 614, 615, 627, 631, 639, 642, 648, 652, 655, 656, 657, 658, 659, 663, 664, 665, 666, 667, 668, 669, 670, 671, 672, 673, 674, 676, 677, 678, 679, 680, 681, 684], "excluded_lines": [], "executed_branches": [[33, 34], [33, 37], [34, 35], [34, 36], [47, 49], [50, 51], [50, 59], [51, 53], [53, 55], [55, 50], [55, 56], [57, 50], [62, 64], [68, 70], [75, 77], [80, 82], [86, 88], [89, 90], [89, 100], [90, 89], [90, 91], [92, 93], [92, 95], [97, 99], [114, 115], [114, 119], [119, -112], [127, 129], [130, 131], [130, 132], [151, 152], [152, 154], [245, 247], [251, 253], [253, 254], [253, 257], [254, 256], [257, 259], [257, 261], [259, 257], [262, 263], [262, 266], [264, 262], [267, 268], [267, 270], [268, 267], [270, 273], [273, 276], [283, 284], [283, 285], [286, 287], [286, 299], [290, 291], [290, 292], [292, 293], [292, 294], [295, 296], [295, 297], [297, 298], [297, 302], [299, 301], [299, 302], [302, 304], [312, 314], [314, 315], [314, 318], [315, 317], [319, 320], [319, 327], [325, 326], [327, 328], [327, 329], [329, 331], [332, 334], [335, 337], [337, 339], [340, 342], [342, 344], [349, 350], [349, 351], [358, 359], [358, 361], [359, 358], [372, 374], [374, 375], [374, 377], [375, 374], [377, 378], [377, 380], [378, 377], [380, 382], [383, 385], [385, 387], [387, 389], [389, 391], [392, 394], [394, 395], [394, 396], [396, 398], [398, 400], [400, 402], [402, 403], [402, 407], [404, 406], [408, 409], [408, 412], [409, 412], [421, 422], [429, 431], [431, 432], [431, 437], [435, 431], [445, 446], [445, 452], [453, 455], [461, 462], [461, 463], [463, 465], [473, 475], [475, 476], [475, 477], [493, 495], [495, 497], [500, 502], [503, 504], [504, 506], [507, 509], [512, 514], [514, 515], [514, 516], [519, 521], [522, 523], [522, 524], [527, 528], [527, 551], [531, 533], [533, 534], [540, 542], [542, 543], [543, 544], [547, 550], [551, 553], [553, 555], [557, 559], [559, 560], [559, 561], [562, 564], [564, 565], [564, 584], [565, 566], [565, 567], [567, 568], [567, 569], [570, 571], [570, 572], [574, 576], [576, 577], [584, 587], [588, 590], [593, 594], [593, 607], [595, 603], [604, 606], [620, 621], [620, 622], [623, 624], [623, 647], [626, 628], [630, 632], [638, 640], [641, 643], [683, -1]], "missing_branches": [[47, 48], [51, 52], [53, 54], [57, 58], [62, 63], [68, 69], [75, 76], [80, 81], [86, 87], [97, 98], [119, 120], [127, 128], [138, 139], [138, 141], [139, 140], [139, 146], [141, 142], [141, 144], [142, 143], [142, 146], [144, 145], [144, 146], [151, 155], [152, 153], [157, 158], [157, 180], [158, 159], [158, 160], [162, 163], [162, 164], [165, 166], [165, 167], [167, 168], [167, 169], [170, 171], [170, 172], [173, 174], [173, 175], [175, 176], [175, 177], [180, 181], [180, 222], [182, 183], [182, 184], [188, 189], [188, 194], [197, 198], [197, 199], [200, 201], [200, 202], [202, 203], [202, 206], [204, 202], [204, 205], [206, 207], [206, 209], [207, 206], [207, 208], [209, 210], [209, 211], [213, 214], [213, 219], [214, 213], [214, 215], [216, 217], [216, 218], [219, 220], [219, 221], [222, 223], [222, 239], [229, 230], [229, 231], [231, 232], [231, 233], [233, 234], [233, 235], [235, 236], [235, 238], [236, 235], [236, 237], [245, 246], [251, 252], [254, 255], [259, 260], [264, 265], [268, 269], [270, 271], [271, 270], [271, 272], [273, 274], [274, 273], [274, 275], [302, 303], [312, 313], [315, 316], [325, 319], [329, 330], [332, 333], [335, 336], [337, 338], [340, 341], [342, 343], [359, 360], [372, 373], [375, 376], [378, 379], [380, 381], [383, 384], [385, 386], [387, 388], [389, 390], [392, 393], [396, 397], [398, 399], [400, 401], [404, 405], [409, 410], [421, 423], [429, 430], [435, 436], [453, 454], [463, 464], [473, 474], [493, 494], [495, 496], [500, 501], [503, 514], [504, 505], [507, 508], [512, 513], [519, 520], [531, 532], [533, 535], [535, 536], [535, 538], [540, 541], [542, 547], [543, 546], [547, 548], [551, 552], [553, 554], [557, 558], [562, 563], [574, 575], [576, 582], [584, 585], [588, 589], [595, 596], [597, 598], [597, 600], [600, 601], [600, 603], [601, 600], [601, 602], [604, 605], [626, 627], [630, 631], [638, 639], [641, 642], [671, 672], [671, 673], [673, 674], [673, 676], [683, 684]], "functions": {"digest": {"executed_lines": [25], "summary": {"covered_lines": 1, "num_statements": 1, "percent_covered": 100.0, "percent_covered_display": "100", "missing_lines": 0, "excluded_lines": 0, "num_branches": 0, "num_partial_branches": 0, "covered_branches": 0, "missing_branches": 0}, "missing_lines": [], "excluded_lines": [], "executed_branches": [], "missing_branches": []}, "compact": {"executed_lines": [28], "summary": {"covered_lines": 1, "num_statements": 1, "percent_covered": 100.0, "percent_covered_display": "100", "missing_lines": 0, "excluded_lines": 0, "num_branches": 0, "num_partial_branches": 0, "covered_branches": 0, "missing_branches": 0}, "missing_lines": [], "excluded_lines": [], "executed_branches": [], "missing_branches": []}, "parse": {"executed_lines": [31, 38, 40, 42, 43], "summary": {"covered_lines": 5, "num_statements": 5, "percent_covered": 100.0, "percent_covered_display": "100", "missing_lines": 0, "excluded_lines": 0, "num_branches": 0, "num_partial_branches": 0, "covered_branches": 0, "missing_branches": 0}, "missing_lines": [], "excluded_lines": [], "executed_branches": [], "missing_branches": []}, "parse.pairs": {"executed_lines": [32, 33, 34, 35, 36, 37], "summary": {"covered_lines": 6, "num_statements": 6, "percent_covered": 100.0, "percent_covered_display": "100", "missing_lines": 0, "excluded_lines": 0, "num_branches": 4, "num_partial_branches": 0, "covered_branches": 4, "missing_branches": 0}, "missing_lines": [], "excluded_lines": [], "executed_branches": [[33, 34], [33, 37], [34, 35], [34, 36]], "missing_branches": []}, "parse.invalid": {"executed_lines": [], "summary": {"covered_lines": 0, "num_statements": 1, "percent_covered": 0.0, "percent_covered_display": "0", "missing_lines": 1, "excluded_lines": 0, "num_branches": 0, "num_partial_branches": 0, "covered_branches": 0, "missing_branches": 0}, "missing_lines": [39], "excluded_lines": [], "executed_branches": [], "missing_branches": []}, "safe": {"executed_lines": [46, 47, 49, 50, 51, 53, 55, 56, 57, 59], "summary": {"covered_lines": 10, "num_statements": 14, "percent_covered": 69.23076923076923, "percent_covered_display": "69", "missing_lines": 4, "excluded_lines": 0, "num_branches": 12, "num_partial_branches": 4, "covered_branches": 8, "missing_branches": 4}, "missing_lines": [48, 52, 54, 58], "excluded_lines": [], "executed_branches": [[47, 49], [50, 51], [50, 59], [51, 53], [53, 55], [55, 50], [55, 56], [57, 50]], "missing_branches": [[47, 48], [51, 52], [53, 54], [57, 58]]}, "relative": {"executed_lines": [62, 64], "summary": {"covered_lines": 2, "num_statements": 3, "percent_covered": 60.0, "percent_covered_display": "60", "missing_lines": 1, "excluded_lines": 0, "num_branches": 2, "num_partial_branches": 1, "covered_branches": 1, "missing_branches": 1}, "missing_lines": [63], "excluded_lines": [], "executed_branches": [[62, 64]], "missing_branches": [[62, 63]]}, "child": {"executed_lines": [67, 68, 70], "summary": {"covered_lines": 3, "num_statements": 4, "percent_covered": 66.66666666666667, "percent_covered_display": "67", "missing_lines": 1, "excluded_lines": 0, "num_branches": 2, "num_partial_branches": 1, "covered_branches": 1, "missing_branches": 1}, "missing_lines": [69], "excluded_lines": [], "executed_branches": [[68, 70]], "missing_branches": [[68, 69]]}, "read_bytes": {"executed_lines": [73, 74, 75, 77, 78, 79, 80, 82], "summary": {"covered_lines": 8, "num_statements": 10, "percent_covered": 71.42857142857143, "percent_covered_display": "71", "missing_lines": 2, "excluded_lines": 0, "num_branches": 4, "num_partial_branches": 2, "covered_branches": 2, "missing_branches": 2}, "missing_lines": [76, 81], "excluded_lines": [], "executed_branches": [[75, 77], [80, 82]], "missing_branches": [[75, 76], [80, 81]]}, "files": {"executed_lines": [85, 86, 88, 89, 90, 91, 92, 93, 95, 96, 97, 99, 100], "summary": {"covered_lines": 13, "num_statements": 15, "percent_covered": 84.0, "percent_covered_display": "84", "missing_lines": 2, "excluded_lines": 0, "num_branches": 10, "num_partial_branches": 2, "covered_branches": 8, "missing_branches": 2}, "missing_lines": [87, 98], "excluded_lines": [], "executed_branches": [[86, 88], [89, 90], [89, 100], [90, 89], [90, 91], [92, 93], [92, 95], [97, 99]], "missing_branches": [[86, 87], [97, 98]]}, "manifest": {"executed_lines": [103, 104], "summary": {"covered_lines": 2, "num_statements": 2, "percent_covered": 100.0, "percent_covered_display": "100", "missing_lines": 0, "excluded_lines": 0, "num_branches": 0, "num_partial_branches": 0, "covered_branches": 0, "missing_branches": 0}, "missing_lines": [], "excluded_lines": [], "executed_branches": [], "missing_branches": []}, "save": {"executed_lines": [107, 108, 109, 110], "summary": {"covered_lines": 4, "num_statements": 4, "percent_covered": 100.0, "percent_covered_display": "100", "missing_lines": 0, "excluded_lines": 0, "num_branches": 0, "num_partial_branches": 0, "covered_branches": 0, "missing_branches": 0}, "missing_lines": [], "excluded_lines": [], "executed_branches": [], "missing_branches": []}, "copy_files": {"executed_lines": [113, 114, 115, 116, 117, 118, 119], "summary": {"covered_lines": 7, "num_statements": 8, "percent_covered": 83.33333333333333, "percent_covered_display": "83", "missing_lines": 1, "excluded_lines": 0, "num_branches": 4, "num_partial_branches": 1, "covered_branches": 3, "missing_branches": 1}, "missing_lines": [120], "excluded_lines": [], "executed_branches": [[114, 115], [114, 119], [119, -112]], "missing_branches": [[119, 120]]}, "reference": {"executed_lines": [123, 124], "summary": {"covered_lines": 2, "num_statements": 2, "percent_covered": 100.0, "percent_covered_display": "100", "missing_lines": 0, "excluded_lines": 0, "num_branches": 0, "num_partial_branches": 0, "covered_branches": 0, "missing_branches": 0}, "missing_lines": [], "excluded_lines": [], "executed_branches": [], "missing_branches": []}, "referenced": {"executed_lines": [127, 129, 130, 131, 132], "summary": {"covered_lines": 5, "num_statements": 6, "percent_covered": 80.0, "percent_covered_display": "80", "missing_lines": 1, "excluded_lines": 0, "num_branches": 4, "num_partial_branches": 1, "covered_branches": 3, "missing_branches": 1}, "missing_lines": [128], "excluded_lines": [], "executed_branches": [[127, 129], [130, 131], [130, 132]], "missing_branches": [[127, 128]]}, "read_record": {"executed_lines": [], "summary": {"covered_lines": 0, "num_statements": 11, "percent_covered": 0.0, "percent_covered_display": "0", "missing_lines": 11, "excluded_lines": 0, "num_branches": 10, "num_partial_branches": 0, "covered_branches": 0, "missing_branches": 10}, "missing_lines": [136, 137, 138, 139, 140, 141, 142, 143, 144, 145, 146], "excluded_lines": [], "executed_branches": [], "missing_branches": [[138, 139], [138, 141], [139, 140], [139, 146], [141, 142], [141, 144], [142, 143], [142, 146], [144, 145], [144, 146]]}, "origin": {"executed_lines": [150, 151, 152, 154], "summary": {"covered_lines": 4, "num_statements": 87, "percent_covered": 4.081632653061225, "percent_covered_display": "4", "missing_lines": 83, "excluded_lines": 0, "num_branches": 60, "num_partial_branches": 2, "covered_branches": 2, "missing_branches": 58}, "missing_lines": [153, 155, 156, 157, 158, 159, 160, 161, 162, 163, 164, 165, 166, 167, 168, 169, 170, 171, 172, 173, 174, 175, 176, 177, 180, 181, 182, 183, 184, 185, 186, 187, 188, 189, 190, 191, 192, 194, 195, 196, 197, 198, 199, 200, 201, 202, 203, 204, 205, 206, 207, 208, 209, 210, 211, 212, 213, 214, 215, 216, 217, 218, 219, 220, 221, 222, 223, 224, 225, 226, 227, 228, 229, 230, 231, 232, 233, 234, 235, 236, 237, 238, 239], "excluded_lines": [], "executed_branches": [[151, 152], [152, 154]], "missing_branches": [[151, 155], [152, 153], [157, 158], [157, 180], [158, 159], [158, 160], [162, 163], [162, 164], [165, 166], [165, 167], [167, 168], [167, 169], [170, 171], [170, 172], [173, 174], [173, 175], [175, 176], [175, 177], [180, 181], [180, 222], [182, 183], [182, 184], [188, 189], [188, 194], [197, 198], [197, 199], [200, 201], [200, 202], [202, 203], [202, 206], [204, 202], [204, 205], [206, 207], [206, 209], [207, 206], [207, 208], [209, 210], [209, 211], [213, 214], [213, 219], [214, 213], [214, 215], [216, 217], [216, 218], [219, 220], [219, 221], [222, 223], [222, 239], [229, 230], [229, 231], [231, 232], [231, 233], [233, 234], [233, 235], [235, 236], [235, 238], [236, 235], [236, 237]]}, "design_input": {"executed_lines": [243, 244, 245, 247, 248, 249, 250, 251, 253, 254, 256, 257, 259, 261, 262, 263, 264, 266, 267, 268, 270, 273, 276], "summary": {"covered_lines": 23, "num_statements": 33, "percent_covered": 63.9344262295082, "percent_covered_display": "64", "missing_lines": 10, "excluded_lines": 0, "num_branches": 28, "num_partial_branches": 8, "covered_branches": 16, "missing_branches": 12}, "missing_lines": [246, 252, 255, 260, 265, 269, 271, 272, 274, 275], "excluded_lines": [], "executed_branches": [[245, 247], [251, 253], [253, 254], [253, 257], [254, 256], [257, 259], [257, 261], [259, 257], [262, 263], [262, 266], [264, 262], [267, 268], [267, 270], [268, 267], [270, 273], [273, 276]], "missing_branches": [[245, 246], [251, 252], [254, 255], [259, 260], [264, 265], [268, 269], [270, 271], [271, 270], [271, 272], [273, 274], [274, 273], [274, 275]]}, "recheck_stage": {"executed_lines": [281, 282, 283, 284, 285, 286, 287, 288, 290, 291, 292, 293, 294, 295, 296, 297, 298, 299, 301, 302, 304], "summary": {"covered_lines": 21, "num_statements": 22, "percent_covered": 94.73684210526316, "percent_covered_display": "95", "missing_lines": 1, "excluded_lines": 0, "num_branches": 16, "num_partial_branches": 1, "covered_branches": 15, "missing_branches": 1}, "missing_lines": [303], "excluded_lines": [], "executed_branches": [[283, 284], [283, 285], [286, 287], [286, 299], [290, 291], [290, 292], [292, 293], [292, 294], [295, 296], [295, 297], [297, 298], [297, 302], [299, 301], [299, 302], [302, 304]], "missing_branches": [[302, 303]]}, "recheck_design": {"executed_lines": [309, 310, 311, 312, 314, 315, 317, 318, 319, 320, 321, 322, 323, 324, 325, 326, 327, 328, 329, 331, 332, 334, 335, 337, 339, 340, 342, 344], "summary": {"covered_lines": 28, "num_statements": 36, "percent_covered": 71.66666666666667, "percent_covered_display": "72", "missing_lines": 8, "excluded_lines": 0, "num_branches": 24, "num_partial_branches": 9, "covered_branches": 15, "missing_branches": 9}, "missing_lines": [313, 316, 330, 333, 336, 338, 341, 343], "excluded_lines": [], "executed_branches": [[312, 314], [314, 315], [314, 318], [315, 317], [319, 320], [319, 327], [325, 326], [327, 328], [327, 329], [329, 331], [332, 334], [335, 337], [337, 339], [340, 342], [342, 344]], "missing_branches": [[312, 313], [315, 316], [325, 319], [329, 330], [332, 333], [335, 336], [337, 338], [340, 341], [342, 343]]}, "design_handoff": {"executed_lines": [348, 349, 350, 351, 352, 358, 359, 361, 362], "summary": {"covered_lines": 9, "num_statements": 10, "percent_covered": 87.5, "percent_covered_display": "88", "missing_lines": 1, "excluded_lines": 0, "num_branches": 6, "num_partial_branches": 1, "covered_branches": 5, "missing_branches": 1}, "missing_lines": [360], "excluded_lines": [], "executed_branches": [[349, 350], [349, 351], [358, 359], [358, 361], [359, 358]], "missing_branches": [[359, 360]]}, "begin": {"executed_lines": [366, 367, 368, 369, 370, 371, 372, 374, 375, 377, 378, 380, 382, 383, 385, 387, 389, 391, 392, 394, 395, 396, 398, 400, 402, 403, 404, 406, 407, 408, 409, 412, 414, 415, 417, 418, 419, 420, 421, 422, 423, 424, 425, 426, 427, 428, 429, 431, 432, 433, 434, 435, 437, 438, 439, 440, 445, 446, 447, 450, 451, 452, 453, 455, 460, 461, 462, 463, 465, 466, 467, 468], "summary": {"covered_lines": 72, "num_statements": 90, "percent_covered": 74.30555555555556, "percent_covered_display": "74", "missing_lines": 18, "excluded_lines": 0, "num_branches": 54, "num_partial_branches": 19, "covered_branches": 35, "missing_branches": 19}, "missing_lines": [373, 376, 379, 381, 384, 386, 388, 390, 393, 397, 399, 401, 405, 410, 430, 436, 454, 464], "excluded_lines": [], "executed_branches": [[372, 374], [374, 375], [374, 377], [375, 374], [377, 378], [377, 380], [378, 377], [380, 382], [383, 385], [385, 387], [387, 389], [389, 391], [392, 394], [394, 395], [394, 396], [396, 398], [398, 400], [400, 402], [402, 403], [402, 407], [404, 406], [408, 409], [408, 412], [409, 412], [421, 422], [429, 431], [431, 432], [431, 437], [435, 431], [445, 446], [445, 452], [453, 455], [461, 462], [461, 463], [463, 465]], "missing_branches": [[372, 373], [375, 376], [378, 379], [380, 381], [383, 384], [385, 386], [387, 388], [389, 390], [392, 393], [396, 397], [398, 399], [400, 401], [404, 405], [409, 410], [421, 423], [429, 430], [435, 436], [453, 454], [463, 464]]}, "publish": {"executed_lines": [472, 473, 475, 476, 477, 478, 479, 480, 481, 484, 485, 488, 489, 490, 491, 492, 493, 495, 497, 498, 499, 500, 502, 503, 504, 506, 507, 509, 510, 512, 514, 515, 516, 517, 518, 519, 521, 522, 523, 524, 525, 526, 527, 528, 529, 530, 531, 533, 534, 539, 540, 542, 543, 544, 547, 550, 551, 553, 555, 556, 557, 559, 560, 561, 562, 564, 565, 566, 567, 568, 569, 570, 571, 572, 573, 574, 576, 577, 579, 580, 583, 584, 587, 588, 590, 592, 593, 594, 595, 603, 604, 606, 607, 608, 609, 610, 611, 612, 613, 616, 617, 618, 619, 620, 621, 622, 623, 624, 625, 626, 628, 629, 630, 632, 633, 634, 635, 636, 637, 638, 640, 641, 643, 644, 645, 646, 647], "summary": {"covered_lines": 127, "num_statements": 173, "percent_covered": 68.44106463878327, "percent_covered_display": "68", "missing_lines": 46, "excluded_lines": 0, "num_branches": 90, "num_partial_branches": 29, "covered_branches": 53, "missing_branches": 37}, "missing_lines": [474, 486, 487, 494, 496, 501, 505, 508, 513, 520, 532, 535, 536, 538, 541, 546, 548, 552, 554, 558, 563, 575, 582, 585, 586, 589, 596, 597, 598, 600, 601, 602, 605, 614, 615, 627, 631, 639, 642, 648, 652, 655, 656, 657, 658, 659], "excluded_lines": [], "executed_branches": [[473, 475], [475, 476], [475, 477], [493, 495], [495, 497], [500, 502], [503, 504], [504, 506], [507, 509], [512, 514], [514, 515], [514, 516], [519, 521], [522, 523], [522, 524], [527, 528], [527, 551], [531, 533], [533, 534], [540, 542], [542, 543], [543, 544], [547, 550], [551, 553], [553, 555], [557, 559], [559, 560], [559, 561], [562, 564], [564, 565], [564, 584], [565, 566], [565, 567], [567, 568], [567, 569], [570, 571], [570, 572], [574, 576], [576, 577], [584, 587], [588, 590], [593, 594], [593, 607], [595, 603], [604, 606], [620, 621], [620, 622], [623, 624], [623, 647], [626, 628], [630, 632], [638, 640], [641, 643]], "missing_branches": [[473, 474], [493, 494], [495, 496], [500, 501], [503, 514], [504, 505], [507, 508], [512, 513], [519, 520], [531, 532], [533, 535], [535, 536], [535, 538], [540, 541], [542, 547], [543, 546], [547, 548], [551, 552], [553, 554], [557, 558], [562, 563], [574, 575], [576, 582], [584, 585], [588, 589], [595, 596], [597, 598], [597, 600], [600, 601], [600, 603], [601, 600], [601, 602], [604, 605], [626, 627], [630, 631], [638, 639], [641, 642]]}, "main": {"executed_lines": [], "summary": {"covered_lines": 0, "num_statements": 18, "percent_covered": 0.0, "percent_covered_display": "0", "missing_lines": 18, "excluded_lines": 0, "num_branches": 4, "num_partial_branches": 0, "covered_branches": 0, "missing_branches": 4}, "missing_lines": [663, 664, 665, 666, 667, 668, 669, 670, 671, 672, 673, 674, 676, 677, 678, 679, 680, 681], "excluded_lines": [], "executed_branches": [], "missing_branches": [[671, 672], [671, 673], [673, 674], [673, 676]]}, "": {"executed_lines": [1, 8, 9, 10, 11, 12, 13, 14, 15, 16, 18, 19, 20, 21, 22, 24, 27, 30, 45, 61, 66, 72, 84, 102, 106, 112, 122, 126, 134, 148, 241, 279, 307, 347, 365, 470, 662, 683], "summary": {"covered_lines": 37, "num_statements": 38, "percent_covered": 95.0, "percent_covered_display": "95", "missing_lines": 1, "excluded_lines": 0, "num_branches": 2, "num_partial_branches": 1, "covered_branches": 1, "missing_branches": 1}, "missing_lines": [684], "excluded_lines": [], "executed_branches": [[683, -1]], "missing_branches": [[683, 684]]}}, "classes": {"": {"executed_lines": [1, 8, 9, 10, 11, 12, 13, 14, 15, 16, 18, 19, 20, 21, 22, 24, 25, 27, 28, 30, 31, 32, 33, 34, 35, 36, 37, 38, 40, 42, 43, 45, 46, 47, 49, 50, 51, 53, 55, 56, 57, 59, 61, 62, 64, 66, 67, 68, 70, 72, 73, 74, 75, 77, 78, 79, 80, 82, 84, 85, 86, 88, 89, 90, 91, 92, 93, 95, 96, 97, 99, 100, 102, 103, 104, 106, 107, 108, 109, 110, 112, 113, 114, 115, 116, 117, 118, 119, 122, 123, 124, 126, 127, 129, 130, 131, 132, 134, 148, 150, 151, 152, 154, 241, 243, 244, 245, 247, 248, 249, 250, 251, 253, 254, 256, 257, 259, 261, 262, 263, 264, 266, 267, 268, 270, 273, 276, 279, 281, 282, 283, 284, 285, 286, 287, 288, 290, 291, 292, 293, 294, 295, 296, 297, 298, 299, 301, 302, 304, 307, 309, 310, 311, 312, 314, 315, 317, 318, 319, 320, 321, 322, 323, 324, 325, 326, 327, 328, 329, 331, 332, 334, 335, 337, 339, 340, 342, 344, 347, 348, 349, 350, 351, 352, 358, 359, 361, 362, 365, 366, 367, 368, 369, 370, 371, 372, 374, 375, 377, 378, 380, 382, 383, 385, 387, 389, 391, 392, 394, 395, 396, 398, 400, 402, 403, 404, 406, 407, 408, 409, 412, 414, 415, 417, 418, 419, 420, 421, 422, 423, 424, 425, 426, 427, 428, 429, 431, 432, 433, 434, 435, 437, 438, 439, 440, 445, 446, 447, 450, 451, 452, 453, 455, 460, 461, 462, 463, 465, 466, 467, 468, 470, 472, 473, 475, 476, 477, 478, 479, 480, 481, 484, 485, 488, 489, 490, 491, 492, 493, 495, 497, 498, 499, 500, 502, 503, 504, 506, 507, 509, 510, 512, 514, 515, 516, 517, 518, 519, 521, 522, 523, 524, 525, 526, 527, 528, 529, 530, 531, 533, 534, 539, 540, 542, 543, 544, 547, 550, 551, 553, 555, 556, 557, 559, 560, 561, 562, 564, 565, 566, 567, 568, 569, 570, 571, 572, 573, 574, 576, 577, 579, 580, 583, 584, 587, 588, 590, 592, 593, 594, 595, 603, 604, 606, 607, 608, 609, 610, 611, 612, 613, 616, 617, 618, 619, 620, 621, 622, 623, 624, 625, 626, 628, 629, 630, 632, 633, 634, 635, 636, 637, 638, 640, 641, 643, 644, 645, 646, 647, 662, 683], "summary": {"covered_lines": 390, "num_statements": 600, "percent_covered": 60.042735042735046, "percent_covered_display": "60", "missing_lines": 210, "excluded_lines": 0, "num_branches": 336, "num_partial_branches": 82, "covered_branches": 172, "missing_branches": 164}, "missing_lines": [39, 48, 52, 54, 58, 63, 69, 76, 81, 87, 98, 120, 128, 136, 137, 138, 139, 140, 141, 142, 143, 144, 145, 146, 153, 155, 156, 157, 158, 159, 160, 161, 162, 163, 164, 165, 166, 167, 168, 169, 170, 171, 172, 173, 174, 175, 176, 177, 180, 181, 182, 183, 184, 185, 186, 187, 188, 189, 190, 191, 192, 194, 195, 196, 197, 198, 199, 200, 201, 202, 203, 204, 205, 206, 207, 208, 209, 210, 211, 212, 213, 214, 215, 216, 217, 218, 219, 220, 221, 222, 223, 224, 225, 226, 227, 228, 229, 230, 231, 232, 233, 234, 235, 236, 237, 238, 239, 246, 252, 255, 260, 265, 269, 271, 272, 274, 275, 303, 313, 316, 330, 333, 336, 338, 341, 343, 360, 373, 376, 379, 381, 384, 386, 388, 390, 393, 397, 399, 401, 405, 410, 430, 436, 454, 464, 474, 486, 487, 494, 496, 501, 505, 508, 513, 520, 532, 535, 536, 538, 541, 546, 548, 552, 554, 558, 563, 575, 582, 585, 586, 589, 596, 597, 598, 600, 601, 602, 605, 614, 615, 627, 631, 639, 642, 648, 652, 655, 656, 657, 658, 659, 663, 664, 665, 666, 667, 668, 669, 670, 671, 672, 673, 674, 676, 677, 678, 679, 680, 681, 684], "excluded_lines": [], "executed_branches": [[33, 34], [33, 37], [34, 35], [34, 36], [47, 49], [50, 51], [50, 59], [51, 53], [53, 55], [55, 50], [55, 56], [57, 50], [62, 64], [68, 70], [75, 77], [80, 82], [86, 88], [89, 90], [89, 100], [90, 89], [90, 91], [92, 93], [92, 95], [97, 99], [114, 115], [114, 119], [119, -112], [127, 129], [130, 131], [130, 132], [151, 152], [152, 154], [245, 247], [251, 253], [253, 254], [253, 257], [254, 256], [257, 259], [257, 261], [259, 257], [262, 263], [262, 266], [264, 262], [267, 268], [267, 270], [268, 267], [270, 273], [273, 276], [283, 284], [283, 285], [286, 287], [286, 299], [290, 291], [290, 292], [292, 293], [292, 294], [295, 296], [295, 297], [297, 298], [297, 302], [299, 301], [299, 302], [302, 304], [312, 314], [314, 315], [314, 318], [315, 317], [319, 320], [319, 327], [325, 326], [327, 328], [327, 329], [329, 331], [332, 334], [335, 337], [337, 339], [340, 342], [342, 344], [349, 350], [349, 351], [358, 359], [358, 361], [359, 358], [372, 374], [374, 375], [374, 377], [375, 374], [377, 378], [377, 380], [378, 377], [380, 382], [383, 385], [385, 387], [387, 389], [389, 391], [392, 394], [394, 395], [394, 396], [396, 398], [398, 400], [400, 402], [402, 403], [402, 407], [404, 406], [408, 409], [408, 412], [409, 412], [421, 422], [429, 431], [431, 432], [431, 437], [435, 431], [445, 446], [445, 452], [453, 455], [461, 462], [461, 463], [463, 465], [473, 475], [475, 476], [475, 477], [493, 495], [495, 497], [500, 502], [503, 504], [504, 506], [507, 509], [512, 514], [514, 515], [514, 516], [519, 521], [522, 523], [522, 524], [527, 528], [527, 551], [531, 533], [533, 534], [540, 542], [542, 543], [543, 544], [547, 550], [551, 553], [553, 555], [557, 559], [559, 560], [559, 561], [562, 564], [564, 565], [564, 584], [565, 566], [565, 567], [567, 568], [567, 569], [570, 571], [570, 572], [574, 576], [576, 577], [584, 587], [588, 590], [593, 594], [593, 607], [595, 603], [604, 606], [620, 621], [620, 622], [623, 624], [623, 647], [626, 628], [630, 632], [638, 640], [641, 643], [683, -1]], "missing_branches": [[47, 48], [51, 52], [53, 54], [57, 58], [62, 63], [68, 69], [75, 76], [80, 81], [86, 87], [97, 98], [119, 120], [127, 128], [138, 139], [138, 141], [139, 140], [139, 146], [141, 142], [141, 144], [142, 143], [142, 146], [144, 145], [144, 146], [151, 155], [152, 153], [157, 158], [157, 180], [158, 159], [158, 160], [162, 163], [162, 164], [165, 166], [165, 167], [167, 168], [167, 169], [170, 171], [170, 172], [173, 174], [173, 175], [175, 176], [175, 177], [180, 181], [180, 222], [182, 183], [182, 184], [188, 189], [188, 194], [197, 198], [197, 199], [200, 201], [200, 202], [202, 203], [202, 206], [204, 202], [204, 205], [206, 207], [206, 209], [207, 206], [207, 208], [209, 210], [209, 211], [213, 214], [213, 219], [214, 213], [214, 215], [216, 217], [216, 218], [219, 220], [219, 221], [222, 223], [222, 239], [229, 230], [229, 231], [231, 232], [231, 233], [233, 234], [233, 235], [235, 236], [235, 238], [236, 235], [236, 237], [245, 246], [251, 252], [254, 255], [259, 260], [264, 265], [268, 269], [270, 271], [271, 270], [271, 272], [273, 274], [274, 273], [274, 275], [302, 303], [312, 313], [315, 316], [325, 319], [329, 330], [332, 333], [335, 336], [337, 338], [340, 341], [342, 343], [359, 360], [372, 373], [375, 376], [378, 379], [380, 381], [383, 384], [385, 386], [387, 388], [389, 390], [392, 393], [396, 397], [398, 399], [400, 401], [404, 405], [409, 410], [421, 423], [429, 430], [435, 436], [453, 454], [463, 464], [473, 474], [493, 494], [495, 496], [500, 501], [503, 514], [504, 505], [507, 508], [512, 513], [519, 520], [531, 532], [533, 535], [535, 536], [535, 538], [540, 541], [542, 547], [543, 546], [547, 548], [551, 552], [553, 554], [557, 558], [562, 563], [574, 575], [576, 582], [584, 585], [588, 589], [595, 596], [597, 598], [597, 600], [600, 601], [600, 603], [601, 600], [601, 602], [604, 605], [626, 627], [630, 631], [638, 639], [641, 642], [671, 672], [671, 673], [673, 674], [673, 676], [683, 684]]}}}, "src\\agents\\skills\\skill-builder\\scripts\\build_evidence.py": {"executed_lines": [], "summary": {"covered_lines": 0, "num_statements": 285, "percent_covered": 0.0, "percent_covered_display": "0", "missing_lines": 285, "excluded_lines": 0, "num_branches": 134, "num_partial_branches": 0, "covered_branches": 0, "missing_branches": 134}, "missing_lines": [3, 4, 5, 6, 7, 8, 9, 10, 12, 13, 14, 15, 18, 19, 22, 23, 24, 27, 28, 29, 30, 31, 32, 33, 34, 37, 38, 39, 40, 41, 42, 43, 44, 45, 48, 49, 50, 51, 52, 55, 56, 57, 58, 59, 60, 61, 62, 65, 66, 67, 68, 69, 70, 71, 72, 74, 75, 77, 78, 79, 80, 81, 83, 86, 88, 89, 90, 91, 92, 93, 94, 95, 96, 98, 99, 101, 102, 103, 104, 105, 106, 107, 108, 110, 111, 112, 113, 114, 115, 116, 117, 118, 119, 120, 123, 124, 125, 126, 127, 128, 129, 130, 131, 132, 133, 134, 136, 137, 138, 139, 140, 141, 142, 143, 144, 145, 146, 147, 148, 149, 150, 151, 152, 153, 154, 155, 156, 157, 158, 159, 160, 161, 162, 163, 164, 167, 168, 169, 170, 171, 172, 173, 176, 177, 178, 179, 180, 181, 182, 185, 186, 187, 188, 189, 190, 191, 192, 193, 194, 195, 196, 197, 198, 199, 200, 201, 202, 204, 205, 208, 209, 210, 211, 212, 213, 214, 215, 216, 217, 218, 219, 220, 221, 222, 223, 224, 225, 226, 227, 228, 229, 230, 231, 232, 233, 234, 235, 236, 237, 238, 239, 240, 241, 242, 243, 244, 245, 246, 247, 248, 249, 250, 251, 252, 253, 254, 255, 256, 258, 259, 260, 261, 262, 263, 264, 265, 266, 267, 268, 269, 270, 271, 274, 276, 277, 278, 279, 280, 281, 282, 283, 285, 286, 287, 288, 289, 290, 291, 292, 293, 294, 295, 296, 297, 300, 301, 302, 303, 304, 305, 306, 307, 308, 309, 310, 311, 312, 313, 314, 315, 316, 317, 318, 319, 320, 321, 322, 323, 324, 325, 326, 327, 328, 331, 332], "excluded_lines": [], "executed_branches": [], "missing_branches": [[29, 30], [29, 34], [30, 31], [30, 32], [32, 29], [32, 33], [38, 39], [38, 40], [41, 42], [41, 43], [43, 44], [43, 45], [50, 51], [50, 52], [57, 58], [57, 59], [60, 61], [60, 62], [68, 69], [68, 72], [69, 70], [69, 71], [79, 80], [79, 81], [95, 96], [95, 98], [103, 104], [103, 108], [105, 106], [105, 107], [115, 116], [115, 117], [118, 119], [118, 120], [125, 126], [125, 127], [128, 129], [128, 136], [131, 132], [131, 133], [136, 137], [136, 138], [139, 140], [139, 160], [141, 142], [141, 143], [143, 144], [143, 145], [146, 139], [146, 147], [147, 146], [147, 148], [148, 149], [148, 151], [151, 152], [151, 153], [153, 147], [153, 154], [156, 157], [156, 158], [158, 147], [158, 159], [161, 162], [161, 163], [168, 169], [168, 170], [176, 177], [176, 182], [179, 180], [179, 181], [186, 187], [186, 188], [190, 191], [190, 205], [191, 190], [191, 192], [193, 194], [193, 195], [195, 196], [195, 204], [196, 197], [196, 198], [200, 201], [200, 202], [210, 211], [210, 212], [216, 217], [216, 218], [218, 219], [218, 220], [220, 221], [220, 226], [224, 225], [224, 226], [227, 228], [227, 229], [230, 231], [230, 232], [232, 233], [232, 234], [234, 235], [234, 240], [236, 237], [236, 238], [238, 234], [238, 239], [242, 243], [242, 244], [244, 245], [244, 246], [247, 248], [247, 266], [249, 250], [249, 251], [251, 252], [251, 253], [253, 254], [253, 255], [255, 256], [255, 258], [260, 261], [260, 262], [263, 264], [263, 265], [268, 269], [268, 270], [280, 281], [280, 282], [288, 289], [288, 290], [294, 295], [294, 297], [331, -1], [331, 332]], "functions": {"sha": {"executed_lines": [], "summary": {"covered_lines": 0, "num_statements": 1, "percent_covered": 0.0, "percent_covered_display": "0", "missing_lines": 1, "excluded_lines": 0, "num_branches": 0, "num_partial_branches": 0, "covered_branches": 0, "missing_branches": 0}, "missing_lines": [19], "excluded_lines": [], "executed_branches": [], "missing_branches": []}, "linked": {"executed_lines": [], "summary": {"covered_lines": 0, "num_statements": 2, "percent_covered": 0.0, "percent_covered_display": "0", "missing_lines": 2, "excluded_lines": 0, "num_branches": 0, "num_partial_branches": 0, "covered_branches": 0, "missing_branches": 0}, "missing_lines": [23, 24], "excluded_lines": [], "executed_branches": [], "missing_branches": []}, "selected": {"executed_lines": [], "summary": {"covered_lines": 0, "num_statements": 7, "percent_covered": 0.0, "percent_covered_display": "0", "missing_lines": 7, "excluded_lines": 0, "num_branches": 6, "num_partial_branches": 0, "covered_branches": 0, "missing_branches": 6}, "missing_lines": [28, 29, 30, 31, 32, 33, 34], "excluded_lines": [], "executed_branches": [], "missing_branches": [[29, 30], [29, 34], [30, 31], [30, 32], [32, 29], [32, 33]]}, "relative_path": {"executed_lines": [], "summary": {"covered_lines": 0, "num_statements": 8, "percent_covered": 0.0, "percent_covered_display": "0", "missing_lines": 8, "excluded_lines": 0, "num_branches": 6, "num_partial_branches": 0, "covered_branches": 0, "missing_branches": 6}, "missing_lines": [38, 39, 40, 41, 42, 43, 44, 45], "excluded_lines": [], "executed_branches": [], "missing_branches": [[38, 39], [38, 40], [41, 42], [41, 43], [43, 44], [43, 45]]}, "within": {"executed_lines": [], "summary": {"covered_lines": 0, "num_statements": 4, "percent_covered": 0.0, "percent_covered_display": "0", "missing_lines": 4, "excluded_lines": 0, "num_branches": 2, "num_partial_branches": 0, "covered_branches": 0, "missing_branches": 2}, "missing_lines": [49, 50, 51, 52], "excluded_lines": [], "executed_branches": [], "missing_branches": [[50, 51], [50, 52]]}, "read_bytes": {"executed_lines": [], "summary": {"covered_lines": 0, "num_statements": 7, "percent_covered": 0.0, "percent_covered_display": "0", "missing_lines": 7, "excluded_lines": 0, "num_branches": 4, "num_partial_branches": 0, "covered_branches": 0, "missing_branches": 4}, "missing_lines": [56, 57, 58, 59, 60, 61, 62], "excluded_lines": [], "executed_branches": [], "missing_branches": [[57, 58], [57, 59], [60, 61], [60, 62]]}, "json_value": {"executed_lines": [], "summary": {"covered_lines": 0, "num_statements": 4, "percent_covered": 0.0, "percent_covered_display": "0", "missing_lines": 4, "excluded_lines": 0, "num_branches": 0, "num_partial_branches": 0, "covered_branches": 0, "missing_branches": 0}, "missing_lines": [66, 74, 77, 83], "excluded_lines": [], "executed_branches": [], "missing_branches": []}, "json_value.pairs": {"executed_lines": [], "summary": {"covered_lines": 0, "num_statements": 6, "percent_covered": 0.0, "percent_covered_display": "0", "missing_lines": 6, "excluded_lines": 0, "num_branches": 4, "num_partial_branches": 0, "covered_branches": 0, "missing_branches": 4}, "missing_lines": [67, 68, 69, 70, 71, 72], "excluded_lines": [], "executed_branches": [], "missing_branches": [[68, 69], [68, 72], [69, 70], [69, 71]]}, "json_value.constant": {"executed_lines": [], "summary": {"covered_lines": 0, "num_statements": 1, "percent_covered": 0.0, "percent_covered_display": "0", "missing_lines": 1, "excluded_lines": 0, "num_branches": 0, "num_partial_branches": 0, "covered_branches": 0, "missing_branches": 0}, "missing_lines": [75], "excluded_lines": [], "executed_branches": [], "missing_branches": []}, "json_value.finite_float": {"executed_lines": [], "summary": {"covered_lines": 0, "num_statements": 4, "percent_covered": 0.0, "percent_covered_display": "0", "missing_lines": 4, "excluded_lines": 0, "num_branches": 2, "num_partial_branches": 0, "covered_branches": 0, "missing_branches": 2}, "missing_lines": [78, 79, 80, 81], "excluded_lines": [], "executed_branches": [], "missing_branches": [[79, 80], [79, 81]]}, "name_from_markdown": {"executed_lines": [], "summary": {"covered_lines": 0, "num_statements": 23, "percent_covered": 0.0, "percent_covered_display": "0", "missing_lines": 23, "excluded_lines": 0, "num_branches": 6, "num_partial_branches": 0, "covered_branches": 0, "missing_branches": 6}, "missing_lines": [88, 89, 90, 91, 92, 93, 94, 95, 96, 98, 99, 101, 110, 111, 112, 113, 114, 115, 116, 117, 118, 119, 120], "excluded_lines": [], "executed_branches": [], "missing_branches": [[95, 96], [95, 98], [115, 116], [115, 117], [118, 119], [118, 120]]}, "name_from_markdown.mapping": {"executed_lines": [], "summary": {"covered_lines": 0, "num_statements": 7, "percent_covered": 0.0, "percent_covered_display": "0", "missing_lines": 7, "excluded_lines": 0, "num_branches": 4, "num_partial_branches": 0, "covered_branches": 0, "missing_branches": 4}, "missing_lines": [102, 103, 104, 105, 106, 107, 108], "excluded_lines": [], "executed_branches": [], "missing_branches": [[103, 104], [103, 108], [105, 106], [105, 107]]}, "resolve_spec": {"executed_lines": [], "summary": {"covered_lines": 0, "num_statements": 40, "percent_covered": 0.0, "percent_covered_display": "0", "missing_lines": 40, "excluded_lines": 0, "num_branches": 30, "num_partial_branches": 0, "covered_branches": 0, "missing_branches": 30}, "missing_lines": [124, 125, 126, 127, 128, 129, 130, 131, 132, 133, 134, 136, 137, 138, 139, 140, 141, 142, 143, 144, 145, 146, 147, 148, 149, 150, 151, 152, 153, 154, 155, 156, 157, 158, 159, 160, 161, 162, 163, 164], "excluded_lines": [], "executed_branches": [], "missing_branches": [[125, 126], [125, 127], [128, 129], [128, 136], [131, 132], [131, 133], [136, 137], [136, 138], [139, 140], [139, 160], [141, 142], [141, 143], [143, 144], [143, 145], [146, 139], [146, 147], [147, 146], [147, 148], [148, 149], [148, 151], [151, 152], [151, 153], [153, 147], [153, 154], [156, 157], [156, 158], [158, 147], [158, 159], [161, 162], [161, 163]]}, "input_record": {"executed_lines": [], "summary": {"covered_lines": 0, "num_statements": 13, "percent_covered": 0.0, "percent_covered_display": "0", "missing_lines": 13, "excluded_lines": 0, "num_branches": 6, "num_partial_branches": 0, "covered_branches": 0, "missing_branches": 6}, "missing_lines": [168, 169, 170, 171, 172, 173, 176, 177, 178, 179, 180, 181, 182], "excluded_lines": [], "executed_branches": [], "missing_branches": [[168, 169], [168, 170], [176, 177], [176, 182], [179, 180], [179, 181]]}, "inventory": {"executed_lines": [], "summary": {"covered_lines": 0, "num_statements": 19, "percent_covered": 0.0, "percent_covered_display": "0", "missing_lines": 19, "excluded_lines": 0, "num_branches": 14, "num_partial_branches": 0, "covered_branches": 0, "missing_branches": 14}, "missing_lines": [186, 187, 188, 189, 190, 191, 192, 193, 194, 195, 196, 197, 198, 199, 200, 201, 202, 204, 205], "excluded_lines": [], "executed_branches": [], "missing_branches": [[186, 187], [186, 188], [190, 191], [190, 205], [191, 190], [191, 192], [193, 194], [193, 195], [195, 196], [195, 204], [196, 197], [196, 198], [200, 201], [200, 202]]}, "revision_plan": {"executed_lines": [], "summary": {"covered_lines": 0, "num_statements": 62, "percent_covered": 0.0, "percent_covered_display": "0", "missing_lines": 62, "excluded_lines": 0, "num_branches": 42, "num_partial_branches": 0, "covered_branches": 0, "missing_branches": 42}, "missing_lines": [209, 210, 211, 212, 213, 214, 215, 216, 217, 218, 219, 220, 221, 222, 223, 224, 225, 226, 227
[...]
22], [423, 424], [425, 422], [425, 426], [427, 428], [427, 433], [431, 427], [431, 432], [436, 437], [436, 438], [441, 442], [441, 446], [442, 443], [442, 444], [449, 450], [449, 451]]}}}, "src\\agents\\skills\\skill-builder\\scripts\\generate_openai_yaml.py": {"executed_lines": [], "summary": {"covered_lines": 0, "num_statements": 165, "percent_covered": 0.0, "percent_covered_display": "0", "missing_lines": 165, "excluded_lines": 0, "num_branches": 72, "num_partial_branches": 0, "covered_branches": 0, "missing_branches": 72}, "missing_lines": [9, 10, 11, 12, 13, 15, 29, 39, 41, 51, 52, 53, 56, 57, 58, 59, 60, 61, 62, 63, 64, 65, 66, 67, 68, 69, 70, 71, 72, 75, 76, 78, 79, 80, 81, 83, 84, 85, 86, 87, 88, 89, 90, 91, 92, 93, 94, 95, 97, 98, 99, 100, 102, 105, 106, 107, 108, 109, 110, 111, 112, 113, 114, 115, 117, 119, 120, 121, 122, 123, 124, 125, 126, 127, 128, 129, 130, 131, 134, 135, 136, 137, 138, 139, 140, 141, 142, 143, 144, 145, 146, 147, 148, 149, 150, 151, 152, 156, 157, 160, 161, 162, 163, 165, 166, 170, 171, 175, 177, 178, 179, 180, 183, 184, 185, 186, 187, 188, 189, 190, 191, 192, 193, 199, 200, 201, 202, 204, 205, 206, 207, 208, 209, 210, 213, 214, 217, 218, 222, 228, 229, 231, 232, 233, 234, 235, 236, 237, 239, 240, 241, 243, 244, 245, 246, 247, 248, 249, 250, 251, 252, 253, 254, 257, 258], "excluded_lines": [], "executed_branches": [], "missing_branches": [[59, 60], [59, 72], [62, 63], [62, 65], [65, 66], [65, 68], [68, 69], [68, 71], [78, 79], [78, 80], [80, 81], [80, 83], [83, 84], [83, 85], [85, 86], [85, 87], [87, 88], [87, 89], [89, 90], [89, 94], [94, 95], [94, 97], [97, 98], [97, 102], [99, 100], [99, 102], [107, 108], [107, 110], [112, 113], [112, 115], [124, 125], [124, 127], [128, 129], [128, 131], [137, 138], [137, 157], [138, 139], [138, 141], [144, 145], [144, 147], [147, 148], [147, 151], [152, 137], [152, 156], [162, 163], [162, 165], [170, 171], [170, 177], [180, 183], [180, 193], [185, 186], [185, 187], [189, 190], [189, 191], [199, 200], [199, 204], [201, 199], [201, 202], [232, 233], [232, 235], [235, 236], [235, 239], [240, 241], [240, 243], [244, 245], [244, 254], [245, 246], [245, 253], [250, 251], [250, 252], [257, -2], [257, 258]], "functions": {"yaml_quote": {"executed_lines": [], "summary": {"covered_lines": 0, "num_statements": 2, "percent_covered": 0.0, "percent_covered_display": "0", "missing_lines": 2, "excluded_lines": 0, "num_branches": 0, "num_partial_branches": 0, "covered_branches": 0, "missing_branches": 0}, "missing_lines": [52, 53], "excluded_lines": [], "executed_branches": [], "missing_branches": []}, "format_display_name": {"executed_lines": [], "summary": {"covered_lines": 0, "num_statements": 16, "percent_covered": 0.0, "percent_covered_display": "0", "missing_lines": 16, "excluded_lines": 0, "num_branches": 8, "num_partial_branches": 0, "covered_branches": 0, "missing_branches": 8}, "missing_lines": [57, 58, 59, 60, 61, 62, 63, 64, 65, 66, 67, 68, 69, 70, 71, 72], "excluded_lines": [], "executed_branches": [], "missing_branches": [[59, 60], [59, 72], [62, 63], [62, 65], [65, 66], [65, 68], [68, 69], [68, 71]]}, "generate_short_description": {"executed_lines": [], "summary": {"covered_lines": 0, "num_statements": 23, "percent_covered": 0.0, "percent_covered_display": "0", "missing_lines": 23, "excluded_lines": 0, "num_branches": 18, "num_partial_branches": 0, "covered_branches": 0, "missing_branches": 18}, "missing_lines": [76, 78, 79, 80, 81, 83, 84, 85, 86, 87, 88, 89, 90, 91, 92, 93, 94, 95, 97, 98, 99, 100, 102], "excluded_lines": [], "executed_branches": [], "missing_branches": [[78, 79], [78, 80], [80, 81], [80, 83], [83, 84], [83, 85], [85, 86], [85, 87], [87, 88], [87, 89], [89, 90], [89, 94], [94, 95], [94, 97], [97, 98], [97, 102], [99, 100], [99, 102]]}, "read_frontmatter_name": {"executed_lines": [], "summary": {"covered_lines": 0, "num_statements": 24, "percent_covered": 0.0, "percent_covered_display": "0", "missing_lines": 24, "excluded_lines": 0, "num_branches": 8, "num_partial_branches": 0, "covered_branches": 0, "missing_branches": 8}, "missing_lines": [106, 107, 108, 109, 110, 111, 112, 113, 114, 115, 117, 119, 120, 121, 122, 123, 124, 125, 126, 127, 128, 129, 130, 131], "excluded_lines": [], "executed_branches": [], "missing_branches": [[107, 108], [107, 110], [112, 113], [112, 115], [124, 125], [124, 127], [128, 129], [128, 131]]}, "parse_interface_overrides": {"executed_lines": [], "summary": {"covered_lines": 0, "num_statements": 20, "percent_covered": 0.0, "percent_covered_display": "0", "missing_lines": 20, "excluded_lines": 0, "num_branches": 10, "num_partial_branches": 0, "covered_branches": 0, "missing_branches": 10}, "missing_lines": [135, 136, 137, 138, 139, 140, 141, 142, 143, 144, 145, 146, 147, 148, 149, 150, 151, 152, 156, 157], "excluded_lines": [], "executed_branches": [], "missing_branches": [[137, 138], [137, 157], [138, 139], [138, 141], [144, 145], [144, 147], [147, 148], [147, 151], [152, 137], [152, 156]]}, "write_openai_yaml": {"executed_lines": [], "summary": {"covered_lines": 0, "num_statements": 34, "percent_covered": 0.0, "percent_covered_display": "0", "missing_lines": 34, "excluded_lines": 0, "num_branches": 14, "num_partial_branches": 0, "covered_branches": 0, "missing_branches": 14}, "missing_lines": [161, 162, 163, 165, 166, 170, 171, 175, 177, 178, 179, 180, 183, 184, 185, 186, 187, 188, 189, 190, 191, 192, 193, 199, 200, 201, 202, 204, 205, 206, 207, 208, 209, 210], "excluded_lines": [], "executed_branches": [], "missing_branches": [[162, 163], [162, 165], [170, 171], [170, 177], [180, 183], [180, 193], [185, 186], [185, 187], [189, 190], [189, 191], [199, 200], [199, 204], [201, 199], [201, 202]]}, "main": {"executed_lines": [], "summary": {"covered_lines": 0, "num_statements": 28, "percent_covered": 0.0, "percent_covered_display": "0", "missing_lines": 28, "excluded_lines": 0, "num_branches": 12, "num_partial_branches": 0, "covered_branches": 0, "missing_branches": 12}, "missing_lines": [214, 217, 218, 222, 228, 229, 231, 232, 233, 234, 235, 236, 237, 239, 240, 241, 243, 244, 245, 246, 247, 248, 249, 250, 251, 252, 253, 254], "excluded_lines": [], "executed_branches": [], "missing_branches": [[232, 233], [232, 235], [235, 236], [235, 239], [240, 241], [240, 243], [244, 245], [244, 254], [245, 246], [245, 253], [250, 251], [250, 252]]}, "": {"executed_lines": [], "summary": {"covered_lines": 0, "num_statements": 18, "percent_covered": 0.0, "percent_covered_display": "0", "missing_lines": 18, "excluded_lines": 0, "num_branches": 2, "num_partial_branches": 0, "covered_branches": 0, "missing_branches": 2}, "missing_lines": [9, 10, 11, 12, 13, 15, 29, 39, 41, 51, 56, 75, 105, 134, 160, 213, 257, 258], "excluded_lines": [], "executed_branches": [], "missing_branches": [[257, -2], [257, 258]]}}, "classes": {"": {"executed_lines": [], "summary": {"covered_lines": 0, "num_statements": 165, "percent_covered": 0.0, "percent_covered_display": "0", "missing_lines": 165, "excluded_lines": 0, "num_branches": 72, "num_partial_branches": 0, "covered_branches": 0, "missing_branches": 72}, "missing_lines": [9, 10, 11, 12, 13, 15, 29, 39, 41, 51, 52, 53, 56, 57, 58, 59, 60, 61, 62, 63, 64, 65, 66, 67, 68, 69, 70, 71, 72, 75, 76, 78, 79, 80, 81, 83, 84, 85, 86, 87, 88, 89, 90, 91, 92, 93, 94, 95, 97, 98, 99, 100, 102, 105, 106, 107, 108, 109, 110, 111, 112, 113, 114, 115, 117, 119, 120, 121, 122, 123, 124, 125, 126, 127, 128, 129, 130, 131, 134, 135, 136, 137, 138, 139, 140, 141, 142, 143, 144, 145, 146, 147, 148, 149, 150, 151, 152, 156, 157, 160, 161, 162, 163, 165, 166, 170, 171, 175, 177, 178, 179, 180, 183, 184, 185, 186, 187, 188, 189, 190, 191, 192, 193, 199, 200, 201, 202, 204, 205, 206, 207, 208, 209, 210, 213, 214, 217, 218, 222, 228, 229, 231, 232, 233, 234, 235, 236, 237, 239, 240, 241, 243, 244, 245, 246, 247, 248, 249, 250, 251, 252, 253, 254, 257, 258], "excluded_lines": [], "executed_branches": [], "missing_branches": [[59, 60], [59, 72], [62, 63], [62, 65], [65, 66], [65, 68], [68, 69], [68, 71], [78, 79], [78, 80], [80, 81], [80, 83], [83, 84], [83, 85], [85, 86], [85, 87], [87, 88], [87, 89], [89, 90], [89, 94], [94, 95], [94, 97], [97, 98], [97, 102], [99, 100], [99, 102], [107, 108], [107, 110], [112, 113], [112, 115], [124, 125], [124, 127], [128, 129], [128, 131], [137, 138], [137, 157], [138, 139], [138, 141], [144, 145], [144, 147], [147, 148], [147, 151], [152, 137], [152, 156], [162, 163], [162, 165], [170, 171], [170, 177], [180, 183], [180, 193], [185, 186], [185, 187], [189, 190], [189, 191], [199, 200], [199, 204], [201, 199], [201, 202], [232, 233], [232, 235], [235, 236], [235, 239], [240, 241], [240, 243], [244, 245], [244, 254], [245, 246], [245, 253], [250, 251], [250, 252], [257, -2], [257, 258]]}}}, "src\\agents\\skills\\skill-builder\\scripts\\init_skill.py": {"executed_lines": [], "summary": {"covered_lines": 0, "num_statements": 142, "percent_covered": 0.0, "percent_covered_display": "0", "missing_lines": 142, "excluded_lines": 0, "num_branches": 48, "num_partial_branches": 0, "covered_branches": 0, "missing_branches": 48}, "missing_lines": [16, 17, 18, 19, 21, 22, 24, 25, 27, 37, 58, 67, 94, 96, 97, 98, 99, 100, 103, 105, 108, 109, 110, 111, 112, 113, 114, 115, 116, 117, 118, 119, 120, 121, 122, 123, 124, 127, 130, 131, 132, 133, 134, 135, 136, 137, 138, 140, 141, 142, 143, 144, 147, 149, 150, 151, 152, 153, 154, 156, 159, 173, 176, 177, 178, 181, 182, 183, 184, 185, 186, 189, 190, 194, 195, 196, 197, 198, 199, 200, 203, 204, 205, 206, 207, 208, 209, 212, 213, 214, 217, 218, 219, 222, 223, 224, 225, 226, 227, 231, 233, 236, 237, 238, 240, 243, 244, 247, 248, 249, 254, 259, 265, 267, 268, 269, 270, 271, 272, 273, 277, 278, 279, 281, 282, 283, 284, 286, 288, 289, 290, 291, 292, 293, 295, 296, 298, 300, 301, 303, 306, 307], "excluded_lines": [], "executed_branches": [], "missing_branches": [[109, 110], [109, 111], [113, 114], [113, 118], [120, 121], [120, 124], [121, 120], [121, 122], [130, -127], [130, 131], [133, 134], [133, 141], [134, 135], [134, 140], [141, 142], [141, 150], [142, 143], [142, 149], [150, 130], [150, 151], [151, 152], [151, 156], [176, 177], [176, 181], [205, 206], [205, 212], [212, 213], [212, 222], [225, 226], [225, 233], [226, 227], [226, 231], [269, 270], [269, 272], [272, 273], [272, 278], [278, 279], [278, 281], [282, 283], [282, 286], [290, 291], [290, 295], [292, 293], [292, 296], [300, 301], [300, 303], [306, -2], [306, 307]], "functions": {"normalize_skill_name": {"executed_lines": [], "summary": {"covered_lines": 0, "num_statements": 5, "percent_covered": 0.0, "percent_covered_display": "0", "missing_lines": 5, "excluded_lines": 0, "num_branches": 0, "num_partial_branches": 0, "covered_branches": 0, "missing_branches": 0}, "missing_lines": [96, 97, 98, 99, 100], "excluded_lines": [], "executed_branches": [], "missing_branches": []}, "title_case_skill_name": {"executed_lines": [], "summary": {"covered_lines": 0, "num_statements": 1, "percent_covered": 0.0, "percent_covered_display": "0", "missing_lines": 1, "excluded_lines": 0, "num_branches": 0, "num_partial_branches": 0, "covered_branches": 0, "missing_branches": 0}, "missing_lines": [105], "excluded_lines": [], "executed_branches": [], "missing_branches": []}, "parse_resources": {"executed_lines": [], "summary": {"covered_lines": 0, "num_statements": 16, "percent_covered": 0.0, "percent_covered_display": "0", "missing_lines": 16, "excluded_lines": 0, "num_branches": 8, "num_partial_branches": 0, "covered_branches": 0, "missing_branches": 8}, "missing_lines": [109, 110, 111, 112, 113, 114, 115, 116, 117, 118, 119, 120, 121, 122, 123, 124], "excluded_lines": [], "executed_branches": [], "missing_branches": [[109, 110], [109, 111], [113, 114], [113, 118], [120, 121], [120, 124], [121, 120], [121, 122]]}, "create_resource_dirs": {"executed_lines": [], "summary": {"covered_lines": 0, "num_statements": 22, "percent_covered": 0.0, "percent_covered_display": "0", "missing_lines": 22, "excluded_lines": 0, "num_branches": 14, "num_partial_branches": 0, "covered_branches": 0, "missing_branches": 14}, "missing_lines": [130, 131, 132, 133, 134, 135, 136, 137, 138, 140, 141, 142, 143, 144, 147, 149, 150, 151, 152, 153, 154, 156], "excluded_lines": [], "executed_branches": [], "missing_branches": [[130, -127], [130, 131], [133, 134], [133, 141], [134, 135], [134, 140], [141, 142], [141, 150], [142, 143], [142, 149], [150, 130], [150, 151], [151, 152], [151, 156]]}, "init_skill": {"executed_lines": [], "summary": {"covered_lines": 0, "num_statements": 44, "percent_covered": 0.0, "percent_covered_display": "0", "missing_lines": 44, "excluded_lines": 0, "num_branches": 10, "num_partial_branches": 0, "covered_branches": 0, "missing_branches": 10}, "missing_lines": [173, 176, 177, 178, 181, 182, 183, 184, 185, 186, 189, 190, 194, 195, 196, 197, 198, 199, 200, 203, 204, 205, 206, 207, 208, 209, 212, 213, 214, 217, 218, 219, 222, 223, 224, 225, 226, 227, 231, 233, 236, 237, 238, 240], "excluded_lines": [], "executed_branches": [], "missing_branches": [[176, 177], [176, 181], [205, 206], [205, 212], [212, 213], [212, 222], [225, 226], [225, 233], [226, 227], [226, 231]]}, "main": {"executed_lines": [], "summary": {"covered_lines": 0, "num_statements": 34, "percent_covered": 0.0, "percent_covered_display": "0", "missing_lines": 34, "excluded_lines": 0, "num_branches": 14, "num_partial_branches": 0, "covered_branches": 0, "missing_branches": 14}, "missing_lines": [244, 247, 248, 249, 254, 259, 265, 267, 268, 269, 270, 271, 272, 273, 277, 278, 279, 281, 282, 283, 284, 286, 288, 289, 290, 291, 292, 293, 295, 296, 298, 300, 301, 303], "excluded_lines": [], "executed_branches": [], "missing_branches": [[269, 270], [269, 272], [272, 273], [272, 278], [278, 279], [278, 281], [282, 283], [282, 286], [290, 291], [290, 295], [292, 293], [292, 296], [300, 301], [300, 303]]}, "": {"executed_lines": [], "summary": {"covered_lines": 0, "num_statements": 20, "percent_covered": 0.0, "percent_covered_display": "0", "missing_lines": 20, "excluded_lines": 0, "num_branches": 2, "num_partial_branches": 0, "covered_branches": 0, "missing_branches": 2}, "missing_lines": [16, 17, 18, 19, 21, 22, 24, 25, 27, 37, 58, 67, 94, 103, 108, 127, 159, 243, 306, 307], "excluded_lines": [], "executed_branches": [], "missing_branches": [[306, -2], [306, 307]]}}, "classes": {"": {"executed_lines": [], "summary": {"covered_lines": 0, "num_statements": 142, "percent_covered": 0.0, "percent_covered_display": "0", "missing_lines": 142, "excluded_lines": 0, "num_branches": 48, "num_partial_branches": 0, "covered_branches": 0, "missing_branches": 48}, "missing_lines": [16, 17, 18, 19, 21, 22, 24, 25, 27, 37, 58, 67, 94, 96, 97, 98, 99, 100, 103, 105, 108, 109, 110, 111, 112, 113, 114, 115, 116, 117, 118, 119, 120, 121, 122, 123, 124, 127, 130, 131, 132, 133, 134, 135, 136, 137, 138, 140, 141, 142, 143, 144, 147, 149, 150, 151, 152, 153, 154, 156, 159, 173, 176, 177, 178, 181, 182, 183, 184, 185, 186, 189, 190, 194, 195, 196, 197, 198, 199, 200, 203, 204, 205, 206, 207, 208, 209, 212, 213, 214, 217, 218, 219, 222, 223, 224, 225, 226, 227, 231, 233, 236, 237, 238, 240, 243, 244, 247, 248, 249, 254, 259, 265, 267, 268, 269, 270, 271, 272, 273, 277, 278, 279, 281, 282, 283, 284, 286, 288, 289, 290, 291, 292, 293, 295, 296, 298, 300, 301, 303, 306, 307], "excluded_lines": [], "executed_branches": [], "missing_branches": [[109, 110], [109, 111], [113, 114], [113, 118], [120, 121], [120, 124], [121, 120], [121, 122], [130, -127], [130, 131], [133, 134], [133, 141], [134, 135], [134, 140], [141, 142], [141, 150], [142, 143], [142, 149], [150, 130], [150, 151], [151, 152], [151, 156], [176, 177], [176, 181], [205, 206], [205, 212], [212, 213], [212, 222], [225, 226], [225, 233], [226, 227], [226, 231], [269, 270], [269, 272], [272, 273], [272, 278], [278, 279], [278, 281], [282, 283], [282, 286], [290, 291], [290, 295], [292, 293], [292, 296], [300, 301], [300, 303], [306, -2], [306, 307]]}}}, "src\\agents\\skills\\skill-builder\\scripts\\record_schema.py": {"executed_lines": [1, 6, 7, 10, 11, 12, 15, 16, 17, 18, 19, 20, 21, 22, 23, 24, 25, 26, 27, 28, 29, 30, 33, 34, 35, 36, 37, 38, 39, 40, 41, 42, 43, 44, 45, 46, 48, 49, 50, 52, 53, 54, 55, 56, 57, 58, 59, 60, 61, 62, 63, 64], "summary": {"covered_lines": 51, "num_statements": 53, "percent_covered": 95.50561797752809, "percent_covered_display": "96", "missing_lines": 2, "excluded_lines": 0, "num_branches": 36, "num_partial_branches": 2, "covered_branches": 34, "missing_branches": 2}, "missing_lines": [32, 51], "excluded_lines": [], "executed_branches": [[11, -10], [11, 12], [17, 18], [17, 24], [19, 20], [19, 22], [24, 25], [24, 33], [25, 26], [33, 34], [33, 35], [35, 36], [35, 37], [39, 40], [39, 41], [41, 42], [41, 52], [44, -15], [44, 45], [45, 46], [45, 48], [50, 44], [52, 53], [52, 59], [54, 55], [54, 57], [57, -15], [57, 58], [59, 60], [59, 63], [61, -15], [61, 62], [63, -15], [63, 64]], "missing_branches": [[25, 32], [50, 51]], "functions": {"need": {"executed_lines": [11, 12], "summary": {"covered_lines": 2, "num_statements": 2, "percent_covered": 100.0, "percent_covered_display": "100", "missing_lines": 0, "excluded_lines": 0, "num_branches": 2, "num_partial_branches": 0, "covered_branches": 2, "missing_branches": 0}, "missing_lines": [], "excluded_lines": [], "executed_branches": [[11, -10], [11, 12]], "missing_branches": []}, "validate": {"executed_lines": [16, 17, 18, 19, 20, 21, 22, 23, 24, 25, 26, 27, 28, 29, 30, 33, 34, 35, 36, 37, 38, 39, 40, 41, 42, 43, 44, 45, 46, 48, 49, 50, 52, 53, 54, 55, 56, 57, 58, 59, 60, 61, 62, 63, 64], "summary": {"covered_lines": 45, "num_statements": 47, "percent_covered": 95.06172839506173, "percent_covered_display": "95", "missing_lines": 2, "excluded_lines": 0, "num_branches": 34, "num_partial_branches": 2, "covered_branches": 32, "missing_branches": 2}, "missing_lines": [32, 51], "excluded_lines": [], "executed_branches": [[17, 18], [17, 24], [19, 20], [19, 22], [24, 25], [24, 33], [25, 26], [33, 34], [33, 35], [35, 36], [35, 37], [39, 40], [39, 41], [41, 42], [41, 52], [44, -15], [44, 45], [45, 46], [45, 48], [50, 44], [52, 53], [52, 59], [54, 55], [54, 57], [57, -15], [57, 58], [59, 60], [59, 63], [61, -15], [61, 62], [63, -15], [63, 64]], "missing_branches": [[25, 32], [50, 51]]}, "": {"executed_lines": [1, 6, 7, 10, 15], "summary": {"covered_lines": 4, "num_statements": 4, "percent_covered": 100.0, "percent_covered_display": "100", "missing_lines": 0, "excluded_lines": 0, "num_branches": 0, "num_partial_branches": 0, "covered_branches": 0, "missing_branches": 0}, "missing_lines": [], "excluded_lines": [], "executed_branches": [], "missing_branches": []}}, "classes": {"": {"executed_lines": [1, 6, 7, 10, 11, 12, 15, 16, 17, 18, 19, 20, 21, 22, 23, 24, 25, 26, 27, 28, 29, 30, 33, 34, 35, 36, 37, 38, 39, 40, 41, 42, 43, 44, 45, 46, 48, 49, 50, 52, 53, 54, 55, 56, 57, 58, 59, 60, 61, 62, 63, 64], "summary": {"covered_lines": 51, "num_statements": 53, "percent_covered": 95.50561797752809, "percent_covered_display": "96", "missing_lines": 2, "excluded_lines": 0, "num_branches": 36, "num_partial_branches": 2, "covered_branches": 34, "missing_branches": 2}, "missing_lines": [32, 51], "excluded_lines": [], "executed_branches": [[11, -10], [11, 12], [17, 18], [17, 24], [19, 20], [19, 22], [24, 25], [24, 33], [25, 26], [33, 34], [33, 35], [35, 36], [35, 37], [39, 40], [39, 41], [41, 42], [41, 52], [44, -15], [44, 45], [45, 46], [45, 48], [50, 44], [52, 53], [52, 59], [54, 55], [54, 57], [57, -15], [57, 58], [59, 60], [59, 63], [61, -15], [61, 62], [63, -15], [63, 64]], "missing_branches": [[25, 32], [50, 51]]}}}}, "totals": {"covered_lines": 1091, "num_statements": 2302, "percent_covered": 43.97014925373134, "percent_covered_display": "44", "missing_lines": 1211, "excluded_lines": 0, "num_branches": 1048, "num_partial_branches": 102, "covered_branches": 382, "missing_branches": 666}}