<?xml version="1.0" encoding="utf-8"?><testsuites><testsuite name="pytest" errors="0" failures="0" skipped="0" tests="67" time="1.377" timestamp="2025-12-16T23:05:06.094636" hostname="DESKTOP-88FARC5"><testcase classname="dependency-graph.test_dependency_graph_analyzer.TestYAMLParsing" name="test_valid_depends_on_single" time="0.070" /><testcase classname="dependency-graph.test_dependency_graph_analyzer.TestYAMLParsing" name="test_valid_depends_on_multiple" time="0.005" /><testcase classname="dependency-graph.test_dependency_graph_analyzer.TestYAMLParsing" name="test_empty_depends_on_array" time="0.006" /><testcase classname="dependency-graph.test_dependency_graph_analyzer.TestYAMLParsing" name="test_missing_depends_on_field" time="0.005" /><testcase classname="dependency-graph.test_dependency_graph_analyzer.TestYAMLParsing" name="test_invalid_story_id_format" time="0.005" /><testcase classname="dependency-graph.test_dependency_graph_analyzer.TestYAMLParsing" name="test_valid_story_id_format" time="0.005" /><testcase classname="dependency-graph.test_dependency_graph_analyzer.TestYAMLParsing" name="test_mixed_valid_invalid_ids" time="0.006" /><testcase classname="dependency-graph.test_dependency_graph_analyzer.TestYAMLParsing" name="test_whitespace_and_case_normalization" time="0.004" /><testcase classname="dependency-graph.test_dependency_graph_analyzer.TestGraphBuilding" name="test_simple_chain_resolution" time="0.005" /><testcase classname="dependency-graph.test_dependency_graph_analyzer.TestGraphBuilding" name="test_diamond_pattern_unique" time="0.004" /><testcase classname="dependency-graph.test_dependency_graph_analyzer.TestGraphBuilding" name="test_multiple_direct_deps" time="0.004" /><testcase classname="dependency-graph.test_dependency_graph_analyzer.TestGraphBuilding" name="test_deep_chain_over_10_levels" time="0.004" /><testcase classname="dependency-graph.test_dependency_graph_analyzer.TestGraphBuilding" name="test_no_dependencies_returns_empty" time="0.004" /><testcase classname="dependency-graph.test_dependency_graph_analyzer.TestGraphBuilding" name="test_complex_graph_10_stories" time="0.005" /><testcase classname="dependency-graph.test_dependency_graph_analyzer.TestCycleDetection" name="test_direct_cycle_a_b_a" time="0.004" /><testcase classname="dependency-graph.test_dependency_graph_analyzer.TestCycleDetection" name="test_indirect_cycle_a_b_c_a" time="0.004" /><testcase classname="dependency-graph.test_dependency_graph_analyzer.TestCycleDetection" name="test_self_dependency" time="0.004" /><testcase classname="dependency-graph.test_dependency_graph_analyzer.TestCycleDetection" name="test_no_cycle_in_valid_dag" time="0.004" /><testcase classname="dependency-graph.test_dependency_graph_analyzer.TestCycleDetection" name="test_cycle_path_is_correct" time="0.004" /><testcase classname="dependency-graph.test_dependency_graph_analyzer.TestCycleDetection" name="test_multiple_cycles_first_detected" time="0.004" /><testcase classname="dependency-graph.test_dependency_graph_analyzer.TestStatusValidation" name="test_dev_complete_status_passes" time="0.004" /><testcase classname="dependency-graph.test_dependency_graph_analyzer.TestStatusValidation" name="test_qa_approved_status_passes" time="0.004" /><testcase classname="dependency-graph.test_dependency_graph_analyzer.TestStatusValidation" name="test_in_development_status_blocks" time="0.004" /><testcase classname="dependency-graph.test_dependency_graph_analyzer.TestStatusValidation" name="test_qa_failed_status_blocks_with_suggestion" time="0.004" /><testcase classname="dependency-graph.test_dependency_graph_analyzer.TestStatusValidation" name="test_multiple_failures_all_reported" time="0.004" /><testcase classname="dependency-graph.test_dependency_graph_analyzer.TestStatusValidation" name="test_released_status_passes" time="0.004" /><testcase classname="dependency-graph.test_dependency_graph_analyzer.TestForceBypass" name="test_force_flag_bypasses_validation" time="0.043" /><testcase classname="dependency-graph.test_dependency_graph_analyzer.TestForceBypass" name="test_force_bypass_logs_warning" time="0.050" /><testcase classname="dependency-graph.test_dependency_graph_analyzer.TestForceBypass" name="test_force_log_contains_details" time="0.042" /><testcase classname="dependency-graph.test_dependency_graph_analyzer.TestVisualization" name="test_visualization_ascii_tree_generated" time="0.004" /><testcase classname="dependency-graph.test_dependency_graph_analyzer.TestVisualization" name="test_visualization_shows_status_icons" time="0.004" /><testcase classname="dependency-graph.test_dependency_graph_analyzer.TestVisualization" name="test_visualization_indentation_for_depth" time="0.004" /><testcase classname="dependency-graph.test_dependency_graph_analyzer.TestVisualization" name="test_visualization_handles_empty_graph" time="0.004" /><testcase classname="dependency-graph.test_dependency_graph_analyzer.TestVisualization" name="test_visualization_blocked_deps_marked" time="0.004" /><testcase classname="dependency-graph.test_dependency_graph_analyzer.TestEdgeCases" name="test_nonexistent_dependency_handled" time="0.023" /><testcase classname="dependency-graph.test_dependency_graph_analyzer.TestEdgeCases" name="test_malformed_yaml_handled" time="0.005" /><testcase classname="dependency-graph.test_dependency_graph_analyzer.TestEdgeCases" name="test_empty_story_file_handled" time="0.005" /><testcase classname="dependency-graph.test_dependency_graph_analyzer.TestEdgeCases" name="test_performance_50_stories_under_500ms" time="0.004" /><testcase classname="dependency-graph.test_dependency_graph_analyzer.TestEdgeCases" name="test_content_without_frontmatter_delimiters" time="0.004" /><testcase classname="dependency-graph.test_dependency_graph_analyzer.TestEdgeCases" name="test_content_with_single_delimiter" time="0.004" /><testcase classname="dependency-graph.test_dependency_graph_analyzer.TestEdgeCases" name="test_empty_yaml_section" time="0.004" /><testcase classname="dependency-graph.test_dependency_graph_analyzer.TestEdgeCases" name="test_yaml_parses_to_none" time="0.004" /><testcase classname="dependency-graph.test_dependency_graph_analyzer.TestEdgeCases" name="test_yaml_parses_to_list_not_dict" time="0.004" /><testcase classname="dependency-graph.test_dependency_graph_analyzer.TestEdgeCases" name="test_normalize_with_non_string_items" time="0.003" /><testcase classname="dependency-graph.test_dependency_graph_analyzer.TestEdgeCases" name="test_json_output_format_valid" time="0.022" /><testcase classname="dependency-graph.test_dependency_graph_analyzer.TestDevBlockingIntegration" name="test_dev_blocks_when_dependency_in_development" time="0.036" /><testcase classname="dependency-graph.test_dependency_graph_analyzer.TestDevBlockingIntegration" name="test_dev_blocks_when_circular_dependency" time="0.022" /><testcase classname="dependency-graph.test_dependency_graph_analyzer.TestDevBlockingIntegration" name="test_dev_proceeds_when_dependencies_valid" time="0.021" /><testcase classname="dependency-graph.test_dependency_graph_analyzer.TestDevBlockingIntegration" name="test_dev_force_bypasses_blocking" time="0.043" /><testcase classname="dependency-graph.test_dependency_graph_analyzer.TestDevBlockingIntegration" name="test_dev_blocks_when_qa_failed_dependency" time="0.037" /><testcase classname="dependency-graph.test_dependency_graph_analyzer.TestDevBlockingIntegration" name="test_dev_shows_visualization_on_block" time="0.038" /><testcase classname="dependency-graph.test_dependency_graph_analyzer.TestCoverageGapRemediation" name="test_build_graph_depends_on_field_is_none" time="0.006" /><testcase classname="dependency-graph.test_dependency_graph_analyzer.TestCoverageGapRemediation" name="test_build_graph_story_file_not_found_for_dependency" time="0.006" /><testcase classname="dependency-graph.test_dependency_graph_analyzer.TestCoverageGapRemediation" name="test_build_graph_frontmatter_parsing_returns_none" time="0.006" /><testcase classname="dependency-graph.test_dependency_graph_analyzer.TestCoverageGapRemediation" name="test_build_graph_with_empty_depends_on_field_string" time="0.005" /><testcase classname="dependency-graph.test_dependency_graph_analyzer.TestCoverageGapRemediation" name="test_analyze_dependencies_default_fixtures_path" time="0.006" /><testcase classname="dependency-graph.test_dependency_graph_analyzer.TestCoverageGapRemediation" name="test_analyze_dependencies_missing_deps_blocks_without_allow_missing" time="0.006" /><testcase classname="dependency-graph.test_dependency_graph_analyzer.TestCoverageGapRemediation" name="test_analyze_dependencies_missing_deps_allowed" time="0.007" /><testcase classname="dependency-graph.test_dependency_graph_analyzer.TestCoverageGapRemediation" name="test_resolve_transitive_with_empty_graph" time="0.004" /><testcase classname="dependency-graph.test_dependency_graph_analyzer.TestCoverageGapRemediation" name="test_resolve_transitive_with_none_graph" time="0.004" /><testcase classname="dependency-graph.test_dependency_graph_analyzer.TestCoverageGapRemediation" name="test_resolve_transitive_story_not_in_graph" time="0.004" /><testcase classname="dependency-graph.test_dependency_graph_analyzer.TestCoverageGapRemediation" name="test_resolve_transitive_already_visited_path" time="0.004" /><testcase classname="dependency-graph.test_dependency_graph_analyzer.TestCoverageGapRemediation" name="test_detect_cycle_with_empty_graph" time="0.004" /><testcase classname="dependency-graph.test_dependency_graph_analyzer.TestCoverageGapRemediation" name="test_detect_cycle_with_none_graph" time="0.004" /><testcase classname="dependency-graph.test_dependency_graph_analyzer.TestCoverageGapRemediation" name="test_detect_cycle_story_not_in_graph" time="0.004" /><testcase classname="dependency-graph.test_dependency_graph_analyzer.TestCoverageGapRemediation" name="test_visualization_with_no_status_in_map" time="0.004" /><testcase classname="dependency-graph.test_dependency_graph_analyzer.TestCoverageGapRemediation" name="test_visualization_with_partial_status_map" time="0.004" /></testsuite></testsuites>