<?xml version="1.0" encoding="utf-8"?><testsuites><testsuite name="pytest" errors="0" failures="0" skipped="0" tests="29" time="1.521" timestamp="2025-12-28T10:13:46.829112" hostname="DESKTOP-88FARC5"><testcase classname="test_story_150_pre_phase_transition_hook.TestHookRegistration" name="test_hooks_yaml_exists" time="0.001" /><testcase classname="test_story_150_pre_phase_transition_hook.TestHookRegistration" name="test_hook_registered_with_correct_id" time="0.003" /><testcase classname="test_story_150_pre_phase_transition_hook.TestHookRegistration" name="test_hook_has_pre_tool_call_event" time="0.003" /><testcase classname="test_story_150_pre_phase_transition_hook.TestHookRegistration" name="test_hook_blocking_enabled" time="0.003" /><testcase classname="test_story_150_pre_phase_transition_hook.TestHookRegistration" name="test_hook_script_path_correct" time="0.002" /><testcase classname="test_story_150_pre_phase_transition_hook.TestHookScriptExists" name="test_hook_script_exists" time="0.002" /><testcase classname="test_story_150_pre_phase_transition_hook.TestHookScriptExists" name="test_hook_script_executable" time="0.002" /><testcase classname="test_story_150_pre_phase_transition_hook.TestHookScriptExists" name="test_hook_script_has_shebang" time="0.005" /><testcase classname="test_story_150_pre_phase_transition_hook.TestHookScriptExists" name="test_hook_script_uses_strict_mode" time="0.005" /><testcase classname="test_story_150_pre_phase_transition_hook.TestPhaseValidation" name="test_reads_state_file" time="0.014" /><testcase classname="test_story_150_pre_phase_transition_hook.TestPhaseValidation" name="test_allows_completed_phase" time="0.094" /><testcase classname="test_story_150_pre_phase_transition_hook.TestPhaseValidation" name="test_blocks_incomplete_phase" time="0.109" /><testcase classname="test_story_150_pre_phase_transition_hook.TestErrorMessages" name="test_error_contains_phase_number" time="0.109" /><testcase classname="test_story_150_pre_phase_transition_hook.TestErrorMessages" name="test_error_is_structured_json" time="0.089" /><testcase classname="test_story_150_pre_phase_transition_hook.TestErrorMessages" name="test_error_contains_remediation" time="0.095" /><testcase classname="test_story_150_pre_phase_transition_hook.TestPhase01Bypass" name="test_phase_01_always_allowed" time="0.052" /><testcase classname="test_story_150_pre_phase_transition_hook.TestPhase01Bypass" name="test_phase_01_without_state_file" time="0.053" /><testcase classname="test_story_150_pre_phase_transition_hook.TestMissingStateFile" name="test_missing_state_file_handled" time="0.088" /><testcase classname="test_story_150_pre_phase_transition_hook.TestMissingStateFile" name="test_corrupted_state_file_blocks" time="0.069" /><testcase classname="test_story_150_pre_phase_transition_hook.TestLogging" name="test_log_directory_exists" time="0.004" /><testcase classname="test_story_150_pre_phase_transition_hook.TestLogging" name="test_allowed_decision_logged" time="0.103" /><testcase classname="test_story_150_pre_phase_transition_hook.TestLogging" name="test_log_format_is_jsonlines" time="0.005" /><testcase classname="test_story_150_pre_phase_transition_hook.TestLogging" name="test_log_entry_has_required_fields" time="0.005" /><testcase classname="test_story_150_pre_phase_transition_hook.TestEdgeCases" name="test_jq_installed" time="0.004" /><testcase classname="test_story_150_pre_phase_transition_hook.TestEdgeCases" name="test_non_task_tool_allowed" time="0.008" /><testcase classname="test_story_150_pre_phase_transition_hook.TestEdgeCases" name="test_unknown_subagent_allowed" time="0.017" /><testcase classname="test_story_150_pre_phase_transition_hook.TestEdgeCases" name="test_skipped_phase_allows_transition" time="0.092" /><testcase classname="test_story_150_pre_phase_transition_hook.TestNonFunctional" name="test_performance_under_100ms" time="0.090" /><testcase classname="test_story_150_pre_phase_transition_hook.TestNonFunctional" name="test_fail_closed_on_error" time="0.246" /></testsuite></testsuites>