<?xml version="1.0" encoding="UTF-8"?>
<coverage generated="1764607459183" clover="3.2.0">
  <project timestamp="1764607459183" name="All files">
    <metrics statements="77" coveredstatements="75" conditionals="49" coveredconditionals="44" methods="13" coveredmethods="12" elements="139" coveredelements="131" complexity="0" loc="77" ncloc="77" packages="2" files="2" classes="2"/>
    <package name="bin">
      <metrics statements="13" coveredstatements="11" conditionals="8" coveredconditionals="6" methods="2" coveredmethods="1"/>
      <file name="devforgeai.js" path="/mnt/c/Projects/DevForgeAI2/bin/devforgeai.js">
        <metrics statements="13" coveredstatements="11" conditionals="8" coveredconditionals="6" methods="2" coveredmethods="1"/>
        <line num="12" count="3" type="stmt"/>
        <line num="20" count="32" type="stmt"/>
        <line num="21" count="32" type="stmt"/>
        <line num="26" count="20" type="cond" truecount="2" falsecount="0"/>
        <line num="27" count="19" type="stmt"/>
        <line num="31" count="1" type="stmt"/>
        <line num="34" count="11" type="cond" truecount="2" falsecount="0"/>
        <line num="35" count="2" type="stmt"/>
        <line num="37" count="11" type="cond" truecount="1" falsecount="1"/>
        <line num="42" count="3" type="stmt"/>
        <line num="45" count="3" type="cond" truecount="1" falsecount="1"/>
        <line num="46" count="0" type="stmt"/>
        <line num="47" count="0" type="stmt"/>
      </file>
    </package>
    <package name="lib">
      <metrics statements="64" coveredstatements="64" conditionals="41" coveredconditionals="38" methods="11" coveredmethods="11"/>
      <file name="cli.js" path="/mnt/c/Projects/DevForgeAI2/lib/cli.js">
        <metrics statements="64" coveredstatements="64" conditionals="41" coveredconditionals="38" methods="11" coveredmethods="11"/>
        <line num="8" count="17" type="stmt"/>
        <line num="9" count="17" type="stmt"/>
        <line num="10" count="17" type="stmt"/>
        <line num="11" count="17" type="stmt"/>
        <line num="14" count="17" type="stmt"/>
        <line num="15" count="17" type="stmt"/>
        <line num="16" count="17" type="stmt"/>
        <line num="17" count="17" type="stmt"/>
        <line num="18" count="17" type="stmt"/>
        <line num="25" count="17" type="stmt"/>
        <line num="26" count="17" type="stmt"/>
        <line num="27" count="17" type="stmt"/>
        <line num="34" count="14" type="stmt"/>
        <line num="56" count="69" type="stmt"/>
        <line num="57" count="69" type="cond" truecount="2" falsecount="0"/>
        <line num="59" count="66" type="stmt"/>
        <line num="71" count="75" type="cond" truecount="2" falsecount="0"/>
        <line num="73" count="73" type="stmt"/>
        <line num="86" count="24" type="stmt"/>
        <line num="87" count="24" type="stmt"/>
        <line num="88" count="24" type="stmt"/>
        <line num="89" count="24" type="stmt"/>
        <line num="92" count="24" type="stmt"/>
        <line num="105" count="65" type="stmt"/>
        <line num="108" count="65" type="stmt"/>
        <line num="109" count="69" type="stmt"/>
        <line num="110" count="69" type="stmt"/>
        <line num="115" count="61" type="cond" truecount="2" falsecount="0"/>
        <line num="117" count="61" type="stmt"/>
        <line num="118" count="61" type="stmt"/>
        <line num="120" count="8" type="cond" truecount="1" falsecount="1"/>
        <line num="121" count="8" type="stmt"/>
        <line num="127" count="65" type="cond" truecount="2" falsecount="0"/>
        <line num="128" count="4" type="stmt"/>
        <line num="140" count="61" type="stmt"/>
        <line num="142" count="61" type="cond" truecount="2" falsecount="0"/>
        <line num="144" count="61" type="cond" truecount="2" falsecount="0"/>
        <line num="145" count="5" type="cond" truecount="1" falsecount="1"/>
        <line num="147" count="5" type="cond" truecount="1" falsecount="1"/>
        <line num="148" count="5" type="stmt"/>
        <line num="157" count="56" type="stmt"/>
        <line num="169" count="45" type="stmt"/>
        <line num="170" count="45" type="stmt"/>
        <line num="178" count="45" type="stmt"/>
        <line num="183" count="44" type="stmt"/>
        <line num="184" count="1" type="stmt"/>
        <line num="190" count="44" type="stmt"/>
        <line num="201" count="73" type="cond" truecount="1" falsecount="0"/>
        <line num="204" count="73" type="cond" truecount="4" falsecount="0"/>
        <line num="205" count="14" type="stmt"/>
        <line num="206" count="14" type="stmt"/>
        <line num="210" count="59" type="cond" truecount="5" falsecount="0"/>
        <line num="211" count="9" type="stmt"/>
        <line num="212" count="9" type="stmt"/>
        <line num="216" count="50" type="cond" truecount="4" falsecount="0"/>
        <line num="217" count="14" type="stmt"/>
        <line num="224" count="36" type="stmt"/>
        <line num="227" count="36" type="stmt"/>
        <line num="230" count="35" type="cond" truecount="2" falsecount="0"/>
        <line num="231" count="31" type="stmt"/>
        <line num="235" count="4" type="stmt"/>
        <line num="236" count="4" type="stmt"/>
        <line num="237" count="2" type="cond" truecount="2" falsecount="0"/>
        <line num="243" count="17" type="stmt"/>
      </file>
    </package>
  </project>
</coverage>
