TN:
SF:bin/devforgeai.js
FN:19,main
FN:46,(anonymous_1)
FNF:2
FNH:1
FNDA:32,main
FNDA:0,(anonymous_1)
DA:12,3
DA:20,32
DA:21,32
DA:26,20
DA:27,19
DA:31,1
DA:34,11
DA:35,2
DA:37,11
DA:42,3
DA:45,3
DA:46,0
DA:47,0
LF:13
LH:11
BRDA:26,0,0,19
BRDA:26,0,1,1
BRDA:34,1,0,2
BRDA:34,1,1,9
BRDA:37,2,0,11
BRDA:37,2,1,0
BRDA:45,3,0,0
BRDA:45,3,1,3
BRF:8
BRH:6
end_of_record
TN:
SF:lib/cli.js
FN:24,getVersion
FN:33,displayHelp
FN:55,parsePythonVersion
FN:70,isPythonVersionValid
FN:85,exitWithError
FN:100,checkPython
FN:166,invokePythonInstaller
FN:183,(anonymous_7)
FN:200,run
FN:235,(anonymous_9)
FN:236,(anonymous_10)
FNF:11
FNH:11
FNDA:17,getVersion
FNDA:14,displayHelp
FNDA:69,parsePythonVersion
FNDA:75,isPythonVersionValid
FNDA:24,exitWithError
FNDA:65,checkPython
FNDA:45,invokePythonInstaller
FNDA:1,(anonymous_7)
FNDA:73,run
FNDA:4,(anonymous_9)
FNDA:2,(anonymous_10)
DA:8,17
DA:9,17
DA:10,17
DA:11,17
DA:14,17
DA:15,17
DA:16,17
DA:17,17
DA:18,17
DA:25,17
DA:26,17
DA:27,17
DA:34,14
DA:56,69
DA:57,69
DA:59,66
DA:71,75
DA:73,73
DA:86,24
DA:87,24
DA:88,24
DA:89,24
DA:92,24
DA:105,65
DA:108,65
DA:109,69
DA:110,69
DA:115,61
DA:117,61
DA:118,61
DA:120,8
DA:121,8
DA:127,65
DA:128,4
DA:140,61
DA:142,61
DA:144,61
DA:145,5
DA:147,5
DA:148,5
DA:157,56
DA:169,45
DA:170,45
DA:178,45
DA:183,44
DA:184,1
DA:190,44
DA:201,73
DA:204,73
DA:205,14
DA:206,14
DA:210,59
DA:211,9
DA:212,9
DA:216,50
DA:217,14
DA:224,36
DA:227,36
DA:230,35
DA:231,31
DA:235,4
DA:236,4
DA:237,2
DA:243,17
LF:64
LH:64
BRDA:57,0,0,3
BRDA:57,0,1,66
BRDA:71,1,0,2
BRDA:71,1,1,73
BRDA:74,2,0,73
BRDA:74,2,1,70
BRDA:74,2,2,66
BRDA:115,3,0,10
BRDA:115,3,1,51
BRDA:120,4,0,0
BRDA:120,4,1,8
BRDA:127,5,0,4
BRDA:127,5,1,61
BRDA:142,6,0,10
BRDA:142,6,1,51
BRDA:144,7,0,5
BRDA:144,7,1,56
BRDA:145,8,0,0
BRDA:145,8,1,5
BRDA:147,9,0,5
BRDA:147,9,1,0
BRDA:166,10,0,5
BRDA:200,11,0,35
BRDA:201,12,0,35
BRDA:204,13,0,14
BRDA:204,13,1,59
BRDA:204,14,0,73
BRDA:204,14,1,62
BRDA:210,15,0,9
BRDA:210,15,1,50
BRDA:210,16,0,59
BRDA:210,16,1,56
BRDA:210,16,2,53
BRDA:216,17,0,14
BRDA:216,17,1,36
BRDA:216,18,0,50
BRDA:216,18,1,50
BRDA:230,19,0,31
BRDA:230,19,1,4
BRDA:237,20,0,2
BRDA:237,20,1,1
BRF:41
BRH:38
end_of_record
